<?xml version="1.0" encoding="UTF-8"?>
<testsuites name="QA_BBP_Regression" time="420.475" tests="10" failures="2" errors="0">
   <testsuite name="QA_BBP_Regression" tests="10" failures="2" errors="0" time="420.475" skipped="0" timestamp="2023-11-15 14:03:17" hostname="imtiaz - DESKTOP-B2QI6NS.govolution.com" id="Test Suites/QA/BBP/QA_BBP_Regression">
      <properties>
         <property name="deviceName" value=""/>
         <property name="devicePlatform" value=""/>
         <property name="logFolder" value="E:\\Cloned-Project-Katalon\\VPS-Katalon\\Reports\\20231115_140308\\QA\\BBP\\QA_BBP_Regression\\20231115_140308"/>
         <property name="logFiles" value="E:\\Cloned-Project-Katalon\\VPS-Katalon\\Reports\\20231115_140308\\QA\\BBP\\QA_BBP_Regression\\20231115_140308\\execution0.log"/>
         <property name="attachments" value=""/>
         <property name="hostName" value="imtiaz - DESKTOP-B2QI6NS.govolution.com"/>
         <property name="os" value="Windows 10 64bit"/>
         <property name="katalonVersion" value="8.6.6.208"/>
         <property name="browser" value="Chrome 119.0.0.0"/>
         <property name="hostAddress" value="172.31.253.139"/>
         <property name="sessionId" value="98291eaf84a13e74b5185640f82ed837"/>
         <property name="seleniumVersion" value="3.141.59"/>
         <property name="proxyInformation" value="ProxyInformation { proxyOption=NO_PROXY, proxyServerType=HTTP, username=, password=********, proxyServerAddress=, proxyServerPort=0, executionList=&quot;&quot;, isApplyToDesiredCapabilities=true }"/>
         <property name="platform" value="Windows 10"/>
      </properties>
      <testcase name="Test Cases/BBP-SelIDE/ACDoesNotMatchCorporateACH" time="71.145" classname="Test Cases/BBP-SelIDE/ACDoesNotMatchCorporateACH" status="PASSED">
         <system-out><![CDATA[2023-11-15 14:03:18 - [TEST_CASE][PASSED] - Test Cases/BBP-SelIDE/ACDoesNotMatchCorporateACH: Test Cases/BBP-SelIDE/ACDoesNotMatchCorporateACH

2023-11-15 14:03:19 - [TEST_STEP][PASSED] - softAssertion = new org.testng.asserts.SoftAssert(): null

2023-11-15 14:03:19 - [TEST_STEP][PASSED] - openBrowser("https://www.google.com/"): Browser is opened with url: 'https://www.google.com/'

2023-11-15 14:03:20 - [MESSAGE][INFO] - Starting 'Chrome' driver

2023-11-15 14:03:20 - [MESSAGE][INFO] - User set preference: ['acceptInsecureCerts', 'true']

2023-11-15 14:03:20 - [MESSAGE][INFO] - Action delay is set to 0 milliseconds

2023-11-15 14:04:18 - [MESSAGE][PASSED] - Browser is opened with url: 'https://www.google.com/'

2023-11-15 14:04:18 - [TEST_STEP][PASSED] - driver = getWebDriver(): null

2023-11-15 14:04:18 - [TEST_STEP][PASSED] - baseUrl = "https://www.google.com/": null

2023-11-15 14:04:18 - [TEST_STEP][PASSED] - selenium = new com.thoughtworks.selenium.webdriven.WebDriverBackedSelenium(driver, baseUrl): null

2023-11-15 14:04:18 - [TEST_STEP][PASSED] - bbpURL = BBPURL: null

2023-11-15 14:04:19 - [TEST_STEP][PASSED] - selenium.open(bbpURL): null

2023-11-15 14:04:20 - [TEST_STEP][PASSED] - selenium.type("id=field1", "111150"): null

2023-11-15 14:04:20 - [TEST_STEP][PASSED] - selenium.type("id=field2", "111151"): null

2023-11-15 14:04:20 - [TEST_STEP][PASSED] - selenium.click("name=Test"): null

2023-11-15 14:04:20 - [TEST_STEP][PASSED] - Thread.sleep(2000): null

2023-11-15 14:04:22 - [TEST_STEP][PASSED] - selenium.click("name=paysubmit"): null

2023-11-15 14:04:23 - [TEST_STEP][PASSED] - selenium.waitForPageToLoad("30000"): null

2023-11-15 14:04:23 - [TEST_STEP][PASSED] - selenium.click("xpath=(//input[@name='paymentMethod'])[3]"): null

2023-11-15 14:04:24 - [TEST_STEP][PASSED] - selenium.click("css=input[type="submit"]"): null

2023-11-15 14:04:25 - [TEST_STEP][PASSED] - selenium.waitForPageToLoad("30000"): null

2023-11-15 14:04:25 - [TEST_STEP][PASSED] - verifyTextPresent("Required fields are highlighted with an asterisk.", true): Text 'Required fields are highlighted with an asterisk.' is present on page  using regular expression

2023-11-15 14:04:25 - [MESSAGE][PASSED] - Text 'Required fields are highlighted with an asterisk.' is present on page  using regular expression

2023-11-15 14:04:25 - [TEST_STEP][PASSED] - verifyTextPresent("Please enter the following billing information about your payment:", true): Text 'Please enter the following billing information about your payment:' is present on page  using regular expression

2023-11-15 14:04:26 - [MESSAGE][PASSED] - Text 'Please enter the following billing information about your payment:' is present on page  using regular expression

2023-11-15 14:04:26 - [TEST_STEP][PASSED] - selenium.type("name=amount", 00".toString()): null

2023-11-15 14:04:26 - [TEST_STEP][PASSED] - selenium.type("name=userDefined2", "UDF2 Data3".toString()): null

2023-11-15 14:04:26 - [TEST_STEP][PASSED] - selenium.type("name=userDefined3", "UDF3 Data3".toString()): null

2023-11-15 14:04:26 - [TEST_STEP][PASSED] - selenium.select("name=variableField4DropdownGroupItemID", "label=Purple"): null

2023-11-15 14:04:26 - [TEST_STEP][PASSED] - selenium.select("name=variableField5DropdownGroupItemID", "label=Orange"): null

2023-11-15 14:04:26 - [TEST_STEP][PASSED] - selenium.type("name=userDefined6", "UDF6 Data3".toString()): null

2023-11-15 14:04:26 - [TEST_STEP][PASSED] - selenium.type("name=userDefined7", "UDF7 Data3".toString()): null

2023-11-15 14:04:26 - [TEST_STEP][PASSED] - selenium.type("name=userDefined8", "UDF8 Data3".toString()): null

2023-11-15 14:04:26 - [TEST_STEP][PASSED] - selenium.type("name=billingCompanyname", "My Company".toString()): null

2023-11-15 14:04:27 - [TEST_STEP][PASSED] - selenium.type("id=routingNumber", "256072691"): null

2023-11-15 14:04:27 - [TEST_STEP][PASSED] - selenium.type("id=accountNumber", "33333333"): null

2023-11-15 14:04:27 - [TEST_STEP][PASSED] - selenium.type("id=confirmAccountNumber", "33333334"): null

2023-11-15 14:04:27 - [TEST_STEP][PASSED] - selenium.type("name=ein", "123456789"): null

2023-11-15 14:04:27 - [TEST_STEP][PASSED] - selenium.type("name=billingAddress", "2311 york road".toString()): null

2023-11-15 14:04:27 - [TEST_STEP][PASSED] - selenium.type("name=billingAddress2", "suite 600".toString()): null

2023-11-15 14:04:27 - [TEST_STEP][PASSED] - selenium.type("id=billing-zip-input", "21054"): null

2023-11-15 14:04:27 - [TEST_STEP][PASSED] - selenium.type("name=emailAddress", com".toString()): null

2023-11-15 14:04:27 - [TEST_STEP][PASSED] - selenium.click("id=checkedAcceptCondition"): null

2023-11-15 14:04:27 - [TEST_STEP][PASSED] - selenium.click("name=achSubmit"): null

2023-11-15 14:04:28 - [TEST_STEP][PASSED] - selenium.waitForPageToLoad("30000"): null

2023-11-15 14:04:28 - [TEST_STEP][PASSED] - verifyTextPresent("The Account Number Information provided does not match. Please re-enter and confirm your Account Number information.", true): Text 'The Account Number Information provided does not match. Please re-enter and confirm your Account Number information.' is present on page  using regular expression

2023-11-15 14:04:29 - [MESSAGE][PASSED] - Text 'The Account Number Information provided does not match. Please re-enter and confirm your Account Number information.' is present on page  using regular expression]]></system-out>
         <system-err><![CDATA[]]></system-err>
      </testcase>
      <testcase name="Test Cases/BBP-SelIDE/ACHDoesNotMatchPersonalACH-Script" time="14.586" classname="Test Cases/BBP-SelIDE/ACHDoesNotMatchPersonalACH-Script" status="PASSED">
         <system-out><![CDATA[2023-11-15 14:04:29 - [TEST_CASE][PASSED] - Test Cases/BBP-SelIDE/ACHDoesNotMatchPersonalACH-Script: Test Cases/BBP-SelIDE/ACHDoesNotMatchPersonalACH-Script

2023-11-15 14:04:29 - [TEST_STEP][PASSED] - softAssertion = new org.testng.asserts.SoftAssert(): null

2023-11-15 14:04:29 - [TEST_STEP][PASSED] - openBrowser("https://www.google.com/"): Browser is opened with url: 'https://www.google.com/'

2023-11-15 14:04:29 - [MESSAGE][WARNING] - A browser is already opened. Closing browser and opening a new one

2023-11-15 14:04:31 - [MESSAGE][INFO] - Starting 'Chrome' driver

2023-11-15 14:04:31 - [MESSAGE][INFO] - User set preference: ['acceptInsecureCerts', 'true']

2023-11-15 14:04:31 - [MESSAGE][INFO] - Action delay is set to 0 milliseconds

2023-11-15 14:04:34 - [MESSAGE][PASSED] - Browser is opened with url: 'https://www.google.com/'

2023-11-15 14:04:34 - [TEST_STEP][PASSED] - driver = getWebDriver(): null

2023-11-15 14:04:34 - [TEST_STEP][PASSED] - baseUrl = "https://www.google.com/": null

2023-11-15 14:04:34 - [TEST_STEP][PASSED] - selenium = new com.thoughtworks.selenium.webdriven.WebDriverBackedSelenium(driver, baseUrl): null

2023-11-15 14:04:34 - [TEST_STEP][PASSED] - bbpURL = BBPURL: null

2023-11-15 14:04:34 - [TEST_STEP][PASSED] - selenium.open(bbpURL): null

2023-11-15 14:04:34 - [TEST_STEP][PASSED] - selenium.type("id=field1", "111150"): null

2023-11-15 14:04:35 - [TEST_STEP][PASSED] - selenium.type("id=field2", "111151"): null

2023-11-15 14:04:35 - [TEST_STEP][PASSED] - selenium.click("name=Test"): null

2023-11-15 14:04:35 - [TEST_STEP][PASSED] - Thread.sleep(2000): null

2023-11-15 14:04:37 - [TEST_STEP][PASSED] - selenium.click("name=paysubmit"): null

2023-11-15 14:04:37 - [TEST_STEP][PASSED] - selenium.waitForPageToLoad("30000"): null

2023-11-15 14:04:38 - [TEST_STEP][PASSED] - selenium.click("xpath=(//input[@name='paymentMethod'])[2]"): null

2023-11-15 14:04:38 - [TEST_STEP][PASSED] - selenium.click("css=input[type="submit"]"): null

2023-11-15 14:04:39 - [TEST_STEP][PASSED] - selenium.waitForPageToLoad("30000"): null

2023-11-15 14:04:40 - [TEST_STEP][PASSED] - softAssertion.assertEquals("Required fields are highlighted with an asterisk.", selenium.getText("css=span.required")): null

2023-11-15 14:04:40 - [TEST_STEP][PASSED] - softAssertion.assertEquals("Please enter the following billing information about your payment:", selenium.getText("css=span.vrelay-header")): null

2023-11-15 14:04:40 - [TEST_STEP][PASSED] - selenium.type("name=amount", 00".toString()): null

2023-11-15 14:04:40 - [TEST_STEP][PASSED] - selenium.type("name=userDefined2", "UDF2 Data2".toString()): null

2023-11-15 14:04:40 - [TEST_STEP][PASSED] - selenium.type("name=userDefined3", "UDF3 Data2".toString()): null

2023-11-15 14:04:41 - [TEST_STEP][PASSED] - selenium.select("name=variableField4DropdownGroupItemID", "label=Purple"): null

2023-11-15 14:04:41 - [TEST_STEP][PASSED] - selenium.select("name=variableField5DropdownGroupItemID", "label=Orange"): null

2023-11-15 14:04:41 - [TEST_STEP][PASSED] - selenium.type("name=userDefined6", "UDF6 Data2".toString()): null

2023-11-15 14:04:41 - [TEST_STEP][PASSED] - selenium.type("name=userDefined7", "UDF7 Data2".toString()): null

2023-11-15 14:04:41 - [TEST_STEP][PASSED] - selenium.type("name=userDefined8", "UDF8 Data2".toString()): null

2023-11-15 14:04:41 - [TEST_STEP][PASSED] - selenium.type("name=billingFirstname", "Molly"): null

2023-11-15 14:04:41 - [TEST_STEP][PASSED] - selenium.type("name=billingLastname", "Hunter"): null

2023-11-15 14:04:41 - [TEST_STEP][PASSED] - selenium.type("id=routingNumber", "256072691"): null

2023-11-15 14:04:41 - [TEST_STEP][PASSED] - selenium.type("id=accountNumber", "11111111"): null

2023-11-15 14:04:41 - [TEST_STEP][PASSED] - selenium.type("id=confirmAccountNumber", "22222222"): null

2023-11-15 14:04:41 - [TEST_STEP][PASSED] - selenium.click("name=accountType"): null

2023-11-15 14:04:41 - [TEST_STEP][PASSED] - selenium.type("name=billingAddress", "2311 york road".toString()): null

2023-11-15 14:04:41 - [TEST_STEP][PASSED] - selenium.type("name=billingAddress2", "Suite 600".toString()): null

2023-11-15 14:04:42 - [TEST_STEP][PASSED] - selenium.type("id=billing-zip-input", "21054"): null

2023-11-15 14:04:42 - [TEST_STEP][PASSED] - selenium.type("name=emailAddress", com".toString()): null

2023-11-15 14:04:42 - [TEST_STEP][PASSED] - selenium.click("id=checkedAcceptCondition"): null

2023-11-15 14:04:42 - [TEST_STEP][PASSED] - selenium.click("name=achSubmit"): null

2023-11-15 14:04:43 - [TEST_STEP][PASSED] - selenium.waitForPageToLoad("30000"): null

2023-11-15 14:04:43 - [TEST_STEP][PASSED] - verifyTextPresent("The Account Number Information provided does not match. Please re-enter and confirm your Account Number information.", true): Text 'The Account Number Information provided does not match. Please re-enter and confirm your Account Number information.' is present on page  using regular expression

2023-11-15 14:04:43 - [MESSAGE][PASSED] - Text 'The Account Number Information provided does not match. Please re-enter and confirm your Account Number information.' is present on page  using regular expression]]></system-out>
         <system-err><![CDATA[]]></system-err>
      </testcase>
      <testcase name="Test Cases/BBP-SelIDE/BillLookupError" time="19.402" classname="Test Cases/BBP-SelIDE/BillLookupError" status="PASSED">
         <system-out><![CDATA[2023-11-15 14:04:43 - [TEST_CASE][PASSED] - Test Cases/BBP-SelIDE/BillLookupError: Test Cases/BBP-SelIDE/BillLookupError

2023-11-15 14:04:44 - [TEST_STEP][PASSED] - softAssertion = new org.testng.asserts.SoftAssert(): null

2023-11-15 14:04:44 - [TEST_STEP][PASSED] - openBrowser("https://www.google.com/"): Browser is opened with url: 'https://www.google.com/'

2023-11-15 14:04:44 - [MESSAGE][WARNING] - A browser is already opened. Closing browser and opening a new one

2023-11-15 14:04:45 - [MESSAGE][INFO] - Starting 'Chrome' driver

2023-11-15 14:04:45 - [MESSAGE][INFO] - User set preference: ['acceptInsecureCerts', 'true']

2023-11-15 14:04:45 - [MESSAGE][INFO] - Action delay is set to 0 milliseconds

2023-11-15 14:04:51 - [MESSAGE][PASSED] - Browser is opened with url: 'https://www.google.com/'

2023-11-15 14:04:51 - [TEST_STEP][PASSED] - driver = getWebDriver(): null

2023-11-15 14:04:51 - [TEST_STEP][PASSED] - baseUrl = "https://www.google.com/": null

2023-11-15 14:04:51 - [TEST_STEP][PASSED] - selenium = new com.thoughtworks.selenium.webdriven.WebDriverBackedSelenium(driver, baseUrl): null

2023-11-15 14:04:51 - [TEST_STEP][PASSED] - bbpURL = BBPURL: null

2023-11-15 14:04:51 - [TEST_STEP][PASSED] - selenium.open(bbpURL): null

2023-11-15 14:04:51 - [TEST_STEP][PASSED] - selenium.type("id=field1", "soleja"): null

2023-11-15 14:04:52 - [TEST_STEP][PASSED] - selenium.type("id=field2", "123456"): null

2023-11-15 14:04:52 - [TEST_STEP][PASSED] - selenium.click("name=Test"): null

2023-11-15 14:04:52 - [TEST_STEP][PASSED] - Thread.sleep(5000): null

2023-11-15 14:04:57 - [TEST_STEP][PASSED] - softAssertion.assertEquals(Pattern.matches("selenium.getText("id=error_msg")", "The information you have entered does not match our records. Please try again..*"), true): null

2023-11-15 14:04:57 - [TEST_STEP][PASSED] - verifyTextPresent("The information you have entered does not match our records. Please try again", true): Text 'The information you have entered does not match our records. Please try again' is present on page  using regular expression

2023-11-15 14:04:57 - [MESSAGE][PASSED] - Text 'The information you have entered does not match our records. Please try again' is present on page  using regular expression

2023-11-15 14:04:57 - [TEST_STEP][PASSED] - selenium.type("id=field1", "111150"): null

2023-11-15 14:04:57 - [TEST_STEP][PASSED] - selenium.type("id=field2", "111151"): null

2023-11-15 14:04:57 - [TEST_STEP][PASSED] - selenium.click("name=Test"): null

2023-11-15 14:04:57 - [TEST_STEP][PASSED] - Thread.sleep(5000): null

2023-11-15 14:05:02 - [TEST_STEP][PASSED] - verifyTextPresent("Match Found. Please verify the Amount Due below and click "Continue" to review your bill information and make a payment", true): Text 'Match Found. Please verify the Amount Due below and click "Continue" to review your bill information and make a payment' is present on page  using regular expression

2023-11-15 14:05:03 - [MESSAGE][PASSED] - Text 'Match Found. Please verify the Amount Due below and click "Continue" to review your bill information and make a payment' is present on page  using regular expression]]></system-out>
         <system-err><![CDATA[]]></system-err>
      </testcase>
      <testcase name="Test Cases/BBP-SelIDE/BillLookupError3Fields" time="17.073" classname="Test Cases/BBP-SelIDE/BillLookupError3Fields" status="PASSED">
         <system-out><![CDATA[2023-11-15 14:05:03 - [TEST_CASE][PASSED] - Test Cases/BBP-SelIDE/BillLookupError3Fields: Test Cases/BBP-SelIDE/BillLookupError3Fields

2023-11-15 14:05:04 - [TEST_STEP][PASSED] - softAssertion = new org.testng.asserts.SoftAssert(): null

2023-11-15 14:05:04 - [TEST_STEP][PASSED] - openBrowser("https://www.google.com/"): Browser is opened with url: 'https://www.google.com/'

2023-11-15 14:05:04 - [MESSAGE][WARNING] - A browser is already opened. Closing browser and opening a new one

2023-11-15 14:05:05 - [MESSAGE][INFO] - Starting 'Chrome' driver

2023-11-15 14:05:05 - [MESSAGE][INFO] - User set preference: ['acceptInsecureCerts', 'true']

2023-11-15 14:05:05 - [MESSAGE][INFO] - Action delay is set to 0 milliseconds

2023-11-15 14:05:08 - [MESSAGE][PASSED] - Browser is opened with url: 'https://www.google.com/'

2023-11-15 14:05:08 - [TEST_STEP][PASSED] - driver = getWebDriver(): null

2023-11-15 14:05:08 - [TEST_STEP][PASSED] - baseUrl = "https://www.google.com/": null

2023-11-15 14:05:08 - [TEST_STEP][PASSED] - selenium = new com.thoughtworks.selenium.webdriven.WebDriverBackedSelenium(driver, baseUrl): null

2023-11-15 14:05:08 - [TEST_STEP][PASSED] - sCFBBPURL = SCFBBPURL: null

2023-11-15 14:05:08 - [TEST_STEP][PASSED] - selenium.open(sCFBBPURL): null

2023-11-15 14:05:09 - [TEST_STEP][PASSED] - selenium.type("id=field1", "soleja"): null

2023-11-15 14:05:09 - [TEST_STEP][PASSED] - selenium.type("id=field2", "123456"): null

2023-11-15 14:05:09 - [TEST_STEP][PASSED] - selenium.type("id=field3", "65898742"): null

2023-11-15 14:05:09 - [TEST_STEP][PASSED] - selenium.click("name=Test"): null

2023-11-15 14:05:09 - [TEST_STEP][PASSED] - Thread.sleep(5000): null

2023-11-15 14:05:14 - [TEST_STEP][PASSED] - softAssertion.assertEquals(Pattern.matches("selenium.getText("id=error_msg")", "The information you have entered does not match our records. Please try again..*"), true): null

2023-11-15 14:05:14 - [TEST_STEP][PASSED] - verifyTextPresent("The information you have entered does not match our records. Please try again", true): Text 'The information you have entered does not match our records. Please try again' is present on page  using regular expression

2023-11-15 14:05:14 - [MESSAGE][PASSED] - Text 'The information you have entered does not match our records. Please try again' is present on page  using regular expression

2023-11-15 14:05:14 - [TEST_STEP][PASSED] - selenium.type("id=field1", "666160"): null

2023-11-15 14:05:14 - [TEST_STEP][PASSED] - selenium.type("id=field2", "666161"): null

2023-11-15 14:05:14 - [TEST_STEP][PASSED] - selenium.type("id=field3", "666162"): null

2023-11-15 14:05:15 - [TEST_STEP][PASSED] - selenium.click("name=Test"): null

2023-11-15 14:05:15 - [TEST_STEP][PASSED] - Thread.sleep(5000): null

2023-11-15 14:05:20 - [TEST_STEP][PASSED] - softAssertion.assertEquals(selenium.isElementPresent("name=paysubmit"), true): null

2023-11-15 14:05:20 - [TEST_STEP][PASSED] - verifyTextPresent("Match Found. Please verify the Amount Due below and click "Continue" to review your bill information and make a payment.", true): Text 'Match Found. Please verify the Amount Due below and click "Continue" to review your bill information and make a payment.' is present on page  using regular expression

2023-11-15 14:05:20 - [MESSAGE][PASSED] - Text 'Match Found. Please verify the Amount Due below and click "Continue" to review your bill information and make a payment.' is present on page  using regular expression]]></system-out>
         <system-err><![CDATA[]]></system-err>
      </testcase>
      <testcase name="Test Cases/BBP-SelIDE/CardExpiredError" time="14.382" classname="Test Cases/BBP-SelIDE/CardExpiredError" status="PASSED">
         <system-out><![CDATA[2023-11-15 14:05:20 - [TEST_CASE][PASSED] - Test Cases/BBP-SelIDE/CardExpiredError: Test Cases/BBP-SelIDE/CardExpiredError

2023-11-15 14:05:21 - [TEST_STEP][PASSED] - softAssertion = new org.testng.asserts.SoftAssert(): null

2023-11-15 14:05:21 - [TEST_STEP][PASSED] - openBrowser("https://www.google.com/"): Browser is opened with url: 'https://www.google.com/'

2023-11-15 14:05:21 - [MESSAGE][WARNING] - A browser is already opened. Closing browser and opening a new one

2023-11-15 14:05:22 - [MESSAGE][INFO] - Starting 'Chrome' driver

2023-11-15 14:05:22 - [MESSAGE][INFO] - User set preference: ['acceptInsecureCerts', 'true']

2023-11-15 14:05:22 - [MESSAGE][INFO] - Action delay is set to 0 milliseconds

2023-11-15 14:05:25 - [MESSAGE][PASSED] - Browser is opened with url: 'https://www.google.com/'

2023-11-15 14:05:25 - [TEST_STEP][PASSED] - driver = getWebDriver(): null

2023-11-15 14:05:25 - [TEST_STEP][PASSED] - baseUrl = "https://www.google.com/": null

2023-11-15 14:05:25 - [TEST_STEP][PASSED] - selenium = new com.thoughtworks.selenium.webdriven.WebDriverBackedSelenium(driver, baseUrl): null

2023-11-15 14:05:25 - [TEST_STEP][PASSED] - bbpURL = BBPURL: null

2023-11-15 14:05:25 - [TEST_STEP][PASSED] - selenium.open(bbpURL): null

2023-11-15 14:05:26 - [TEST_STEP][PASSED] - selenium.type("id=field1", "111150"): null

2023-11-15 14:05:26 - [TEST_STEP][PASSED] - selenium.type("id=field2", "111151"): null

2023-11-15 14:05:26 - [TEST_STEP][PASSED] - selenium.click("name=Test"): null

2023-11-15 14:05:26 - [TEST_STEP][PASSED] - Thread.sleep(2000): null

2023-11-15 14:05:28 - [TEST_STEP][PASSED] - selenium.click("name=paysubmit"): null

2023-11-15 14:05:28 - [TEST_STEP][PASSED] - selenium.waitForPageToLoad("30000"): null

2023-11-15 14:05:29 - [TEST_STEP][PASSED] - selenium.click("name=paymentMethod"): null

2023-11-15 14:05:29 - [TEST_STEP][PASSED] - selenium.click("css=input[type="submit"]"): null

2023-11-15 14:05:30 - [TEST_STEP][PASSED] - selenium.waitForPageToLoad("30000"): null

2023-11-15 14:05:31 - [TEST_STEP][PASSED] - softAssertion.assertEquals("Required fields are highlighted with an asterisk.", selenium.getText("css=span.required")): null

2023-11-15 14:05:31 - [TEST_STEP][PASSED] - softAssertion.assertEquals("Please enter the following information about your payment:", selenium.getText("css=span.vrelay-header")): null

2023-11-15 14:05:31 - [TEST_STEP][PASSED] - selenium.type("name=amount", 00".toString()): null

2023-11-15 14:05:31 - [TEST_STEP][PASSED] - selenium.type("name=userDefined2", "UDF2 Data1".toString()): null

2023-11-15 14:05:31 - [TEST_STEP][PASSED] - selenium.type("name=userDefined3", "UDF3 Data1".toString()): null

2023-11-15 14:05:31 - [TEST_STEP][PASSED] - selenium.select("name=variableField4DropdownGroupItemID", "label=Purple"): null

2023-11-15 14:05:32 - [TEST_STEP][PASSED] - selenium.select("name=variableField5DropdownGroupItemID", "label=Orange"): null

2023-11-15 14:05:32 - [TEST_STEP][PASSED] - selenium.type("name=userDefined6", "UDF6 Data1".toString()): null

2023-11-15 14:05:32 - [TEST_STEP][PASSED] - selenium.type("name=userDefined7", "UDF7 Data1".toString()): null

2023-11-15 14:05:32 - [TEST_STEP][PASSED] - selenium.type("name=userDefined8", "UDF8 Data1".toString()): null

2023-11-15 14:05:32 - [TEST_STEP][PASSED] - selenium.type("name=billingName", "Hunter Helms".toString()): null

2023-11-15 14:05:32 - [TEST_STEP][PASSED] - selenium.type("id=cardNumber", "4111111111111111"): null

2023-11-15 14:05:32 - [TEST_STEP][PASSED] - selenium.type("id=spc", "123"): null

2023-11-15 14:05:32 - [TEST_STEP][PASSED] - selenium.select("name=cardExpMonth", "label=01"): null

2023-11-15 14:05:32 - [TEST_STEP][PASSED] - selenium.select("name=cardExpYear", "label=2023"): null

2023-11-15 14:05:32 - [TEST_STEP][PASSED] - selenium.type("name=billingAddress", "2311 york road".toString()): null

2023-11-15 14:05:32 - [TEST_STEP][PASSED] - selenium.type("name=billingAddress2", "Suite 600".toString()): null

2023-11-15 14:05:32 - [TEST_STEP][PASSED] - selenium.type("id=billing-zip-input", "21054"): null

2023-11-15 14:05:32 - [TEST_STEP][PASSED] - selenium.type("name=emailAddress", com".toString()): null

2023-11-15 14:05:33 - [TEST_STEP][PASSED] - selenium.click("id=checkedAcceptCondition"): null

2023-11-15 14:05:33 - [TEST_STEP][PASSED] - selenium.click("name=ccSubmit"): null

2023-11-15 14:05:33 - [TEST_STEP][PASSED] - selenium.waitForPageToLoad("30000"): null

2023-11-15 14:05:34 - [TEST_STEP][PASSED] - verifyTextPresent("Invalid card expiration date", true): Text 'Invalid card expiration date' is present on page  using regular expression

2023-11-15 14:05:34 - [MESSAGE][PASSED] - Text 'Invalid card expiration date' is present on page  using regular expression]]></system-out>
         <system-err><![CDATA[]]></system-err>
      </testcase>
      <testcase name="Test Cases/BBP-SelIDE/CardNotAcceptedError" time="13.621" classname="Test Cases/BBP-SelIDE/CardNotAcceptedError" status="FAILED">
         <failure type="FAILED" message="Test Cases/BBP-SelIDE/CardNotAcceptedError FAILED.
Reason:
com.kms.katalon.core.exception.StepFailedException: Text 'This card type is not accepted, please enter a different credit or debit card number. Only American Express , MasterCard and Visa card(s) is(are) accepted.' is not present on page  using regular expression (Root cause: com.kms.katalon.core.exception.StepFailedException: Text 'This card type is not accepted, please enter a different credit or debit card number. Only American Express , MasterCard and Visa card(s) is(are) accepted.' is not present on page  using regular expression
	at com.kms.katalon.core.webui.keyword.internal.WebUIKeywordMain.stepFailed(WebUIKeywordMain.groovy:64)
	at com.kms.katalon.core.webui.keyword.builtin.VerifyTextPresentKeyword$_verifyTextPresent_closure1.doCall(VerifyTextPresentKeyword.groovy:79)
	at com.kms.katalon.core.webui.keyword.builtin.VerifyTextPresentKeyword$_verifyTextPresent_closure1.call(VerifyTextPresentKeyword.groovy)
	at com.kms.katalon.core.webui.keyword.internal.WebUIKeywordMain.runKeyword(WebUIKeywordMain.groovy:20)
	at com.kms.katalon.core.webui.keyword.builtin.VerifyTextPresentKeyword.verifyTextPresent(VerifyTextPresentKeyword.groovy:83)
	at com.kms.katalon.core.webui.keyword.builtin.VerifyTextPresentKeyword.execute(VerifyTextPresentKeyword.groovy:68)
	at com.kms.katalon.core.keyword.internal.KeywordExecutor.executeKeywordForPlatform(KeywordExecutor.groovy:74)
	at com.kms.katalon.core.webui.keyword.WebUiBuiltInKeywords.verifyTextPresent(WebUiBuiltInKeywords.groovy:1723)
	at com.kms.katalon.core.webui.keyword.WebUiBuiltInKeywords$verifyTextPresent$0.call(Unknown Source)
	at CardNotAcceptedError.run(CardNotAcceptedError:86)
	at com.kms.katalon.core.main.ScriptEngine.run(ScriptEngine.java:194)
	at com.kms.katalon.core.main.ScriptEngine.runScriptAsRawText(ScriptEngine.java:119)
	at com.kms.katalon.core.main.TestCaseExecutor.runScript(TestCaseExecutor.java:448)
	at com.kms.katalon.core.main.TestCaseExecutor.doExecute(TestCaseExecutor.java:439)
	at com.kms.katalon.core.main.TestCaseExecutor.processExecutionPhase(TestCaseExecutor.java:418)
	at com.kms.katalon.core.main.TestCaseExecutor.accessMainPhase(TestCaseExecutor.java:410)
	at com.kms.katalon.core.main.TestCaseExecutor.execute(TestCaseExecutor.java:285)
	at com.kms.katalon.core.main.TestCaseExecutor.execute(TestCaseExecutor.java:369)
	at com.kms.katalon.core.main.TestCaseExecutor.execute(TestCaseExecutor.java:369)
	at com.kms.katalon.core.main.TestCaseExecutor.execute(TestCaseExecutor.java:369)
	at com.kms.katalon.core.common.CommonExecutor.accessTestCaseMainPhase(CommonExecutor.java:65)
	at com.kms.katalon.core.main.TestSuiteExecutor.accessTestSuiteMainPhase(TestSuiteExecutor.java:148)
	at com.kms.katalon.core.main.TestSuiteExecutor.execute(TestSuiteExecutor.java:106)
	at com.kms.katalon.core.main.TestCaseMain.startTestSuite(TestCaseMain.java:187)
	at com.kms.katalon.core.main.TestCaseMain$startTestSuite$0.call(Unknown Source)
	at TempTestSuite1700074988729.run(TempTestSuite1700074988729.groovy:36)
)
	at com.kms.katalon.core.keyword.internal.KeywordMain.stepFailed(KeywordMain.groovy:39)
	at com.kms.katalon.core.webui.keyword.internal.WebUIKeywordMain.stepFailed(WebUIKeywordMain.groovy:64)
	at com.kms.katalon.core.webui.keyword.builtin.VerifyTextPresentKeyword$_verifyTextPresent_closure1.doCall(VerifyTextPresentKeyword.groovy:79)
	at com.kms.katalon.core.webui.keyword.builtin.VerifyTextPresentKeyword$_verifyTextPresent_closure1.call(VerifyTextPresentKeyword.groovy)
	at com.kms.katalon.core.webui.keyword.internal.WebUIKeywordMain.runKeyword(WebUIKeywordMain.groovy:20)
	at com.kms.katalon.core.webui.keyword.builtin.VerifyTextPresentKeyword.verifyTextPresent(VerifyTextPresentKeyword.groovy:83)
	at com.kms.katalon.core.webui.keyword.builtin.VerifyTextPresentKeyword.execute(VerifyTextPresentKeyword.groovy:68)
	at com.kms.katalon.core.keyword.internal.KeywordExecutor.executeKeywordForPlatform(KeywordExecutor.groovy:74)
	at com.kms.katalon.core.webui.keyword.WebUiBuiltInKeywords.verifyTextPresent(WebUiBuiltInKeywords.groovy:1723)
	at com.kms.katalon.core.webui.keyword.WebUiBuiltInKeywords$verifyTextPresent$0.call(Unknown Source)
	at CardNotAcceptedError.run(CardNotAcceptedError:86)
	at com.kms.katalon.core.main.ScriptEngine.run(ScriptEngine.java:194)
	at com.kms.katalon.core.main.ScriptEngine.runScriptAsRawText(ScriptEngine.java:119)
	at com.kms.katalon.core.main.TestCaseExecutor.runScript(TestCaseExecutor.java:448)
	at com.kms.katalon.core.main.TestCaseExecutor.doExecute(TestCaseExecutor.java:439)
	at com.kms.katalon.core.main.TestCaseExecutor.processExecutionPhase(TestCaseExecutor.java:418)
	at com.kms.katalon.core.main.TestCaseExecutor.accessMainPhase(TestCaseExecutor.java:410)
	at com.kms.katalon.core.main.TestCaseExecutor.execute(TestCaseExecutor.java:285)
	at com.kms.katalon.core.main.TestCaseExecutor.execute(TestCaseExecutor.java:369)
	at com.kms.katalon.core.main.TestCaseExecutor.execute(TestCaseExecutor.java:369)
	at com.kms.katalon.core.main.TestCaseExecutor.execute(TestCaseExecutor.java:369)
	at com.kms.katalon.core.common.CommonExecutor.accessTestCaseMainPhase(CommonExecutor.java:65)
	at com.kms.katalon.core.main.TestSuiteExecutor.accessTestSuiteMainPhase(TestSuiteExecutor.java:148)
	at com.kms.katalon.core.main.TestSuiteExecutor.execute(TestSuiteExecutor.java:106)
	at com.kms.katalon.core.main.TestCaseMain.startTestSuite(TestCaseMain.java:187)
	at com.kms.katalon.core.main.TestCaseMain$startTestSuite$0.call(Unknown Source)
	at TempTestSuite1700074988729.run(TempTestSuite1700074988729.groovy:36)
Caused by: com.kms.katalon.core.exception.StepFailedException: Text 'This card type is not accepted, please enter a different credit or debit card number. Only American Express , MasterCard and Visa card(s) is(are) accepted.' is not present on page  using regular expression
	... 26 more
"/>
         <system-out><![CDATA[2023-11-15 14:06:21 - [TEST_CASE][FAILED] - Test Cases/BBP-SelIDE/CardNotAcceptedError: Test Cases/BBP-SelIDE/CardNotAcceptedError FAILED.
Reason:
com.kms.katalon.core.exception.StepFailedException: Text 'This card type is not accepted, please enter a different credit or debit card number. Only American Express , MasterCard and Visa card(s) is(are) accepted.' is not present on page  using regular expression (Root cause: com.kms.katalon.core.exception.StepFailedException: Text 'This card type is not accepted, please enter a different credit or debit card number. Only American Express , MasterCard and Visa card(s) is(are) accepted.' is not present on page  using regular expression
	at com.kms.katalon.core.webui.keyword.internal.WebUIKeywordMain.stepFailed(WebUIKeywordMain.groovy:64)
	at com.kms.katalon.core.webui.keyword.builtin.VerifyTextPresentKeyword$_verifyTextPresent_closure1.doCall(VerifyTextPresentKeyword.groovy:79)
	at com.kms.katalon.core.webui.keyword.builtin.VerifyTextPresentKeyword$_verifyTextPresent_closure1.call(VerifyTextPresentKeyword.groovy)
	at com.kms.katalon.core.webui.keyword.internal.WebUIKeywordMain.runKeyword(WebUIKeywordMain.groovy:20)
	at com.kms.katalon.core.webui.keyword.builtin.VerifyTextPresentKeyword.verifyTextPresent(VerifyTextPresentKeyword.groovy:83)
	at com.kms.katalon.core.webui.keyword.builtin.VerifyTextPresentKeyword.execute(VerifyTextPresentKeyword.groovy:68)
	at com.kms.katalon.core.keyword.internal.KeywordExecutor.executeKeywordForPlatform(KeywordExecutor.groovy:74)
	at com.kms.katalon.core.webui.keyword.WebUiBuiltInKeywords.verifyTextPresent(WebUiBuiltInKeywords.groovy:1723)
	at com.kms.katalon.core.webui.keyword.WebUiBuiltInKeywords$verifyTextPresent$0.call(Unknown Source)
	at CardNotAcceptedError.run(CardNotAcceptedError:86)
	at com.kms.katalon.core.main.ScriptEngine.run(ScriptEngine.java:194)
	at com.kms.katalon.core.main.ScriptEngine.runScriptAsRawText(ScriptEngine.java:119)
	at com.kms.katalon.core.main.TestCaseExecutor.runScript(TestCaseExecutor.java:448)
	at com.kms.katalon.core.main.TestCaseExecutor.doExecute(TestCaseExecutor.java:439)
	at com.kms.katalon.core.main.TestCaseExecutor.processExecutionPhase(TestCaseExecutor.java:418)
	at com.kms.katalon.core.main.TestCaseExecutor.accessMainPhase(TestCaseExecutor.java:410)
	at com.kms.katalon.core.main.TestCaseExecutor.execute(TestCaseExecutor.java:285)
	at com.kms.katalon.core.main.TestCaseExecutor.execute(TestCaseExecutor.java:369)
	at com.kms.katalon.core.main.TestCaseExecutor.execute(TestCaseExecutor.java:369)
	at com.kms.katalon.core.main.TestCaseExecutor.execute(TestCaseExecutor.java:369)
	at com.kms.katalon.core.common.CommonExecutor.accessTestCaseMainPhase(CommonExecutor.java:65)
	at com.kms.katalon.core.main.TestSuiteExecutor.accessTestSuiteMainPhase(TestSuiteExecutor.java:148)
	at com.kms.katalon.core.main.TestSuiteExecutor.execute(TestSuiteExecutor.java:106)
	at com.kms.katalon.core.main.TestCaseMain.startTestSuite(TestCaseMain.java:187)
	at com.kms.katalon.core.main.TestCaseMain$startTestSuite$0.call(Unknown Source)
	at TempTestSuite1700074988729.run(TempTestSuite1700074988729.groovy:36)
)
	at com.kms.katalon.core.keyword.internal.KeywordMain.stepFailed(KeywordMain.groovy:39)
	at com.kms.katalon.core.webui.keyword.internal.WebUIKeywordMain.stepFailed(WebUIKeywordMain.groovy:64)
	at com.kms.katalon.core.webui.keyword.builtin.VerifyTextPresentKeyword$_verifyTextPresent_closure1.doCall(VerifyTextPresentKeyword.groovy:79)
	at com.kms.katalon.core.webui.keyword.builtin.VerifyTextPresentKeyword$_verifyTextPresent_closure1.call(VerifyTextPresentKeyword.groovy)
	at com.kms.katalon.core.webui.keyword.internal.WebUIKeywordMain.runKeyword(WebUIKeywordMain.groovy:20)
	at com.kms.katalon.core.webui.keyword.builtin.VerifyTextPresentKeyword.verifyTextPresent(VerifyTextPresentKeyword.groovy:83)
	at com.kms.katalon.core.webui.keyword.builtin.VerifyTextPresentKeyword.execute(VerifyTextPresentKeyword.groovy:68)
	at com.kms.katalon.core.keyword.internal.KeywordExecutor.executeKeywordForPlatform(KeywordExecutor.groovy:74)
	at com.kms.katalon.core.webui.keyword.WebUiBuiltInKeywords.verifyTextPresent(WebUiBuiltInKeywords.groovy:1723)
	at com.kms.katalon.core.webui.keyword.WebUiBuiltInKeywords$verifyTextPresent$0.call(Unknown Source)
	at CardNotAcceptedError.run(CardNotAcceptedError:86)
	at com.kms.katalon.core.main.ScriptEngine.run(ScriptEngine.java:194)
	at com.kms.katalon.core.main.ScriptEngine.runScriptAsRawText(ScriptEngine.java:119)
	at com.kms.katalon.core.main.TestCaseExecutor.runScript(TestCaseExecutor.java:448)
	at com.kms.katalon.core.main.TestCaseExecutor.doExecute(TestCaseExecutor.java:439)
	at com.kms.katalon.core.main.TestCaseExecutor.processExecutionPhase(TestCaseExecutor.java:418)
	at com.kms.katalon.core.main.TestCaseExecutor.accessMainPhase(TestCaseExecutor.java:410)
	at com.kms.katalon.core.main.TestCaseExecutor.execute(TestCaseExecutor.java:285)
	at com.kms.katalon.core.main.TestCaseExecutor.execute(TestCaseExecutor.java:369)
	at com.kms.katalon.core.main.TestCaseExecutor.execute(TestCaseExecutor.java:369)
	at com.kms.katalon.core.main.TestCaseExecutor.execute(TestCaseExecutor.java:369)
	at com.kms.katalon.core.common.CommonExecutor.accessTestCaseMainPhase(CommonExecutor.java:65)
	at com.kms.katalon.core.main.TestSuiteExecutor.accessTestSuiteMainPhase(TestSuiteExecutor.java:148)
	at com.kms.katalon.core.main.TestSuiteExecutor.execute(TestSuiteExecutor.java:106)
	at com.kms.katalon.core.main.TestCaseMain.startTestSuite(TestCaseMain.java:187)
	at com.kms.katalon.core.main.TestCaseMain$startTestSuite$0.call(Unknown Source)
	at TempTestSuite1700074988729.run(TempTestSuite1700074988729.groovy:36)
Caused by: com.kms.katalon.core.exception.StepFailedException: Text 'This card type is not accepted, please enter a different credit or debit card number. Only American Express , MasterCard and Visa card(s) is(are) accepted.' is not present on page  using regular expression
	... 26 more


2023-11-15 14:06:21 - [TEST_STEP][PASSED] - softAssertion = new org.testng.asserts.SoftAssert(): null

2023-11-15 14:06:21 - [TEST_STEP][PASSED] - openBrowser("https://www.google.com/"): Browser is opened with url: 'https://www.google.com/'

2023-11-15 14:06:21 - [MESSAGE][WARNING] - A browser is already opened. Closing browser and opening a new one

2023-11-15 14:06:22 - [MESSAGE][INFO] - Starting 'Chrome' driver

2023-11-15 14:06:22 - [MESSAGE][INFO] - User set preference: ['acceptInsecureCerts', 'true']

2023-11-15 14:06:22 - [MESSAGE][INFO] - Action delay is set to 0 milliseconds

2023-11-15 14:06:25 - [MESSAGE][PASSED] - Browser is opened with url: 'https://www.google.com/'

2023-11-15 14:06:25 - [TEST_STEP][PASSED] - driver = getWebDriver(): null

2023-11-15 14:06:25 - [TEST_STEP][PASSED] - baseUrl = "https://www.google.com/": null

2023-11-15 14:06:25 - [TEST_STEP][PASSED] - selenium = new com.thoughtworks.selenium.webdriven.WebDriverBackedSelenium(driver, baseUrl): null

2023-11-15 14:06:25 - [TEST_STEP][PASSED] - bbpURL = BBPURL: null

2023-11-15 14:06:25 - [TEST_STEP][PASSED] - selenium.open(bbpURL): null

2023-11-15 14:06:26 - [TEST_STEP][PASSED] - selenium.type("id=field1", "111150"): null

2023-11-15 14:06:26 - [TEST_STEP][PASSED] - selenium.type("id=field2", "111151"): null

2023-11-15 14:06:26 - [TEST_STEP][PASSED] - selenium.click("name=Test"): null

2023-11-15 14:06:26 - [TEST_STEP][PASSED] - Thread.sleep(2000): null

2023-11-15 14:06:28 - [TEST_STEP][PASSED] - selenium.click("name=paysubmit"): null

2023-11-15 14:06:28 - [TEST_STEP][PASSED] - selenium.waitForPageToLoad("30000"): null

2023-11-15 14:06:29 - [TEST_STEP][PASSED] - selenium.click("name=paymentMethod"): null

2023-11-15 14:06:29 - [TEST_STEP][PASSED] - selenium.click("css=input[type="submit"]"): null

2023-11-15 14:06:30 - [TEST_STEP][PASSED] - selenium.waitForPageToLoad("30000"): null

2023-11-15 14:06:31 - [TEST_STEP][PASSED] - verifyTextPresent("Required fields are highlighted with an asterisk", true): Text 'Required fields are highlighted with an asterisk' is present on page  using regular expression

2023-11-15 14:06:31 - [MESSAGE][PASSED] - Text 'Required fields are highlighted with an asterisk' is present on page  using regular expression

2023-11-15 14:06:31 - [TEST_STEP][PASSED] - verifyTextPresent("Please enter the following information about your payment:", true): Text 'Please enter the following information about your payment:' is present on page  using regular expression

2023-11-15 14:06:31 - [MESSAGE][PASSED] - Text 'Please enter the following information about your payment:' is present on page  using regular expression

2023-11-15 14:06:31 - [TEST_STEP][PASSED] - selenium.type("name=amount", 00".toString()): null

2023-11-15 14:06:31 - [TEST_STEP][PASSED] - selenium.type("name=userDefined2", "UDF2 Data1".toString()): null

2023-11-15 14:06:32 - [TEST_STEP][PASSED] - selenium.type("name=userDefined3", "UDF3 Data1".toString()): null

2023-11-15 14:06:32 - [TEST_STEP][PASSED] - selenium.select("name=variableField4DropdownGroupItemID", "label=Purple"): null

2023-11-15 14:06:32 - [TEST_STEP][PASSED] - selenium.select("name=variableField5DropdownGroupItemID", "label=Orange"): null

2023-11-15 14:06:32 - [TEST_STEP][PASSED] - selenium.type("name=userDefined6", "UDF6 Data1".toString()): null

2023-11-15 14:06:32 - [TEST_STEP][PASSED] - selenium.type("name=userDefined7", "UDF7 Data1".toString()): null

2023-11-15 14:06:32 - [TEST_STEP][PASSED] - selenium.type("name=userDefined8", "UDF8 Data1".toString()): null

2023-11-15 14:06:32 - [TEST_STEP][PASSED] - selenium.type("name=billingName", "Hunter Helms".toString()): null

2023-11-15 14:06:32 - [TEST_STEP][PASSED] - selenium.type("id=cardNumber", "6011000000000004"): null

2023-11-15 14:06:32 - [TEST_STEP][PASSED] - selenium.type("id=spc", "123"): null

2023-11-15 14:06:32 - [TEST_STEP][PASSED] - selenium.select("name=cardExpMonth", "label=04"): null

2023-11-15 14:06:32 - [TEST_STEP][PASSED] - selenium.select("name=cardExpYear", "label=2025"): null

2023-11-15 14:06:32 - [TEST_STEP][PASSED] - selenium.type("name=billingAddress", "2311 york road".toString()): null

2023-11-15 14:06:32 - [TEST_STEP][PASSED] - selenium.type("name=billingAddress2", "Suite 600".toString()): null

2023-11-15 14:06:32 - [TEST_STEP][PASSED] - selenium.type("id=billing-zip-input", "21054"): null

2023-11-15 14:06:33 - [TEST_STEP][PASSED] - selenium.type("name=emailAddress", com".toString()): null

2023-11-15 14:06:33 - [TEST_STEP][PASSED] - selenium.click("id=checkedAcceptCondition"): null

2023-11-15 14:06:33 - [TEST_STEP][PASSED] - selenium.click("name=ccSubmit"): null

2023-11-15 14:06:33 - [TEST_STEP][PASSED] - selenium.waitForPageToLoad("30000"): null

2023-11-15 14:06:34 - [TEST_STEP][FAILED] - verifyTextPresent("This card type is not accepted, please enter a different credit or debit card number. Only American Express , MasterCard and Visa card(s) is(are) accepted.", true): Text 'This card type is not accepted, please enter a different credit or debit card number. Only American Express , MasterCard and Visa card(s) is(are) accepted.' is not present on page  using regular expression (Root cause: com.kms.katalon.core.exception.StepFailedException: Text 'This card type is not accepted, please enter a different credit or debit card number. Only American Express , MasterCard and Visa card(s) is(are) accepted.' is not present on page  using regular expression
	at com.kms.katalon.core.webui.keyword.internal.WebUIKeywordMain.stepFailed(WebUIKeywordMain.groovy:64)
	at com.kms.katalon.core.webui.keyword.builtin.VerifyTextPresentKeyword$_verifyTextPresent_closure1.doCall(VerifyTextPresentKeyword.groovy:79)
	at com.kms.katalon.core.webui.keyword.builtin.VerifyTextPresentKeyword$_verifyTextPresent_closure1.call(VerifyTextPresentKeyword.groovy)
	at com.kms.katalon.core.webui.keyword.internal.WebUIKeywordMain.runKeyword(WebUIKeywordMain.groovy:20)
	at com.kms.katalon.core.webui.keyword.builtin.VerifyTextPresentKeyword.verifyTextPresent(VerifyTextPresentKeyword.groovy:83)
	at com.kms.katalon.core.webui.keyword.builtin.VerifyTextPresentKeyword.execute(VerifyTextPresentKeyword.groovy:68)
	at com.kms.katalon.core.keyword.internal.KeywordExecutor.executeKeywordForPlatform(KeywordExecutor.groovy:74)
	at com.kms.katalon.core.webui.keyword.WebUiBuiltInKeywords.verifyTextPresent(WebUiBuiltInKeywords.groovy:1723)
	at com.kms.katalon.core.webui.keyword.WebUiBuiltInKeywords$verifyTextPresent$0.call(Unknown Source)
	at CardNotAcceptedError.run(CardNotAcceptedError:86)
	at com.kms.katalon.core.main.ScriptEngine.run(ScriptEngine.java:194)
	at com.kms.katalon.core.main.ScriptEngine.runScriptAsRawText(ScriptEngine.java:119)
	at com.kms.katalon.core.main.TestCaseExecutor.runScript(TestCaseExecutor.java:448)
	at com.kms.katalon.core.main.TestCaseExecutor.doExecute(TestCaseExecutor.java:439)
	at com.kms.katalon.core.main.TestCaseExecutor.processExecutionPhase(TestCaseExecutor.java:418)
	at com.kms.katalon.core.main.TestCaseExecutor.accessMainPhase(TestCaseExecutor.java:410)
	at com.kms.katalon.core.main.TestCaseExecutor.execute(TestCaseExecutor.java:285)
	at com.kms.katalon.core.main.TestCaseExecutor.execute(TestCaseExecutor.java:369)
	at com.kms.katalon.core.main.TestCaseExecutor.execute(TestCaseExecutor.java:369)
	at com.kms.katalon.core.main.TestCaseExecutor.execute(TestCaseExecutor.java:369)
	at com.kms.katalon.core.common.CommonExecutor.accessTestCaseMainPhase(CommonExecutor.java:65)
	at com.kms.katalon.core.main.TestSuiteExecutor.accessTestSuiteMainPhase(TestSuiteExecutor.java:148)
	at com.kms.katalon.core.main.TestSuiteExecutor.execute(TestSuiteExecutor.java:106)
	at com.kms.katalon.core.main.TestCaseMain.startTestSuite(TestCaseMain.java:187)
	at com.kms.katalon.core.main.TestCaseMain$startTestSuite$0.call(Unknown Source)
	at TempTestSuite1700074988729.run(TempTestSuite1700074988729.groovy:36)
)

2023-11-15 14:06:34 - [MESSAGE][FAILED] - Text 'This card type is not accepted, please enter a different credit or debit card number. Only American Express , MasterCard and Visa card(s) is(are) accepted.' is not present on page  using regular expression (Root cause: com.kms.katalon.core.exception.StepFailedException: Text 'This card type is not accepted, please enter a different credit or debit card number. Only American Express , MasterCard and Visa card(s) is(are) accepted.' is not present on page  using regular expression
	at com.kms.katalon.core.webui.keyword.internal.WebUIKeywordMain.stepFailed(WebUIKeywordMain.groovy:64)
	at com.kms.katalon.core.webui.keyword.builtin.VerifyTextPresentKeyword$_verifyTextPresent_closure1.doCall(VerifyTextPresentKeyword.groovy:79)
	at com.kms.katalon.core.webui.keyword.builtin.VerifyTextPresentKeyword$_verifyTextPresent_closure1.call(VerifyTextPresentKeyword.groovy)
	at com.kms.katalon.core.webui.keyword.internal.WebUIKeywordMain.runKeyword(WebUIKeywordMain.groovy:20)
	at com.kms.katalon.core.webui.keyword.builtin.VerifyTextPresentKeyword.verifyTextPresent(VerifyTextPresentKeyword.groovy:83)
	at com.kms.katalon.core.webui.keyword.builtin.VerifyTextPresentKeyword.execute(VerifyTextPresentKeyword.groovy:68)
	at com.kms.katalon.core.keyword.internal.KeywordExecutor.executeKeywordForPlatform(KeywordExecutor.groovy:74)
	at com.kms.katalon.core.webui.keyword.WebUiBuiltInKeywords.verifyTextPresent(WebUiBuiltInKeywords.groovy:1723)
	at com.kms.katalon.core.webui.keyword.WebUiBuiltInKeywords$verifyTextPresent$0.call(Unknown Source)
	at CardNotAcceptedError.run(CardNotAcceptedError:86)
	at com.kms.katalon.core.main.ScriptEngine.run(ScriptEngine.java:194)
	at com.kms.katalon.core.main.ScriptEngine.runScriptAsRawText(ScriptEngine.java:119)
	at com.kms.katalon.core.main.TestCaseExecutor.runScript(TestCaseExecutor.java:448)
	at com.kms.katalon.core.main.TestCaseExecutor.doExecute(TestCaseExecutor.java:439)
	at com.kms.katalon.core.main.TestCaseExecutor.processExecutionPhase(TestCaseExecutor.java:418)
	at com.kms.katalon.core.main.TestCaseExecutor.accessMainPhase(TestCaseExecutor.java:410)
	at com.kms.katalon.core.main.TestCaseExecutor.execute(TestCaseExecutor.java:285)
	at com.kms.katalon.core.main.TestCaseExecutor.execute(TestCaseExecutor.java:369)
	at com.kms.katalon.core.main.TestCaseExecutor.execute(TestCaseExecutor.java:369)
	at com.kms.katalon.core.main.TestCaseExecutor.execute(TestCaseExecutor.java:369)
	at com.kms.katalon.core.common.CommonExecutor.accessTestCaseMainPhase(CommonExecutor.java:65)
	at com.kms.katalon.core.main.TestSuiteExecutor.accessTestSuiteMainPhase(TestSuiteExecutor.java:148)
	at com.kms.katalon.core.main.TestSuiteExecutor.execute(TestSuiteExecutor.java:106)
	at com.kms.katalon.core.main.TestCaseMain.startTestSuite(TestCaseMain.java:187)
	at com.kms.katalon.core.main.TestCaseMain$startTestSuite$0.call(Unknown Source)
	at TempTestSuite1700074988729.run(TempTestSuite1700074988729.groovy:36)
)]]></system-out>
         <system-err><![CDATA[2023-11-15 14:06:21 - [TEST_CASE][FAILED] - Test Cases/BBP-SelIDE/CardNotAcceptedError: Test Cases/BBP-SelIDE/CardNotAcceptedError FAILED.
Reason:
com.kms.katalon.core.exception.StepFailedException: Text 'This card type is not accepted, please enter a different credit or debit card number. Only American Express , MasterCard and Visa card(s) is(are) accepted.' is not present on page  using regular expression (Root cause: com.kms.katalon.core.exception.StepFailedException: Text 'This card type is not accepted, please enter a different credit or debit card number. Only American Express , MasterCard and Visa card(s) is(are) accepted.' is not present on page  using regular expression
	at com.kms.katalon.core.webui.keyword.internal.WebUIKeywordMain.stepFailed(WebUIKeywordMain.groovy:64)
	at com.kms.katalon.core.webui.keyword.builtin.VerifyTextPresentKeyword$_verifyTextPresent_closure1.doCall(VerifyTextPresentKeyword.groovy:79)
	at com.kms.katalon.core.webui.keyword.builtin.VerifyTextPresentKeyword$_verifyTextPresent_closure1.call(VerifyTextPresentKeyword.groovy)
	at com.kms.katalon.core.webui.keyword.internal.WebUIKeywordMain.runKeyword(WebUIKeywordMain.groovy:20)
	at com.kms.katalon.core.webui.keyword.builtin.VerifyTextPresentKeyword.verifyTextPresent(VerifyTextPresentKeyword.groovy:83)
	at com.kms.katalon.core.webui.keyword.builtin.VerifyTextPresentKeyword.execute(VerifyTextPresentKeyword.groovy:68)
	at com.kms.katalon.core.keyword.internal.KeywordExecutor.executeKeywordForPlatform(KeywordExecutor.groovy:74)
	at com.kms.katalon.core.webui.keyword.WebUiBuiltInKeywords.verifyTextPresent(WebUiBuiltInKeywords.groovy:1723)
	at com.kms.katalon.core.webui.keyword.WebUiBuiltInKeywords$verifyTextPresent$0.call(Unknown Source)
	at CardNotAcceptedError.run(CardNotAcceptedError:86)
	at com.kms.katalon.core.main.ScriptEngine.run(ScriptEngine.java:194)
	at com.kms.katalon.core.main.ScriptEngine.runScriptAsRawText(ScriptEngine.java:119)
	at com.kms.katalon.core.main.TestCaseExecutor.runScript(TestCaseExecutor.java:448)
	at com.kms.katalon.core.main.TestCaseExecutor.doExecute(TestCaseExecutor.java:439)
	at com.kms.katalon.core.main.TestCaseExecutor.processExecutionPhase(TestCaseExecutor.java:418)
	at com.kms.katalon.core.main.TestCaseExecutor.accessMainPhase(TestCaseExecutor.java:410)
	at com.kms.katalon.core.main.TestCaseExecutor.execute(TestCaseExecutor.java:285)
	at com.kms.katalon.core.main.TestCaseExecutor.execute(TestCaseExecutor.java:369)
	at com.kms.katalon.core.main.TestCaseExecutor.execute(TestCaseExecutor.java:369)
	at com.kms.katalon.core.main.TestCaseExecutor.execute(TestCaseExecutor.java:369)
	at com.kms.katalon.core.common.CommonExecutor.accessTestCaseMainPhase(CommonExecutor.java:65)
	at com.kms.katalon.core.main.TestSuiteExecutor.accessTestSuiteMainPhase(TestSuiteExecutor.java:148)
	at com.kms.katalon.core.main.TestSuiteExecutor.execute(TestSuiteExecutor.java:106)
	at com.kms.katalon.core.main.TestCaseMain.startTestSuite(TestCaseMain.java:187)
	at com.kms.katalon.core.main.TestCaseMain$startTestSuite$0.call(Unknown Source)
	at TempTestSuite1700074988729.run(TempTestSuite1700074988729.groovy:36)
)
	at com.kms.katalon.core.keyword.internal.KeywordMain.stepFailed(KeywordMain.groovy:39)
	at com.kms.katalon.core.webui.keyword.internal.WebUIKeywordMain.stepFailed(WebUIKeywordMain.groovy:64)
	at com.kms.katalon.core.webui.keyword.builtin.VerifyTextPresentKeyword$_verifyTextPresent_closure1.doCall(VerifyTextPresentKeyword.groovy:79)
	at com.kms.katalon.core.webui.keyword.builtin.VerifyTextPresentKeyword$_verifyTextPresent_closure1.call(VerifyTextPresentKeyword.groovy)
	at com.kms.katalon.core.webui.keyword.internal.WebUIKeywordMain.runKeyword(WebUIKeywordMain.groovy:20)
	at com.kms.katalon.core.webui.keyword.builtin.VerifyTextPresentKeyword.verifyTextPresent(VerifyTextPresentKeyword.groovy:83)
	at com.kms.katalon.core.webui.keyword.builtin.VerifyTextPresentKeyword.execute(VerifyTextPresentKeyword.groovy:68)
	at com.kms.katalon.core.keyword.internal.KeywordExecutor.executeKeywordForPlatform(KeywordExecutor.groovy:74)
	at com.kms.katalon.core.webui.keyword.WebUiBuiltInKeywords.verifyTextPresent(WebUiBuiltInKeywords.groovy:1723)
	at com.kms.katalon.core.webui.keyword.WebUiBuiltInKeywords$verifyTextPresent$0.call(Unknown Source)
	at CardNotAcceptedError.run(CardNotAcceptedError:86)
	at com.kms.katalon.core.main.ScriptEngine.run(ScriptEngine.java:194)
	at com.kms.katalon.core.main.ScriptEngine.runScriptAsRawText(ScriptEngine.java:119)
	at com.kms.katalon.core.main.TestCaseExecutor.runScript(TestCaseExecutor.java:448)
	at com.kms.katalon.core.main.TestCaseExecutor.doExecute(TestCaseExecutor.java:439)
	at com.kms.katalon.core.main.TestCaseExecutor.processExecutionPhase(TestCaseExecutor.java:418)
	at com.kms.katalon.core.main.TestCaseExecutor.accessMainPhase(TestCaseExecutor.java:410)
	at com.kms.katalon.core.main.TestCaseExecutor.execute(TestCaseExecutor.java:285)
	at com.kms.katalon.core.main.TestCaseExecutor.execute(TestCaseExecutor.java:369)
	at com.kms.katalon.core.main.TestCaseExecutor.execute(TestCaseExecutor.java:369)
	at com.kms.katalon.core.main.TestCaseExecutor.execute(TestCaseExecutor.java:369)
	at com.kms.katalon.core.common.CommonExecutor.accessTestCaseMainPhase(CommonExecutor.java:65)
	at com.kms.katalon.core.main.TestSuiteExecutor.accessTestSuiteMainPhase(TestSuiteExecutor.java:148)
	at com.kms.katalon.core.main.TestSuiteExecutor.execute(TestSuiteExecutor.java:106)
	at com.kms.katalon.core.main.TestCaseMain.startTestSuite(TestCaseMain.java:187)
	at com.kms.katalon.core.main.TestCaseMain$startTestSuite$0.call(Unknown Source)
	at TempTestSuite1700074988729.run(TempTestSuite1700074988729.groovy:36)
Caused by: com.kms.katalon.core.exception.StepFailedException: Text 'This card type is not accepted, please enter a different credit or debit card number. Only American Express , MasterCard and Visa card(s) is(are) accepted.' is not present on page  using regular expression
	... 26 more]]></system-err>
      </testcase>
      <testcase name="Test Cases/BBP-SelIDE/ChangePaymentMethodCC" time="13.562" classname="Test Cases/BBP-SelIDE/ChangePaymentMethodCC" status="PASSED">
         <system-out><![CDATA[2023-11-15 14:06:34 - [TEST_CASE][PASSED] - Test Cases/BBP-SelIDE/ChangePaymentMethodCC: Test Cases/BBP-SelIDE/ChangePaymentMethodCC

2023-11-15 14:06:35 - [TEST_STEP][PASSED] - softAssertion = new org.testng.asserts.SoftAssert(): null

2023-11-15 14:06:35 - [TEST_STEP][PASSED] - openBrowser("https://www.google.com/"): Browser is opened with url: 'https://www.google.com/'

2023-11-15 14:06:35 - [MESSAGE][WARNING] - A browser is already opened. Closing browser and opening a new one

2023-11-15 14:06:36 - [MESSAGE][INFO] - Starting 'Chrome' driver

2023-11-15 14:06:36 - [MESSAGE][INFO] - User set preference: ['acceptInsecureCerts', 'true']

2023-11-15 14:06:36 - [MESSAGE][INFO] - Action delay is set to 0 milliseconds

2023-11-15 14:06:39 - [MESSAGE][PASSED] - Browser is opened with url: 'https://www.google.com/'

2023-11-15 14:06:39 - [TEST_STEP][PASSED] - driver = getWebDriver(): null

2023-11-15 14:06:39 - [TEST_STEP][PASSED] - baseUrl = "https://www.google.com/": null

2023-11-15 14:06:39 - [TEST_STEP][PASSED] - selenium = new com.thoughtworks.selenium.webdriven.WebDriverBackedSelenium(driver, baseUrl): null

2023-11-15 14:06:39 - [TEST_STEP][PASSED] - bbpURL = BBPURL: null

2023-11-15 14:06:39 - [TEST_STEP][PASSED] - selenium.open(bbpURL): null

2023-11-15 14:06:40 - [TEST_STEP][PASSED] - selenium.type("id=field1", "111150"): null

2023-11-15 14:06:40 - [TEST_STEP][PASSED] - selenium.type("id=field2", "111151"): null

2023-11-15 14:06:40 - [TEST_STEP][PASSED] - selenium.click("name=Test"): null

2023-11-15 14:06:40 - [TEST_STEP][PASSED] - Thread.sleep(2000): null

2023-11-15 14:06:42 - [TEST_STEP][PASSED] - selenium.click("name=paysubmit"): null

2023-11-15 14:06:43 - [TEST_STEP][PASSED] - selenium.waitForPageToLoad("30000"): null

2023-11-15 14:06:43 - [TEST_STEP][PASSED] - selenium.click("name=paymentMethod"): null

2023-11-15 14:06:43 - [TEST_STEP][PASSED] - selenium.click("css=input[type="submit"]"): null

2023-11-15 14:06:44 - [TEST_STEP][PASSED] - selenium.waitForPageToLoad("30000"): null

2023-11-15 14:06:45 - [TEST_STEP][PASSED] - selenium.click("name=changePaymentMethodButton"): null

2023-11-15 14:06:45 - [TEST_STEP][PASSED] - selenium.waitForPageToLoad("30000"): null

2023-11-15 14:06:46 - [TEST_STEP][PASSED] - verifyTextPresent("Select Payment Method", true): Text 'Select Payment Method' is present on page  using regular expression

2023-11-15 14:06:46 - [MESSAGE][PASSED] - Text 'Select Payment Method' is present on page  using regular expression

2023-11-15 14:06:46 - [TEST_STEP][PASSED] - verifyElementPresent(findTestObject("Object Repository/BBP/SelectPaymentMethod_Page/input_PayByCC"), 30): Object 'Object Repository/BBP/SelectPaymentMethod_Page/input_PayByCC' is present

2023-11-15 14:06:46 - [MESSAGE][PASSED] - Object 'Object Repository/BBP/SelectPaymentMethod_Page/input_PayByCC' is present

2023-11-15 14:06:46 - [TEST_STEP][PASSED] - verifyTextPresent("Pay by Credit or Debit Card", true): Text 'Pay by Credit or Debit Card' is present on page  using regular expression

2023-11-15 14:06:47 - [MESSAGE][PASSED] - Text 'Pay by Credit or Debit Card' is present on page  using regular expression

2023-11-15 14:06:47 - [TEST_STEP][PASSED] - verifyElementPresent(findTestObject("Object Repository/BBP/SelectPaymentMethod_Page/input_PayByPC"), 30): Object 'Object Repository/BBP/SelectPaymentMethod_Page/input_PayByPC' is present

2023-11-15 14:06:47 - [MESSAGE][PASSED] - Object 'Object Repository/BBP/SelectPaymentMethod_Page/input_PayByPC' is present

2023-11-15 14:06:47 - [TEST_STEP][PASSED] - verifyTextPresent("Pay by Personal Check", true): Text 'Pay by Personal Check' is present on page  using regular expression

2023-11-15 14:06:47 - [MESSAGE][PASSED] - Text 'Pay by Personal Check' is present on page  using regular expression

2023-11-15 14:06:47 - [TEST_STEP][PASSED] - verifyElementPresent(findTestObject("Object Repository/BBP/SelectPaymentMethod_Page/input_PayByCorp"), 30): Object 'Object Repository/BBP/SelectPaymentMethod_Page/input_PayByCorp' is present

2023-11-15 14:06:47 - [MESSAGE][PASSED] - Object 'Object Repository/BBP/SelectPaymentMethod_Page/input_PayByCorp' is present

2023-11-15 14:06:47 - [TEST_STEP][PASSED] - verifyTextPresent("Pay by Corporate Check", true): Text 'Pay by Corporate Check' is present on page  using regular expression

2023-11-15 14:06:48 - [MESSAGE][PASSED] - Text 'Pay by Corporate Check' is present on page  using regular expression]]></system-out>
         <system-err><![CDATA[]]></system-err>
      </testcase>
      <testcase name="Test Cases/BBP-SelIDE/ChangePaymentMethodCCtoCorp" time="40.012" classname="Test Cases/BBP-SelIDE/ChangePaymentMethodCCtoCorp" status="FAILED">
         <failure type="FAILED" message="Test Cases/BBP-SelIDE/ChangePaymentMethodCCtoCorp FAILED.
Reason:
com.kms.katalon.core.exception.StepFailedException: Text '256072691' is not present on page  using regular expression (Root cause: com.kms.katalon.core.exception.StepFailedException: Text '256072691' is not present on page  using regular expression
	at com.kms.katalon.core.webui.keyword.internal.WebUIKeywordMain.stepFailed(WebUIKeywordMain.groovy:64)
	at com.kms.katalon.core.webui.keyword.builtin.VerifyTextPresentKeyword$_verifyTextPresent_closure1.doCall(VerifyTextPresentKeyword.groovy:79)
	at com.kms.katalon.core.webui.keyword.builtin.VerifyTextPresentKeyword$_verifyTextPresent_closure1.call(VerifyTextPresentKeyword.groovy)
	at com.kms.katalon.core.webui.keyword.internal.WebUIKeywordMain.runKeyword(WebUIKeywordMain.groovy:20)
	at com.kms.katalon.core.webui.keyword.builtin.VerifyTextPresentKeyword.verifyTextPresent(VerifyTextPresentKeyword.groovy:83)
	at com.kms.katalon.core.webui.keyword.builtin.VerifyTextPresentKeyword.execute(VerifyTextPresentKeyword.groovy:68)
	at com.kms.katalon.core.keyword.internal.KeywordExecutor.executeKeywordForPlatform(KeywordExecutor.groovy:74)
	at com.kms.katalon.core.webui.keyword.WebUiBuiltInKeywords.verifyTextPresent(WebUiBuiltInKeywords.groovy:1723)
	at com.kms.katalon.core.webui.keyword.WebUiBuiltInKeywords$verifyTextPresent$0.call(Unknown Source)
	at ChangePaymentMethodCCtoCorp.run(ChangePaymentMethodCCtoCorp:132)
	at com.kms.katalon.core.main.ScriptEngine.run(ScriptEngine.java:194)
	at com.kms.katalon.core.main.ScriptEngine.runScriptAsRawText(ScriptEngine.java:119)
	at com.kms.katalon.core.main.TestCaseExecutor.runScript(TestCaseExecutor.java:448)
	at com.kms.katalon.core.main.TestCaseExecutor.doExecute(TestCaseExecutor.java:439)
	at com.kms.katalon.core.main.TestCaseExecutor.processExecutionPhase(TestCaseExecutor.java:418)
	at com.kms.katalon.core.main.TestCaseExecutor.accessMainPhase(TestCaseExecutor.java:410)
	at com.kms.katalon.core.main.TestCaseExecutor.execute(TestCaseExecutor.java:285)
	at com.kms.katalon.core.main.TestCaseExecutor.execute(TestCaseExecutor.java:369)
	at com.kms.katalon.core.main.TestCaseExecutor.execute(TestCaseExecutor.java:369)
	at com.kms.katalon.core.main.TestCaseExecutor.execute(TestCaseExecutor.java:369)
	at com.kms.katalon.core.common.CommonExecutor.accessTestCaseMainPhase(CommonExecutor.java:65)
	at com.kms.katalon.core.main.TestSuiteExecutor.accessTestSuiteMainPhase(TestSuiteExecutor.java:148)
	at com.kms.katalon.core.main.TestSuiteExecutor.execute(TestSuiteExecutor.java:106)
	at com.kms.katalon.core.main.TestCaseMain.startTestSuite(TestCaseMain.java:187)
	at com.kms.katalon.core.main.TestCaseMain$startTestSuite$0.call(Unknown Source)
	at TempTestSuite1700074988729.run(TempTestSuite1700074988729.groovy:36)
)
	at com.kms.katalon.core.keyword.internal.KeywordMain.stepFailed(KeywordMain.groovy:39)
	at com.kms.katalon.core.webui.keyword.internal.WebUIKeywordMain.stepFailed(WebUIKeywordMain.groovy:64)
	at com.kms.katalon.core.webui.keyword.builtin.VerifyTextPresentKeyword$_verifyTextPresent_closure1.doCall(VerifyTextPresentKeyword.groovy:79)
	at com.kms.katalon.core.webui.keyword.builtin.VerifyTextPresentKeyword$_verifyTextPresent_closure1.call(VerifyTextPresentKeyword.groovy)
	at com.kms.katalon.core.webui.keyword.internal.WebUIKeywordMain.runKeyword(WebUIKeywordMain.groovy:20)
	at com.kms.katalon.core.webui.keyword.builtin.VerifyTextPresentKeyword.verifyTextPresent(VerifyTextPresentKeyword.groovy:83)
	at com.kms.katalon.core.webui.keyword.builtin.VerifyTextPresentKeyword.execute(VerifyTextPresentKeyword.groovy:68)
	at com.kms.katalon.core.keyword.internal.KeywordExecutor.executeKeywordForPlatform(KeywordExecutor.groovy:74)
	at com.kms.katalon.core.webui.keyword.WebUiBuiltInKeywords.verifyTextPresent(WebUiBuiltInKeywords.groovy:1723)
	at com.kms.katalon.core.webui.keyword.WebUiBuiltInKeywords$verifyTextPresent$0.call(Unknown Source)
	at ChangePaymentMethodCCtoCorp.run(ChangePaymentMethodCCtoCorp:132)
	at com.kms.katalon.core.main.ScriptEngine.run(ScriptEngine.java:194)
	at com.kms.katalon.core.main.ScriptEngine.runScriptAsRawText(ScriptEngine.java:119)
	at com.kms.katalon.core.main.TestCaseExecutor.runScript(TestCaseExecutor.java:448)
	at com.kms.katalon.core.main.TestCaseExecutor.doExecute(TestCaseExecutor.java:439)
	at com.kms.katalon.core.main.TestCaseExecutor.processExecutionPhase(TestCaseExecutor.java:418)
	at com.kms.katalon.core.main.TestCaseExecutor.accessMainPhase(TestCaseExecutor.java:410)
	at com.kms.katalon.core.main.TestCaseExecutor.execute(TestCaseExecutor.java:285)
	at com.kms.katalon.core.main.TestCaseExecutor.execute(TestCaseExecutor.java:369)
	at com.kms.katalon.core.main.TestCaseExecutor.execute(TestCaseExecutor.java:369)
	at com.kms.katalon.core.main.TestCaseExecutor.execute(TestCaseExecutor.java:369)
	at com.kms.katalon.core.common.CommonExecutor.accessTestCaseMainPhase(CommonExecutor.java:65)
	at com.kms.katalon.core.main.TestSuiteExecutor.accessTestSuiteMainPhase(TestSuiteExecutor.java:148)
	at com.kms.katalon.core.main.TestSuiteExecutor.execute(TestSuiteExecutor.java:106)
	at com.kms.katalon.core.main.TestCaseMain.startTestSuite(TestCaseMain.java:187)
	at com.kms.katalon.core.main.TestCaseMain$startTestSuite$0.call(Unknown Source)
	at TempTestSuite1700074988729.run(TempTestSuite1700074988729.groovy:36)
Caused by: com.kms.katalon.core.exception.StepFailedException: Text '256072691' is not present on page  using regular expression
	... 26 more
"/>
         <system-out><![CDATA[2023-11-15 14:08:46 - [TEST_CASE][FAILED] - Test Cases/BBP-SelIDE/ChangePaymentMethodCCtoCorp: Test Cases/BBP-SelIDE/ChangePaymentMethodCCtoCorp FAILED.
Reason:
com.kms.katalon.core.exception.StepFailedException: Text '256072691' is not present on page  using regular expression (Root cause: com.kms.katalon.core.exception.StepFailedException: Text '256072691' is not present on page  using regular expression
	at com.kms.katalon.core.webui.keyword.internal.WebUIKeywordMain.stepFailed(WebUIKeywordMain.groovy:64)
	at com.kms.katalon.core.webui.keyword.builtin.VerifyTextPresentKeyword$_verifyTextPresent_closure1.doCall(VerifyTextPresentKeyword.groovy:79)
	at com.kms.katalon.core.webui.keyword.builtin.VerifyTextPresentKeyword$_verifyTextPresent_closure1.call(VerifyTextPresentKeyword.groovy)
	at com.kms.katalon.core.webui.keyword.internal.WebUIKeywordMain.runKeyword(WebUIKeywordMain.groovy:20)
	at com.kms.katalon.core.webui.keyword.builtin.VerifyTextPresentKeyword.verifyTextPresent(VerifyTextPresentKeyword.groovy:83)
	at com.kms.katalon.core.webui.keyword.builtin.VerifyTextPresentKeyword.execute(VerifyTextPresentKeyword.groovy:68)
	at com.kms.katalon.core.keyword.internal.KeywordExecutor.executeKeywordForPlatform(KeywordExecutor.groovy:74)
	at com.kms.katalon.core.webui.keyword.WebUiBuiltInKeywords.verifyTextPresent(WebUiBuiltInKeywords.groovy:1723)
	at com.kms.katalon.core.webui.keyword.WebUiBuiltInKeywords$verifyTextPresent$0.call(Unknown Source)
	at ChangePaymentMethodCCtoCorp.run(ChangePaymentMethodCCtoCorp:132)
	at com.kms.katalon.core.main.ScriptEngine.run(ScriptEngine.java:194)
	at com.kms.katalon.core.main.ScriptEngine.runScriptAsRawText(ScriptEngine.java:119)
	at com.kms.katalon.core.main.TestCaseExecutor.runScript(TestCaseExecutor.java:448)
	at com.kms.katalon.core.main.TestCaseExecutor.doExecute(TestCaseExecutor.java:439)
	at com.kms.katalon.core.main.TestCaseExecutor.processExecutionPhase(TestCaseExecutor.java:418)
	at com.kms.katalon.core.main.TestCaseExecutor.accessMainPhase(TestCaseExecutor.java:410)
	at com.kms.katalon.core.main.TestCaseExecutor.execute(TestCaseExecutor.java:285)
	at com.kms.katalon.core.main.TestCaseExecutor.execute(TestCaseExecutor.java:369)
	at com.kms.katalon.core.main.TestCaseExecutor.execute(TestCaseExecutor.java:369)
	at com.kms.katalon.core.main.TestCaseExecutor.execute(TestCaseExecutor.java:369)
	at com.kms.katalon.core.common.CommonExecutor.accessTestCaseMainPhase(CommonExecutor.java:65)
	at com.kms.katalon.core.main.TestSuiteExecutor.accessTestSuiteMainPhase(TestSuiteExecutor.java:148)
	at com.kms.katalon.core.main.TestSuiteExecutor.execute(TestSuiteExecutor.java:106)
	at com.kms.katalon.core.main.TestCaseMain.startTestSuite(TestCaseMain.java:187)
	at com.kms.katalon.core.main.TestCaseMain$startTestSuite$0.call(Unknown Source)
	at TempTestSuite1700074988729.run(TempTestSuite1700074988729.groovy:36)
)
	at com.kms.katalon.core.keyword.internal.KeywordMain.stepFailed(KeywordMain.groovy:39)
	at com.kms.katalon.core.webui.keyword.internal.WebUIKeywordMain.stepFailed(WebUIKeywordMain.groovy:64)
	at com.kms.katalon.core.webui.keyword.builtin.VerifyTextPresentKeyword$_verifyTextPresent_closure1.doCall(VerifyTextPresentKeyword.groovy:79)
	at com.kms.katalon.core.webui.keyword.builtin.VerifyTextPresentKeyword$_verifyTextPresent_closure1.call(VerifyTextPresentKeyword.groovy)
	at com.kms.katalon.core.webui.keyword.internal.WebUIKeywordMain.runKeyword(WebUIKeywordMain.groovy:20)
	at com.kms.katalon.core.webui.keyword.builtin.VerifyTextPresentKeyword.verifyTextPresent(VerifyTextPresentKeyword.groovy:83)
	at com.kms.katalon.core.webui.keyword.builtin.VerifyTextPresentKeyword.execute(VerifyTextPresentKeyword.groovy:68)
	at com.kms.katalon.core.keyword.internal.KeywordExecutor.executeKeywordForPlatform(KeywordExecutor.groovy:74)
	at com.kms.katalon.core.webui.keyword.WebUiBuiltInKeywords.verifyTextPresent(WebUiBuiltInKeywords.groovy:1723)
	at com.kms.katalon.core.webui.keyword.WebUiBuiltInKeywords$verifyTextPresent$0.call(Unknown Source)
	at ChangePaymentMethodCCtoCorp.run(ChangePaymentMethodCCtoCorp:132)
	at com.kms.katalon.core.main.ScriptEngine.run(ScriptEngine.java:194)
	at com.kms.katalon.core.main.ScriptEngine.runScriptAsRawText(ScriptEngine.java:119)
	at com.kms.katalon.core.main.TestCaseExecutor.runScript(TestCaseExecutor.java:448)
	at com.kms.katalon.core.main.TestCaseExecutor.doExecute(TestCaseExecutor.java:439)
	at com.kms.katalon.core.main.TestCaseExecutor.processExecutionPhase(TestCaseExecutor.java:418)
	at com.kms.katalon.core.main.TestCaseExecutor.accessMainPhase(TestCaseExecutor.java:410)
	at com.kms.katalon.core.main.TestCaseExecutor.execute(TestCaseExecutor.java:285)
	at com.kms.katalon.core.main.TestCaseExecutor.execute(TestCaseExecutor.java:369)
	at com.kms.katalon.core.main.TestCaseExecutor.execute(TestCaseExecutor.java:369)
	at com.kms.katalon.core.main.TestCaseExecutor.execute(TestCaseExecutor.java:369)
	at com.kms.katalon.core.common.CommonExecutor.accessTestCaseMainPhase(CommonExecutor.java:65)
	at com.kms.katalon.core.main.TestSuiteExecutor.accessTestSuiteMainPhase(TestSuiteExecutor.java:148)
	at com.kms.katalon.core.main.TestSuiteExecutor.execute(TestSuiteExecutor.java:106)
	at com.kms.katalon.core.main.TestCaseMain.startTestSuite(TestCaseMain.java:187)
	at com.kms.katalon.core.main.TestCaseMain$startTestSuite$0.call(Unknown Source)
	at TempTestSuite1700074988729.run(TempTestSuite1700074988729.groovy:36)
Caused by: com.kms.katalon.core.exception.StepFailedException: Text '256072691' is not present on page  using regular expression
	... 26 more


2023-11-15 14:08:46 - [TEST_STEP][PASSED] - softAssertion = new org.testng.asserts.SoftAssert(): null

2023-11-15 14:08:46 - [TEST_STEP][PASSED] - openBrowser("https://www.google.com/"): Browser is opened with url: 'https://www.google.com/'

2023-11-15 14:08:46 - [MESSAGE][WARNING] - A browser is already opened. Closing browser and opening a new one

2023-11-15 14:08:47 - [MESSAGE][INFO] - Starting 'Chrome' driver

2023-11-15 14:08:47 - [MESSAGE][INFO] - User set preference: ['acceptInsecureCerts', 'true']

2023-11-15 14:08:47 - [MESSAGE][INFO] - Action delay is set to 0 milliseconds

2023-11-15 14:08:52 - [MESSAGE][PASSED] - Browser is opened with url: 'https://www.google.com/'

2023-11-15 14:08:52 - [TEST_STEP][PASSED] - driver = getWebDriver(): null

2023-11-15 14:08:52 - [TEST_STEP][PASSED] - baseUrl = "https://www.google.com/": null

2023-11-15 14:08:52 - [TEST_STEP][PASSED] - selenium = new com.thoughtworks.selenium.webdriven.WebDriverBackedSelenium(driver, baseUrl): null

2023-11-15 14:08:52 - [TEST_STEP][PASSED] - bbpURL = BBPURL: null

2023-11-15 14:08:52 - [TEST_STEP][PASSED] - selenium.open(bbpURL): null

2023-11-15 14:08:52 - [TEST_STEP][PASSED] - selenium.type("id=field1", "111150"): null

2023-11-15 14:08:52 - [TEST_STEP][PASSED] - selenium.type("id=field2", "111151"): null

2023-11-15 14:08:53 - [TEST_STEP][PASSED] - selenium.click("name=Test"): null

2023-11-15 14:08:53 - [TEST_STEP][PASSED] - Thread.sleep(2000): null

2023-11-15 14:08:55 - [TEST_STEP][PASSED] - selenium.click("name=paysubmit"): null

2023-11-15 14:08:55 - [TEST_STEP][PASSED] - selenium.waitForPageToLoad("30000"): null

2023-11-15 14:08:56 - [TEST_STEP][PASSED] - selenium.click("name=paymentMethod"): null

2023-11-15 14:08:56 - [TEST_STEP][PASSED] - selenium.click("css=input[type="submit"]"): null

2023-11-15 14:08:57 - [TEST_STEP][PASSED] - selenium.waitForPageToLoad("30000"): null

2023-11-15 14:08:57 - [TEST_STEP][PASSED] - verifyTextPresent("Required fields are highlighted with an asterisk.", true): Text 'Required fields are highlighted with an asterisk.' is present on page  using regular expression

2023-11-15 14:08:58 - [MESSAGE][PASSED] - Text 'Required fields are highlighted with an asterisk.' is present on page  using regular expression

2023-11-15 14:08:58 - [TEST_STEP][PASSED] - verifyTextPresent("Please enter the following information about your payment:", true): Text 'Please enter the following information about your payment:' is present on page  using regular expression

2023-11-15 14:08:58 - [MESSAGE][PASSED] - Text 'Please enter the following information about your payment:' is present on page  using regular expression

2023-11-15 14:08:58 - [TEST_STEP][PASSED] - selenium.type("name=amount", 00".toString()): null

2023-11-15 14:08:58 - [TEST_STEP][PASSED] - selenium.type("name=userDefined2", "UDF2 Data1".toString()): null

2023-11-15 14:08:58 - [TEST_STEP][PASSED] - selenium.type("name=userDefined3", "UDF3 Data1".toString()): null

2023-11-15 14:08:58 - [TEST_STEP][PASSED] - selenium.select("name=variableField4DropdownGroupItemID", "label=Purple"): null

2023-11-15 14:08:58 - [TEST_STEP][PASSED] - selenium.select("name=variableField5DropdownGroupItemID", "label=Orange"): null

2023-11-15 14:08:58 - [TEST_STEP][PASSED] - selenium.type("name=userDefined6", "UDF6 Data1".toString()): null

2023-11-15 14:08:58 - [TEST_STEP][PASSED] - selenium.type("name=userDefined7", "UDF7 Data1".toString()): null

2023-11-15 14:08:58 - [TEST_STEP][PASSED] - selenium.type("name=userDefined8", "UDF8 Data1".toString()): null

2023-11-15 14:08:58 - [TEST_STEP][PASSED] - selenium.type("name=billingName", "Hunter Helms".toString()): null

2023-11-15 14:08:58 - [TEST_STEP][PASSED] - selenium.type("id=cardNumber", "4111111111111111"): null

2023-11-15 14:08:59 - [TEST_STEP][PASSED] - selenium.type("id=spc", "123"): null

2023-11-15 14:08:59 - [TEST_STEP][PASSED] - selenium.select("name=cardExpMonth", "label=04"): null

2023-11-15 14:08:59 - [TEST_STEP][PASSED] - selenium.select("name=cardExpYear", "label=2025"): null

2023-11-15 14:08:59 - [TEST_STEP][PASSED] - selenium.type("name=billingAddress", "2311 york road".toString()): null

2023-11-15 14:08:59 - [TEST_STEP][PASSED] - selenium.type("name=billingAddress2", "Suite 600".toString()): null

2023-11-15 14:08:59 - [TEST_STEP][PASSED] - selenium.type("id=billing-zip-input", "21054"): null

2023-11-15 14:08:59 - [TEST_STEP][PASSED] - selenium.type("name=emailAddress", com".toString()): null

2023-11-15 14:08:59 - [TEST_STEP][PASSED] - selenium.click("id=checkedAcceptCondition"): null

2023-11-15 14:08:59 - [TEST_STEP][PASSED] - selenium.click("name=ccSubmit"): null

2023-11-15 14:09:00 - [TEST_STEP][PASSED] - selenium.waitForPageToLoad("30000"): null

2023-11-15 14:09:00 - [TEST_STEP][PASSED] - verifyTextPresent("Please verify the following information:", true): Text 'Please verify the following information:' is present on page  using regular expression

2023-11-15 14:09:00 - [MESSAGE][PASSED] - Text 'Please verify the following information:' is present on page  using regular expression

2023-11-15 14:09:00 - [TEST_STEP][PASSED] - verifyTextPresent("Is this information correct", true): Text 'Is this information correct' is present on page  using regular expression

2023-11-15 14:09:01 - [MESSAGE][PASSED] - Text 'Is this information correct' is present on page  using regular expression

2023-11-15 14:09:01 - [TEST_STEP][PASSED] - verifyTextPresent("Visa", true): Text 'Visa' is present on page  using regular expression

2023-11-15 14:09:01 - [MESSAGE][PASSED] - Text 'Visa' is present on page  using regular expression

2023-11-15 14:09:01 - [TEST_STEP][PASSED] - selenium.click("name=changePaymentMethodButton"): null

2023-11-15 14:09:01 - [TEST_STEP][PASSED] - selenium.waitForPageToLoad("30000"): null

2023-11-15 14:09:02 - [TEST_STEP][PASSED] - selenium.click("xpath=(//input[@name='paymentMethod'])[3]"): null

2023-11-15 14:09:02 - [TEST_STEP][PASSED] - selenium.click("css=input[type="submit"]"): null

2023-11-15 14:09:03 - [TEST_STEP][PASSED] - selenium.waitForPageToLoad("30000"): null

2023-11-15 14:09:03 - [TEST_STEP][PASSED] - verifyTextPresent("Required fields are highlighted with an asterisk.", true): Text 'Required fields are highlighted with an asterisk.' is present on page  using regular expression

2023-11-15 14:09:04 - [MESSAGE][PASSED] - Text 'Required fields are highlighted with an asterisk.' is present on page  using regular expression

2023-11-15 14:09:04 - [TEST_STEP][PASSED] - verifyTextPresent("Please enter the following billing information about your payment:", true): Text 'Please enter the following billing information about your payment:' is present on page  using regular expression

2023-11-15 14:09:04 - [MESSAGE][PASSED] - Text 'Please enter the following billing information about your payment:' is present on page  using regular expression

2023-11-15 14:09:04 - [TEST_STEP][PASSED] - selenium.type("name=amount", 00".toString()): null

2023-11-15 14:09:04 - [TEST_STEP][PASSED] - selenium.type("name=userDefined2", "UDF2 Data3".toString()): null

2023-11-15 14:09:04 - [TEST_STEP][PASSED] - selenium.type("name=userDefined3", "UDF3 Data3".toString()): null

2023-11-15 14:09:04 - [TEST_STEP][PASSED] - selenium.select("name=variableField4DropdownGroupItemID", "label=Purple"): null

2023-11-15 14:09:04 - [TEST_STEP][PASSED] - selenium.select("name=variableField5DropdownGroupItemID", "label=Orange"): null

2023-11-15 14:09:04 - [TEST_STEP][PASSED] - selenium.type("name=userDefined6", "UDF6 Data3".toString()): null

2023-11-15 14:09:04 - [TEST_STEP][PASSED] - selenium.type("name=userDefined7", "UDF7 Data3".toString()): null

2023-11-15 14:09:05 - [TEST_STEP][PASSED] - selenium.type("name=userDefined8", "UDF8 Data3".toString()): null

2023-11-15 14:09:05 - [TEST_STEP][PASSED] - selenium.type("name=billingCompanyname", "My Company".toString()): null

2023-11-15 14:09:05 - [TEST_STEP][PASSED] - selenium.type("id=routingNumber", "256072691"): null

2023-11-15 14:09:05 - [TEST_STEP][PASSED] - selenium.type("id=accountNumber", "33333333"): null

2023-11-15 14:09:05 - [TEST_STEP][PASSED] - selenium.type("id=confirmAccountNumber", "33333333"): null

2023-11-15 14:09:05 - [TEST_STEP][PASSED] - selenium.type("name=ein", "123456789"): null

2023-11-15 14:09:05 - [TEST_STEP][PASSED] - selenium.type("name=billingAddress", "2311 york road".toString()): null

2023-11-15 14:09:05 - [TEST_STEP][PASSED] - selenium.type("name=billingAddress2", "suite 600".toString()): null

2023-11-15 14:09:05 - [TEST_STEP][PASSED] - selenium.type("id=billing-zip-input", "21054"): null

2023-11-15 14:09:05 - [TEST_STEP][PASSED] - selenium.type("name=emailAddress", com".toString()): null

2023-11-15 14:09:05 - [TEST_STEP][PASSED] - selenium.click("id=checkedAcceptCondition"): null

2023-11-15 14:09:05 - [TEST_STEP][PASSED] - selenium.click("name=achSubmit"): null

2023-11-15 14:09:06 - [TEST_STEP][PASSED] - selenium.waitForPageToLoad("30000"): null

2023-11-15 14:09:06 - [TEST_STEP][PASSED] - verifyTextPresent("Please verify the following information:", true): Text 'Please verify the following information:' is present on page  using regular expression

2023-11-15 14:09:07 - [MESSAGE][PASSED] - Text 'Please verify the following information:' is present on page  using regular expression

2023-11-15 14:09:07 - [TEST_STEP][PASSED] - verifyTextPresent("Is this information correct", true): Text 'Is this information correct' is present on page  using regular expression

2023-11-15 14:09:07 - [MESSAGE][PASSED] - Text 'Is this information correct' is present on page  using regular expression

2023-11-15 14:09:07 - [TEST_STEP][PASSED] - verifyTextPresent("My Company", true): Text 'My Company' is present on page  using regular expression

2023-11-15 14:09:07 - [MESSAGE][PASSED] - Text 'My Company' is present on page  using regular expression

2023-11-15 14:09:07 - [TEST_STEP][PASSED] - verifyTextPresent("Corporate Checking", true): Text 'Corporate Checking' is present on page  using regular expression

2023-11-15 14:09:08 - [MESSAGE][PASSED] - Text 'Corporate Checking' is present on page  using regular expression

2023-11-15 14:09:08 - [TEST_STEP][PASSED] - selenium.click("name=confirmNotifyAction"): null

2023-11-15 14:09:08 - [TEST_STEP][PASSED] - selenium.waitForPageToLoad("30000"): null

2023-11-15 14:09:09 - [TEST_STEP][PASSED] - Thread.sleep(15000): null

2023-11-15 14:09:24 - [TEST_STEP][PASSED] - verifyTextPresent("Debit", true): Text 'Debit' is present on page  using regular expression

2023-11-15 14:09:24 - [MESSAGE][PASSED] - Text 'Debit' is present on page  using regular expression

2023-11-15 14:09:24 - [TEST_STEP][PASSED] - verifyTextPresent("Corporate", true): Text 'Corporate' is present on page  using regular expression

2023-11-15 14:09:24 - [MESSAGE][PASSED] - Text 'Corporate' is present on page  using regular expression

2023-11-15 14:09:24 - [TEST_STEP][PASSED] - verifyTextPresent("Checking", true): Text 'Checking' is present on page  using regular expression

2023-11-15 14:09:24 - [MESSAGE][PASSED] - Text 'Checking' is present on page  using regular expression

2023-11-15 14:09:24 - [TEST_STEP][PASSED] - verifyTextPresent("3333", true): Text '3333' is present on page  using regular expression

2023-11-15 14:09:25 - [MESSAGE][PASSED] - Text '3333' is present on page  using regular expression

2023-11-15 14:09:25 - [TEST_STEP][FAILED] - verifyTextPresent("256072691", true): Text '256072691' is not present on page  using regular expression (Root cause: com.kms.katalon.core.exception.StepFailedException: Text '256072691' is not present on page  using regular expression
	at com.kms.katalon.core.webui.keyword.internal.WebUIKeywordMain.stepFailed(WebUIKeywordMain.groovy:64)
	at com.kms.katalon.core.webui.keyword.builtin.VerifyTextPresentKeyword$_verifyTextPresent_closure1.doCall(VerifyTextPresentKeyword.groovy:79)
	at com.kms.katalon.core.webui.keyword.builtin.VerifyTextPresentKeyword$_verifyTextPresent_closure1.call(VerifyTextPresentKeyword.groovy)
	at com.kms.katalon.core.webui.keyword.internal.WebUIKeywordMain.runKeyword(WebUIKeywordMain.groovy:20)
	at com.kms.katalon.core.webui.keyword.builtin.VerifyTextPresentKeyword.verifyTextPresent(VerifyTextPresentKeyword.groovy:83)
	at com.kms.katalon.core.webui.keyword.builtin.VerifyTextPresentKeyword.execute(VerifyTextPresentKeyword.groovy:68)
	at com.kms.katalon.core.keyword.internal.KeywordExecutor.executeKeywordForPlatform(KeywordExecutor.groovy:74)
	at com.kms.katalon.core.webui.keyword.WebUiBuiltInKeywords.verifyTextPresent(WebUiBuiltInKeywords.groovy:1723)
	at com.kms.katalon.core.webui.keyword.WebUiBuiltInKeywords$verifyTextPresent$0.call(Unknown Source)
	at ChangePaymentMethodCCtoCorp.run(ChangePaymentMethodCCtoCorp:132)
	at com.kms.katalon.core.main.ScriptEngine.run(ScriptEngine.java:194)
	at com.kms.katalon.core.main.ScriptEngine.runScriptAsRawText(ScriptEngine.java:119)
	at com.kms.katalon.core.main.TestCaseExecutor.runScript(TestCaseExecutor.java:448)
	at com.kms.katalon.core.main.TestCaseExecutor.doExecute(TestCaseExecutor.java:439)
	at com.kms.katalon.core.main.TestCaseExecutor.processExecutionPhase(TestCaseExecutor.java:418)
	at com.kms.katalon.core.main.TestCaseExecutor.accessMainPhase(TestCaseExecutor.java:410)
	at com.kms.katalon.core.main.TestCaseExecutor.execute(TestCaseExecutor.java:285)
	at com.kms.katalon.core.main.TestCaseExecutor.execute(TestCaseExecutor.java:369)
	at com.kms.katalon.core.main.TestCaseExecutor.execute(TestCaseExecutor.java:369)
	at com.kms.katalon.core.main.TestCaseExecutor.execute(TestCaseExecutor.java:369)
	at com.kms.katalon.core.common.CommonExecutor.accessTestCaseMainPhase(CommonExecutor.java:65)
	at com.kms.katalon.core.main.TestSuiteExecutor.accessTestSuiteMainPhase(TestSuiteExecutor.java:148)
	at com.kms.katalon.core.main.TestSuiteExecutor.execute(TestSuiteExecutor.java:106)
	at com.kms.katalon.core.main.TestCaseMain.startTestSuite(TestCaseMain.java:187)
	at com.kms.katalon.core.main.TestCaseMain$startTestSuite$0.call(Unknown Source)
	at TempTestSuite1700074988729.run(TempTestSuite1700074988729.groovy:36)
)

2023-11-15 14:09:25 - [MESSAGE][FAILED] - Text '256072691' is not present on page  using regular expression (Root cause: com.kms.katalon.core.exception.StepFailedException: Text '256072691' is not present on page  using regular expression
	at com.kms.katalon.core.webui.keyword.internal.WebUIKeywordMain.stepFailed(WebUIKeywordMain.groovy:64)
	at com.kms.katalon.core.webui.keyword.builtin.VerifyTextPresentKeyword$_verifyTextPresent_closure1.doCall(VerifyTextPresentKeyword.groovy:79)
	at com.kms.katalon.core.webui.keyword.builtin.VerifyTextPresentKeyword$_verifyTextPresent_closure1.call(VerifyTextPresentKeyword.groovy)
	at com.kms.katalon.core.webui.keyword.internal.WebUIKeywordMain.runKeyword(WebUIKeywordMain.groovy:20)
	at com.kms.katalon.core.webui.keyword.builtin.VerifyTextPresentKeyword.verifyTextPresent(VerifyTextPresentKeyword.groovy:83)
	at com.kms.katalon.core.webui.keyword.builtin.VerifyTextPresentKeyword.execute(VerifyTextPresentKeyword.groovy:68)
	at com.kms.katalon.core.keyword.internal.KeywordExecutor.executeKeywordForPlatform(KeywordExecutor.groovy:74)
	at com.kms.katalon.core.webui.keyword.WebUiBuiltInKeywords.verifyTextPresent(WebUiBuiltInKeywords.groovy:1723)
	at com.kms.katalon.core.webui.keyword.WebUiBuiltInKeywords$verifyTextPresent$0.call(Unknown Source)
	at ChangePaymentMethodCCtoCorp.run(ChangePaymentMethodCCtoCorp:132)
	at com.kms.katalon.core.main.ScriptEngine.run(ScriptEngine.java:194)
	at com.kms.katalon.core.main.ScriptEngine.runScriptAsRawText(ScriptEngine.java:119)
	at com.kms.katalon.core.main.TestCaseExecutor.runScript(TestCaseExecutor.java:448)
	at com.kms.katalon.core.main.TestCaseExecutor.doExecute(TestCaseExecutor.java:439)
	at com.kms.katalon.core.main.TestCaseExecutor.processExecutionPhase(TestCaseExecutor.java:418)
	at com.kms.katalon.core.main.TestCaseExecutor.accessMainPhase(TestCaseExecutor.java:410)
	at com.kms.katalon.core.main.TestCaseExecutor.execute(TestCaseExecutor.java:285)
	at com.kms.katalon.core.main.TestCaseExecutor.execute(TestCaseExecutor.java:369)
	at com.kms.katalon.core.main.TestCaseExecutor.execute(TestCaseExecutor.java:369)
	at com.kms.katalon.core.main.TestCaseExecutor.execute(TestCaseExecutor.java:369)
	at com.kms.katalon.core.common.CommonExecutor.accessTestCaseMainPhase(CommonExecutor.java:65)
	at com.kms.katalon.core.main.TestSuiteExecutor.accessTestSuiteMainPhase(TestSuiteExecutor.java:148)
	at com.kms.katalon.core.main.TestSuiteExecutor.execute(TestSuiteExecutor.java:106)
	at com.kms.katalon.core.main.TestCaseMain.startTestSuite(TestCaseMain.java:187)
	at com.kms.katalon.core.main.TestCaseMain$startTestSuite$0.call(Unknown Source)
	at TempTestSuite1700074988729.run(TempTestSuite1700074988729.groovy:36)
)

2023-11-15 14:09:25 - [TEST_STEP][PASSED] - verifyTextPresent("My Company", true): Text 'My Company' is present on page  using regular expression

2023-11-15 14:09:25 - [MESSAGE][PASSED] - Text 'My Company' is present on page  using regular expression

2023-11-15 14:09:25 - [TEST_STEP][PASSED] - verifyTextPresent("Employer Identification Number", true): Text 'Employer Identification Number' is present on page  using regular expression

2023-11-15 14:09:26 - [MESSAGE][PASSED] - Text 'Employer Identification Number' is present on page  using regular expression]]></system-out>
         <system-err><![CDATA[2023-11-15 14:08:46 - [TEST_CASE][FAILED] - Test Cases/BBP-SelIDE/ChangePaymentMethodCCtoCorp: Test Cases/BBP-SelIDE/ChangePaymentMethodCCtoCorp FAILED.
Reason:
com.kms.katalon.core.exception.StepFailedException: Text '256072691' is not present on page  using regular expression (Root cause: com.kms.katalon.core.exception.StepFailedException: Text '256072691' is not present on page  using regular expression
	at com.kms.katalon.core.webui.keyword.internal.WebUIKeywordMain.stepFailed(WebUIKeywordMain.groovy:64)
	at com.kms.katalon.core.webui.keyword.builtin.VerifyTextPresentKeyword$_verifyTextPresent_closure1.doCall(VerifyTextPresentKeyword.groovy:79)
	at com.kms.katalon.core.webui.keyword.builtin.VerifyTextPresentKeyword$_verifyTextPresent_closure1.call(VerifyTextPresentKeyword.groovy)
	at com.kms.katalon.core.webui.keyword.internal.WebUIKeywordMain.runKeyword(WebUIKeywordMain.groovy:20)
	at com.kms.katalon.core.webui.keyword.builtin.VerifyTextPresentKeyword.verifyTextPresent(VerifyTextPresentKeyword.groovy:83)
	at com.kms.katalon.core.webui.keyword.builtin.VerifyTextPresentKeyword.execute(VerifyTextPresentKeyword.groovy:68)
	at com.kms.katalon.core.keyword.internal.KeywordExecutor.executeKeywordForPlatform(KeywordExecutor.groovy:74)
	at com.kms.katalon.core.webui.keyword.WebUiBuiltInKeywords.verifyTextPresent(WebUiBuiltInKeywords.groovy:1723)
	at com.kms.katalon.core.webui.keyword.WebUiBuiltInKeywords$verifyTextPresent$0.call(Unknown Source)
	at ChangePaymentMethodCCtoCorp.run(ChangePaymentMethodCCtoCorp:132)
	at com.kms.katalon.core.main.ScriptEngine.run(ScriptEngine.java:194)
	at com.kms.katalon.core.main.ScriptEngine.runScriptAsRawText(ScriptEngine.java:119)
	at com.kms.katalon.core.main.TestCaseExecutor.runScript(TestCaseExecutor.java:448)
	at com.kms.katalon.core.main.TestCaseExecutor.doExecute(TestCaseExecutor.java:439)
	at com.kms.katalon.core.main.TestCaseExecutor.processExecutionPhase(TestCaseExecutor.java:418)
	at com.kms.katalon.core.main.TestCaseExecutor.accessMainPhase(TestCaseExecutor.java:410)
	at com.kms.katalon.core.main.TestCaseExecutor.execute(TestCaseExecutor.java:285)
	at com.kms.katalon.core.main.TestCaseExecutor.execute(TestCaseExecutor.java:369)
	at com.kms.katalon.core.main.TestCaseExecutor.execute(TestCaseExecutor.java:369)
	at com.kms.katalon.core.main.TestCaseExecutor.execute(TestCaseExecutor.java:369)
	at com.kms.katalon.core.common.CommonExecutor.accessTestCaseMainPhase(CommonExecutor.java:65)
	at com.kms.katalon.core.main.TestSuiteExecutor.accessTestSuiteMainPhase(TestSuiteExecutor.java:148)
	at com.kms.katalon.core.main.TestSuiteExecutor.execute(TestSuiteExecutor.java:106)
	at com.kms.katalon.core.main.TestCaseMain.startTestSuite(TestCaseMain.java:187)
	at com.kms.katalon.core.main.TestCaseMain$startTestSuite$0.call(Unknown Source)
	at TempTestSuite1700074988729.run(TempTestSuite1700074988729.groovy:36)
)
	at com.kms.katalon.core.keyword.internal.KeywordMain.stepFailed(KeywordMain.groovy:39)
	at com.kms.katalon.core.webui.keyword.internal.WebUIKeywordMain.stepFailed(WebUIKeywordMain.groovy:64)
	at com.kms.katalon.core.webui.keyword.builtin.VerifyTextPresentKeyword$_verifyTextPresent_closure1.doCall(VerifyTextPresentKeyword.groovy:79)
	at com.kms.katalon.core.webui.keyword.builtin.VerifyTextPresentKeyword$_verifyTextPresent_closure1.call(VerifyTextPresentKeyword.groovy)
	at com.kms.katalon.core.webui.keyword.internal.WebUIKeywordMain.runKeyword(WebUIKeywordMain.groovy:20)
	at com.kms.katalon.core.webui.keyword.builtin.VerifyTextPresentKeyword.verifyTextPresent(VerifyTextPresentKeyword.groovy:83)
	at com.kms.katalon.core.webui.keyword.builtin.VerifyTextPresentKeyword.execute(VerifyTextPresentKeyword.groovy:68)
	at com.kms.katalon.core.keyword.internal.KeywordExecutor.executeKeywordForPlatform(KeywordExecutor.groovy:74)
	at com.kms.katalon.core.webui.keyword.WebUiBuiltInKeywords.verifyTextPresent(WebUiBuiltInKeywords.groovy:1723)
	at com.kms.katalon.core.webui.keyword.WebUiBuiltInKeywords$verifyTextPresent$0.call(Unknown Source)
	at ChangePaymentMethodCCtoCorp.run(ChangePaymentMethodCCtoCorp:132)
	at com.kms.katalon.core.main.ScriptEngine.run(ScriptEngine.java:194)
	at com.kms.katalon.core.main.ScriptEngine.runScriptAsRawText(ScriptEngine.java:119)
	at com.kms.katalon.core.main.TestCaseExecutor.runScript(TestCaseExecutor.java:448)
	at com.kms.katalon.core.main.TestCaseExecutor.doExecute(TestCaseExecutor.java:439)
	at com.kms.katalon.core.main.TestCaseExecutor.processExecutionPhase(TestCaseExecutor.java:418)
	at com.kms.katalon.core.main.TestCaseExecutor.accessMainPhase(TestCaseExecutor.java:410)
	at com.kms.katalon.core.main.TestCaseExecutor.execute(TestCaseExecutor.java:285)
	at com.kms.katalon.core.main.TestCaseExecutor.execute(TestCaseExecutor.java:369)
	at com.kms.katalon.core.main.TestCaseExecutor.execute(TestCaseExecutor.java:369)
	at com.kms.katalon.core.main.TestCaseExecutor.execute(TestCaseExecutor.java:369)
	at com.kms.katalon.core.common.CommonExecutor.accessTestCaseMainPhase(CommonExecutor.java:65)
	at com.kms.katalon.core.main.TestSuiteExecutor.accessTestSuiteMainPhase(TestSuiteExecutor.java:148)
	at com.kms.katalon.core.main.TestSuiteExecutor.execute(TestSuiteExecutor.java:106)
	at com.kms.katalon.core.main.TestCaseMain.startTestSuite(TestCaseMain.java:187)
	at com.kms.katalon.core.main.TestCaseMain$startTestSuite$0.call(Unknown Source)
	at TempTestSuite1700074988729.run(TempTestSuite1700074988729.groovy:36)
Caused by: com.kms.katalon.core.exception.StepFailedException: Text '256072691' is not present on page  using regular expression
	... 26 more]]></system-err>
      </testcase>
      <testcase name="Test Cases/BBP-SelIDE/ChangePaymentMethodCCtoPC" time="37.708" classname="Test Cases/BBP-SelIDE/ChangePaymentMethodCCtoPC" status="PASSED">
         <system-out><![CDATA[2023-11-15 14:09:26 - [TEST_CASE][PASSED] - Test Cases/BBP-SelIDE/ChangePaymentMethodCCtoPC: Test Cases/BBP-SelIDE/ChangePaymentMethodCCtoPC

2023-11-15 14:09:26 - [TEST_STEP][PASSED] - softAssertion = new org.testng.asserts.SoftAssert(): null

2023-11-15 14:09:26 - [TEST_STEP][PASSED] - openBrowser("https://www.google.com/"): Browser is opened with url: 'https://www.google.com/'

2023-11-15 14:09:26 - [MESSAGE][WARNING] - A browser is already opened. Closing browser and opening a new one

2023-11-15 14:09:27 - [MESSAGE][INFO] - Starting 'Chrome' driver

2023-11-15 14:09:27 - [MESSAGE][INFO] - User set preference: ['acceptInsecureCerts', 'true']

2023-11-15 14:09:27 - [MESSAGE][INFO] - Action delay is set to 0 milliseconds

2023-11-15 14:09:31 - [MESSAGE][PASSED] - Browser is opened with url: 'https://www.google.com/'

2023-11-15 14:09:31 - [TEST_STEP][PASSED] - driver = getWebDriver(): null

2023-11-15 14:09:31 - [TEST_STEP][PASSED] - baseUrl = "https://www.google.com/": null

2023-11-15 14:09:31 - [TEST_STEP][PASSED] - selenium = new com.thoughtworks.selenium.webdriven.WebDriverBackedSelenium(driver, baseUrl): null

2023-11-15 14:09:31 - [TEST_STEP][PASSED] - bbpURL = BBPURL: null

2023-11-15 14:09:31 - [TEST_STEP][PASSED] - selenium.open(bbpURL): null

2023-11-15 14:09:31 - [TEST_STEP][PASSED] - selenium.type("id=field1", "111150"): null

2023-11-15 14:09:32 - [TEST_STEP][PASSED] - selenium.type("id=field2", "111151"): null

2023-11-15 14:09:32 - [TEST_STEP][PASSED] - selenium.click("name=Test"): null

2023-11-15 14:09:32 - [TEST_STEP][PASSED] - Thread.sleep(2000): null

2023-11-15 14:09:34 - [TEST_STEP][PASSED] - selenium.click("name=paysubmit"): null

2023-11-15 14:09:34 - [TEST_STEP][PASSED] - selenium.waitForPageToLoad("30000"): null

2023-11-15 14:09:35 - [TEST_STEP][PASSED] - selenium.click("name=paymentMethod"): null

2023-11-15 14:09:35 - [TEST_STEP][PASSED] - selenium.click("css=input[type="submit"]"): null

2023-11-15 14:09:36 - [TEST_STEP][PASSED] - selenium.waitForPageToLoad("30000"): null

2023-11-15 14:09:37 - [TEST_STEP][PASSED] - verifyTextPresent("Required fields are highlighted with an asterisk.", true): Text 'Required fields are highlighted with an asterisk.' is present on page  using regular expression

2023-11-15 14:09:37 - [MESSAGE][PASSED] - Text 'Required fields are highlighted with an asterisk.' is present on page  using regular expression

2023-11-15 14:09:37 - [TEST_STEP][PASSED] - verifyTextPresent("Please enter the following information about your payment:", true): Text 'Please enter the following information about your payment:' is present on page  using regular expression

2023-11-15 14:09:37 - [MESSAGE][PASSED] - Text 'Please enter the following information about your payment:' is present on page  using regular expression

2023-11-15 14:09:37 - [TEST_STEP][PASSED] - selenium.type("name=amount", 00".toString()): null

2023-11-15 14:09:37 - [TEST_STEP][PASSED] - selenium.type("name=userDefined2", "UDF2 Data1".toString()): null

2023-11-15 14:09:37 - [TEST_STEP][PASSED] - selenium.type("name=userDefined3", "UDF3 Data1".toString()): null

2023-11-15 14:09:37 - [TEST_STEP][PASSED] - selenium.select("name=variableField4DropdownGroupItemID", "label=Purple"): null

2023-11-15 14:09:37 - [TEST_STEP][PASSED] - selenium.select("name=variableField5DropdownGroupItemID", "label=Orange"): null

2023-11-15 14:09:38 - [TEST_STEP][PASSED] - selenium.type("name=userDefined6", "UDF6 Data1".toString()): null

2023-11-15 14:09:38 - [TEST_STEP][PASSED] - selenium.type("name=userDefined7", "UDF7 Data1".toString()): null

2023-11-15 14:09:38 - [TEST_STEP][PASSED] - selenium.type("name=userDefined8", "UDF8 Data1".toString()): null

2023-11-15 14:09:38 - [TEST_STEP][PASSED] - selenium.type("name=billingName", "Hunter Helms".toString()): null

2023-11-15 14:09:38 - [TEST_STEP][PASSED] - selenium.type("id=cardNumber", "4111111111111111"): null

2023-11-15 14:09:38 - [TEST_STEP][PASSED] - selenium.type("id=spc", "123"): null

2023-11-15 14:09:38 - [TEST_STEP][PASSED] - selenium.select("name=cardExpMonth", "label=04"): null

2023-11-15 14:09:38 - [TEST_STEP][PASSED] - selenium.select("name=cardExpYear", "label=2025"): null

2023-11-15 14:09:38 - [TEST_STEP][PASSED] - selenium.type("name=billingAddress", "2311 york road".toString()): null

2023-11-15 14:09:38 - [TEST_STEP][PASSED] - selenium.type("name=billingAddress2", "Suite 600".toString()): null

2023-11-15 14:09:38 - [TEST_STEP][PASSED] - selenium.type("id=billing-zip-input", "21054"): null

2023-11-15 14:09:38 - [TEST_STEP][PASSED] - selenium.type("name=emailAddress", com".toString()): null

2023-11-15 14:09:38 - [TEST_STEP][PASSED] - selenium.click("id=checkedAcceptCondition"): null

2023-11-15 14:09:38 - [TEST_STEP][PASSED] - selenium.click("name=ccSubmit"): null

2023-11-15 14:09:39 - [TEST_STEP][PASSED] - selenium.waitForPageToLoad("30000"): null

2023-11-15 14:09:40 - [TEST_STEP][PASSED] - verifyTextPresent("Please verify the following information:", true): Text 'Please verify the following information:' is present on page  using regular expression

2023-11-15 14:09:40 - [MESSAGE][PASSED] - Text 'Please verify the following information:' is present on page  using regular expression

2023-11-15 14:09:40 - [TEST_STEP][PASSED] - verifyTextPresent("Is this information correct", true): Text 'Is this information correct' is present on page  using regular expression

2023-11-15 14:09:40 - [MESSAGE][PASSED] - Text 'Is this information correct' is present on page  using regular expression

2023-11-15 14:09:40 - [TEST_STEP][PASSED] - verifyTextPresent("Visa", true): Text 'Visa' is present on page  using regular expression

2023-11-15 14:09:40 - [MESSAGE][PASSED] - Text 'Visa' is present on page  using regular expression

2023-11-15 14:09:40 - [TEST_STEP][PASSED] - selenium.click("name=changePaymentMethodButton"): null

2023-11-15 14:09:41 - [TEST_STEP][PASSED] - selenium.waitForPageToLoad("30000"): null

2023-11-15 14:09:41 - [TEST_STEP][PASSED] - selenium.click("xpath=(//input[@name='paymentMethod'])[2]"): null

2023-11-15 14:09:42 - [TEST_STEP][PASSED] - selenium.click("css=input[type="submit"]"): null

2023-11-15 14:09:42 - [TEST_STEP][PASSED] - selenium.waitForPageToLoad("30000"): null

2023-11-15 14:09:43 - [TEST_STEP][PASSED] - selenium.type("name=amount", 00".toString()): null

2023-11-15 14:09:43 - [TEST_STEP][PASSED] - selenium.type("name=userDefined2", "UDF2 Data2".toString()): null

2023-11-15 14:09:43 - [TEST_STEP][PASSED] - selenium.type("name=userDefined3", "UDF3 Data2".toString()): null

2023-11-15 14:09:43 - [TEST_STEP][PASSED] - selenium.select("name=variableField4DropdownGroupItemID", "label=Purple"): null

2023-11-15 14:09:43 - [TEST_STEP][PASSED] - selenium.select("name=variableField5DropdownGroupItemID", "label=Orange"): null

2023-11-15 14:09:43 - [TEST_STEP][PASSED] - selenium.type("name=userDefined6", "UDF6 Data2".toString()): null

2023-11-15 14:09:43 - [TEST_STEP][PASSED] - selenium.type("name=userDefined7", "UDF7 Data2".toString()): null

2023-11-15 14:09:43 - [TEST_STEP][PASSED] - selenium.type("name=userDefined8", "UDF8 Data2".toString()): null

2023-11-15 14:09:43 - [TEST_STEP][PASSED] - selenium.type("name=billingFirstname", "Molly"): null

2023-11-15 14:09:43 - [TEST_STEP][PASSED] - selenium.type("name=billingLastname", "Hunter"): null

2023-11-15 14:09:43 - [TEST_STEP][PASSED] - selenium.type("id=routingNumber", "256072691"): null

2023-11-15 14:09:44 - [TEST_STEP][PASSED] - selenium.type("id=accountNumber", "11111111"): null

2023-11-15 14:09:44 - [TEST_STEP][PASSED] - selenium.type("id=confirmAccountNumber", "11111111"): null

2023-11-15 14:09:44 - [TEST_STEP][PASSED] - selenium.click("name=accountType"): null

2023-11-15 14:09:44 - [TEST_STEP][PASSED] - selenium.type("name=billingAddress", "2311 york road".toString()): null

2023-11-15 14:09:44 - [TEST_STEP][PASSED] - selenium.type("name=billingAddress2", "Suite 600".toString()): null

2023-11-15 14:09:44 - [TEST_STEP][PASSED] - selenium.type("id=billing-zip-input", "21054"): null

2023-11-15 14:09:44 - [TEST_STEP][PASSED] - selenium.type("name=emailAddress", com".toString()): null

2023-11-15 14:09:44 - [TEST_STEP][PASSED] - selenium.click("id=checkedAcceptCondition"): null

2023-11-15 14:09:44 - [TEST_STEP][PASSED] - selenium.click("name=achSubmit"): null

2023-11-15 14:09:45 - [TEST_STEP][PASSED] - selenium.waitForPageToLoad("30000"): null

2023-11-15 14:09:45 - [TEST_STEP][PASSED] - verifyTextPresent("Please verify the following information:", true): Text 'Please verify the following information:' is present on page  using regular expression

2023-11-15 14:09:46 - [MESSAGE][PASSED] - Text 'Please verify the following information:' is present on page  using regular expression

2023-11-15 14:09:46 - [TEST_STEP][PASSED] - verifyTextPresent("Is this information correct", true): Text 'Is this information correct' is present on page  using regular expression

2023-11-15 14:09:46 - [MESSAGE][PASSED] - Text 'Is this information correct' is present on page  using regular expression

2023-11-15 14:09:46 - [TEST_STEP][PASSED] - verifyTextPresent("Personal Checking", true): Text 'Personal Checking' is present on page  using regular expression

2023-11-15 14:09:46 - [MESSAGE][PASSED] - Text 'Personal Checking' is present on page  using regular expression

2023-11-15 14:09:46 - [TEST_STEP][PASSED] - selenium.click("name=confirmNotifyAction"): null

2023-11-15 14:09:47 - [TEST_STEP][PASSED] - selenium.waitForPageToLoad("30000"): null

2023-11-15 14:09:47 - [TEST_STEP][PASSED] - Thread.sleep(15000): null

2023-11-15 14:10:02 - [TEST_STEP][PASSED] - verifyTextPresent("Debit", true): Text 'Debit' is present on page  using regular expression

2023-11-15 14:10:03 - [MESSAGE][PASSED] - Text 'Debit' is present on page  using regular expression

2023-11-15 14:10:03 - [TEST_STEP][PASSED] - verifyTextPresent("Personal", true): Text 'Personal' is present on page  using regular expression

2023-11-15 14:10:03 - [MESSAGE][PASSED] - Text 'Personal' is present on page  using regular expression

2023-11-15 14:10:03 - [TEST_STEP][PASSED] - verifyTextPresent("Checking", true): Text 'Checking' is present on page  using regular expression

2023-11-15 14:10:03 - [MESSAGE][PASSED] - Text 'Checking' is present on page  using regular expression]]></system-out>
         <system-err><![CDATA[]]></system-err>
      </testcase>
      <testcase name="Test Cases/BBP-SelIDE/ChangePaymentMethodCorporateACH" time="14.155" classname="Test Cases/BBP-SelIDE/ChangePaymentMethodCorporateACH" status="PASSED">
         <system-out><![CDATA[2023-11-15 14:10:03 - [TEST_CASE][PASSED] - Test Cases/BBP-SelIDE/ChangePaymentMethodCorporateACH: Test Cases/BBP-SelIDE/ChangePaymentMethodCorporateACH

2023-11-15 14:10:04 - [TEST_STEP][PASSED] - softAssertion = new org.testng.asserts.SoftAssert(): null

2023-11-15 14:10:04 - [TEST_STEP][PASSED] - openBrowser("https://www.google.com/"): Browser is opened with url: 'https://www.google.com/'

2023-11-15 14:10:04 - [MESSAGE][WARNING] - A browser is already opened. Closing browser and opening a new one

2023-11-15 14:10:05 - [MESSAGE][INFO] - Starting 'Chrome' driver

2023-11-15 14:10:05 - [MESSAGE][INFO] - User set preference: ['acceptInsecureCerts', 'true']

2023-11-15 14:10:05 - [MESSAGE][INFO] - Action delay is set to 0 milliseconds

2023-11-15 14:10:09 - [MESSAGE][PASSED] - Browser is opened with url: 'https://www.google.com/'

2023-11-15 14:10:09 - [TEST_STEP][PASSED] - driver = getWebDriver(): null

2023-11-15 14:10:09 - [TEST_STEP][PASSED] - baseUrl = "https://www.google.com/": null

2023-11-15 14:10:09 - [TEST_STEP][PASSED] - selenium = new com.thoughtworks.selenium.webdriven.WebDriverBackedSelenium(driver, baseUrl): null

2023-11-15 14:10:09 - [TEST_STEP][PASSED] - bbpURL = BBPURL: null

2023-11-15 14:10:09 - [TEST_STEP][PASSED] - selenium.open(bbpURL): null

2023-11-15 14:10:09 - [TEST_STEP][PASSED] - selenium.type("id=field1", "111150"): null

2023-11-15 14:10:09 - [TEST_STEP][PASSED] - selenium.type("id=field2", "111151"): null

2023-11-15 14:10:09 - [TEST_STEP][PASSED] - selenium.click("name=Test"): null

2023-11-15 14:10:10 - [TEST_STEP][PASSED] - Thread.sleep(2000): null

2023-11-15 14:10:12 - [TEST_STEP][PASSED] - selenium.click("name=paysubmit"): null

2023-11-15 14:10:12 - [TEST_STEP][PASSED] - selenium.waitForPageToLoad("30000"): null

2023-11-15 14:10:13 - [TEST_STEP][PASSED] - selenium.click("xpath=(//input[@name='paymentMethod'])[3]"): null

2023-11-15 14:10:13 - [TEST_STEP][PASSED] - selenium.click("css=input[type="submit"]"): null

2023-11-15 14:10:14 - [TEST_STEP][PASSED] - selenium.waitForPageToLoad("30000"): null

2023-11-15 14:10:14 - [TEST_STEP][PASSED] - selenium.click("name=changePaymentMethodButton"): null

2023-11-15 14:10:15 - [TEST_STEP][PASSED] - selenium.waitForPageToLoad("30000"): null

2023-11-15 14:10:15 - [TEST_STEP][PASSED] - verifyTextPresent("Select Payment Method", true): Text 'Select Payment Method' is present on page  using regular expression

2023-11-15 14:10:15 - [MESSAGE][PASSED] - Text 'Select Payment Method' is present on page  using regular expression

2023-11-15 14:10:15 - [TEST_STEP][PASSED] - verifyElementPresent(findTestObject("Object Repository/BBP/SelectPaymentMethod_Page/input_PayByCC"), 30): Object 'Object Repository/BBP/SelectPaymentMethod_Page/input_PayByCC' is present

2023-11-15 14:10:16 - [MESSAGE][PASSED] - Object 'Object Repository/BBP/SelectPaymentMethod_Page/input_PayByCC' is present

2023-11-15 14:10:16 - [TEST_STEP][PASSED] - verifyTextPresent("Pay by Credit or Debit Card", true): Text 'Pay by Credit or Debit Card' is present on page  using regular expression

2023-11-15 14:10:16 - [MESSAGE][PASSED] - Text 'Pay by Credit or Debit Card' is present on page  using regular expression

2023-11-15 14:10:16 - [TEST_STEP][PASSED] - verifyElementPresent(findTestObject("Object Repository/BBP/SelectPaymentMethod_Page/input_PayByPC"), 30): Object 'Object Repository/BBP/SelectPaymentMethod_Page/input_PayByPC' is present

2023-11-15 14:10:16 - [MESSAGE][PASSED] - Object 'Object Repository/BBP/SelectPaymentMethod_Page/input_PayByPC' is present

2023-11-15 14:10:16 - [TEST_STEP][PASSED] - verifyTextPresent("Pay by Personal Check", true): Text 'Pay by Personal Check' is present on page  using regular expression

2023-11-15 14:10:17 - [MESSAGE][PASSED] - Text 'Pay by Personal Check' is present on page  using regular expression

2023-11-15 14:10:17 - [TEST_STEP][PASSED] - verifyElementPresent(findTestObject("Object Repository/BBP/SelectPaymentMethod_Page/input_PayByCorp"), 30): Object 'Object Repository/BBP/SelectPaymentMethod_Page/input_PayByCorp' is present

2023-11-15 14:10:17 - [MESSAGE][PASSED] - Object 'Object Repository/BBP/SelectPaymentMethod_Page/input_PayByCorp' is present

2023-11-15 14:10:17 - [TEST_STEP][PASSED] - verifyTextPresent("Pay by Corporate Check", true): Text 'Pay by Corporate Check' is present on page  using regular expression

2023-11-15 14:10:17 - [MESSAGE][PASSED] - Text 'Pay by Corporate Check' is present on page  using regular expression

2023-11-15 14:10:17 - [TEST_STEP][PASSED] - verifyElementPresent(findTestObject("Object Repository/BBP/SelectPaymentMethod_Page/input_submit"), 30): Object 'Object Repository/BBP/SelectPaymentMethod_Page/input_submit' is present

2023-11-15 14:10:17 - [MESSAGE][PASSED] - Object 'Object Repository/BBP/SelectPaymentMethod_Page/input_submit' is present]]></system-out>
         <system-err><![CDATA[]]></system-err>
      </testcase>
      <system-out><![CDATA[2023-11-15 14:03:17 - [TEST_SUITE][FAILED] - QA_BBP_Regression: Test Cases/BBP-SelIDE/CardNotAcceptedError FAILED.
Reason:
com.kms.katalon.core.exception.StepFailedException: Text 'This card type is not accepted, please enter a different credit or debit card number. Only American Express , MasterCard and Visa card(s) is(are) accepted.' is not present on page  using regular expression (Root cause: com.kms.katalon.core.exception.StepFailedException: Text 'This card type is not accepted, please enter a different credit or debit card number. Only American Express , MasterCard and Visa card(s) is(are) accepted.' is not present on page  using regular expression
	at com.kms.katalon.core.webui.keyword.internal.WebUIKeywordMain.stepFailed(WebUIKeywordMain.groovy:64)
	at com.kms.katalon.core.webui.keyword.builtin.VerifyTextPresentKeyword$_verifyTextPresent_closure1.doCall(VerifyTextPresentKeyword.groovy:79)
	at com.kms.katalon.core.webui.keyword.builtin.VerifyTextPresentKeyword$_verifyTextPresent_closure1.call(VerifyTextPresentKeyword.groovy)
	at com.kms.katalon.core.webui.keyword.internal.WebUIKeywordMain.runKeyword(WebUIKeywordMain.groovy:20)
	at com.kms.katalon.core.webui.keyword.builtin.VerifyTextPresentKeyword.verifyTextPresent(VerifyTextPresentKeyword.groovy:83)
	at com.kms.katalon.core.webui.keyword.builtin.VerifyTextPresentKeyword.execute(VerifyTextPresentKeyword.groovy:68)
	at com.kms.katalon.core.keyword.internal.KeywordExecutor.executeKeywordForPlatform(KeywordExecutor.groovy:74)
	at com.kms.katalon.core.webui.keyword.WebUiBuiltInKeywords.verifyTextPresent(WebUiBuiltInKeywords.groovy:1723)
	at com.kms.katalon.core.webui.keyword.WebUiBuiltInKeywords$verifyTextPresent$0.call(Unknown Source)
	at CardNotAcceptedError.run(CardNotAcceptedError:86)
	at com.kms.katalon.core.main.ScriptEngine.run(ScriptEngine.java:194)
	at com.kms.katalon.core.main.ScriptEngine.runScriptAsRawText(ScriptEngine.java:119)
	at com.kms.katalon.core.main.TestCaseExecutor.runScript(TestCaseExecutor.java:448)
	at com.kms.katalon.core.main.TestCaseExecutor.doExecute(TestCaseExecutor.java:439)
	at com.kms.katalon.core.main.TestCaseExecutor.processExecutionPhase(TestCaseExecutor.java:418)
	at com.kms.katalon.core.main.TestCaseExecutor.accessMainPhase(TestCaseExecutor.java:410)
	at com.kms.katalon.core.main.TestCaseExecutor.execute(TestCaseExecutor.java:285)
	at com.kms.katalon.core.common.CommonExecutor.accessTestCaseMainPhase(CommonExecutor.java:65)
	at com.kms.katalon.core.main.TestSuiteExecutor.accessTestSuiteMainPhase(TestSuiteExecutor.java:148)
	at com.kms.katalon.core.main.TestSuiteExecutor.execute(TestSuiteExecutor.java:106)
	at com.kms.katalon.core.main.TestCaseMain.startTestSuite(TestCaseMain.java:187)
	at com.kms.katalon.core.main.TestCaseMain$startTestSuite$0.call(Unknown Source)
	at TempTestSuite1700074988729.run(TempTestSuite1700074988729.groovy:36)
)
	at com.kms.katalon.core.keyword.internal.KeywordMain.stepFailed(KeywordMain.groovy:39)
	at com.kms.katalon.core.webui.keyword.internal.WebUIKeywordMain.stepFailed(WebUIKeywordMain.groovy:64)
	at com.kms.katalon.core.webui.keyword.builtin.VerifyTextPresentKeyword$_verifyTextPresent_closure1.doCall(VerifyTextPresentKeyword.groovy:79)
	at com.kms.katalon.core.webui.keyword.builtin.VerifyTextPresentKeyword$_verifyTextPresent_closure1.call(VerifyTextPresentKeyword.groovy)
	at com.kms.katalon.core.webui.keyword.internal.WebUIKeywordMain.runKeyword(WebUIKeywordMain.groovy:20)
	at com.kms.katalon.core.webui.keyword.builtin.VerifyTextPresentKeyword.verifyTextPresent(VerifyTextPresentKeyword.groovy:83)
	at com.kms.katalon.core.webui.keyword.builtin.VerifyTextPresentKeyword.execute(VerifyTextPresentKeyword.groovy:68)
	at com.kms.katalon.core.keyword.internal.KeywordExecutor.executeKeywordForPlatform(KeywordExecutor.groovy:74)
	at com.kms.katalon.core.webui.keyword.WebUiBuiltInKeywords.verifyTextPresent(WebUiBuiltInKeywords.groovy:1723)
	at com.kms.katalon.core.webui.keyword.WebUiBuiltInKeywords$verifyTextPresent$0.call(Unknown Source)
	at CardNotAcceptedError.run(CardNotAcceptedError:86)
	at com.kms.katalon.core.main.ScriptEngine.run(ScriptEngine.java:194)
	at com.kms.katalon.core.main.ScriptEngine.runScriptAsRawText(ScriptEngine.java:119)
	at com.kms.katalon.core.main.TestCaseExecutor.runScript(TestCaseExecutor.java:448)
	at com.kms.katalon.core.main.TestCaseExecutor.doExecute(TestCaseExecutor.java:439)
	at com.kms.katalon.core.main.TestCaseExecutor.processExecutionPhase(TestCaseExecutor.java:418)
	at com.kms.katalon.core.main.TestCaseExecutor.accessMainPhase(TestCaseExecutor.java:410)
	at com.kms.katalon.core.main.TestCaseExecutor.execute(TestCaseExecutor.java:285)
	at com.kms.katalon.core.common.CommonExecutor.accessTestCaseMainPhase(CommonExecutor.java:65)
	at com.kms.katalon.core.main.TestSuiteExecutor.accessTestSuiteMainPhase(TestSuiteExecutor.java:148)
	at com.kms.katalon.core.main.TestSuiteExecutor.execute(TestSuiteExecutor.java:106)
	at com.kms.katalon.core.main.TestCaseMain.startTestSuite(TestCaseMain.java:187)
	at com.kms.katalon.core.main.TestCaseMain$startTestSuite$0.call(Unknown Source)
	at TempTestSuite1700074988729.run(TempTestSuite1700074988729.groovy:36)
Caused by: com.kms.katalon.core.exception.StepFailedException: Text 'This card type is not accepted, please enter a different credit or debit card number. Only American Express , MasterCard and Visa card(s) is(are) accepted.' is not present on page  using regular expression
	... 23 more]]></system-out>
      <system-err><![CDATA[2023-11-15 14:03:17 - [TEST_SUITE][FAILED] - QA_BBP_Regression: Test Cases/BBP-SelIDE/CardNotAcceptedError FAILED.
Reason:
com.kms.katalon.core.exception.StepFailedException: Text 'This card type is not accepted, please enter a different credit or debit card number. Only American Express , MasterCard and Visa card(s) is(are) accepted.' is not present on page  using regular expression (Root cause: com.kms.katalon.core.exception.StepFailedException: Text 'This card type is not accepted, please enter a different credit or debit card number. Only American Express , MasterCard and Visa card(s) is(are) accepted.' is not present on page  using regular expression
	at com.kms.katalon.core.webui.keyword.internal.WebUIKeywordMain.stepFailed(WebUIKeywordMain.groovy:64)
	at com.kms.katalon.core.webui.keyword.builtin.VerifyTextPresentKeyword$_verifyTextPresent_closure1.doCall(VerifyTextPresentKeyword.groovy:79)
	at com.kms.katalon.core.webui.keyword.builtin.VerifyTextPresentKeyword$_verifyTextPresent_closure1.call(VerifyTextPresentKeyword.groovy)
	at com.kms.katalon.core.webui.keyword.internal.WebUIKeywordMain.runKeyword(WebUIKeywordMain.groovy:20)
	at com.kms.katalon.core.webui.keyword.builtin.VerifyTextPresentKeyword.verifyTextPresent(VerifyTextPresentKeyword.groovy:83)
	at com.kms.katalon.core.webui.keyword.builtin.VerifyTextPresentKeyword.execute(VerifyTextPresentKeyword.groovy:68)
	at com.kms.katalon.core.keyword.internal.KeywordExecutor.executeKeywordForPlatform(KeywordExecutor.groovy:74)
	at com.kms.katalon.core.webui.keyword.WebUiBuiltInKeywords.verifyTextPresent(WebUiBuiltInKeywords.groovy:1723)
	at com.kms.katalon.core.webui.keyword.WebUiBuiltInKeywords$verifyTextPresent$0.call(Unknown Source)
	at CardNotAcceptedError.run(CardNotAcceptedError:86)
	at com.kms.katalon.core.main.ScriptEngine.run(ScriptEngine.java:194)
	at com.kms.katalon.core.main.ScriptEngine.runScriptAsRawText(ScriptEngine.java:119)
	at com.kms.katalon.core.main.TestCaseExecutor.runScript(TestCaseExecutor.java:448)
	at com.kms.katalon.core.main.TestCaseExecutor.doExecute(TestCaseExecutor.java:439)
	at com.kms.katalon.core.main.TestCaseExecutor.processExecutionPhase(TestCaseExecutor.java:418)
	at com.kms.katalon.core.main.TestCaseExecutor.accessMainPhase(TestCaseExecutor.java:410)
	at com.kms.katalon.core.main.TestCaseExecutor.execute(TestCaseExecutor.java:285)
	at com.kms.katalon.core.common.CommonExecutor.accessTestCaseMainPhase(CommonExecutor.java:65)
	at com.kms.katalon.core.main.TestSuiteExecutor.accessTestSuiteMainPhase(TestSuiteExecutor.java:148)
	at com.kms.katalon.core.main.TestSuiteExecutor.execute(TestSuiteExecutor.java:106)
	at com.kms.katalon.core.main.TestCaseMain.startTestSuite(TestCaseMain.java:187)
	at com.kms.katalon.core.main.TestCaseMain$startTestSuite$0.call(Unknown Source)
	at TempTestSuite1700074988729.run(TempTestSuite1700074988729.groovy:36)
)
	at com.kms.katalon.core.keyword.internal.KeywordMain.stepFailed(KeywordMain.groovy:39)
	at com.kms.katalon.core.webui.keyword.internal.WebUIKeywordMain.stepFailed(WebUIKeywordMain.groovy:64)
	at com.kms.katalon.core.webui.keyword.builtin.VerifyTextPresentKeyword$_verifyTextPresent_closure1.doCall(VerifyTextPresentKeyword.groovy:79)
	at com.kms.katalon.core.webui.keyword.builtin.VerifyTextPresentKeyword$_verifyTextPresent_closure1.call(VerifyTextPresentKeyword.groovy)
	at com.kms.katalon.core.webui.keyword.internal.WebUIKeywordMain.runKeyword(WebUIKeywordMain.groovy:20)
	at com.kms.katalon.core.webui.keyword.builtin.VerifyTextPresentKeyword.verifyTextPresent(VerifyTextPresentKeyword.groovy:83)
	at com.kms.katalon.core.webui.keyword.builtin.VerifyTextPresentKeyword.execute(VerifyTextPresentKeyword.groovy:68)
	at com.kms.katalon.core.keyword.internal.KeywordExecutor.executeKeywordForPlatform(KeywordExecutor.groovy:74)
	at com.kms.katalon.core.webui.keyword.WebUiBuiltInKeywords.verifyTextPresent(WebUiBuiltInKeywords.groovy:1723)
	at com.kms.katalon.core.webui.keyword.WebUiBuiltInKeywords$verifyTextPresent$0.call(Unknown Source)
	at CardNotAcceptedError.run(CardNotAcceptedError:86)
	at com.kms.katalon.core.main.ScriptEngine.run(ScriptEngine.java:194)
	at com.kms.katalon.core.main.ScriptEngine.runScriptAsRawText(ScriptEngine.java:119)
	at com.kms.katalon.core.main.TestCaseExecutor.runScript(TestCaseExecutor.java:448)
	at com.kms.katalon.core.main.TestCaseExecutor.doExecute(TestCaseExecutor.java:439)
	at com.kms.katalon.core.main.TestCaseExecutor.processExecutionPhase(TestCaseExecutor.java:418)
	at com.kms.katalon.core.main.TestCaseExecutor.accessMainPhase(TestCaseExecutor.java:410)
	at com.kms.katalon.core.main.TestCaseExecutor.execute(TestCaseExecutor.java:285)
	at com.kms.katalon.core.common.CommonExecutor.accessTestCaseMainPhase(CommonExecutor.java:65)
	at com.kms.katalon.core.main.TestSuiteExecutor.accessTestSuiteMainPhase(TestSuiteExecutor.java:148)
	at com.kms.katalon.core.main.TestSuiteExecutor.execute(TestSuiteExecutor.java:106)
	at com.kms.katalon.core.main.TestCaseMain.startTestSuite(TestCaseMain.java:187)
	at com.kms.katalon.core.main.TestCaseMain$startTestSuite$0.call(Unknown Source)
	at TempTestSuite1700074988729.run(TempTestSuite1700074988729.groovy:36)
Caused by: com.kms.katalon.core.exception.StepFailedException: Text 'This card type is not accepted, please enter a different credit or debit card number. Only American Express , MasterCard and Visa card(s) is(are) accepted.' is not present on page  using regular expression
	... 23 more]]></system-err>
   </testsuite>
</testsuites>
