<?xml version="1.0" encoding="UTF-8"?>
<testsuites name="QA_BBP_Regression" time="70.386" tests="4" failures="1" errors="0">
   <testsuite name="QA_BBP_Regression" tests="4" failures="1" errors="0" time="70.386" skipped="0" timestamp="2023-11-16 14:07:29" hostname="imtiaz - DESKTOP-B2QI6NS.govolution.com" id="Test Suites/QA/BBP/QA_BBP_Regression">
      <properties>
         <property name="deviceName" value=""/>
         <property name="devicePlatform" value=""/>
         <property name="logFolder" value="E:\\Cloned-Project-Katalon\\VPS-Katalon\\Reports\\20231116_140723\\QA\\BBP\\QA_BBP_Regression\\20231116_140723"/>
         <property name="logFiles" value="E:\\Cloned-Project-Katalon\\VPS-Katalon\\Reports\\20231116_140723\\QA\\BBP\\QA_BBP_Regression\\20231116_140723\\execution0.log"/>
         <property name="attachments" value=""/>
         <property name="hostName" value="imtiaz - DESKTOP-B2QI6NS.govolution.com"/>
         <property name="os" value="Windows 10 64bit"/>
         <property name="katalonVersion" value="8.6.6.208"/>
         <property name="browser" value="Chrome 119.0.0.0"/>
         <property name="hostAddress" value="172.31.253.139"/>
         <property name="sessionId" value="50716fdb9ae9007227689d3ea03a1b7e"/>
         <property name="seleniumVersion" value="3.141.59"/>
         <property name="proxyInformation" value="ProxyInformation { proxyOption=NO_PROXY, proxyServerType=HTTP, username=, password=********, proxyServerAddress=, proxyServerPort=0, executionList=&quot;&quot;, isApplyToDesiredCapabilities=true }"/>
         <property name="platform" value="Windows 10"/>
      </properties>
      <testcase name="Test Cases/BBP-SelIDE/MinAmountErrorCC" time="14.856" classname="Test Cases/BBP-SelIDE/MinAmountErrorCC" status="PASSED">
         <system-out><![CDATA[2023-11-16 14:07:30 - [TEST_CASE][PASSED] - Test Cases/BBP-SelIDE/MinAmountErrorCC: Test Cases/BBP-SelIDE/MinAmountErrorCC

2023-11-16 14:07:31 - [TEST_STEP][PASSED] - softAssertion = new org.testng.asserts.SoftAssert(): null

2023-11-16 14:07:31 - [TEST_STEP][PASSED] - openBrowser("https://www.google.com/"): Browser is opened with url: 'https://www.google.com/'

2023-11-16 14:07:31 - [MESSAGE][INFO] - Starting 'Chrome' driver

2023-11-16 14:07:31 - [MESSAGE][INFO] - User set preference: ['acceptInsecureCerts', 'true']

2023-11-16 14:07:31 - [MESSAGE][INFO] - Action delay is set to 0 milliseconds

2023-11-16 14:07:35 - [MESSAGE][PASSED] - Browser is opened with url: 'https://www.google.com/'

2023-11-16 14:07:35 - [TEST_STEP][PASSED] - driver = getWebDriver(): null

2023-11-16 14:07:35 - [TEST_STEP][PASSED] - baseUrl = "https://www.google.com/": null

2023-11-16 14:07:35 - [TEST_STEP][PASSED] - selenium = new com.thoughtworks.selenium.webdriven.WebDriverBackedSelenium(driver, baseUrl): null

2023-11-16 14:07:35 - [TEST_STEP][PASSED] - bbpURL = BBPURL: null

2023-11-16 14:07:36 - [TEST_STEP][PASSED] - selenium.open(bbpURL): null

2023-11-16 14:07:36 - [TEST_STEP][PASSED] - selenium.type("id=field1", "111150"): null

2023-11-16 14:07:37 - [TEST_STEP][PASSED] - selenium.type("id=field2", "111151"): null

2023-11-16 14:07:37 - [TEST_STEP][PASSED] - selenium.click("name=Test"): null

2023-11-16 14:07:37 - [TEST_STEP][PASSED] - Thread.sleep(2000): null

2023-11-16 14:07:39 - [TEST_STEP][PASSED] - selenium.click("name=paysubmit"): null

2023-11-16 14:07:39 - [TEST_STEP][PASSED] - selenium.waitForPageToLoad("30000"): null

2023-11-16 14:07:40 - [TEST_STEP][PASSED] - selenium.click("name=paymentMethod"): null

2023-11-16 14:07:40 - [TEST_STEP][PASSED] - selenium.click("css=input[type="submit"]"): null

2023-11-16 14:07:41 - [TEST_STEP][PASSED] - selenium.waitForPageToLoad("30000"): null

2023-11-16 14:07:41 - [TEST_STEP][PASSED] - verifyTextPresent("Required fields are highlighted with an asterisk.", true): Text 'Required fields are highlighted with an asterisk.' is present on page  using regular expression

2023-11-16 14:07:42 - [MESSAGE][PASSED] - Text 'Required fields are highlighted with an asterisk.' is present on page  using regular expression

2023-11-16 14:07:42 - [TEST_STEP][PASSED] - verifyTextPresent("Please enter the following information about your payment:", true): Text 'Please enter the following information about your payment:' is present on page  using regular expression

2023-11-16 14:07:42 - [MESSAGE][PASSED] - Text 'Please enter the following information about your payment:' is present on page  using regular expression

2023-11-16 14:07:42 - [TEST_STEP][PASSED] - selenium.type("name=amount", 00".toString()): null

2023-11-16 14:07:42 - [TEST_STEP][PASSED] - selenium.type("name=userDefined2", "UDF2 Data1".toString()): null

2023-11-16 14:07:42 - [TEST_STEP][PASSED] - selenium.type("name=userDefined3", "UDF3 Data1".toString()): null

2023-11-16 14:07:42 - [TEST_STEP][PASSED] - selenium.select("name=variableField4DropdownGroupItemID", "label=Purple"): null

2023-11-16 14:07:42 - [TEST_STEP][PASSED] - selenium.select("name=variableField5DropdownGroupItemID", "label=Orange"): null

2023-11-16 14:07:42 - [TEST_STEP][PASSED] - selenium.type("name=userDefined6", "UDF6 Data1".toString()): null

2023-11-16 14:07:42 - [TEST_STEP][PASSED] - selenium.type("name=userDefined7", "UDF7 Data1".toString()): null

2023-11-16 14:07:42 - [TEST_STEP][PASSED] - selenium.type("name=userDefined8", "UDF8 Data1".toString()): null

2023-11-16 14:07:43 - [TEST_STEP][PASSED] - selenium.type("name=billingName", "Hunter Helms".toString()): null

2023-11-16 14:07:43 - [TEST_STEP][PASSED] - selenium.type("id=cardNumber", "4111111111111111"): null

2023-11-16 14:07:43 - [TEST_STEP][PASSED] - selenium.type("id=spc", "123"): null

2023-11-16 14:07:43 - [TEST_STEP][PASSED] - selenium.select("name=cardExpMonth", "label=04"): null

2023-11-16 14:07:43 - [TEST_STEP][PASSED] - selenium.select("name=cardExpYear", "label=2025"): null

2023-11-16 14:07:43 - [TEST_STEP][PASSED] - selenium.type("name=billingAddress", "2311 york road".toString()): null

2023-11-16 14:07:43 - [TEST_STEP][PASSED] - selenium.type("name=billingAddress2", "Suite 600".toString()): null

2023-11-16 14:07:43 - [TEST_STEP][PASSED] - selenium.type("id=billing-zip-input", "21054"): null

2023-11-16 14:07:43 - [TEST_STEP][PASSED] - selenium.type("name=emailAddress", com".toString()): null

2023-11-16 14:07:43 - [TEST_STEP][PASSED] - selenium.click("id=checkedAcceptCondition"): null

2023-11-16 14:07:43 - [TEST_STEP][PASSED] - selenium.click("name=ccSubmit"): null

2023-11-16 14:07:44 - [TEST_STEP][PASSED] - selenium.waitForPageToLoad("30000"): null

2023-11-16 14:07:44 - [TEST_STEP][PASSED] - verifyTextPresent("Amount is less than minimum", true): Text 'Amount is less than minimum' is present on page  using regular expression

2023-11-16 14:07:45 - [MESSAGE][PASSED] - Text 'Amount is less than minimum' is present on page  using regular expression]]></system-out>
         <system-err><![CDATA[]]></system-err>
      </testcase>
      <testcase name="Test Cases/BBP-SelIDE/MissingReqFieldsCC" time="16.72" classname="Test Cases/BBP-SelIDE/MissingReqFieldsCC" status="FAILED">
         <failure type="FAILED" message="Test Cases/BBP-SelIDE/MissingReqFieldsCC FAILED.
Reason:
com.kms.katalon.core.exception.StepFailedException: Text 'Please enter the following billing information about your payment:' is not present on page  using regular expression (Root cause: com.kms.katalon.core.exception.StepFailedException: Text 'Please enter the following billing information about your payment:' is not present on page  using regular expression
	at com.kms.katalon.core.webui.keyword.internal.WebUIKeywordMain.stepFailed(WebUIKeywordMain.groovy:64)
	at com.kms.katalon.core.webui.keyword.builtin.VerifyTextPresentKeyword$_verifyTextPresent_closure1.doCall(VerifyTextPresentKeyword.groovy:79)
	at com.kms.katalon.core.webui.keyword.builtin.VerifyTextPresentKeyword$_verifyTextPresent_closure1.call(VerifyTextPresentKeyword.groovy)
	at com.kms.katalon.core.webui.keyword.internal.WebUIKeywordMain.runKeyword(WebUIKeywordMain.groovy:20)
	at com.kms.katalon.core.webui.keyword.builtin.VerifyTextPresentKeyword.verifyTextPresent(VerifyTextPresentKeyword.groovy:83)
	at com.kms.katalon.core.webui.keyword.builtin.VerifyTextPresentKeyword.execute(VerifyTextPresentKeyword.groovy:68)
	at com.kms.katalon.core.keyword.internal.KeywordExecutor.executeKeywordForPlatform(KeywordExecutor.groovy:74)
	at com.kms.katalon.core.webui.keyword.WebUiBuiltInKeywords.verifyTextPresent(WebUiBuiltInKeywords.groovy:1723)
	at com.kms.katalon.core.webui.keyword.WebUiBuiltInKeywords$verifyTextPresent$0.call(Unknown Source)
	at MissingReqFieldsCC.run(MissingReqFieldsCC:59)
	at com.kms.katalon.core.main.ScriptEngine.run(ScriptEngine.java:194)
	at com.kms.katalon.core.main.ScriptEngine.runScriptAsRawText(ScriptEngine.java:119)
	at com.kms.katalon.core.main.TestCaseExecutor.runScript(TestCaseExecutor.java:448)
	at com.kms.katalon.core.main.TestCaseExecutor.doExecute(TestCaseExecutor.java:439)
	at com.kms.katalon.core.main.TestCaseExecutor.processExecutionPhase(TestCaseExecutor.java:418)
	at com.kms.katalon.core.main.TestCaseExecutor.accessMainPhase(TestCaseExecutor.java:410)
	at com.kms.katalon.core.main.TestCaseExecutor.execute(TestCaseExecutor.java:285)
	at com.kms.katalon.core.common.CommonExecutor.accessTestCaseMainPhase(CommonExecutor.java:65)
	at com.kms.katalon.core.main.TestSuiteExecutor.accessTestSuiteMainPhase(TestSuiteExecutor.java:148)
	at com.kms.katalon.core.main.TestSuiteExecutor.execute(TestSuiteExecutor.java:106)
	at com.kms.katalon.core.main.TestCaseMain.startTestSuite(TestCaseMain.java:187)
	at com.kms.katalon.core.main.TestCaseMain$startTestSuite$0.call(Unknown Source)
	at TempTestSuite1700161643816.run(TempTestSuite1700161643816.groovy:36)
)
	at com.kms.katalon.core.keyword.internal.KeywordMain.stepFailed(KeywordMain.groovy:39)
	at com.kms.katalon.core.webui.keyword.internal.WebUIKeywordMain.stepFailed(WebUIKeywordMain.groovy:64)
	at com.kms.katalon.core.webui.keyword.builtin.VerifyTextPresentKeyword$_verifyTextPresent_closure1.doCall(VerifyTextPresentKeyword.groovy:79)
	at com.kms.katalon.core.webui.keyword.builtin.VerifyTextPresentKeyword$_verifyTextPresent_closure1.call(VerifyTextPresentKeyword.groovy)
	at com.kms.katalon.core.webui.keyword.internal.WebUIKeywordMain.runKeyword(WebUIKeywordMain.groovy:20)
	at com.kms.katalon.core.webui.keyword.builtin.VerifyTextPresentKeyword.verifyTextPresent(VerifyTextPresentKeyword.groovy:83)
	at com.kms.katalon.core.webui.keyword.builtin.VerifyTextPresentKeyword.execute(VerifyTextPresentKeyword.groovy:68)
	at com.kms.katalon.core.keyword.internal.KeywordExecutor.executeKeywordForPlatform(KeywordExecutor.groovy:74)
	at com.kms.katalon.core.webui.keyword.WebUiBuiltInKeywords.verifyTextPresent(WebUiBuiltInKeywords.groovy:1723)
	at com.kms.katalon.core.webui.keyword.WebUiBuiltInKeywords$verifyTextPresent$0.call(Unknown Source)
	at MissingReqFieldsCC.run(MissingReqFieldsCC:59)
	at com.kms.katalon.core.main.ScriptEngine.run(ScriptEngine.java:194)
	at com.kms.katalon.core.main.ScriptEngine.runScriptAsRawText(ScriptEngine.java:119)
	at com.kms.katalon.core.main.TestCaseExecutor.runScript(TestCaseExecutor.java:448)
	at com.kms.katalon.core.main.TestCaseExecutor.doExecute(TestCaseExecutor.java:439)
	at com.kms.katalon.core.main.TestCaseExecutor.processExecutionPhase(TestCaseExecutor.java:418)
	at com.kms.katalon.core.main.TestCaseExecutor.accessMainPhase(TestCaseExecutor.java:410)
	at com.kms.katalon.core.main.TestCaseExecutor.execute(TestCaseExecutor.java:285)
	at com.kms.katalon.core.common.CommonExecutor.accessTestCaseMainPhase(CommonExecutor.java:65)
	at com.kms.katalon.core.main.TestSuiteExecutor.accessTestSuiteMainPhase(TestSuiteExecutor.java:148)
	at com.kms.katalon.core.main.TestSuiteExecutor.execute(TestSuiteExecutor.java:106)
	at com.kms.katalon.core.main.TestCaseMain.startTestSuite(TestCaseMain.java:187)
	at com.kms.katalon.core.main.TestCaseMain$startTestSuite$0.call(Unknown Source)
	at TempTestSuite1700161643816.run(TempTestSuite1700161643816.groovy:36)
Caused by: com.kms.katalon.core.exception.StepFailedException: Text 'Please enter the following billing information about your payment:' is not present on page  using regular expression
	... 23 more
"/>
         <system-out><![CDATA[2023-11-16 14:07:45 - [TEST_CASE][FAILED] - Test Cases/BBP-SelIDE/MissingReqFieldsCC: Test Cases/BBP-SelIDE/MissingReqFieldsCC FAILED.
Reason:
com.kms.katalon.core.exception.StepFailedException: Text 'Please enter the following billing information about your payment:' is not present on page  using regular expression (Root cause: com.kms.katalon.core.exception.StepFailedException: Text 'Please enter the following billing information about your payment:' is not present on page  using regular expression
	at com.kms.katalon.core.webui.keyword.internal.WebUIKeywordMain.stepFailed(WebUIKeywordMain.groovy:64)
	at com.kms.katalon.core.webui.keyword.builtin.VerifyTextPresentKeyword$_verifyTextPresent_closure1.doCall(VerifyTextPresentKeyword.groovy:79)
	at com.kms.katalon.core.webui.keyword.builtin.VerifyTextPresentKeyword$_verifyTextPresent_closure1.call(VerifyTextPresentKeyword.groovy)
	at com.kms.katalon.core.webui.keyword.internal.WebUIKeywordMain.runKeyword(WebUIKeywordMain.groovy:20)
	at com.kms.katalon.core.webui.keyword.builtin.VerifyTextPresentKeyword.verifyTextPresent(VerifyTextPresentKeyword.groovy:83)
	at com.kms.katalon.core.webui.keyword.builtin.VerifyTextPresentKeyword.execute(VerifyTextPresentKeyword.groovy:68)
	at com.kms.katalon.core.keyword.internal.KeywordExecutor.executeKeywordForPlatform(KeywordExecutor.groovy:74)
	at com.kms.katalon.core.webui.keyword.WebUiBuiltInKeywords.verifyTextPresent(WebUiBuiltInKeywords.groovy:1723)
	at com.kms.katalon.core.webui.keyword.WebUiBuiltInKeywords$verifyTextPresent$0.call(Unknown Source)
	at MissingReqFieldsCC.run(MissingReqFieldsCC:59)
	at com.kms.katalon.core.main.ScriptEngine.run(ScriptEngine.java:194)
	at com.kms.katalon.core.main.ScriptEngine.runScriptAsRawText(ScriptEngine.java:119)
	at com.kms.katalon.core.main.TestCaseExecutor.runScript(TestCaseExecutor.java:448)
	at com.kms.katalon.core.main.TestCaseExecutor.doExecute(TestCaseExecutor.java:439)
	at com.kms.katalon.core.main.TestCaseExecutor.processExecutionPhase(TestCaseExecutor.java:418)
	at com.kms.katalon.core.main.TestCaseExecutor.accessMainPhase(TestCaseExecutor.java:410)
	at com.kms.katalon.core.main.TestCaseExecutor.execute(TestCaseExecutor.java:285)
	at com.kms.katalon.core.common.CommonExecutor.accessTestCaseMainPhase(CommonExecutor.java:65)
	at com.kms.katalon.core.main.TestSuiteExecutor.accessTestSuiteMainPhase(TestSuiteExecutor.java:148)
	at com.kms.katalon.core.main.TestSuiteExecutor.execute(TestSuiteExecutor.java:106)
	at com.kms.katalon.core.main.TestCaseMain.startTestSuite(TestCaseMain.java:187)
	at com.kms.katalon.core.main.TestCaseMain$startTestSuite$0.call(Unknown Source)
	at TempTestSuite1700161643816.run(TempTestSuite1700161643816.groovy:36)
)
	at com.kms.katalon.core.keyword.internal.KeywordMain.stepFailed(KeywordMain.groovy:39)
	at com.kms.katalon.core.webui.keyword.internal.WebUIKeywordMain.stepFailed(WebUIKeywordMain.groovy:64)
	at com.kms.katalon.core.webui.keyword.builtin.VerifyTextPresentKeyword$_verifyTextPresent_closure1.doCall(VerifyTextPresentKeyword.groovy:79)
	at com.kms.katalon.core.webui.keyword.builtin.VerifyTextPresentKeyword$_verifyTextPresent_closure1.call(VerifyTextPresentKeyword.groovy)
	at com.kms.katalon.core.webui.keyword.internal.WebUIKeywordMain.runKeyword(WebUIKeywordMain.groovy:20)
	at com.kms.katalon.core.webui.keyword.builtin.VerifyTextPresentKeyword.verifyTextPresent(VerifyTextPresentKeyword.groovy:83)
	at com.kms.katalon.core.webui.keyword.builtin.VerifyTextPresentKeyword.execute(VerifyTextPresentKeyword.groovy:68)
	at com.kms.katalon.core.keyword.internal.KeywordExecutor.executeKeywordForPlatform(KeywordExecutor.groovy:74)
	at com.kms.katalon.core.webui.keyword.WebUiBuiltInKeywords.verifyTextPresent(WebUiBuiltInKeywords.groovy:1723)
	at com.kms.katalon.core.webui.keyword.WebUiBuiltInKeywords$verifyTextPresent$0.call(Unknown Source)
	at MissingReqFieldsCC.run(MissingReqFieldsCC:59)
	at com.kms.katalon.core.main.ScriptEngine.run(ScriptEngine.java:194)
	at com.kms.katalon.core.main.ScriptEngine.runScriptAsRawText(ScriptEngine.java:119)
	at com.kms.katalon.core.main.TestCaseExecutor.runScript(TestCaseExecutor.java:448)
	at com.kms.katalon.core.main.TestCaseExecutor.doExecute(TestCaseExecutor.java:439)
	at com.kms.katalon.core.main.TestCaseExecutor.processExecutionPhase(TestCaseExecutor.java:418)
	at com.kms.katalon.core.main.TestCaseExecutor.accessMainPhase(TestCaseExecutor.java:410)
	at com.kms.katalon.core.main.TestCaseExecutor.execute(TestCaseExecutor.java:285)
	at com.kms.katalon.core.common.CommonExecutor.accessTestCaseMainPhase(CommonExecutor.java:65)
	at com.kms.katalon.core.main.TestSuiteExecutor.accessTestSuiteMainPhase(TestSuiteExecutor.java:148)
	at com.kms.katalon.core.main.TestSuiteExecutor.execute(TestSuiteExecutor.java:106)
	at com.kms.katalon.core.main.TestCaseMain.startTestSuite(TestCaseMain.java:187)
	at com.kms.katalon.core.main.TestCaseMain$startTestSuite$0.call(Unknown Source)
	at TempTestSuite1700161643816.run(TempTestSuite1700161643816.groovy:36)
Caused by: com.kms.katalon.core.exception.StepFailedException: Text 'Please enter the following billing information about your payment:' is not present on page  using regular expression
	... 23 more


2023-11-16 14:07:45 - [TEST_STEP][PASSED] - softAssertion = new org.testng.asserts.SoftAssert(): null

2023-11-16 14:07:45 - [TEST_STEP][PASSED] - openBrowser("https://www.google.com/"): Browser is opened with url: 'https://www.google.com/'

2023-11-16 14:07:45 - [MESSAGE][WARNING] - A browser is already opened. Closing browser and opening a new one

2023-11-16 14:07:46 - [MESSAGE][INFO] - Starting 'Chrome' driver

2023-11-16 14:07:46 - [MESSAGE][INFO] - User set preference: ['acceptInsecureCerts', 'true']

2023-11-16 14:07:46 - [MESSAGE][INFO] - Action delay is set to 0 milliseconds

2023-11-16 14:07:49 - [MESSAGE][PASSED] - Browser is opened with url: 'https://www.google.com/'

2023-11-16 14:07:49 - [TEST_STEP][PASSED] - driver = getWebDriver(): null

2023-11-16 14:07:49 - [TEST_STEP][PASSED] - baseUrl = "https://www.google.com/": null

2023-11-16 14:07:49 - [TEST_STEP][PASSED] - selenium = new com.thoughtworks.selenium.webdriven.WebDriverBackedSelenium(driver, baseUrl): null

2023-11-16 14:07:49 - [TEST_STEP][PASSED] - bbpURL = BBPURL: null

2023-11-16 14:07:49 - [TEST_STEP][PASSED] - selenium.open(bbpURL): null

2023-11-16 14:07:49 - [TEST_STEP][PASSED] - selenium.type("id=field1", "111150"): null

2023-11-16 14:07:50 - [TEST_STEP][PASSED] - selenium.type("id=field2", "111151"): null

2023-11-16 14:07:50 - [TEST_STEP][PASSED] - selenium.click("name=Test"): null

2023-11-16 14:07:50 - [TEST_STEP][PASSED] - Thread.sleep(2000): null

2023-11-16 14:07:52 - [TEST_STEP][PASSED] - selenium.click("name=paysubmit"): null

2023-11-16 14:07:52 - [TEST_STEP][PASSED] - selenium.waitForPageToLoad("30000"): null

2023-11-16 14:07:53 - [TEST_STEP][PASSED] - selenium.click("name=paymentMethod"): null

2023-11-16 14:07:53 - [TEST_STEP][PASSED] - selenium.click("css=input[type="submit"]"): null

2023-11-16 14:07:54 - [TEST_STEP][PASSED] - selenium.waitForPageToLoad("30000"): null

2023-11-16 14:07:54 - [TEST_STEP][PASSED] - softAssertion.assertEquals("Required fields are highlighted with an asterisk.", selenium.getText("css=span.required")): null

2023-11-16 14:07:55 - [TEST_STEP][PASSED] - softAssertion.assertEquals("Please enter the following information about your payment:", selenium.getText("css=span.vrelay-header")): null

2023-11-16 14:07:55 - [TEST_STEP][PASSED] - verifyTextPresent("Required fields are highlighted with an asterisk.", true): Text 'Required fields are highlighted with an asterisk.' is present on page  using regular expression

2023-11-16 14:07:55 - [MESSAGE][PASSED] - Text 'Required fields are highlighted with an asterisk.' is present on page  using regular expression

2023-11-16 14:07:55 - [TEST_STEP][FAILED] - verifyTextPresent("Please enter the following billing information about your payment:", true): Text 'Please enter the following billing information about your payment:' is not present on page  using regular expression (Root cause: com.kms.katalon.core.exception.StepFailedException: Text 'Please enter the following billing information about your payment:' is not present on page  using regular expression
	at com.kms.katalon.core.webui.keyword.internal.WebUIKeywordMain.stepFailed(WebUIKeywordMain.groovy:64)
	at com.kms.katalon.core.webui.keyword.builtin.VerifyTextPresentKeyword$_verifyTextPresent_closure1.doCall(VerifyTextPresentKeyword.groovy:79)
	at com.kms.katalon.core.webui.keyword.builtin.VerifyTextPresentKeyword$_verifyTextPresent_closure1.call(VerifyTextPresentKeyword.groovy)
	at com.kms.katalon.core.webui.keyword.internal.WebUIKeywordMain.runKeyword(WebUIKeywordMain.groovy:20)
	at com.kms.katalon.core.webui.keyword.builtin.VerifyTextPresentKeyword.verifyTextPresent(VerifyTextPresentKeyword.groovy:83)
	at com.kms.katalon.core.webui.keyword.builtin.VerifyTextPresentKeyword.execute(VerifyTextPresentKeyword.groovy:68)
	at com.kms.katalon.core.keyword.internal.KeywordExecutor.executeKeywordForPlatform(KeywordExecutor.groovy:74)
	at com.kms.katalon.core.webui.keyword.WebUiBuiltInKeywords.verifyTextPresent(WebUiBuiltInKeywords.groovy:1723)
	at com.kms.katalon.core.webui.keyword.WebUiBuiltInKeywords$verifyTextPresent$0.call(Unknown Source)
	at MissingReqFieldsCC.run(MissingReqFieldsCC:59)
	at com.kms.katalon.core.main.ScriptEngine.run(ScriptEngine.java:194)
	at com.kms.katalon.core.main.ScriptEngine.runScriptAsRawText(ScriptEngine.java:119)
	at com.kms.katalon.core.main.TestCaseExecutor.runScript(TestCaseExecutor.java:448)
	at com.kms.katalon.core.main.TestCaseExecutor.doExecute(TestCaseExecutor.java:439)
	at com.kms.katalon.core.main.TestCaseExecutor.processExecutionPhase(TestCaseExecutor.java:418)
	at com.kms.katalon.core.main.TestCaseExecutor.accessMainPhase(TestCaseExecutor.java:410)
	at com.kms.katalon.core.main.TestCaseExecutor.execute(TestCaseExecutor.java:285)
	at com.kms.katalon.core.common.CommonExecutor.accessTestCaseMainPhase(CommonExecutor.java:65)
	at com.kms.katalon.core.main.TestSuiteExecutor.accessTestSuiteMainPhase(TestSuiteExecutor.java:148)
	at com.kms.katalon.core.main.TestSuiteExecutor.execute(TestSuiteExecutor.java:106)
	at com.kms.katalon.core.main.TestCaseMain.startTestSuite(TestCaseMain.java:187)
	at com.kms.katalon.core.main.TestCaseMain$startTestSuite$0.call(Unknown Source)
	at TempTestSuite1700161643816.run(TempTestSuite1700161643816.groovy:36)
)

2023-11-16 14:07:56 - [MESSAGE][FAILED] - Text 'Please enter the following billing information about your payment:' is not present on page  using regular expression (Root cause: com.kms.katalon.core.exception.StepFailedException: Text 'Please enter the following billing information about your payment:' is not present on page  using regular expression
	at com.kms.katalon.core.webui.keyword.internal.WebUIKeywordMain.stepFailed(WebUIKeywordMain.groovy:64)
	at com.kms.katalon.core.webui.keyword.builtin.VerifyTextPresentKeyword$_verifyTextPresent_closure1.doCall(VerifyTextPresentKeyword.groovy:79)
	at com.kms.katalon.core.webui.keyword.builtin.VerifyTextPresentKeyword$_verifyTextPresent_closure1.call(VerifyTextPresentKeyword.groovy)
	at com.kms.katalon.core.webui.keyword.internal.WebUIKeywordMain.runKeyword(WebUIKeywordMain.groovy:20)
	at com.kms.katalon.core.webui.keyword.builtin.VerifyTextPresentKeyword.verifyTextPresent(VerifyTextPresentKeyword.groovy:83)
	at com.kms.katalon.core.webui.keyword.builtin.VerifyTextPresentKeyword.execute(VerifyTextPresentKeyword.groovy:68)
	at com.kms.katalon.core.keyword.internal.KeywordExecutor.executeKeywordForPlatform(KeywordExecutor.groovy:74)
	at com.kms.katalon.core.webui.keyword.WebUiBuiltInKeywords.verifyTextPresent(WebUiBuiltInKeywords.groovy:1723)
	at com.kms.katalon.core.webui.keyword.WebUiBuiltInKeywords$verifyTextPresent$0.call(Unknown Source)
	at MissingReqFieldsCC.run(MissingReqFieldsCC:59)
	at com.kms.katalon.core.main.ScriptEngine.run(ScriptEngine.java:194)
	at com.kms.katalon.core.main.ScriptEngine.runScriptAsRawText(ScriptEngine.java:119)
	at com.kms.katalon.core.main.TestCaseExecutor.runScript(TestCaseExecutor.java:448)
	at com.kms.katalon.core.main.TestCaseExecutor.doExecute(TestCaseExecutor.java:439)
	at com.kms.katalon.core.main.TestCaseExecutor.processExecutionPhase(TestCaseExecutor.java:418)
	at com.kms.katalon.core.main.TestCaseExecutor.accessMainPhase(TestCaseExecutor.java:410)
	at com.kms.katalon.core.main.TestCaseExecutor.execute(TestCaseExecutor.java:285)
	at com.kms.katalon.core.common.CommonExecutor.accessTestCaseMainPhase(CommonExecutor.java:65)
	at com.kms.katalon.core.main.TestSuiteExecutor.accessTestSuiteMainPhase(TestSuiteExecutor.java:148)
	at com.kms.katalon.core.main.TestSuiteExecutor.execute(TestSuiteExecutor.java:106)
	at com.kms.katalon.core.main.TestCaseMain.startTestSuite(TestCaseMain.java:187)
	at com.kms.katalon.core.main.TestCaseMain$startTestSuite$0.call(Unknown Source)
	at TempTestSuite1700161643816.run(TempTestSuite1700161643816.groovy:36)
)

2023-11-16 14:07:56 - [TEST_STEP][PASSED] - selenium.type("name=amount", ""): null

2023-11-16 14:07:56 - [TEST_STEP][PASSED] - selenium.type("name=userDefined2", "UDF2 Data1".toString()): null

2023-11-16 14:07:56 - [TEST_STEP][PASSED] - selenium.type("name=userDefined3", ""): null

2023-11-16 14:07:56 - [TEST_STEP][PASSED] - selenium.select("name=variableField4DropdownGroupItemID", "label=Purple"): null

2023-11-16 14:07:56 - [TEST_STEP][PASSED] - selenium.select("name=variableField5DropdownGroupItemID", "label=--Select One--"): null

2023-11-16 14:07:56 - [TEST_STEP][PASSED] - selenium.type("name=userDefined6", "UDF6 Data1".toString()): null

2023-11-16 14:07:56 - [TEST_STEP][PASSED] - selenium.type("name=userDefined7", ""): null

2023-11-16 14:07:56 - [TEST_STEP][PASSED] - selenium.type("name=userDefined8", "UDF8 Data1".toString()): null

2023-11-16 14:07:56 - [TEST_STEP][PASSED] - selenium.type("name=billingName", ""): null

2023-11-16 14:07:56 - [TEST_STEP][PASSED] - selenium.type("id=cardNumber", ""): null

2023-11-16 14:07:56 - [TEST_STEP][PASSED] - selenium.type("id=spc", ""): null

2023-11-16 14:07:56 - [TEST_STEP][PASSED] - selenium.select("name=cardExpMonth", "label=MM"): null

2023-11-16 14:07:56 - [TEST_STEP][PASSED] - selenium.select("name=cardExpYear", "label=YYYY"): null

2023-11-16 14:07:57 - [TEST_STEP][PASSED] - selenium.type("name=billingAddress", ""): null

2023-11-16 14:07:57 - [TEST_STEP][PASSED] - selenium.type("name=billingAddress2", "Suite 600".toString()): null

2023-11-16 14:07:57 - [TEST_STEP][PASSED] - selenium.type("id=billing-zip-input", ""): null

2023-11-16 14:07:57 - [TEST_STEP][PASSED] - selenium.type("name=emailAddress", com".toString()): null

2023-11-16 14:07:57 - [TEST_STEP][PASSED] - selenium.click("name=ccSubmit"): null

2023-11-16 14:07:57 - [TEST_STEP][PASSED] - selenium.waitForPageToLoad("30000"): null

2023-11-16 14:07:58 - [TEST_STEP][PASSED] - verifyTextPresent("Amount is required", true): Text 'Amount is required' is present on page  using regular expression

2023-11-16 14:07:58 - [MESSAGE][PASSED] - Text 'Amount is required' is present on page  using regular expression

2023-11-16 14:07:58 - [TEST_STEP][PASSED] - verifyTextPresent("UDF3 is required", true): Text 'UDF3 is required' is present on page  using regular expression

2023-11-16 14:07:59 - [MESSAGE][PASSED] - Text 'UDF3 is required' is present on page  using regular expression

2023-11-16 14:07:59 - [TEST_STEP][PASSED] - verifyTextPresent("UDF5 is required", true): Text 'UDF5 is required' is present on page  using regular expression

2023-11-16 14:07:59 - [MESSAGE][PASSED] - Text 'UDF5 is required' is present on page  using regular expression

2023-11-16 14:07:59 - [TEST_STEP][PASSED] - verifyTextPresent("UDF7 is required", true): Text 'UDF7 is required' is present on page  using regular expression

2023-11-16 14:07:59 - [MESSAGE][PASSED] - Text 'UDF7 is required' is present on page  using regular expression

2023-11-16 14:07:59 - [TEST_STEP][PASSED] - verifyTextPresent("Card name is required", true): Text 'Card name is required' is present on page  using regular expression

2023-11-16 14:07:59 - [MESSAGE][PASSED] - Text 'Card name is required' is present on page  using regular expression

2023-11-16 14:07:59 - [TEST_STEP][PASSED] - verifyTextPresent("Card number is required", true): Text 'Card number is required' is present on page  using regular expression

2023-11-16 14:08:00 - [MESSAGE][PASSED] - Text 'Card number is required' is present on page  using regular expression

2023-11-16 14:08:00 - [TEST_STEP][PASSED] - verifyTextPresent("Card Security Code is required", true): Text 'Card Security Code is required' is present on page  using regular expression

2023-11-16 14:08:00 - [MESSAGE][PASSED] - Text 'Card Security Code is required' is present on page  using regular expression

2023-11-16 14:08:00 - [TEST_STEP][PASSED] - verifyTextPresent("Card expiration date is required", true): Text 'Card expiration date is required' is present on page  using regular expression

2023-11-16 14:08:00 - [MESSAGE][PASSED] - Text 'Card expiration date is required' is present on page  using regular expression

2023-11-16 14:08:00 - [TEST_STEP][PASSED] - verifyTextPresent("Card address Line 1 is required", true): Text 'Card address Line 1 is required' is present on page  using regular expression

2023-11-16 14:08:01 - [MESSAGE][PASSED] - Text 'Card address Line 1 is required' is present on page  using regular expression

2023-11-16 14:08:01 - [TEST_STEP][PASSED] - verifyTextPresent("Card ZIP Code is required", true): Text 'Card ZIP Code is required' is present on page  using regular expression

2023-11-16 14:08:01 - [MESSAGE][PASSED] - Text 'Card ZIP Code is required' is present on page  using regular expression

2023-11-16 14:08:01 - [TEST_STEP][PASSED] - verifyTextPresent("You must review and accept the Credit Card terms and conditions in order to process a credit transaction.", true): Text 'You must review and accept the Credit Card terms and conditions in order to process a credit transaction.' is present on page  using regular expression

2023-11-16 14:08:01 - [MESSAGE][PASSED] - Text 'You must review and accept the Credit Card terms and conditions in order to process a credit transaction.' is present on page  using regular expression]]></system-out>
         <system-err><![CDATA[2023-11-16 14:07:45 - [TEST_CASE][FAILED] - Test Cases/BBP-SelIDE/MissingReqFieldsCC: Test Cases/BBP-SelIDE/MissingReqFieldsCC FAILED.
Reason:
com.kms.katalon.core.exception.StepFailedException: Text 'Please enter the following billing information about your payment:' is not present on page  using regular expression (Root cause: com.kms.katalon.core.exception.StepFailedException: Text 'Please enter the following billing information about your payment:' is not present on page  using regular expression
	at com.kms.katalon.core.webui.keyword.internal.WebUIKeywordMain.stepFailed(WebUIKeywordMain.groovy:64)
	at com.kms.katalon.core.webui.keyword.builtin.VerifyTextPresentKeyword$_verifyTextPresent_closure1.doCall(VerifyTextPresentKeyword.groovy:79)
	at com.kms.katalon.core.webui.keyword.builtin.VerifyTextPresentKeyword$_verifyTextPresent_closure1.call(VerifyTextPresentKeyword.groovy)
	at com.kms.katalon.core.webui.keyword.internal.WebUIKeywordMain.runKeyword(WebUIKeywordMain.groovy:20)
	at com.kms.katalon.core.webui.keyword.builtin.VerifyTextPresentKeyword.verifyTextPresent(VerifyTextPresentKeyword.groovy:83)
	at com.kms.katalon.core.webui.keyword.builtin.VerifyTextPresentKeyword.execute(VerifyTextPresentKeyword.groovy:68)
	at com.kms.katalon.core.keyword.internal.KeywordExecutor.executeKeywordForPlatform(KeywordExecutor.groovy:74)
	at com.kms.katalon.core.webui.keyword.WebUiBuiltInKeywords.verifyTextPresent(WebUiBuiltInKeywords.groovy:1723)
	at com.kms.katalon.core.webui.keyword.WebUiBuiltInKeywords$verifyTextPresent$0.call(Unknown Source)
	at MissingReqFieldsCC.run(MissingReqFieldsCC:59)
	at com.kms.katalon.core.main.ScriptEngine.run(ScriptEngine.java:194)
	at com.kms.katalon.core.main.ScriptEngine.runScriptAsRawText(ScriptEngine.java:119)
	at com.kms.katalon.core.main.TestCaseExecutor.runScript(TestCaseExecutor.java:448)
	at com.kms.katalon.core.main.TestCaseExecutor.doExecute(TestCaseExecutor.java:439)
	at com.kms.katalon.core.main.TestCaseExecutor.processExecutionPhase(TestCaseExecutor.java:418)
	at com.kms.katalon.core.main.TestCaseExecutor.accessMainPhase(TestCaseExecutor.java:410)
	at com.kms.katalon.core.main.TestCaseExecutor.execute(TestCaseExecutor.java:285)
	at com.kms.katalon.core.common.CommonExecutor.accessTestCaseMainPhase(CommonExecutor.java:65)
	at com.kms.katalon.core.main.TestSuiteExecutor.accessTestSuiteMainPhase(TestSuiteExecutor.java:148)
	at com.kms.katalon.core.main.TestSuiteExecutor.execute(TestSuiteExecutor.java:106)
	at com.kms.katalon.core.main.TestCaseMain.startTestSuite(TestCaseMain.java:187)
	at com.kms.katalon.core.main.TestCaseMain$startTestSuite$0.call(Unknown Source)
	at TempTestSuite1700161643816.run(TempTestSuite1700161643816.groovy:36)
)
	at com.kms.katalon.core.keyword.internal.KeywordMain.stepFailed(KeywordMain.groovy:39)
	at com.kms.katalon.core.webui.keyword.internal.WebUIKeywordMain.stepFailed(WebUIKeywordMain.groovy:64)
	at com.kms.katalon.core.webui.keyword.builtin.VerifyTextPresentKeyword$_verifyTextPresent_closure1.doCall(VerifyTextPresentKeyword.groovy:79)
	at com.kms.katalon.core.webui.keyword.builtin.VerifyTextPresentKeyword$_verifyTextPresent_closure1.call(VerifyTextPresentKeyword.groovy)
	at com.kms.katalon.core.webui.keyword.internal.WebUIKeywordMain.runKeyword(WebUIKeywordMain.groovy:20)
	at com.kms.katalon.core.webui.keyword.builtin.VerifyTextPresentKeyword.verifyTextPresent(VerifyTextPresentKeyword.groovy:83)
	at com.kms.katalon.core.webui.keyword.builtin.VerifyTextPresentKeyword.execute(VerifyTextPresentKeyword.groovy:68)
	at com.kms.katalon.core.keyword.internal.KeywordExecutor.executeKeywordForPlatform(KeywordExecutor.groovy:74)
	at com.kms.katalon.core.webui.keyword.WebUiBuiltInKeywords.verifyTextPresent(WebUiBuiltInKeywords.groovy:1723)
	at com.kms.katalon.core.webui.keyword.WebUiBuiltInKeywords$verifyTextPresent$0.call(Unknown Source)
	at MissingReqFieldsCC.run(MissingReqFieldsCC:59)
	at com.kms.katalon.core.main.ScriptEngine.run(ScriptEngine.java:194)
	at com.kms.katalon.core.main.ScriptEngine.runScriptAsRawText(ScriptEngine.java:119)
	at com.kms.katalon.core.main.TestCaseExecutor.runScript(TestCaseExecutor.java:448)
	at com.kms.katalon.core.main.TestCaseExecutor.doExecute(TestCaseExecutor.java:439)
	at com.kms.katalon.core.main.TestCaseExecutor.processExecutionPhase(TestCaseExecutor.java:418)
	at com.kms.katalon.core.main.TestCaseExecutor.accessMainPhase(TestCaseExecutor.java:410)
	at com.kms.katalon.core.main.TestCaseExecutor.execute(TestCaseExecutor.java:285)
	at com.kms.katalon.core.common.CommonExecutor.accessTestCaseMainPhase(CommonExecutor.java:65)
	at com.kms.katalon.core.main.TestSuiteExecutor.accessTestSuiteMainPhase(TestSuiteExecutor.java:148)
	at com.kms.katalon.core.main.TestSuiteExecutor.execute(TestSuiteExecutor.java:106)
	at com.kms.katalon.core.main.TestCaseMain.startTestSuite(TestCaseMain.java:187)
	at com.kms.katalon.core.main.TestCaseMain$startTestSuite$0.call(Unknown Source)
	at TempTestSuite1700161643816.run(TempTestSuite1700161643816.groovy:36)
Caused by: com.kms.katalon.core.exception.StepFailedException: Text 'Please enter the following billing information about your payment:' is not present on page  using regular expression
	... 23 more]]></system-err>
      </testcase>
      <testcase name="Test Cases/BBP-SelIDE/MissingReqFieldsCorporateACH" time="21.277" classname="Test Cases/BBP-SelIDE/MissingReqFieldsCorporateACH" status="PASSED">
         <system-out><![CDATA[2023-11-16 14:08:01 - [TEST_CASE][PASSED] - Test Cases/BBP-SelIDE/MissingReqFieldsCorporateACH: Test Cases/BBP-SelIDE/MissingReqFieldsCorporateACH

2023-11-16 14:08:02 - [TEST_STEP][PASSED] - softAssertion = new org.testng.asserts.SoftAssert(): null

2023-11-16 14:08:02 - [TEST_STEP][PASSED] - openBrowser("https://www.google.com/"): Browser is opened with url: 'https://www.google.com/'

2023-11-16 14:08:02 - [MESSAGE][WARNING] - A browser is already opened. Closing browser and opening a new one

2023-11-16 14:08:07 - [MESSAGE][INFO] - Starting 'Chrome' driver

2023-11-16 14:08:07 - [MESSAGE][INFO] - User set preference: ['acceptInsecureCerts', 'true']

2023-11-16 14:08:07 - [MESSAGE][INFO] - Action delay is set to 0 milliseconds

2023-11-16 14:08:10 - [MESSAGE][PASSED] - Browser is opened with url: 'https://www.google.com/'

2023-11-16 14:08:10 - [TEST_STEP][PASSED] - driver = getWebDriver(): null

2023-11-16 14:08:10 - [TEST_STEP][PASSED] - baseUrl = "https://www.google.com/": null

2023-11-16 14:08:10 - [TEST_STEP][PASSED] - selenium = new com.thoughtworks.selenium.webdriven.WebDriverBackedSelenium(driver, baseUrl): null

2023-11-16 14:08:10 - [TEST_STEP][PASSED] - bbpURL = BBPURL: null

2023-11-16 14:08:10 - [TEST_STEP][PASSED] - selenium.open(bbpURL): null

2023-11-16 14:08:11 - [TEST_STEP][PASSED] - selenium.type("id=field1", "111150"): null

2023-11-16 14:08:11 - [TEST_STEP][PASSED] - selenium.type("id=field2", "111151"): null

2023-11-16 14:08:11 - [TEST_STEP][PASSED] - selenium.click("name=Test"): null

2023-11-16 14:08:11 - [TEST_STEP][PASSED] - Thread.sleep(2000): null

2023-11-16 14:08:13 - [TEST_STEP][PASSED] - selenium.click("name=paysubmit"): null

2023-11-16 14:08:14 - [TEST_STEP][PASSED] - selenium.waitForPageToLoad("30000"): null

2023-11-16 14:08:14 - [TEST_STEP][PASSED] - selenium.click("xpath=(//input[@name='paymentMethod'])[3]"): null

2023-11-16 14:08:15 - [TEST_STEP][PASSED] - selenium.click("css=input[type="submit"]"): null

2023-11-16 14:08:16 - [TEST_STEP][PASSED] - selenium.waitForPageToLoad("30000"): null

2023-11-16 14:08:16 - [TEST_STEP][PASSED] - verifyTextPresent("Required fields are highlighted with an asterisk.", true): Text 'Required fields are highlighted with an asterisk.' is present on page  using regular expression

2023-11-16 14:08:17 - [MESSAGE][PASSED] - Text 'Required fields are highlighted with an asterisk.' is present on page  using regular expression

2023-11-16 14:08:17 - [TEST_STEP][PASSED] - verifyTextPresent("Please enter the following billing information about your payment:", true): Text 'Please enter the following billing information about your payment:' is present on page  using regular expression

2023-11-16 14:08:17 - [MESSAGE][PASSED] - Text 'Please enter the following billing information about your payment:' is present on page  using regular expression

2023-11-16 14:08:17 - [TEST_STEP][PASSED] - selenium.type("name=amount", ""): null

2023-11-16 14:08:17 - [TEST_STEP][PASSED] - selenium.type("name=userDefined2", "UDF2 Data3".toString()): null

2023-11-16 14:08:17 - [TEST_STEP][PASSED] - selenium.type("name=userDefined3", ""): null

2023-11-16 14:08:17 - [TEST_STEP][PASSED] - selenium.select("name=variableField4DropdownGroupItemID", "label=Purple"): null

2023-11-16 14:08:17 - [TEST_STEP][PASSED] - selenium.select("name=variableField5DropdownGroupItemID", "label=--Select One--"): null

2023-11-16 14:08:17 - [TEST_STEP][PASSED] - selenium.type("name=userDefined6", "UDF6 Data3".toString()): null

2023-11-16 14:08:17 - [TEST_STEP][PASSED] - selenium.type("name=userDefined7", ""): null

2023-11-16 14:08:17 - [TEST_STEP][PASSED] - selenium.type("name=userDefined8", "UDF8 Data3".toString()): null

2023-11-16 14:08:17 - [TEST_STEP][PASSED] - selenium.type("name=billingCompanyname", ""): null

2023-11-16 14:08:17 - [TEST_STEP][PASSED] - selenium.type("id=routingNumber", ""): null

2023-11-16 14:08:17 - [TEST_STEP][PASSED] - selenium.type("id=accountNumber", ""): null

2023-11-16 14:08:18 - [TEST_STEP][PASSED] - selenium.type("id=confirmAccountNumber", ""): null

2023-11-16 14:08:18 - [TEST_STEP][PASSED] - selenium.type("name=ein", "123456789"): null

2023-11-16 14:08:18 - [TEST_STEP][PASSED] - selenium.type("name=billingAddress", ""): null

2023-11-16 14:08:18 - [TEST_STEP][PASSED] - selenium.type("name=billingAddress2", "suite 600".toString()): null

2023-11-16 14:08:18 - [TEST_STEP][PASSED] - selenium.type("id=billing-zip-input", ""): null

2023-11-16 14:08:18 - [TEST_STEP][PASSED] - selenium.type("name=emailAddress", com".toString()): null

2023-11-16 14:08:18 - [TEST_STEP][PASSED] - selenium.click("name=achSubmit"): null

2023-11-16 14:08:18 - [TEST_STEP][PASSED] - selenium.waitForPageToLoad("30000"): null

2023-11-16 14:08:19 - [TEST_STEP][PASSED] - verifyTextPresent("Amount is required", true): Text 'Amount is required' is present on page  using regular expression

2023-11-16 14:08:19 - [MESSAGE][PASSED] - Text 'Amount is required' is present on page  using regular expression

2023-11-16 14:08:19 - [TEST_STEP][PASSED] - verifyTextPresent("UDF3 is required", true): Text 'UDF3 is required' is present on page  using regular expression

2023-11-16 14:08:19 - [MESSAGE][PASSED] - Text 'UDF3 is required' is present on page  using regular expression

2023-11-16 14:08:19 - [TEST_STEP][PASSED] - verifyTextPresent("UDF5 is required", true): Text 'UDF5 is required' is present on page  using regular expression

2023-11-16 14:08:20 - [MESSAGE][PASSED] - Text 'UDF5 is required' is present on page  using regular expression

2023-11-16 14:08:20 - [TEST_STEP][PASSED] - verifyTextPresent("UDF7 is required", true): Text 'UDF7 is required' is present on page  using regular expression

2023-11-16 14:08:20 - [MESSAGE][PASSED] - Text 'UDF7 is required' is present on page  using regular expression

2023-11-16 14:08:20 - [TEST_STEP][PASSED] - verifyTextPresent("Company Name is required", true): Text 'Company Name is required' is present on page  using regular expression

2023-11-16 14:08:20 - [MESSAGE][PASSED] - Text 'Company Name is required' is present on page  using regular expression

2023-11-16 14:08:20 - [TEST_STEP][PASSED] - verifyTextPresent("Account number is required", true): Text 'Account number is required' is present on page  using regular expression

2023-11-16 14:08:21 - [MESSAGE][PASSED] - Text 'Account number is required' is present on page  using regular expression

2023-11-16 14:08:21 - [TEST_STEP][PASSED] - verifyTextPresent("The Confirm Account Number field is a required field.", true): Text 'The Confirm Account Number field is a required field.' is present on page  using regular expression

2023-11-16 14:08:21 - [MESSAGE][PASSED] - Text 'The Confirm Account Number field is a required field.' is present on page  using regular expression

2023-11-16 14:08:21 - [TEST_STEP][PASSED] - verifyTextPresent("Address Line 1 is required", true): Text 'Address Line 1 is required' is present on page  using regular expression

2023-11-16 14:08:21 - [MESSAGE][PASSED] - Text 'Address Line 1 is required' is present on page  using regular expression

2023-11-16 14:08:21 - [TEST_STEP][PASSED] - verifyTextPresent("ZIP Code is required", true): Text 'ZIP Code is required' is present on page  using regular expression

2023-11-16 14:08:22 - [MESSAGE][PASSED] - Text 'ZIP Code is required' is present on page  using regular expression

2023-11-16 14:08:22 - [TEST_STEP][PASSED] - verifyTextPresent("City is required", true): Text 'City is required' is present on page  using regular expression

2023-11-16 14:08:22 - [MESSAGE][PASSED] - Text 'City is required' is present on page  using regular expression

2023-11-16 14:08:22 - [TEST_STEP][PASSED] - verifyTextPresent("State is required", true): Text 'State is required' is present on page  using regular expression

2023-11-16 14:08:22 - [MESSAGE][PASSED] - Text 'State is required' is present on page  using regular expression

2023-11-16 14:08:22 - [TEST_STEP][PASSED] - verifyTextPresent("You must review and accept the ACH terms and conditions in order to process an electronic debit transaction.", true): Text 'You must review and accept the ACH terms and conditions in order to process an electronic debit transaction.' is present on page  using regular expression

2023-11-16 14:08:23 - [MESSAGE][PASSED] - Text 'You must review and accept the ACH terms and conditions in order to process an electronic debit transaction.' is present on page  using regular expression]]></system-out>
         <system-err><![CDATA[]]></system-err>
      </testcase>
      <testcase name="Test Cases/BBP-SelIDE/MissingReqFieldsPersonalACH" time="17.079" classname="Test Cases/BBP-SelIDE/MissingReqFieldsPersonalACH" status="PASSED">
         <system-out><![CDATA[2023-11-16 14:08:23 - [TEST_CASE][PASSED] - Test Cases/BBP-SelIDE/MissingReqFieldsPersonalACH: Test Cases/BBP-SelIDE/MissingReqFieldsPersonalACH

2023-11-16 14:08:23 - [TEST_STEP][PASSED] - softAssertion = new org.testng.asserts.SoftAssert(): null

2023-11-16 14:08:23 - [TEST_STEP][PASSED] - openBrowser("https://www.google.com/"): Browser is opened with url: 'https://www.google.com/'

2023-11-16 14:08:23 - [MESSAGE][WARNING] - A browser is already opened. Closing browser and opening a new one

2023-11-16 14:08:24 - [MESSAGE][INFO] - Starting 'Chrome' driver

2023-11-16 14:08:24 - [MESSAGE][INFO] - User set preference: ['acceptInsecureCerts', 'true']

2023-11-16 14:08:24 - [MESSAGE][INFO] - Action delay is set to 0 milliseconds

2023-11-16 14:08:27 - [MESSAGE][PASSED] - Browser is opened with url: 'https://www.google.com/'

2023-11-16 14:08:27 - [TEST_STEP][PASSED] - driver = getWebDriver(): null

2023-11-16 14:08:27 - [TEST_STEP][PASSED] - baseUrl = "https://www.google.com/": null

2023-11-16 14:08:27 - [TEST_STEP][PASSED] - selenium = new com.thoughtworks.selenium.webdriven.WebDriverBackedSelenium(driver, baseUrl): null

2023-11-16 14:08:27 - [TEST_STEP][PASSED] - bbpURL = BBPURL: null

2023-11-16 14:08:27 - [TEST_STEP][PASSED] - selenium.open(bbpURL): null

2023-11-16 14:08:28 - [TEST_STEP][PASSED] - selenium.type("id=field1", "111150"): null

2023-11-16 14:08:28 - [TEST_STEP][PASSED] - selenium.type("id=field2", "111151"): null

2023-11-16 14:08:28 - [TEST_STEP][PASSED] - selenium.click("name=Test"): null

2023-11-16 14:08:28 - [TEST_STEP][PASSED] - Thread.sleep(2000): null

2023-11-16 14:08:30 - [TEST_STEP][PASSED] - selenium.click("name=paysubmit"): null

2023-11-16 14:08:30 - [TEST_STEP][PASSED] - selenium.waitForPageToLoad("30000"): null

2023-11-16 14:08:31 - [TEST_STEP][PASSED] - selenium.click("xpath=(//input[@name='paymentMethod'])[2]"): null

2023-11-16 14:08:31 - [TEST_STEP][PASSED] - selenium.click("css=input[type="submit"]"): null

2023-11-16 14:08:32 - [TEST_STEP][PASSED] - selenium.waitForPageToLoad("30000"): null

2023-11-16 14:08:33 - [TEST_STEP][PASSED] - verifyTextPresent("Required fields are highlighted with an asterisk.", true): Text 'Required fields are highlighted with an asterisk.' is present on page  using regular expression

2023-11-16 14:08:33 - [MESSAGE][PASSED] - Text 'Required fields are highlighted with an asterisk.' is present on page  using regular expression

2023-11-16 14:08:33 - [TEST_STEP][PASSED] - verifyTextPresent("Please enter the following billing information about your payment:", true): Text 'Please enter the following billing information about your payment:' is present on page  using regular expression

2023-11-16 14:08:33 - [MESSAGE][PASSED] - Text 'Please enter the following billing information about your payment:' is present on page  using regular expression

2023-11-16 14:08:33 - [TEST_STEP][PASSED] - selenium.type("name=amount", ""): null

2023-11-16 14:08:33 - [TEST_STEP][PASSED] - selenium.type("name=userDefined2", "UDF2 Data2".toString()): null

2023-11-16 14:08:33 - [TEST_STEP][PASSED] - selenium.type("name=userDefined3", ""): null

2023-11-16 14:08:33 - [TEST_STEP][PASSED] - selenium.select("name=variableField4DropdownGroupItemID", "label=Purple"): null

2023-11-16 14:08:34 - [TEST_STEP][PASSED] - selenium.select("name=variableField5DropdownGroupItemID", "label=--Select One--"): null

2023-11-16 14:08:34 - [TEST_STEP][PASSED] - selenium.type("name=userDefined6", "UDF6 Data2".toString()): null

2023-11-16 14:08:34 - [TEST_STEP][PASSED] - selenium.type("name=userDefined7", ""): null

2023-11-16 14:08:34 - [TEST_STEP][PASSED] - selenium.type("name=userDefined8", "UDF8 Data2".toString()): null

2023-11-16 14:08:34 - [TEST_STEP][PASSED] - selenium.type("name=billingFirstname", ""): null

2023-11-16 14:08:34 - [TEST_STEP][PASSED] - selenium.type("name=billingLastname", ""): null

2023-11-16 14:08:34 - [TEST_STEP][PASSED] - selenium.type("id=routingNumber", ""): null

2023-11-16 14:08:34 - [TEST_STEP][PASSED] - selenium.type("id=accountNumber", ""): null

2023-11-16 14:08:34 - [TEST_STEP][PASSED] - selenium.type("id=confirmAccountNumber", ""): null

2023-11-16 14:08:34 - [TEST_STEP][PASSED] - selenium.type("name=billingAddress", ""): null

2023-11-16 14:08:34 - [TEST_STEP][PASSED] - selenium.type("name=billingAddress2", "Suite 600".toString()): null

2023-11-16 14:08:34 - [TEST_STEP][PASSED] - selenium.type("id=billing-zip-input", ""): null

2023-11-16 14:08:34 - [TEST_STEP][PASSED] - selenium.type("name=emailAddress", com".toString()): null

2023-11-16 14:08:34 - [TEST_STEP][PASSED] - selenium.click("name=achSubmit"): null

2023-11-16 14:08:35 - [TEST_STEP][PASSED] - selenium.waitForPageToLoad("30000"): null

2023-11-16 14:08:35 - [TEST_STEP][PASSED] - verifyTextPresent("Amount is required", true): Text 'Amount is required' is present on page  using regular expression

2023-11-16 14:08:36 - [MESSAGE][PASSED] - Text 'Amount is required' is present on page  using regular expression

2023-11-16 14:08:36 - [TEST_STEP][PASSED] - verifyTextPresent("UDF3 is required", true): Text 'UDF3 is required' is present on page  using regular expression

2023-11-16 14:08:36 - [MESSAGE][PASSED] - Text 'UDF3 is required' is present on page  using regular expression

2023-11-16 14:08:36 - [TEST_STEP][PASSED] - verifyTextPresent("UDF5 is required", true): Text 'UDF5 is required' is present on page  using regular expression

2023-11-16 14:08:36 - [MESSAGE][PASSED] - Text 'UDF5 is required' is present on page  using regular expression

2023-11-16 14:08:36 - [TEST_STEP][PASSED] - verifyTextPresent("UDF7 is required", true): Text 'UDF7 is required' is present on page  using regular expression

2023-11-16 14:08:37 - [MESSAGE][PASSED] - Text 'UDF7 is required' is present on page  using regular expression

2023-11-16 14:08:37 - [TEST_STEP][PASSED] - verifyTextPresent("First name is required", true): Text 'First name is required' is present on page  using regular expression

2023-11-16 14:08:37 - [MESSAGE][PASSED] - Text 'First name is required' is present on page  using regular expression

2023-11-16 14:08:37 - [TEST_STEP][PASSED] - verifyTextPresent("Last name is required", true): Text 'Last name is required' is present on page  using regular expression

2023-11-16 14:08:37 - [MESSAGE][PASSED] - Text 'Last name is required' is present on page  using regular expression

2023-11-16 14:08:37 - [TEST_STEP][PASSED] - verifyTextPresent("Account number is required", true): Text 'Account number is required' is present on page  using regular expression

2023-11-16 14:08:38 - [MESSAGE][PASSED] - Text 'Account number is required' is present on page  using regular expression

2023-11-16 14:08:38 - [TEST_STEP][PASSED] - verifyTextPresent("The Confirm Account Number field is a required field.", true): Text 'The Confirm Account Number field is a required field.' is present on page  using regular expression

2023-11-16 14:08:38 - [MESSAGE][PASSED] - Text 'The Confirm Account Number field is a required field.' is present on page  using regular expression

2023-11-16 14:08:38 - [TEST_STEP][PASSED] - verifyTextPresent("Account type is required", true): Text 'Account type is required' is present on page  using regular expression

2023-11-16 14:08:38 - [MESSAGE][PASSED] - Text 'Account type is required' is present on page  using regular expression

2023-11-16 14:08:38 - [TEST_STEP][PASSED] - verifyTextPresent("Address Line 1 is required", true): Text 'Address Line 1 is required' is present on page  using regular expression

2023-11-16 14:08:39 - [MESSAGE][PASSED] - Text 'Address Line 1 is required' is present on page  using regular expression

2023-11-16 14:08:39 - [TEST_STEP][PASSED] - verifyTextPresent("ZIP Code is required", true): Text 'ZIP Code is required' is present on page  using regular expression

2023-11-16 14:08:39 - [MESSAGE][PASSED] - Text 'ZIP Code is required' is present on page  using regular expression

2023-11-16 14:08:39 - [TEST_STEP][PASSED] - verifyTextPresent("City is required", true): Text 'City is required' is present on page  using regular expression

2023-11-16 14:08:39 - [MESSAGE][PASSED] - Text 'City is required' is present on page  using regular expression

2023-11-16 14:08:39 - [TEST_STEP][PASSED] - verifyTextPresent("State is required", true): Text 'State is required' is present on page  using regular expression

2023-11-16 14:08:39 - [MESSAGE][PASSED] - Text 'State is required' is present on page  using regular expression

2023-11-16 14:08:39 - [TEST_STEP][PASSED] - verifyTextPresent("You must review and accept the ACH terms and conditions in order to process an electronic debit transaction.", true): Text 'You must review and accept the ACH terms and conditions in order to process an electronic debit transaction.' is present on page  using regular expression

2023-11-16 14:08:40 - [MESSAGE][PASSED] - Text 'You must review and accept the ACH terms and conditions in order to process an electronic debit transaction.' is present on page  using regular expression]]></system-out>
         <system-err><![CDATA[]]></system-err>
      </testcase>
      <system-out><![CDATA[2023-11-16 14:07:29 - [TEST_SUITE][FAILED] - QA_BBP_Regression: Test Cases/BBP-SelIDE/MissingReqFieldsCC FAILED.
Reason:
com.kms.katalon.core.exception.StepFailedException: Text 'Please enter the following billing information about your payment:' is not present on page  using regular expression (Root cause: com.kms.katalon.core.exception.StepFailedException: Text 'Please enter the following billing information about your payment:' is not present on page  using regular expression
	at com.kms.katalon.core.webui.keyword.internal.WebUIKeywordMain.stepFailed(WebUIKeywordMain.groovy:64)
	at com.kms.katalon.core.webui.keyword.builtin.VerifyTextPresentKeyword$_verifyTextPresent_closure1.doCall(VerifyTextPresentKeyword.groovy:79)
	at com.kms.katalon.core.webui.keyword.builtin.VerifyTextPresentKeyword$_verifyTextPresent_closure1.call(VerifyTextPresentKeyword.groovy)
	at com.kms.katalon.core.webui.keyword.internal.WebUIKeywordMain.runKeyword(WebUIKeywordMain.groovy:20)
	at com.kms.katalon.core.webui.keyword.builtin.VerifyTextPresentKeyword.verifyTextPresent(VerifyTextPresentKeyword.groovy:83)
	at com.kms.katalon.core.webui.keyword.builtin.VerifyTextPresentKeyword.execute(VerifyTextPresentKeyword.groovy:68)
	at com.kms.katalon.core.keyword.internal.KeywordExecutor.executeKeywordForPlatform(KeywordExecutor.groovy:74)
	at com.kms.katalon.core.webui.keyword.WebUiBuiltInKeywords.verifyTextPresent(WebUiBuiltInKeywords.groovy:1723)
	at com.kms.katalon.core.webui.keyword.WebUiBuiltInKeywords$verifyTextPresent$0.call(Unknown Source)
	at MissingReqFieldsCC.run(MissingReqFieldsCC:59)
	at com.kms.katalon.core.main.ScriptEngine.run(ScriptEngine.java:194)
	at com.kms.katalon.core.main.ScriptEngine.runScriptAsRawText(ScriptEngine.java:119)
	at com.kms.katalon.core.main.TestCaseExecutor.runScript(TestCaseExecutor.java:448)
	at com.kms.katalon.core.main.TestCaseExecutor.doExecute(TestCaseExecutor.java:439)
	at com.kms.katalon.core.main.TestCaseExecutor.processExecutionPhase(TestCaseExecutor.java:418)
	at com.kms.katalon.core.main.TestCaseExecutor.accessMainPhase(TestCaseExecutor.java:410)
	at com.kms.katalon.core.main.TestCaseExecutor.execute(TestCaseExecutor.java:285)
	at com.kms.katalon.core.common.CommonExecutor.accessTestCaseMainPhase(CommonExecutor.java:65)
	at com.kms.katalon.core.main.TestSuiteExecutor.accessTestSuiteMainPhase(TestSuiteExecutor.java:148)
	at com.kms.katalon.core.main.TestSuiteExecutor.execute(TestSuiteExecutor.java:106)
	at com.kms.katalon.core.main.TestCaseMain.startTestSuite(TestCaseMain.java:187)
	at com.kms.katalon.core.main.TestCaseMain$startTestSuite$0.call(Unknown Source)
	at TempTestSuite1700161643816.run(TempTestSuite1700161643816.groovy:36)
)
	at com.kms.katalon.core.keyword.internal.KeywordMain.stepFailed(KeywordMain.groovy:39)
	at com.kms.katalon.core.webui.keyword.internal.WebUIKeywordMain.stepFailed(WebUIKeywordMain.groovy:64)
	at com.kms.katalon.core.webui.keyword.builtin.VerifyTextPresentKeyword$_verifyTextPresent_closure1.doCall(VerifyTextPresentKeyword.groovy:79)
	at com.kms.katalon.core.webui.keyword.builtin.VerifyTextPresentKeyword$_verifyTextPresent_closure1.call(VerifyTextPresentKeyword.groovy)
	at com.kms.katalon.core.webui.keyword.internal.WebUIKeywordMain.runKeyword(WebUIKeywordMain.groovy:20)
	at com.kms.katalon.core.webui.keyword.builtin.VerifyTextPresentKeyword.verifyTextPresent(VerifyTextPresentKeyword.groovy:83)
	at com.kms.katalon.core.webui.keyword.builtin.VerifyTextPresentKeyword.execute(VerifyTextPresentKeyword.groovy:68)
	at com.kms.katalon.core.keyword.internal.KeywordExecutor.executeKeywordForPlatform(KeywordExecutor.groovy:74)
	at com.kms.katalon.core.webui.keyword.WebUiBuiltInKeywords.verifyTextPresent(WebUiBuiltInKeywords.groovy:1723)
	at com.kms.katalon.core.webui.keyword.WebUiBuiltInKeywords$verifyTextPresent$0.call(Unknown Source)
	at MissingReqFieldsCC.run(MissingReqFieldsCC:59)
	at com.kms.katalon.core.main.ScriptEngine.run(ScriptEngine.java:194)
	at com.kms.katalon.core.main.ScriptEngine.runScriptAsRawText(ScriptEngine.java:119)
	at com.kms.katalon.core.main.TestCaseExecutor.runScript(TestCaseExecutor.java:448)
	at com.kms.katalon.core.main.TestCaseExecutor.doExecute(TestCaseExecutor.java:439)
	at com.kms.katalon.core.main.TestCaseExecutor.processExecutionPhase(TestCaseExecutor.java:418)
	at com.kms.katalon.core.main.TestCaseExecutor.accessMainPhase(TestCaseExecutor.java:410)
	at com.kms.katalon.core.main.TestCaseExecutor.execute(TestCaseExecutor.java:285)
	at com.kms.katalon.core.common.CommonExecutor.accessTestCaseMainPhase(CommonExecutor.java:65)
	at com.kms.katalon.core.main.TestSuiteExecutor.accessTestSuiteMainPhase(TestSuiteExecutor.java:148)
	at com.kms.katalon.core.main.TestSuiteExecutor.execute(TestSuiteExecutor.java:106)
	at com.kms.katalon.core.main.TestCaseMain.startTestSuite(TestCaseMain.java:187)
	at com.kms.katalon.core.main.TestCaseMain$startTestSuite$0.call(Unknown Source)
	at TempTestSuite1700161643816.run(TempTestSuite1700161643816.groovy:36)
Caused by: com.kms.katalon.core.exception.StepFailedException: Text 'Please enter the following billing information about your payment:' is not present on page  using regular expression
	... 23 more]]></system-out>
      <system-err><![CDATA[2023-11-16 14:07:29 - [TEST_SUITE][FAILED] - QA_BBP_Regression: Test Cases/BBP-SelIDE/MissingReqFieldsCC FAILED.
Reason:
com.kms.katalon.core.exception.StepFailedException: Text 'Please enter the following billing information about your payment:' is not present on page  using regular expression (Root cause: com.kms.katalon.core.exception.StepFailedException: Text 'Please enter the following billing information about your payment:' is not present on page  using regular expression
	at com.kms.katalon.core.webui.keyword.internal.WebUIKeywordMain.stepFailed(WebUIKeywordMain.groovy:64)
	at com.kms.katalon.core.webui.keyword.builtin.VerifyTextPresentKeyword$_verifyTextPresent_closure1.doCall(VerifyTextPresentKeyword.groovy:79)
	at com.kms.katalon.core.webui.keyword.builtin.VerifyTextPresentKeyword$_verifyTextPresent_closure1.call(VerifyTextPresentKeyword.groovy)
	at com.kms.katalon.core.webui.keyword.internal.WebUIKeywordMain.runKeyword(WebUIKeywordMain.groovy:20)
	at com.kms.katalon.core.webui.keyword.builtin.VerifyTextPresentKeyword.verifyTextPresent(VerifyTextPresentKeyword.groovy:83)
	at com.kms.katalon.core.webui.keyword.builtin.VerifyTextPresentKeyword.execute(VerifyTextPresentKeyword.groovy:68)
	at com.kms.katalon.core.keyword.internal.KeywordExecutor.executeKeywordForPlatform(KeywordExecutor.groovy:74)
	at com.kms.katalon.core.webui.keyword.WebUiBuiltInKeywords.verifyTextPresent(WebUiBuiltInKeywords.groovy:1723)
	at com.kms.katalon.core.webui.keyword.WebUiBuiltInKeywords$verifyTextPresent$0.call(Unknown Source)
	at MissingReqFieldsCC.run(MissingReqFieldsCC:59)
	at com.kms.katalon.core.main.ScriptEngine.run(ScriptEngine.java:194)
	at com.kms.katalon.core.main.ScriptEngine.runScriptAsRawText(ScriptEngine.java:119)
	at com.kms.katalon.core.main.TestCaseExecutor.runScript(TestCaseExecutor.java:448)
	at com.kms.katalon.core.main.TestCaseExecutor.doExecute(TestCaseExecutor.java:439)
	at com.kms.katalon.core.main.TestCaseExecutor.processExecutionPhase(TestCaseExecutor.java:418)
	at com.kms.katalon.core.main.TestCaseExecutor.accessMainPhase(TestCaseExecutor.java:410)
	at com.kms.katalon.core.main.TestCaseExecutor.execute(TestCaseExecutor.java:285)
	at com.kms.katalon.core.common.CommonExecutor.accessTestCaseMainPhase(CommonExecutor.java:65)
	at com.kms.katalon.core.main.TestSuiteExecutor.accessTestSuiteMainPhase(TestSuiteExecutor.java:148)
	at com.kms.katalon.core.main.TestSuiteExecutor.execute(TestSuiteExecutor.java:106)
	at com.kms.katalon.core.main.TestCaseMain.startTestSuite(TestCaseMain.java:187)
	at com.kms.katalon.core.main.TestCaseMain$startTestSuite$0.call(Unknown Source)
	at TempTestSuite1700161643816.run(TempTestSuite1700161643816.groovy:36)
)
	at com.kms.katalon.core.keyword.internal.KeywordMain.stepFailed(KeywordMain.groovy:39)
	at com.kms.katalon.core.webui.keyword.internal.WebUIKeywordMain.stepFailed(WebUIKeywordMain.groovy:64)
	at com.kms.katalon.core.webui.keyword.builtin.VerifyTextPresentKeyword$_verifyTextPresent_closure1.doCall(VerifyTextPresentKeyword.groovy:79)
	at com.kms.katalon.core.webui.keyword.builtin.VerifyTextPresentKeyword$_verifyTextPresent_closure1.call(VerifyTextPresentKeyword.groovy)
	at com.kms.katalon.core.webui.keyword.internal.WebUIKeywordMain.runKeyword(WebUIKeywordMain.groovy:20)
	at com.kms.katalon.core.webui.keyword.builtin.VerifyTextPresentKeyword.verifyTextPresent(VerifyTextPresentKeyword.groovy:83)
	at com.kms.katalon.core.webui.keyword.builtin.VerifyTextPresentKeyword.execute(VerifyTextPresentKeyword.groovy:68)
	at com.kms.katalon.core.keyword.internal.KeywordExecutor.executeKeywordForPlatform(KeywordExecutor.groovy:74)
	at com.kms.katalon.core.webui.keyword.WebUiBuiltInKeywords.verifyTextPresent(WebUiBuiltInKeywords.groovy:1723)
	at com.kms.katalon.core.webui.keyword.WebUiBuiltInKeywords$verifyTextPresent$0.call(Unknown Source)
	at MissingReqFieldsCC.run(MissingReqFieldsCC:59)
	at com.kms.katalon.core.main.ScriptEngine.run(ScriptEngine.java:194)
	at com.kms.katalon.core.main.ScriptEngine.runScriptAsRawText(ScriptEngine.java:119)
	at com.kms.katalon.core.main.TestCaseExecutor.runScript(TestCaseExecutor.java:448)
	at com.kms.katalon.core.main.TestCaseExecutor.doExecute(TestCaseExecutor.java:439)
	at com.kms.katalon.core.main.TestCaseExecutor.processExecutionPhase(TestCaseExecutor.java:418)
	at com.kms.katalon.core.main.TestCaseExecutor.accessMainPhase(TestCaseExecutor.java:410)
	at com.kms.katalon.core.main.TestCaseExecutor.execute(TestCaseExecutor.java:285)
	at com.kms.katalon.core.common.CommonExecutor.accessTestCaseMainPhase(CommonExecutor.java:65)
	at com.kms.katalon.core.main.TestSuiteExecutor.accessTestSuiteMainPhase(TestSuiteExecutor.java:148)
	at com.kms.katalon.core.main.TestSuiteExecutor.execute(TestSuiteExecutor.java:106)
	at com.kms.katalon.core.main.TestCaseMain.startTestSuite(TestCaseMain.java:187)
	at com.kms.katalon.core.main.TestCaseMain$startTestSuite$0.call(Unknown Source)
	at TempTestSuite1700161643816.run(TempTestSuite1700161643816.groovy:36)
Caused by: com.kms.katalon.core.exception.StepFailedException: Text 'Please enter the following billing information about your payment:' is not present on page  using regular expression
	... 23 more]]></system-err>
   </testsuite>
</testsuites>
