<?xml version="1.0" encoding="UTF-8"?>
<testsuites name="QA_Smoke_Test" time="74.621" tests="1" failures="1" errors="0">
   <testsuite name="QA_Smoke_Test" tests="1" failures="1" errors="0" time="74.621" skipped="0" timestamp="2022-10-03 22:05:48" hostname="imtiaz - DESKTOP-B2QI6NS.govolution.com" id="Test Suites/QA/VLink/QA_Smoke_Test">
      <properties>
         <property name="deviceName" value=""/>
         <property name="devicePlatform" value=""/>
         <property name="logFolder" value="E:\\Cloned-Project-Katalon\\VPS-Katalon\\Reports\\20221003_220542\\QA\\VLink\\QA_Smoke_Test\\20221003_220543"/>
         <property name="logFiles" value="E:\\Cloned-Project-Katalon\\VPS-Katalon\\Reports\\20221003_220542\\QA\\VLink\\QA_Smoke_Test\\20221003_220543\\execution0.log"/>
         <property name="attachments" value=""/>
         <property name="hostName" value="imtiaz - DESKTOP-B2QI6NS.govolution.com"/>
         <property name="os" value="Windows 10 64bit"/>
         <property name="katalonVersion" value="8.2.5.208"/>
         <property name="browser" value="Chrome 105.0.0.0"/>
         <property name="hostAddress" value="172.31.253.54"/>
         <property name="sessionId" value="a39be72194c4c3e4406ece6c9e3cfa26"/>
         <property name="seleniumVersion" value="3.141.59"/>
         <property name="proxyInformation" value="ProxyInformation { proxyOption=NO_PROXY, proxyServerType=HTTP, username=, password=********, proxyServerAddress=, proxyServerPort=0, executionList=&quot;&quot;, isApplyToDesiredCapabilities=true }"/>
         <property name="platform" value="Windows 10"/>
      </properties>
      <testcase name="Test Cases/RecAndPlayBk/VLink/AuthOnly" time="74.237" classname="Test Cases/RecAndPlayBk/VLink/AuthOnly" status="FAILED">
         <failure type="FAILED" message="Test Cases/RecAndPlayBk/VLink/AuthOnly FAILED.
Reason:
com.kms.katalon.core.exception.StepFailedException: Text 'Transaction approved, no errors' is not present on page  using regular expression (Root cause: com.kms.katalon.core.exception.StepFailedException: Text 'Transaction approved, no errors' is not present on page  using regular expression
	at com.kms.katalon.core.webui.keyword.internal.WebUIKeywordMain.stepFailed(WebUIKeywordMain.groovy:64)
	at com.kms.katalon.core.webui.keyword.builtin.VerifyTextPresentKeyword$_verifyTextPresent_closure1.doCall(VerifyTextPresentKeyword.groovy:79)
	at com.kms.katalon.core.webui.keyword.builtin.VerifyTextPresentKeyword$_verifyTextPresent_closure1.call(VerifyTextPresentKeyword.groovy)
	at com.kms.katalon.core.webui.keyword.internal.WebUIKeywordMain.runKeyword(WebUIKeywordMain.groovy:20)
	at com.kms.katalon.core.webui.keyword.builtin.VerifyTextPresentKeyword.verifyTextPresent(VerifyTextPresentKeyword.groovy:83)
	at com.kms.katalon.core.webui.keyword.builtin.VerifyTextPresentKeyword.execute(VerifyTextPresentKeyword.groovy:68)
	at com.kms.katalon.core.keyword.internal.KeywordExecutor.executeKeywordForPlatform(KeywordExecutor.groovy:74)
	at com.kms.katalon.core.webui.keyword.WebUiBuiltInKeywords.verifyTextPresent(WebUiBuiltInKeywords.groovy:1723)
	at com.kms.katalon.core.webui.keyword.WebUiBuiltInKeywords$verifyTextPresent$4.call(Unknown Source)
	at AuthOnly.run(AuthOnly:157)
	at com.kms.katalon.core.main.ScriptEngine.run(ScriptEngine.java:194)
	at com.kms.katalon.core.main.ScriptEngine.runScriptAsRawText(ScriptEngine.java:119)
	at com.kms.katalon.core.main.TestCaseExecutor.runScript(TestCaseExecutor.java:442)
	at com.kms.katalon.core.main.TestCaseExecutor.doExecute(TestCaseExecutor.java:433)
	at com.kms.katalon.core.main.TestCaseExecutor.processExecutionPhase(TestCaseExecutor.java:412)
	at com.kms.katalon.core.main.TestCaseExecutor.accessMainPhase(TestCaseExecutor.java:404)
	at com.kms.katalon.core.main.TestCaseExecutor.execute(TestCaseExecutor.java:281)
	at com.kms.katalon.core.main.TestSuiteExecutor.accessTestCaseMainPhase(TestSuiteExecutor.java:202)
	at com.kms.katalon.core.main.TestSuiteExecutor.accessTestSuiteMainPhase(TestSuiteExecutor.java:164)
	at com.kms.katalon.core.main.TestSuiteExecutor.execute(TestSuiteExecutor.java:105)
	at com.kms.katalon.core.main.TestCaseMain.startTestSuite(TestCaseMain.java:185)
	at com.kms.katalon.core.main.TestCaseMain$startTestSuite$0.call(Unknown Source)
	at TempTestSuite1664849143004.run(TempTestSuite1664849143004.groovy:36)
)
	at com.kms.katalon.core.keyword.internal.KeywordMain.stepFailed(KeywordMain.groovy:39)
	at com.kms.katalon.core.webui.keyword.internal.WebUIKeywordMain.stepFailed(WebUIKeywordMain.groovy:64)
	at com.kms.katalon.core.webui.keyword.builtin.VerifyTextPresentKeyword$_verifyTextPresent_closure1.doCall(VerifyTextPresentKeyword.groovy:79)
	at com.kms.katalon.core.webui.keyword.builtin.VerifyTextPresentKeyword$_verifyTextPresent_closure1.call(VerifyTextPresentKeyword.groovy)
	at com.kms.katalon.core.webui.keyword.internal.WebUIKeywordMain.runKeyword(WebUIKeywordMain.groovy:20)
	at com.kms.katalon.core.webui.keyword.builtin.VerifyTextPresentKeyword.verifyTextPresent(VerifyTextPresentKeyword.groovy:83)
	at com.kms.katalon.core.webui.keyword.builtin.VerifyTextPresentKeyword.execute(VerifyTextPresentKeyword.groovy:68)
	at com.kms.katalon.core.keyword.internal.KeywordExecutor.executeKeywordForPlatform(KeywordExecutor.groovy:74)
	at com.kms.katalon.core.webui.keyword.WebUiBuiltInKeywords.verifyTextPresent(WebUiBuiltInKeywords.groovy:1723)
	at com.kms.katalon.core.webui.keyword.WebUiBuiltInKeywords$verifyTextPresent$4.call(Unknown Source)
	at AuthOnly.run(AuthOnly:157)
	at com.kms.katalon.core.main.ScriptEngine.run(ScriptEngine.java:194)
	at com.kms.katalon.core.main.ScriptEngine.runScriptAsRawText(ScriptEngine.java:119)
	at com.kms.katalon.core.main.TestCaseExecutor.runScript(TestCaseExecutor.java:442)
	at com.kms.katalon.core.main.TestCaseExecutor.doExecute(TestCaseExecutor.java:433)
	at com.kms.katalon.core.main.TestCaseExecutor.processExecutionPhase(TestCaseExecutor.java:412)
	at com.kms.katalon.core.main.TestCaseExecutor.accessMainPhase(TestCaseExecutor.java:404)
	at com.kms.katalon.core.main.TestCaseExecutor.execute(TestCaseExecutor.java:281)
	at com.kms.katalon.core.main.TestSuiteExecutor.accessTestCaseMainPhase(TestSuiteExecutor.java:202)
	at com.kms.katalon.core.main.TestSuiteExecutor.accessTestSuiteMainPhase(TestSuiteExecutor.java:164)
	at com.kms.katalon.core.main.TestSuiteExecutor.execute(TestSuiteExecutor.java:105)
	at com.kms.katalon.core.main.TestCaseMain.startTestSuite(TestCaseMain.java:185)
	at com.kms.katalon.core.main.TestCaseMain$startTestSuite$0.call(Unknown Source)
	at TempTestSuite1664849143004.run(TempTestSuite1664849143004.groovy:36)
Caused by: com.kms.katalon.core.exception.StepFailedException: Text 'Transaction approved, no errors' is not present on page  using regular expression
	... 23 more
"/>
         <system-out><![CDATA[2022-10-03 22:05:48 - [TEST_CASE][FAILED] - Test Cases/RecAndPlayBk/VLink/AuthOnly: Test Cases/RecAndPlayBk/VLink/AuthOnly FAILED.
Reason:
com.kms.katalon.core.exception.StepFailedException: Text 'Transaction approved, no errors' is not present on page  using regular expression (Root cause: com.kms.katalon.core.exception.StepFailedException: Text 'Transaction approved, no errors' is not present on page  using regular expression
	at com.kms.katalon.core.webui.keyword.internal.WebUIKeywordMain.stepFailed(WebUIKeywordMain.groovy:64)
	at com.kms.katalon.core.webui.keyword.builtin.VerifyTextPresentKeyword$_verifyTextPresent_closure1.doCall(VerifyTextPresentKeyword.groovy:79)
	at com.kms.katalon.core.webui.keyword.builtin.VerifyTextPresentKeyword$_verifyTextPresent_closure1.call(VerifyTextPresentKeyword.groovy)
	at com.kms.katalon.core.webui.keyword.internal.WebUIKeywordMain.runKeyword(WebUIKeywordMain.groovy:20)
	at com.kms.katalon.core.webui.keyword.builtin.VerifyTextPresentKeyword.verifyTextPresent(VerifyTextPresentKeyword.groovy:83)
	at com.kms.katalon.core.webui.keyword.builtin.VerifyTextPresentKeyword.execute(VerifyTextPresentKeyword.groovy:68)
	at com.kms.katalon.core.keyword.internal.KeywordExecutor.executeKeywordForPlatform(KeywordExecutor.groovy:74)
	at com.kms.katalon.core.webui.keyword.WebUiBuiltInKeywords.verifyTextPresent(WebUiBuiltInKeywords.groovy:1723)
	at com.kms.katalon.core.webui.keyword.WebUiBuiltInKeywords$verifyTextPresent$4.call(Unknown Source)
	at AuthOnly.run(AuthOnly:157)
	at com.kms.katalon.core.main.ScriptEngine.run(ScriptEngine.java:194)
	at com.kms.katalon.core.main.ScriptEngine.runScriptAsRawText(ScriptEngine.java:119)
	at com.kms.katalon.core.main.TestCaseExecutor.runScript(TestCaseExecutor.java:442)
	at com.kms.katalon.core.main.TestCaseExecutor.doExecute(TestCaseExecutor.java:433)
	at com.kms.katalon.core.main.TestCaseExecutor.processExecutionPhase(TestCaseExecutor.java:412)
	at com.kms.katalon.core.main.TestCaseExecutor.accessMainPhase(TestCaseExecutor.java:404)
	at com.kms.katalon.core.main.TestCaseExecutor.execute(TestCaseExecutor.java:281)
	at com.kms.katalon.core.main.TestSuiteExecutor.accessTestCaseMainPhase(TestSuiteExecutor.java:202)
	at com.kms.katalon.core.main.TestSuiteExecutor.accessTestSuiteMainPhase(TestSuiteExecutor.java:164)
	at com.kms.katalon.core.main.TestSuiteExecutor.execute(TestSuiteExecutor.java:105)
	at com.kms.katalon.core.main.TestCaseMain.startTestSuite(TestCaseMain.java:185)
	at com.kms.katalon.core.main.TestCaseMain$startTestSuite$0.call(Unknown Source)
	at TempTestSuite1664849143004.run(TempTestSuite1664849143004.groovy:36)
)
	at com.kms.katalon.core.keyword.internal.KeywordMain.stepFailed(KeywordMain.groovy:39)
	at com.kms.katalon.core.webui.keyword.internal.WebUIKeywordMain.stepFailed(WebUIKeywordMain.groovy:64)
	at com.kms.katalon.core.webui.keyword.builtin.VerifyTextPresentKeyword$_verifyTextPresent_closure1.doCall(VerifyTextPresentKeyword.groovy:79)
	at com.kms.katalon.core.webui.keyword.builtin.VerifyTextPresentKeyword$_verifyTextPresent_closure1.call(VerifyTextPresentKeyword.groovy)
	at com.kms.katalon.core.webui.keyword.internal.WebUIKeywordMain.runKeyword(WebUIKeywordMain.groovy:20)
	at com.kms.katalon.core.webui.keyword.builtin.VerifyTextPresentKeyword.verifyTextPresent(VerifyTextPresentKeyword.groovy:83)
	at com.kms.katalon.core.webui.keyword.builtin.VerifyTextPresentKeyword.execute(VerifyTextPresentKeyword.groovy:68)
	at com.kms.katalon.core.keyword.internal.KeywordExecutor.executeKeywordForPlatform(KeywordExecutor.groovy:74)
	at com.kms.katalon.core.webui.keyword.WebUiBuiltInKeywords.verifyTextPresent(WebUiBuiltInKeywords.groovy:1723)
	at com.kms.katalon.core.webui.keyword.WebUiBuiltInKeywords$verifyTextPresent$4.call(Unknown Source)
	at AuthOnly.run(AuthOnly:157)
	at com.kms.katalon.core.main.ScriptEngine.run(ScriptEngine.java:194)
	at com.kms.katalon.core.main.ScriptEngine.runScriptAsRawText(ScriptEngine.java:119)
	at com.kms.katalon.core.main.TestCaseExecutor.runScript(TestCaseExecutor.java:442)
	at com.kms.katalon.core.main.TestCaseExecutor.doExecute(TestCaseExecutor.java:433)
	at com.kms.katalon.core.main.TestCaseExecutor.processExecutionPhase(TestCaseExecutor.java:412)
	at com.kms.katalon.core.main.TestCaseExecutor.accessMainPhase(TestCaseExecutor.java:404)
	at com.kms.katalon.core.main.TestCaseExecutor.execute(TestCaseExecutor.java:281)
	at com.kms.katalon.core.main.TestSuiteExecutor.accessTestCaseMainPhase(TestSuiteExecutor.java:202)
	at com.kms.katalon.core.main.TestSuiteExecutor.accessTestSuiteMainPhase(TestSuiteExecutor.java:164)
	at com.kms.katalon.core.main.TestSuiteExecutor.execute(TestSuiteExecutor.java:105)
	at com.kms.katalon.core.main.TestCaseMain.startTestSuite(TestCaseMain.java:185)
	at com.kms.katalon.core.main.TestCaseMain$startTestSuite$0.call(Unknown Source)
	at TempTestSuite1664849143004.run(TempTestSuite1664849143004.groovy:36)
Caused by: com.kms.katalon.core.exception.StepFailedException: Text 'Transaction approved, no errors' is not present on page  using regular expression
	... 23 more


2022-10-03 22:05:49 - [TEST_STEP][PASSED] - executionProfile = getExecutionProfile(): null

2022-10-03 22:05:49 - [TEST_STEP][PASSED] - out.println("executionProfile : " + executionProfile): null

2022-10-03 22:05:49 - [TEST_STEP][PASSED] - appName = <not implemented yet for class: org.codehaus.groovy.ast.expr.EmptyExpression>: null

2022-10-03 22:05:49 - [TEST_STEP][PASSED] - appID = <not implemented yet for class: org.codehaus.groovy.ast.expr.EmptyExpression>: null

2022-10-03 22:05:49 - [TEST_STEP][PASSED] - username = <not implemented yet for class: org.codehaus.groovy.ast.expr.EmptyExpression>: null

2022-10-03 22:05:49 - [TEST_STEP][PASSED] - password = <not implemented yet for class: org.codehaus.groovy.ast.expr.EmptyExpression>: null

2022-10-03 22:05:49 - [TEST_STEP][PASSED] - cardNameV = <not implemented yet for class: org.codehaus.groovy.ast.expr.EmptyExpression>: null

2022-10-03 22:05:49 - [TEST_STEP][PASSED] - al1V = <not implemented yet for class: org.codehaus.groovy.ast.expr.EmptyExpression>: null

2022-10-03 22:05:49 - [TEST_STEP][PASSED] - al2V = <not implemented yet for class: org.codehaus.groovy.ast.expr.EmptyExpression>: null

2022-10-03 22:05:49 - [TEST_STEP][PASSED] - zipV = <not implemented yet for class: org.codehaus.groovy.ast.expr.EmptyExpression>: null

2022-10-03 22:05:49 - [TEST_STEP][PASSED] - cardTypeV = <not implemented yet for class: org.codehaus.groovy.ast.expr.EmptyExpression>: null

2022-10-03 22:05:49 - [TEST_STEP][PASSED] - last4V = <not implemented yet for class: org.codehaus.groovy.ast.expr.EmptyExpression>: null

2022-10-03 22:05:49 - [TEST_STEP][PASSED] - resText = "Fail": null

2022-10-03 22:05:49 - [TEST_STEP][PASSED] - resColumn = "Result": null

2022-10-03 22:05:49 - [TEST_STEP][PASSED] - datCloumn = "Date": null

2022-10-03 22:05:49 - [TEST_STEP][PASSED] - fileLoc = "KatalonData/VLinkSmokeData.xlsx": null

2022-10-03 22:05:49 - [TEST_STEP][PASSED] - numOfRows = <not implemented yet for class: org.codehaus.groovy.ast.expr.EmptyExpression>: null

2022-10-03 22:05:49 - [TEST_STEP][PASSED] - dataFile = <not implemented yet for class: org.codehaus.groovy.ast.expr.EmptyExpression>: null

2022-10-03 22:05:49 - [TEST_STEP][PASSED] - nameSheet = <not implemented yet for class: org.codehaus.groovy.ast.expr.EmptyExpression>: null

2022-10-03 22:05:49 - [TEST_STEP][PASSED] - nameSheet = "Auth": null

2022-10-03 22:05:49 - [TEST_STEP][PASSED] - numOfRows = findTestData("QA/VLinkTestData/VLinkSmokeData").getRowNumbers(): null

2022-10-03 22:05:50 - [TEST_STEP][PASSED] - println("Number of Records: " + numOfRows): null

2022-10-03 22:05:50 - [TEST_STEP][PASSED] - dataFile = "QA/VLinkTestData/VLinkSmokeData": null

2022-10-03 22:05:50 - [TEST_STEP][FAILED] - for ([row = 1, row <= numOfRows, (row++)]): null

2022-10-03 22:05:50 - [TEST_STEP][PASSED] - ExecuteTC = findTestData(dataFile).getValue("Execute", row): null

2022-10-03 22:05:50 - [TEST_STEP][PASSED] - out.println("Value of Execute is : " + ExecuteTC): null

2022-10-03 22:05:50 - [TEST_STEP][PASSED] - switch (executionProfile): null

2022-10-03 22:05:50 - [TEST_STEP][PASSED] - case "QA2Profile":: null

2022-10-03 22:05:50 - [TEST_STEP][PASSED] - appID = findTestData(dataFile).getValue("AppIDQA", row): null

2022-10-03 22:05:50 - [TEST_STEP][PASSED] - username = findTestData(dataFile).getValue("UsernameQA", row): null

2022-10-03 22:05:50 - [TEST_STEP][PASSED] - password = findTestData(dataFile).getValue("PasswordQA", row): null

2022-10-03 22:05:50 - [TEST_STEP][PASSED] - break: null

2022-10-03 22:05:50 - [TEST_STEP][PASSED] - if (ExecuteTC.equalsIgnoreCase("Y")): null

2022-10-03 22:05:50 - [TEST_STEP][PASSED] - out.println("Begin Record Number: " + row): null

2022-10-03 22:05:50 - [TEST_STEP][PASSED] - today = new java.util.Date(): null

2022-10-03 22:05:50 - [TEST_STEP][PASSED] - println(today): null

2022-10-03 22:05:50 - [TEST_STEP][PASSED] - datText = today: null

2022-10-03 22:05:50 - [TEST_STEP][PASSED] - category = findTestData(dataFile).getValue("Category", row): null

2022-10-03 22:05:50 - [TEST_STEP][PASSED] - amount = findTestData(dataFile).getValue("Amount", row): null

2022-10-03 22:05:50 - [TEST_STEP][PASSED] - cardNumber = findTestData(dataFile).getValue("CardNumber", row): null

2022-10-03 22:05:50 - [TEST_STEP][PASSED] - exM = findTestData(dataFile).getValue("ExM", row): null

2022-10-03 22:05:51 - [TEST_STEP][PASSED] - exY = findTestData(dataFile).getValue("ExY", row): null

2022-10-03 22:05:51 - [TEST_STEP][PASSED] - openBrowser(VLinkURL + "auth.html"): Browser is opened with url: 'https://dev-algorithm.govolution.com/vlinktest/QA2/version_2_0/auth.html'

2022-10-03 22:05:51 - [MESSAGE][INFO] - Starting 'Chrome' driver

2022-10-03 22:05:51 - [MESSAGE][INFO] - User set preference: ['acceptInsecureCerts', 'true']

2022-10-03 22:05:51 - [MESSAGE][INFO] - Action delay is set to 0 milliseconds

2022-10-03 22:05:54 - [MESSAGE][PASSED] - Browser is opened with url: 'https://dev-algorithm.govolution.com/vlinktest/QA2/version_2_0/auth.html'

2022-10-03 22:05:54 - [TEST_STEP][PASSED] - maximizeWindow(): Current window maximized

2022-10-03 22:05:54 - [MESSAGE][PASSED] - Current window maximized

2022-10-03 22:05:54 - [TEST_STEP][PASSED] - maximizeWindow(): Current window maximized

2022-10-03 22:05:54 - [MESSAGE][PASSED] - Current window maximized

2022-10-03 22:05:54 - [TEST_STEP][PASSED] - genRemID = RandomStringUtils.random(12, true, true): null

2022-10-03 22:05:54 - [TEST_STEP][PASSED] - setText(findTestObject("Object Repository/VLink/Page_CCSale/txt_RemID"), genRemID): Text 'dagisK6iaVGi' is set on object 'Object Repository/VLink/Page_CCSale/txt_RemID'

2022-10-03 22:05:55 - [MESSAGE][PASSED] - Text 'dagisK6iaVGi' is set on object 'Object Repository/VLink/Page_CCSale/txt_RemID'

2022-10-03 22:05:55 - [TEST_STEP][PASSED] - setText(findTestObject("Object Repository/RecAndPlayBk/Page-Vlink-AuthOnly/input_Remittance Id_remittance_id"), genRemID): Text 'dagisK6iaVGi' is set on object 'Object Repository/RecAndPlayBk/Page-Vlink-AuthOnly/input_Remittance Id_remittance_id'

2022-10-03 22:05:56 - [MESSAGE][PASSED] - Text 'dagisK6iaVGi' is set on object 'Object Repository/RecAndPlayBk/Page-Vlink-AuthOnly/input_Remittance Id_remittance_id'

2022-10-03 22:05:56 - [TEST_STEP][PASSED] - setText(findTestObject("Object Repository/RecAndPlayBk/Page-Vlink-AuthOnly/input_Application Id_application_id"), appID): Text '234' is set on object 'Object Repository/RecAndPlayBk/Page-Vlink-AuthOnly/input_Application Id_application_id'

2022-10-03 22:05:56 - [MESSAGE][PASSED] - Text '234' is set on object 'Object Repository/RecAndPlayBk/Page-Vlink-AuthOnly/input_Application Id_application_id'

2022-10-03 22:05:56 - [TEST_STEP][PASSED] - setText(findTestObject("Object Repository/RecAndPlayBk/Page-Vlink-AuthOnly/input_Username_username"), username): Text 'username' is set on object 'Object Repository/RecAndPlayBk/Page-Vlink-AuthOnly/input_Username_username'

2022-10-03 22:05:57 - [MESSAGE][PASSED] - Text 'username' is set on object 'Object Repository/RecAndPlayBk/Page-Vlink-AuthOnly/input_Username_username'

2022-10-03 22:05:57 - [TEST_STEP][PASSED] - setText(findTestObject("Object Repository/RecAndPlayBk/Page-Vlink-AuthOnly/input_Password_password"), password): Text 'password' is set on object 'Object Repository/RecAndPlayBk/Page-Vlink-AuthOnly/input_Password_password'

2022-10-03 22:05:58 - [MESSAGE][PASSED] - Text 'password' is set on object 'Object Repository/RecAndPlayBk/Page-Vlink-AuthOnly/input_Password_password'

2022-10-03 22:05:58 - [TEST_STEP][PASSED] - setText(findTestObject("Object Repository/RecAndPlayBk/Page-Vlink-AuthOnly/input_Category_category"), category): Text 'ECOM' is set on object 'Object Repository/RecAndPlayBk/Page-Vlink-AuthOnly/input_Category_category'

2022-10-03 22:05:58 - [MESSAGE][PASSED] - Text 'ECOM' is set on object 'Object Repository/RecAndPlayBk/Page-Vlink-AuthOnly/input_Category_category'

2022-10-03 22:05:58 - [TEST_STEP][PASSED] - setText(findTestObject("Object Repository/RecAndPlayBk/Page-Vlink-AuthOnly/input_Amount_amount"), amount): Text '10.5' is set on object 'Object Repository/RecAndPlayBk/Page-Vlink-AuthOnly/input_Amount_amount'

2022-10-03 22:05:59 - [MESSAGE][PASSED] - Text '10.5' is set on object 'Object Repository/RecAndPlayBk/Page-Vlink-AuthOnly/input_Amount_amount'

2022-10-03 22:05:59 - [TEST_STEP][PASSED] - doubleClick(findTestObject("Object Repository/RecAndPlayBk/Page-Vlink-AuthOnly/input_Card number_card_number")): Object: 'Object Repository/RecAndPlayBk/Page-Vlink-AuthOnly/input_Card number_card_number' is double clicked on

2022-10-03 22:05:59 - [MESSAGE][PASSED] - Object: 'Object Repository/RecAndPlayBk/Page-Vlink-AuthOnly/input_Card number_card_number' is double clicked on

2022-10-03 22:05:59 - [TEST_STEP][PASSED] - setText(findTestObject("Object Repository/RecAndPlayBk/Page-Vlink-AuthOnly/input_Card number_card_number"), cardNumber): Text '4111111111111111' is set on object 'Object Repository/RecAndPlayBk/Page-Vlink-AuthOnly/input_Card number_card_number'

2022-10-03 22:06:00 - [MESSAGE][PASSED] - Text '4111111111111111' is set on object 'Object Repository/RecAndPlayBk/Page-Vlink-AuthOnly/input_Card number_card_number'

2022-10-03 22:06:00 - [TEST_STEP][PASSED] - setText(findTestObject("Object Repository/RecAndPlayBk/Page-Vlink-AuthOnly/input_Card ex month_card_exmo"), exM): Text '12' is set on object 'Object Repository/RecAndPlayBk/Page-Vlink-AuthOnly/input_Card ex month_card_exmo'

2022-10-03 22:06:01 - [MESSAGE][PASSED] - Text '12' is set on object 'Object Repository/RecAndPlayBk/Page-Vlink-AuthOnly/input_Card ex month_card_exmo'

2022-10-03 22:06:01 - [TEST_STEP][PASSED] - setText(findTestObject("Object Repository/RecAndPlayBk/Page-Vlink-AuthOnly/input_Card ex year_card_exyr"), exY): Text '2029' is set on object 'Object Repository/RecAndPlayBk/Page-Vlink-AuthOnly/input_Card ex year_card_exyr'

2022-10-03 22:06:01 - [MESSAGE][PASSED] - Text '2029' is set on object 'Object Repository/RecAndPlayBk/Page-Vlink-AuthOnly/input_Card ex year_card_exyr'

2022-10-03 22:06:01 - [TEST_STEP][PASSED] - click(findTestObject("Object Repository/RecAndPlayBk/Page-Vlink-AuthOnly/input_Track Data_track_data")): Object: 'Object Repository/RecAndPlayBk/Page-Vlink-AuthOnly/input_Track Data_track_data' is clicked on

2022-10-03 22:06:02 - [MESSAGE][PASSED] - Object: 'Object Repository/RecAndPlayBk/Page-Vlink-AuthOnly/input_Track Data_track_data' is clicked on

2022-10-03 22:06:02 - [TEST_STEP][PASSED] - click(findTestObject("Object Repository/RecAndPlayBk/Page-Vlink-AuthOnly/input_CVV state_cvv_state")): Object: 'Object Repository/RecAndPlayBk/Page-Vlink-AuthOnly/input_CVV state_cvv_state' is clicked on

2022-10-03 22:06:02 - [MESSAGE][PASSED] - Object: 'Object Repository/RecAndPlayBk/Page-Vlink-AuthOnly/input_CVV state_cvv_state' is clicked on

2022-10-03 22:06:02 - [TEST_STEP][PASSED] - setText(findTestObject("Object Repository/RecAndPlayBk/Page-Vlink-AuthOnly/input_Track Data_track_data"), ""): Text '' is set on object 'Object Repository/RecAndPlayBk/Page-Vlink-AuthOnly/input_Track Data_track_data'

2022-10-03 22:06:03 - [MESSAGE][PASSED] - Text '' is set on object 'Object Repository/RecAndPlayBk/Page-Vlink-AuthOnly/input_Track Data_track_data'

2022-10-03 22:06:03 - [TEST_STEP][PASSED] - setText(findTestObject("Object Repository/RecAndPlayBk/Page-Vlink-AuthOnly/input_concat(Cardholder, , s email)_email"), ""): Text '' is set on object 'Object Repository/RecAndPlayBk/Page-Vlink-AuthOnly/input_concat(Cardholder, , s email)_email'

2022-10-03 22:06:03 - [MESSAGE][PASSED] - Text '' is set on object 'Object Repository/RecAndPlayBk/Page-Vlink-AuthOnly/input_concat(Cardholder, , s email)_email'

2022-10-03 22:06:03 - [TEST_STEP][PASSED] - click(findTestObject("Object Repository/RecAndPlayBk/Page-Vlink-AuthOnly/input_user_defined10_user_defined10")): Object: 'Object Repository/RecAndPlayBk/Page-Vlink-AuthOnly/input_user_defined10_user_defined10' is clicked on

2022-10-03 22:06:04 - [MESSAGE][PASSED] - Object: 'Object Repository/RecAndPlayBk/Page-Vlink-AuthOnly/input_user_defined10_user_defined10' is clicked on

2022-10-03 22:06:04 - [TEST_STEP][PASSED] - if (executionProfile.equalsIgnoreCase("QAProfile")): null

2022-10-03 22:06:04 - [TEST_STEP][PASSED] - click(findTestObject("Object Repository/RecAndPlayBk/Page-Vlink-AuthOnly/input")): Object: 'Object Repository/RecAndPlayBk/Page-Vlink-AuthOnly/input' is clicked on

2022-10-03 22:06:05 - [MESSAGE][PASSED] - Object: 'Object Repository/RecAndPlayBk/Page-Vlink-AuthOnly/input' is clicked on

2022-10-03 22:06:05 - [TEST_STEP][PASSED] - if (verifyTextPresent("Transaction approved, no errors", true)): null

2022-10-03 22:06:05 - [MESSAGE][PASSED] - Text 'Transaction approved, no errors' is present on page  using regular expression

2022-10-03 22:06:05 - [TEST_STEP][PASSED] - println("Transaction Approved, no errors text is present on the Confirmation page"): null

2022-10-03 22:06:05 - [TEST_STEP][PASSED] - out.println("Pass Record Number: " + row): null

2022-10-03 22:06:05 - [TEST_STEP][PASSED] - resText = "Pass": null

2022-10-03 22:06:05 - [TEST_STEP][PASSED] - pages.WriteExcel.demoKey(resText, datText, resColumn, datCloumn, fileLoc, nameSheet, row): pages.WriteExcel.demoKey is PASSED

2022-10-03 22:06:05 - [MESSAGE][PASSED] - pages.WriteExcel.demoKey is PASSED

2022-10-03 22:06:05 - [TEST_STEP][PASSED] - ExecuteTC = findTestData(dataFile).getValue("Execute", row): null

2022-10-03 22:06:05 - [TEST_STEP][PASSED] - out.println("Value of Execute is : " + ExecuteTC): null

2022-10-03 22:06:05 - [TEST_STEP][PASSED] - switch (executionProfile): null

2022-10-03 22:06:05 - [TEST_STEP][PASSED] - case "QA2Profile":: null

2022-10-03 22:06:05 - [TEST_STEP][PASSED] - appID = findTestData(dataFile).getValue("AppIDQA", row): null

2022-10-03 22:06:05 - [TEST_STEP][PASSED] - username = findTestData(dataFile).getValue("UsernameQA", row): null

2022-10-03 22:06:05 - [TEST_STEP][PASSED] - password = findTestData(dataFile).getValue("PasswordQA", row): null

2022-10-03 22:06:06 - [TEST_STEP][PASSED] - break: null

2022-10-03 22:06:06 - [TEST_STEP][PASSED] - if (ExecuteTC.equalsIgnoreCase("Y")): null

2022-10-03 22:06:06 - [TEST_STEP][PASSED] - out.println("Begin Record Number: " + row): null

2022-10-03 22:06:06 - [TEST_STEP][PASSED] - today = new java.util.Date(): null

2022-10-03 22:06:06 - [TEST_STEP][PASSED] - println(today): null

2022-10-03 22:06:06 - [TEST_STEP][PASSED] - datText = today: null

2022-10-03 22:06:06 - [TEST_STEP][PASSED] - category = findTestData(dataFile).getValue("Category", row): null

2022-10-03 22:06:06 - [TEST_STEP][PASSED] - amount = findTestData(dataFile).getValue("Amount", row): null

2022-10-03 22:06:06 - [TEST_STEP][PASSED] - cardNumber = findTestData(dataFile).getValue("CardNumber", row): null

2022-10-03 22:06:06 - [TEST_STEP][PASSED] - exM = findTestData(dataFile).getValue("ExM", row): null

2022-10-03 22:06:06 - [TEST_STEP][PASSED] - exY = findTestData(dataFile).getValue("ExY", row): null

2022-10-03 22:06:06 - [TEST_STEP][PASSED] - openBrowser(VLinkURL + "auth.html"): Browser is opened with url: 'https://dev-algorithm.govolution.com/vlinktest/QA2/version_2_0/auth.html'

2022-10-03 22:06:06 - [MESSAGE][WARNING] - A browser is already opened. Closing browser and opening a new one

2022-10-03 22:06:07 - [MESSAGE][INFO] - Starting 'Chrome' driver

2022-10-03 22:06:07 - [MESSAGE][INFO] - User set preference: ['acceptInsecureCerts', 'true']

2022-10-03 22:06:07 - [MESSAGE][INFO] - Action delay is set to 0 milliseconds

2022-10-03 22:06:08 - [MESSAGE][PASSED] - Browser is opened with url: 'https://dev-algorithm.govolution.com/vlinktest/QA2/version_2_0/auth.html'

2022-10-03 22:06:08 - [TEST_STEP][PASSED] - maximizeWindow(): Current window maximized

2022-10-03 22:06:09 - [MESSAGE][PASSED] - Current window maximized

2022-10-03 22:06:09 - [TEST_STEP][PASSED] - maximizeWindow(): Current window maximized

2022-10-03 22:06:09 - [MESSAGE][PASSED] - Current window maximized

2022-10-03 22:06:09 - [TEST_STEP][PASSED] - genRemID = RandomStringUtils.random(12, true, true): null

2022-10-03 22:06:09 - [TEST_STEP][PASSED] - setText(findTestObject("Object Repository/VLink/Page_CCSale/txt_RemID"), genRemID): Text 'GWMCjag4MGqd' is set on object 'Object Repository/VLink/Page_CCSale/txt_RemID'

2022-10-03 22:06:10 - [MESSAGE][PASSED] - Text 'GWMCjag4MGqd' is set on object 'Object Repository/VLink/Page_CCSale/txt_RemID'

2022-10-03 22:06:10 - [TEST_STEP][PASSED] - setText(findTestObject("Object Repository/RecAndPlayBk/Page-Vlink-AuthOnly/input_Remittance Id_remittance_id"), genRemID): Text 'GWMCjag4MGqd' is set on object 'Object Repository/RecAndPlayBk/Page-Vlink-AuthOnly/input_Remittance Id_remittance_id'

2022-10-03 22:06:10 - [MESSAGE][PASSED] - Text 'GWMCjag4MGqd' is set on object 'Object Repository/RecAndPlayBk/Page-Vlink-AuthOnly/input_Remittance Id_remittance_id'

2022-10-03 22:06:10 - [TEST_STEP][PASSED] - setText(findTestObject("Object Repository/RecAndPlayBk/Page-Vlink-AuthOnly/input_Application Id_application_id"), appID): Text '234' is set on object 'Object Repository/RecAndPlayBk/Page-Vlink-AuthOnly/input_Application Id_application_id'

2022-10-03 22:06:11 - [MESSAGE][PASSED] - Text '234' is set on object 'Object Repository/RecAndPlayBk/Page-Vlink-AuthOnly/input_Application Id_application_id'

2022-10-03 22:06:11 - [TEST_STEP][PASSED] - setText(findTestObject("Object Repository/RecAndPlayBk/Page-Vlink-AuthOnly/input_Username_username"), username): Text 'username' is set on object 'Object Repository/RecAndPlayBk/Page-Vlink-AuthOnly/input_Username_username'

2022-10-03 22:06:11 - [MESSAGE][PASSED] - Text 'username' is set on object 'Object Repository/RecAndPlayBk/Page-Vlink-AuthOnly/input_Username_username'

2022-10-03 22:06:11 - [TEST_STEP][PASSED] - setText(findTestObject("Object Repository/RecAndPlayBk/Page-Vlink-AuthOnly/input_Password_password"), password): Text 'password' is set on object 'Object Repository/RecAndPlayBk/Page-Vlink-AuthOnly/input_Password_password'

2022-10-03 22:06:12 - [MESSAGE][PASSED] - Text 'password' is set on object 'Object Repository/RecAndPlayBk/Page-Vlink-AuthOnly/input_Password_password'

2022-10-03 22:06:12 - [TEST_STEP][PASSED] - setText(findTestObject("Object Repository/RecAndPlayBk/Page-Vlink-AuthOnly/input_Category_category"), category): Text 'MOTO' is set on object 'Object Repository/RecAndPlayBk/Page-Vlink-AuthOnly/input_Category_category'

2022-10-03 22:06:13 - [MESSAGE][PASSED] - Text 'MOTO' is set on object 'Object Repository/RecAndPlayBk/Page-Vlink-AuthOnly/input_Category_category'

2022-10-03 22:06:13 - [TEST_STEP][PASSED] - setText(findTestObject("Object Repository/RecAndPlayBk/Page-Vlink-AuthOnly/input_Amount_amount"), amount): Text '10.5' is set on object 'Object Repository/RecAndPlayBk/Page-Vlink-AuthOnly/input_Amount_amount'

2022-10-03 22:06:13 - [MESSAGE][PASSED] - Text '10.5' is set on object 'Object Repository/RecAndPlayBk/Page-Vlink-AuthOnly/input_Amount_amount'

2022-10-03 22:06:13 - [TEST_STEP][PASSED] - doubleClick(findTestObject("Object Repository/RecAndPlayBk/Page-Vlink-AuthOnly/input_Card number_card_number")): Object: 'Object Repository/RecAndPlayBk/Page-Vlink-AuthOnly/input_Card number_card_number' is double clicked on

2022-10-03 22:06:14 - [MESSAGE][PASSED] - Object: 'Object Repository/RecAndPlayBk/Page-Vlink-AuthOnly/input_Card number_card_number' is double clicked on

2022-10-03 22:06:14 - [TEST_STEP][PASSED] - setText(findTestObject("Object Repository/RecAndPlayBk/Page-Vlink-AuthOnly/input_Card number_card_number"), cardNumber): Text '5424000000000015' is set on object 'Object Repository/RecAndPlayBk/Page-Vlink-AuthOnly/input_Card number_card_number'

2022-10-03 22:06:14 - [MESSAGE][PASSED] - Text '5424000000000015' is set on object 'Object Repository/RecAndPlayBk/Page-Vlink-AuthOnly/input_Card number_card_number'

2022-10-03 22:06:14 - [TEST_STEP][PASSED] - setText(findTestObject("Object Repository/RecAndPlayBk/Page-Vlink-AuthOnly/input_Card ex month_card_exmo"), exM): Text '12' is set on object 'Object Repository/RecAndPlayBk/Page-Vlink-AuthOnly/input_Card ex month_card_exmo'

2022-10-03 22:06:15 - [MESSAGE][PASSED] - Text '12' is set on object 'Object Repository/RecAndPlayBk/Page-Vlink-AuthOnly/input_Card ex month_card_exmo'

2022-10-03 22:06:15 - [TEST_STEP][PASSED] - setText(findTestObject("Object Repository/RecAndPlayBk/Page-Vlink-AuthOnly/input_Card ex year_card_exyr"), exY): Text '2029' is set on object 'Object Repository/RecAndPlayBk/Page-Vlink-AuthOnly/input_Card ex year_card_exyr'

2022-10-03 22:06:16 - [MESSAGE][PASSED] - Text '2029' is set on object 'Object Repository/RecAndPlayBk/Page-Vlink-AuthOnly/input_Card ex year_card_exyr'

2022-10-03 22:06:16 - [TEST_STEP][PASSED] - click(findTestObject("Object Repository/RecAndPlayBk/Page-Vlink-AuthOnly/input_Track Data_track_data")): Object: 'Object Repository/RecAndPlayBk/Page-Vlink-AuthOnly/input_Track Data_track_data' is clicked on

2022-10-03 22:06:16 - [MESSAGE][PASSED] - Object: 'Object Repository/RecAndPlayBk/Page-Vlink-AuthOnly/input_Track Data_track_data' is clicked on

2022-10-03 22:06:16 - [TEST_STEP][PASSED] - click(findTestObject("Object Repository/RecAndPlayBk/Page-Vlink-AuthOnly/input_CVV state_cvv_state")): Object: 'Object Repository/RecAndPlayBk/Page-Vlink-AuthOnly/input_CVV state_cvv_state' is clicked on

2022-10-03 22:06:16 - [MESSAGE][PASSED] - Object: 'Object Repository/RecAndPlayBk/Page-Vlink-AuthOnly/input_CVV state_cvv_state' is clicked on

2022-10-03 22:06:16 - [TEST_STEP][PASSED] - setText(findTestObject("Object Repository/RecAndPlayBk/Page-Vlink-AuthOnly/input_Track Data_track_data"), ""): Text '' is set on object 'Object Repository/RecAndPlayBk/Page-Vlink-AuthOnly/input_Track Data_track_data'

2022-10-03 22:06:17 - [MESSAGE][PASSED] - Text '' is set on object 'Object Repository/RecAndPlayBk/Page-Vlink-AuthOnly/input_Track Data_track_data'

2022-10-03 22:06:17 - [TEST_STEP][PASSED] - setText(findTestObject("Object Repository/RecAndPlayBk/Page-Vlink-AuthOnly/input_concat(Cardholder, , s email)_email"), ""): Text '' is set on object 'Object Repository/RecAndPlayBk/Page-Vlink-AuthOnly/input_concat(Cardholder, , s email)_email'

2022-10-03 22:06:18 - [MESSAGE][PASSED] - Text '' is set on object 'Object Repository/RecAndPlayBk/Page-Vlink-AuthOnly/input_concat(Cardholder, , s email)_email'

2022-10-03 22:06:18 - [TEST_STEP][PASSED] - click(findTestObject("Object Repository/RecAndPlayBk/Page-Vlink-AuthOnly/input_user_defined10_user_defined10")): Object: 'Object Repository/RecAndPlayBk/Page-Vlink-AuthOnly/input_user_defined10_user_defined10' is clicked on

2022-10-03 22:06:18 - [MESSAGE][PASSED] - Object: 'Object Repository/RecAndPlayBk/Page-Vlink-AuthOnly/input_user_defined10_user_defined10' is clicked on

2022-10-03 22:06:18 - [TEST_STEP][PASSED] - if (executionProfile.equalsIgnoreCase("QAProfile")): null

2022-10-03 22:06:18 - [TEST_STEP][PASSED] - click(findTestObject("Object Repository/RecAndPlayBk/Page-Vlink-AuthOnly/input")): Object: 'Object Repository/RecAndPlayBk/Page-Vlink-AuthOnly/input' is clicked on

2022-10-03 22:06:19 - [MESSAGE][PASSED] - Object: 'Object Repository/RecAndPlayBk/Page-Vlink-AuthOnly/input' is clicked on

2022-10-03 22:06:19 - [TEST_STEP][PASSED] - if (verifyTextPresent("Transaction approved, no errors", true)): null

2022-10-03 22:06:19 - [MESSAGE][PASSED] - Text 'Transaction approved, no errors' is present on page  using regular expression

2022-10-03 22:06:19 - [TEST_STEP][PASSED] - println("Transaction Approved, no errors text is present on the Confirmation page"): null

2022-10-03 22:06:19 - [TEST_STEP][PASSED] - out.println("Pass Record Number: " + row): null

2022-10-03 22:06:19 - [TEST_STEP][PASSED] - resText = "Pass": null

2022-10-03 22:06:19 - [TEST_STEP][PASSED] - pages.WriteExcel.demoKey(resText, datText, resColumn, datCloumn, fileLoc, nameSheet, row): pages.WriteExcel.demoKey is PASSED

2022-10-03 22:06:19 - [MESSAGE][PASSED] - pages.WriteExcel.demoKey is PASSED

2022-10-03 22:06:19 - [TEST_STEP][PASSED] - ExecuteTC = findTestData(dataFile).getValue("Execute", row): null

2022-10-03 22:06:19 - [TEST_STEP][PASSED] - out.println("Value of Execute is : " + ExecuteTC): null

2022-10-03 22:06:19 - [TEST_STEP][PASSED] - switch (executionProfile): null

2022-10-03 22:06:19 - [TEST_STEP][PASSED] - case "QA2Profile":: null

2022-10-03 22:06:19 - [TEST_STEP][PASSED] - appID = findTestData(dataFile).getValue("AppIDQA", row): null

2022-10-03 22:06:19 - [TEST_STEP][PASSED] - username = findTestData(dataFile).getValue("UsernameQA", row): null

2022-10-03 22:06:19 - [TEST_STEP][PASSED] - password = findTestData(dataFile).getValue("PasswordQA", row): null

2022-10-03 22:06:19 - [TEST_STEP][PASSED] - break: null

2022-10-03 22:06:19 - [TEST_STEP][PASSED] - if (ExecuteTC.equalsIgnoreCase("Y")): null

2022-10-03 22:06:19 - [TEST_STEP][PASSED] - out.println("Begin Record Number: " + row): null

2022-10-03 22:06:19 - [TEST_STEP][PASSED] - today = new java.util.Date(): null

2022-10-03 22:06:19 - [TEST_STEP][PASSED] - println(today): null

2022-10-03 22:06:19 - [TEST_STEP][PASSED] - datText = today: null

2022-10-03 22:06:19 - [TEST_STEP][PASSED] - category = findTestData(dataFile).getValue("Category", row): null

2022-10-03 22:06:19 - [TEST_STEP][PASSED] - amount = findTestData(dataFile).getValue("Amount", row): null

2022-10-03 22:06:19 - [TEST_STEP][PASSED] - cardNumber = findTestData(dataFile).getValue("CardNumber", row): null

2022-10-03 22:06:20 - [TEST_STEP][PASSED] - exM = findTestData(dataFile).getValue("ExM", row): null

2022-10-03 22:06:20 - [TEST_STEP][PASSED] - exY = findTestData(dataFile).getValue("ExY", row): null

2022-10-03 22:06:20 - [TEST_STEP][PASSED] - openBrowser(VLinkURL + "auth.html"): Browser is opened with url: 'https://dev-algorithm.govolution.com/vlinktest/QA2/version_2_0/auth.html'

2022-10-03 22:06:20 - [MESSAGE][WARNING] - A browser is already opened. Closing browser and opening a new one

2022-10-03 22:06:21 - [MESSAGE][INFO] - Starting 'Chrome' driver

2022-10-03 22:06:21 - [MESSAGE][INFO] - User set preference: ['acceptInsecureCerts', 'true']

2022-10-03 22:06:21 - [MESSAGE][INFO] - Action delay is set to 0 milliseconds

2022-10-03 22:06:22 - [MESSAGE][PASSED] - Browser is opened with url: 'https://dev-algorithm.govolution.com/vlinktest/QA2/version_2_0/auth.html'

2022-10-03 22:06:22 - [TEST_STEP][PASSED] - maximizeWindow(): Current window maximized

2022-10-03 22:06:23 - [MESSAGE][PASSED] - Current window maximized

2022-10-03 22:06:23 - [TEST_STEP][PASSED] - maximizeWindow(): Current window maximized

2022-10-03 22:06:23 - [MESSAGE][PASSED] - Current window maximized

2022-10-03 22:06:23 - [TEST_STEP][PASSED] - genRemID = RandomStringUtils.random(12, true, true): null

2022-10-03 22:06:23 - [TEST_STEP][PASSED] - setText(findTestObject("Object Repository/VLink/Page_CCSale/txt_RemID"), genRemID): Text '81BOdzHQ7NYf' is set on object 'Object Repository/VLink/Page_CCSale/txt_RemID'

2022-10-03 22:06:24 - [MESSAGE][PASSED] - Text '81BOdzHQ7NYf' is set on object 'Object Repository/VLink/Page_CCSale/txt_RemID'

2022-10-03 22:06:24 - [TEST_STEP][PASSED] - setText(findTestObject("Object Repository/RecAndPlayBk/Page-Vlink-AuthOnly/input_Remittance Id_remittance_id"), genRemID): Text '81BOdzHQ7NYf' is set on object 'Object Repository/RecAndPlayBk/Page-Vlink-AuthOnly/input_Remittance Id_remittance_id'

2022-10-03 22:06:24 - [MESSAGE][PASSED] - Text '81BOdzHQ7NYf' is set on object 'Object Repository/RecAndPlayBk/Page-Vlink-AuthOnly/input_Remittance Id_remittance_id'

2022-10-03 22:06:24 - [TEST_STEP][PASSED] - setText(findTestObject("Object Repository/RecAndPlayBk/Page-Vlink-AuthOnly/input_Application Id_application_id"), appID): Text '234' is set on object 'Object Repository/RecAndPlayBk/Page-Vlink-AuthOnly/input_Application Id_application_id'

2022-10-03 22:06:25 - [MESSAGE][PASSED] - Text '234' is set on object 'Object Repository/RecAndPlayBk/Page-Vlink-AuthOnly/input_Application Id_application_id'

2022-10-03 22:06:25 - [TEST_STEP][PASSED] - setText(findTestObject("Object Repository/RecAndPlayBk/Page-Vlink-AuthOnly/input_Username_username"), username): Text 'username' is set on object 'Object Repository/RecAndPlayBk/Page-Vlink-AuthOnly/input_Username_username'

2022-10-03 22:06:25 - [MESSAGE][PASSED] - Text 'username' is set on object 'Object Repository/RecAndPlayBk/Page-Vlink-AuthOnly/input_Username_username'

2022-10-03 22:06:25 - [TEST_STEP][PASSED] - setText(findTestObject("Object Repository/RecAndPlayBk/Page-Vlink-AuthOnly/input_Password_password"), password): Text 'password' is set on object 'Object Repository/RecAndPlayBk/Page-Vlink-AuthOnly/input_Password_password'

2022-10-03 22:06:26 - [MESSAGE][PASSED] - Text 'password' is set on object 'Object Repository/RecAndPlayBk/Page-Vlink-AuthOnly/input_Password_password'

2022-10-03 22:06:26 - [TEST_STEP][PASSED] - setText(findTestObject("Object Repository/RecAndPlayBk/Page-Vlink-AuthOnly/input_Category_category"), category): Text 'RETL' is set on object 'Object Repository/RecAndPlayBk/Page-Vlink-AuthOnly/input_Category_category'

2022-10-03 22:06:27 - [MESSAGE][PASSED] - Text 'RETL' is set on object 'Object Repository/RecAndPlayBk/Page-Vlink-AuthOnly/input_Category_category'

2022-10-03 22:06:27 - [TEST_STEP][PASSED] - setText(findTestObject("Object Repository/RecAndPlayBk/Page-Vlink-AuthOnly/input_Amount_amount"), amount): Text '10.5' is set on object 'Object Repository/RecAndPlayBk/Page-Vlink-AuthOnly/input_Amount_amount'

2022-10-03 22:06:27 - [MESSAGE][PASSED] - Text '10.5' is set on object 'Object Repository/RecAndPlayBk/Page-Vlink-AuthOnly/input_Amount_amount'

2022-10-03 22:06:27 - [TEST_STEP][PASSED] - doubleClick(findTestObject("Object Repository/RecAndPlayBk/Page-Vlink-AuthOnly/input_Card number_card_number")): Object: 'Object Repository/RecAndPlayBk/Page-Vlink-AuthOnly/input_Card number_card_number' is double clicked on

2022-10-03 22:06:28 - [MESSAGE][PASSED] - Object: 'Object Repository/RecAndPlayBk/Page-Vlink-AuthOnly/input_Card number_card_number' is double clicked on

2022-10-03 22:06:28 - [TEST_STEP][PASSED] - setText(findTestObject("Object Repository/RecAndPlayBk/Page-Vlink-AuthOnly/input_Card number_card_number"), cardNumber): Text '370000000000002' is set on object 'Object Repository/RecAndPlayBk/Page-Vlink-AuthOnly/input_Card number_card_number'

2022-10-03 22:06:28 - [MESSAGE][PASSED] - Text '370000000000002' is set on object 'Object Repository/RecAndPlayBk/Page-Vlink-AuthOnly/input_Card number_card_number'

2022-10-03 22:06:28 - [TEST_STEP][PASSED] - setText(findTestObject("Object Repository/RecAndPlayBk/Page-Vlink-AuthOnly/input_Card ex month_card_exmo"), exM): Text '12' is set on object 'Object Repository/RecAndPlayBk/Page-Vlink-AuthOnly/input_Card ex month_card_exmo'

2022-10-03 22:06:29 - [MESSAGE][PASSED] - Text '12' is set on object 'Object Repository/RecAndPlayBk/Page-Vlink-AuthOnly/input_Card ex month_card_exmo'

2022-10-03 22:06:29 - [TEST_STEP][PASSED] - setText(findTestObject("Object Repository/RecAndPlayBk/Page-Vlink-AuthOnly/input_Card ex year_card_exyr"), exY): Text '2029' is set on object 'Object Repository/RecAndPlayBk/Page-Vlink-AuthOnly/input_Card ex year_card_exyr'

2022-10-03 22:06:30 - [MESSAGE][PASSED] - Text '2029' is set on object 'Object Repository/RecAndPlayBk/Page-Vlink-AuthOnly/input_Card ex year_card_exyr'

2022-10-03 22:06:30 - [TEST_STEP][PASSED] - click(findTestObject("Object Repository/RecAndPlayBk/Page-Vlink-AuthOnly/input_Track Data_track_data")): Object: 'Object Repository/RecAndPlayBk/Page-Vlink-AuthOnly/input_Track Data_track_data' is clicked on

2022-10-03 22:06:30 - [MESSAGE][PASSED] - Object: 'Object Repository/RecAndPlayBk/Page-Vlink-AuthOnly/input_Track Data_track_data' is clicked on

2022-10-03 22:06:30 - [TEST_STEP][PASSED] - click(findTestObject("Object Repository/RecAndPlayBk/Page-Vlink-AuthOnly/input_CVV state_cvv_state")): Object: 'Object Repository/RecAndPlayBk/Page-Vlink-AuthOnly/input_CVV state_cvv_state' is clicked on

2022-10-03 22:06:30 - [MESSAGE][PASSED] - Object: 'Object Repository/RecAndPlayBk/Page-Vlink-AuthOnly/input_CVV state_cvv_state' is clicked on

2022-10-03 22:06:30 - [TEST_STEP][PASSED] - setText(findTestObject("Object Repository/RecAndPlayBk/Page-Vlink-AuthOnly/input_Track Data_track_data"), ""): Text '' is set on object 'Object Repository/RecAndPlayBk/Page-Vlink-AuthOnly/input_Track Data_track_data'

2022-10-03 22:06:31 - [MESSAGE][PASSED] - Text '' is set on object 'Object Repository/RecAndPlayBk/Page-Vlink-AuthOnly/input_Track Data_track_data'

2022-10-03 22:06:31 - [TEST_STEP][PASSED] - setText(findTestObject("Object Repository/RecAndPlayBk/Page-Vlink-AuthOnly/input_concat(Cardholder, , s email)_email"), ""): Text '' is set on object 'Object Repository/RecAndPlayBk/Page-Vlink-AuthOnly/input_concat(Cardholder, , s email)_email'

2022-10-03 22:06:31 - [MESSAGE][PASSED] - Text '' is set on object 'Object Repository/RecAndPlayBk/Page-Vlink-AuthOnly/input_concat(Cardholder, , s email)_email'

2022-10-03 22:06:31 - [TEST_STEP][PASSED] - click(findTestObject("Object Repository/RecAndPlayBk/Page-Vlink-AuthOnly/input_user_defined10_user_defined10")): Object: 'Object Repository/RecAndPlayBk/Page-Vlink-AuthOnly/input_user_defined10_user_defined10' is clicked on

2022-10-03 22:06:32 - [MESSAGE][PASSED] - Object: 'Object Repository/RecAndPlayBk/Page-Vlink-AuthOnly/input_user_defined10_user_defined10' is clicked on

2022-10-03 22:06:32 - [TEST_STEP][PASSED] - if (executionProfile.equalsIgnoreCase("QAProfile")): null

2022-10-03 22:06:32 - [TEST_STEP][PASSED] - click(findTestObject("Object Repository/RecAndPlayBk/Page-Vlink-AuthOnly/input")): Object: 'Object Repository/RecAndPlayBk/Page-Vlink-AuthOnly/input' is clicked on

2022-10-03 22:06:33 - [MESSAGE][PASSED] - Object: 'Object Repository/RecAndPlayBk/Page-Vlink-AuthOnly/input' is clicked on

2022-10-03 22:06:33 - [TEST_STEP][PASSED] - if (verifyTextPresent("Transaction approved, no errors", true)): null

2022-10-03 22:06:33 - [MESSAGE][PASSED] - Text 'Transaction approved, no errors' is present on page  using regular expression

2022-10-03 22:06:33 - [TEST_STEP][PASSED] - println("Transaction Approved, no errors text is present on the Confirmation page"): null

2022-10-03 22:06:33 - [TEST_STEP][PASSED] - out.println("Pass Record Number: " + row): null

2022-10-03 22:06:33 - [TEST_STEP][PASSED] - resText = "Pass": null

2022-10-03 22:06:33 - [TEST_STEP][PASSED] - pages.WriteExcel.demoKey(resText, datText, resColumn, datCloumn, fileLoc, nameSheet, row): pages.WriteExcel.demoKey is PASSED

2022-10-03 22:06:33 - [MESSAGE][PASSED] - pages.WriteExcel.demoKey is PASSED

2022-10-03 22:06:33 - [TEST_STEP][PASSED] - ExecuteTC = findTestData(dataFile).getValue("Execute", row): null

2022-10-03 22:06:33 - [TEST_STEP][PASSED] - out.println("Value of Execute is : " + ExecuteTC): null

2022-10-03 22:06:33 - [TEST_STEP][PASSED] - switch (executionProfile): null

2022-10-03 22:06:33 - [TEST_STEP][PASSED] - case "QA2Profile":: null

2022-10-03 22:06:33 - [TEST_STEP][PASSED] - appID = findTestData(dataFile).getValue("AppIDQA", row): null

2022-10-03 22:06:33 - [TEST_STEP][PASSED] - username = findTestData(dataFile).getValue("UsernameQA", row): null

2022-10-03 22:06:33 - [TEST_STEP][PASSED] - password = findTestData(dataFile).getValue("PasswordQA", row): null

2022-10-03 22:06:33 - [TEST_STEP][PASSED] - break: null

2022-10-03 22:06:33 - [TEST_STEP][FAILED] - if (ExecuteTC.equalsIgnoreCase("Y")): null

2022-10-03 22:06:33 - [TEST_STEP][PASSED] - out.println("Begin Record Number: " + row): null

2022-10-03 22:06:33 - [TEST_STEP][PASSED] - today = new java.util.Date(): null

2022-10-03 22:06:33 - [TEST_STEP][PASSED] - println(today): null

2022-10-03 22:06:33 - [TEST_STEP][PASSED] - datText = today: null

2022-10-03 22:06:33 - [TEST_STEP][PASSED] - category = findTestData(dataFile).getValue("Category", row): null

2022-10-03 22:06:33 - [TEST_STEP][PASSED] - amount = findTestData(dataFile).getValue("Amount", row): null

2022-10-03 22:06:34 - [TEST_STEP][PASSED] - cardNumber = findTestData(dataFile).getValue("CardNumber", row): null

2022-10-03 22:06:34 - [TEST_STEP][PASSED] - exM = findTestData(dataFile).getValue("ExM", row): null

2022-10-03 22:06:34 - [TEST_STEP][PASSED] - exY = findTestData(dataFile).getValue("ExY", row): null

2022-10-03 22:06:34 - [TEST_STEP][PASSED] - openBrowser(VLinkURL + "auth.html"): Browser is opened with url: 'https://dev-algorithm.govolution.com/vlinktest/QA2/version_2_0/auth.html'

2022-10-03 22:06:34 - [MESSAGE][WARNING] - A browser is already opened. Closing browser and opening a new one

2022-10-03 22:06:35 - [MESSAGE][INFO] - Starting 'Chrome' driver

2022-10-03 22:06:35 - [MESSAGE][INFO] - User set preference: ['acceptInsecureCerts', 'true']

2022-10-03 22:06:35 - [MESSAGE][INFO] - Action delay is set to 0 milliseconds

2022-10-03 22:06:36 - [MESSAGE][PASSED] - Browser is opened with url: 'https://dev-algorithm.govolution.com/vlinktest/QA2/version_2_0/auth.html'

2022-10-03 22:06:36 - [TEST_STEP][PASSED] - maximizeWindow(): Current window maximized

2022-10-03 22:06:37 - [MESSAGE][PASSED] - Current window maximized

2022-10-03 22:06:37 - [TEST_STEP][PASSED] - maximizeWindow(): Current window maximized

2022-10-03 22:06:37 - [MESSAGE][PASSED] - Current window maximized

2022-10-03 22:06:37 - [TEST_STEP][PASSED] - genRemID = RandomStringUtils.random(12, true, true): null

2022-10-03 22:06:37 - [TEST_STEP][PASSED] - setText(findTestObject("Object Repository/VLink/Page_CCSale/txt_RemID"), genRemID): Text 'BI0Q0tm2PKCo' is set on object 'Object Repository/VLink/Page_CCSale/txt_RemID'

2022-10-03 22:06:37 - [MESSAGE][PASSED] - Text 'BI0Q0tm2PKCo' is set on object 'Object Repository/VLink/Page_CCSale/txt_RemID'

2022-10-03 22:06:37 - [TEST_STEP][PASSED] - setText(findTestObject("Object Repository/RecAndPlayBk/Page-Vlink-AuthOnly/input_Remittance Id_remittance_id"), genRemID): Text 'BI0Q0tm2PKCo' is set on object 'Object Repository/RecAndPlayBk/Page-Vlink-AuthOnly/input_Remittance Id_remittance_id'

2022-10-03 22:06:38 - [MESSAGE][PASSED] - Text 'BI0Q0tm2PKCo' is set on object 'Object Repository/RecAndPlayBk/Page-Vlink-AuthOnly/input_Remittance Id_remittance_id'

2022-10-03 22:06:38 - [TEST_STEP][PASSED] - setText(findTestObject("Object Repository/RecAndPlayBk/Page-Vlink-AuthOnly/input_Application Id_application_id"), appID): Text '87' is set on object 'Object Repository/RecAndPlayBk/Page-Vlink-AuthOnly/input_Application Id_application_id'

2022-10-03 22:06:39 - [MESSAGE][PASSED] - Text '87' is set on object 'Object Repository/RecAndPlayBk/Page-Vlink-AuthOnly/input_Application Id_application_id'

2022-10-03 22:06:39 - [TEST_STEP][PASSED] - setText(findTestObject("Object Repository/RecAndPlayBk/Page-Vlink-AuthOnly/input_Username_username"), username): Text 'username' is set on object 'Object Repository/RecAndPlayBk/Page-Vlink-AuthOnly/input_Username_username'

2022-10-03 22:06:39 - [MESSAGE][PASSED] - Text 'username' is set on object 'Object Repository/RecAndPlayBk/Page-Vlink-AuthOnly/input_Username_username'

2022-10-03 22:06:39 - [TEST_STEP][PASSED] - setText(findTestObject("Object Repository/RecAndPlayBk/Page-Vlink-AuthOnly/input_Password_password"), password): Text 'password' is set on object 'Object Repository/RecAndPlayBk/Page-Vlink-AuthOnly/input_Password_password'

2022-10-03 22:06:40 - [MESSAGE][PASSED] - Text 'password' is set on object 'Object Repository/RecAndPlayBk/Page-Vlink-AuthOnly/input_Password_password'

2022-10-03 22:06:40 - [TEST_STEP][PASSED] - setText(findTestObject("Object Repository/RecAndPlayBk/Page-Vlink-AuthOnly/input_Category_category"), category): Text 'ECOM' is set on object 'Object Repository/RecAndPlayBk/Page-Vlink-AuthOnly/input_Category_category'

2022-10-03 22:06:41 - [MESSAGE][PASSED] - Text 'ECOM' is set on object 'Object Repository/RecAndPlayBk/Page-Vlink-AuthOnly/input_Category_category'

2022-10-03 22:06:41 - [TEST_STEP][PASSED] - setText(findTestObject("Object Repository/RecAndPlayBk/Page-Vlink-AuthOnly/input_Amount_amount"), amount): Text '10.5' is set on object 'Object Repository/RecAndPlayBk/Page-Vlink-AuthOnly/input_Amount_amount'

2022-10-03 22:06:41 - [MESSAGE][PASSED] - Text '10.5' is set on object 'Object Repository/RecAndPlayBk/Page-Vlink-AuthOnly/input_Amount_amount'

2022-10-03 22:06:41 - [TEST_STEP][PASSED] - doubleClick(findTestObject("Object Repository/RecAndPlayBk/Page-Vlink-AuthOnly/input_Card number_card_number")): Object: 'Object Repository/RecAndPlayBk/Page-Vlink-AuthOnly/input_Card number_card_number' is double clicked on

2022-10-03 22:06:42 - [MESSAGE][PASSED] - Object: 'Object Repository/RecAndPlayBk/Page-Vlink-AuthOnly/input_Card number_card_number' is double clicked on

2022-10-03 22:06:42 - [TEST_STEP][PASSED] - setText(findTestObject("Object Repository/RecAndPlayBk/Page-Vlink-AuthOnly/input_Card number_card_number"), cardNumber): Text '4012000098765439' is set on object 'Object Repository/RecAndPlayBk/Page-Vlink-AuthOnly/input_Card number_card_number'

2022-10-03 22:06:42 - [MESSAGE][PASSED] - Text '4012000098765439' is set on object 'Object Repository/RecAndPlayBk/Page-Vlink-AuthOnly/input_Card number_card_number'

2022-10-03 22:06:42 - [TEST_STEP][PASSED] - setText(findTestObject("Object Repository/RecAndPlayBk/Page-Vlink-AuthOnly/input_Card ex month_card_exmo"), exM): Text '12' is set on object 'Object Repository/RecAndPlayBk/Page-Vlink-AuthOnly/input_Card ex month_card_exmo'

2022-10-03 22:06:43 - [MESSAGE][PASSED] - Text '12' is set on object 'Object Repository/RecAndPlayBk/Page-Vlink-AuthOnly/input_Card ex month_card_exmo'

2022-10-03 22:06:43 - [TEST_STEP][PASSED] - setText(findTestObject("Object Repository/RecAndPlayBk/Page-Vlink-AuthOnly/input_Card ex year_card_exyr"), exY): Text '2029' is set on object 'Object Repository/RecAndPlayBk/Page-Vlink-AuthOnly/input_Card ex year_card_exyr'

2022-10-03 22:06:43 - [MESSAGE][PASSED] - Text '2029' is set on object 'Object Repository/RecAndPlayBk/Page-Vlink-AuthOnly/input_Card ex year_card_exyr'

2022-10-03 22:06:43 - [TEST_STEP][PASSED] - click(findTestObject("Object Repository/RecAndPlayBk/Page-Vlink-AuthOnly/input_Track Data_track_data")): Object: 'Object Repository/RecAndPlayBk/Page-Vlink-AuthOnly/input_Track Data_track_data' is clicked on

2022-10-03 22:06:44 - [MESSAGE][PASSED] - Object: 'Object Repository/RecAndPlayBk/Page-Vlink-AuthOnly/input_Track Data_track_data' is clicked on

2022-10-03 22:06:44 - [TEST_STEP][PASSED] - click(findTestObject("Object Repository/RecAndPlayBk/Page-Vlink-AuthOnly/input_CVV state_cvv_state")): Object: 'Object Repository/RecAndPlayBk/Page-Vlink-AuthOnly/input_CVV state_cvv_state' is clicked on

2022-10-03 22:06:44 - [MESSAGE][PASSED] - Object: 'Object Repository/RecAndPlayBk/Page-Vlink-AuthOnly/input_CVV state_cvv_state' is clicked on

2022-10-03 22:06:44 - [TEST_STEP][PASSED] - setText(findTestObject("Object Repository/RecAndPlayBk/Page-Vlink-AuthOnly/input_Track Data_track_data"), ""): Text '' is set on object 'Object Repository/RecAndPlayBk/Page-Vlink-AuthOnly/input_Track Data_track_data'

2022-10-03 22:06:45 - [MESSAGE][PASSED] - Text '' is set on object 'Object Repository/RecAndPlayBk/Page-Vlink-AuthOnly/input_Track Data_track_data'

2022-10-03 22:06:45 - [TEST_STEP][PASSED] - setText(findTestObject("Object Repository/RecAndPlayBk/Page-Vlink-AuthOnly/input_concat(Cardholder, , s email)_email"), ""): Text '' is set on object 'Object Repository/RecAndPlayBk/Page-Vlink-AuthOnly/input_concat(Cardholder, , s email)_email'

2022-10-03 22:06:45 - [MESSAGE][PASSED] - Text '' is set on object 'Object Repository/RecAndPlayBk/Page-Vlink-AuthOnly/input_concat(Cardholder, , s email)_email'

2022-10-03 22:06:45 - [TEST_STEP][PASSED] - click(findTestObject("Object Repository/RecAndPlayBk/Page-Vlink-AuthOnly/input_user_defined10_user_defined10")): Object: 'Object Repository/RecAndPlayBk/Page-Vlink-AuthOnly/input_user_defined10_user_defined10' is clicked on

2022-10-03 22:06:46 - [MESSAGE][PASSED] - Object: 'Object Repository/RecAndPlayBk/Page-Vlink-AuthOnly/input_user_defined10_user_defined10' is clicked on

2022-10-03 22:06:46 - [TEST_STEP][PASSED] - if (executionProfile.equalsIgnoreCase("QAProfile")): null

2022-10-03 22:06:46 - [TEST_STEP][PASSED] - click(findTestObject("Object Repository/RecAndPlayBk/Page-Vlink-AuthOnly/input")): Object: 'Object Repository/RecAndPlayBk/Page-Vlink-AuthOnly/input' is clicked on

2022-10-03 22:06:48 - [MESSAGE][PASSED] - Object: 'Object Repository/RecAndPlayBk/Page-Vlink-AuthOnly/input' is clicked on

2022-10-03 22:06:48 - [TEST_STEP][FAILED] - if (verifyTextPresent("Transaction approved, no errors", true)): Text 'Transaction approved, no errors' is not present on page  using regular expression (Root cause: com.kms.katalon.core.exception.StepFailedException: Text 'Transaction approved, no errors' is not present on page  using regular expression
	at com.kms.katalon.core.webui.keyword.internal.WebUIKeywordMain.stepFailed(WebUIKeywordMain.groovy:64)
	at com.kms.katalon.core.webui.keyword.builtin.VerifyTextPresentKeyword$_verifyTextPresent_closure1.doCall(VerifyTextPresentKeyword.groovy:79)
	at com.kms.katalon.core.webui.keyword.builtin.VerifyTextPresentKeyword$_verifyTextPresent_closure1.call(VerifyTextPresentKeyword.groovy)
	at com.kms.katalon.core.webui.keyword.internal.WebUIKeywordMain.runKeyword(WebUIKeywordMain.groovy:20)
	at com.kms.katalon.core.webui.keyword.builtin.VerifyTextPresentKeyword.verifyTextPresent(VerifyTextPresentKeyword.groovy:83)
	at com.kms.katalon.core.webui.keyword.builtin.VerifyTextPresentKeyword.execute(VerifyTextPresentKeyword.groovy:68)
	at com.kms.katalon.core.keyword.internal.KeywordExecutor.executeKeywordForPlatform(KeywordExecutor.groovy:74)
	at com.kms.katalon.core.webui.keyword.WebUiBuiltInKeywords.verifyTextPresent(WebUiBuiltInKeywords.groovy:1723)
	at com.kms.katalon.core.webui.keyword.WebUiBuiltInKeywords$verifyTextPresent$4.call(Unknown Source)
	at AuthOnly.run(AuthOnly:157)
	at com.kms.katalon.core.main.ScriptEngine.run(ScriptEngine.java:194)
	at com.kms.katalon.core.main.ScriptEngine.runScriptAsRawText(ScriptEngine.java:119)
	at com.kms.katalon.core.main.TestCaseExecutor.runScript(TestCaseExecutor.java:442)
	at com.kms.katalon.core.main.TestCaseExecutor.doExecute(TestCaseExecutor.java:433)
	at com.kms.katalon.core.main.TestCaseExecutor.processExecutionPhase(TestCaseExecutor.java:412)
	at com.kms.katalon.core.main.TestCaseExecutor.accessMainPhase(TestCaseExecutor.java:404)
	at com.kms.katalon.core.main.TestCaseExecutor.execute(TestCaseExecutor.java:281)
	at com.kms.katalon.core.main.TestSuiteExecutor.accessTestCaseMainPhase(TestSuiteExecutor.java:202)
	at com.kms.katalon.core.main.TestSuiteExecutor.accessTestSuiteMainPhase(TestSuiteExecutor.java:164)
	at com.kms.katalon.core.main.TestSuiteExecutor.execute(TestSuiteExecutor.java:105)
	at com.kms.katalon.core.main.TestCaseMain.startTestSuite(TestCaseMain.java:185)
	at com.kms.katalon.core.main.TestCaseMain$startTestSuite$0.call(Unknown Source)
	at TempTestSuite1664849143004.run(TempTestSuite1664849143004.groovy:36)
)

2022-10-03 22:06:48 - [MESSAGE][FAILED] - Text 'Transaction approved, no errors' is not present on page  using regular expression (Root cause: com.kms.katalon.core.exception.StepFailedException: Text 'Transaction approved, no errors' is not present on page  using regular expression
	at com.kms.katalon.core.webui.keyword.internal.WebUIKeywordMain.stepFailed(WebUIKeywordMain.groovy:64)
	at com.kms.katalon.core.webui.keyword.builtin.VerifyTextPresentKeyword$_verifyTextPresent_closure1.doCall(VerifyTextPresentKeyword.groovy:79)
	at com.kms.katalon.core.webui.keyword.builtin.VerifyTextPresentKeyword$_verifyTextPresent_closure1.call(VerifyTextPresentKeyword.groovy)
	at com.kms.katalon.core.webui.keyword.internal.WebUIKeywordMain.runKeyword(WebUIKeywordMain.groovy:20)
	at com.kms.katalon.core.webui.keyword.builtin.VerifyTextPresentKeyword.verifyTextPresent(VerifyTextPresentKeyword.groovy:83)
	at com.kms.katalon.core.webui.keyword.builtin.VerifyTextPresentKeyword.execute(VerifyTextPresentKeyword.groovy:68)
	at com.kms.katalon.core.keyword.internal.KeywordExecutor.executeKeywordForPlatform(KeywordExecutor.groovy:74)
	at com.kms.katalon.core.webui.keyword.WebUiBuiltInKeywords.verifyTextPresent(WebUiBuiltInKeywords.groovy:1723)
	at com.kms.katalon.core.webui.keyword.WebUiBuiltInKeywords$verifyTextPresent$4.call(Unknown Source)
	at AuthOnly.run(AuthOnly:157)
	at com.kms.katalon.core.main.ScriptEngine.run(ScriptEngine.java:194)
	at com.kms.katalon.core.main.ScriptEngine.runScriptAsRawText(ScriptEngine.java:119)
	at com.kms.katalon.core.main.TestCaseExecutor.runScript(TestCaseExecutor.java:442)
	at com.kms.katalon.core.main.TestCaseExecutor.doExecute(TestCaseExecutor.java:433)
	at com.kms.katalon.core.main.TestCaseExecutor.processExecutionPhase(TestCaseExecutor.java:412)
	at com.kms.katalon.core.main.TestCaseExecutor.accessMainPhase(TestCaseExecutor.java:404)
	at com.kms.katalon.core.main.TestCaseExecutor.execute(TestCaseExecutor.java:281)
	at com.kms.katalon.core.main.TestSuiteExecutor.accessTestCaseMainPhase(TestSuiteExecutor.java:202)
	at com.kms.katalon.core.main.TestSuiteExecutor.accessTestSuiteMainPhase(TestSuiteExecutor.java:164)
	at com.kms.katalon.core.main.TestSuiteExecutor.execute(TestSuiteExecutor.java:105)
	at com.kms.katalon.core.main.TestCaseMain.startTestSuite(TestCaseMain.java:185)
	at com.kms.katalon.core.main.TestCaseMain$startTestSuite$0.call(Unknown Source)
	at TempTestSuite1664849143004.run(TempTestSuite1664849143004.groovy:36)
)

2022-10-03 22:06:48 - [TEST_STEP][PASSED] - else: pages.WriteExcel.demoKey is PASSED

2022-10-03 22:06:48 - [TEST_STEP][PASSED] - println("Transaction Approved, no errors text is not present on the Confirmation page"): null

2022-10-03 22:06:48 - [TEST_STEP][PASSED] - out.println("Fail Record Number: " + row): null

2022-10-03 22:06:48 - [TEST_STEP][PASSED] - resText = "Fail": null

2022-10-03 22:06:48 - [TEST_STEP][PASSED] - pages.WriteExcel.demoKey(resText, datText, resColumn, datCloumn, fileLoc, nameSheet, row): pages.WriteExcel.demoKey is PASSED

2022-10-03 22:06:48 - [MESSAGE][PASSED] - pages.WriteExcel.demoKey is PASSED

2022-10-03 22:06:48 - [TEST_STEP][PASSED] - ExecuteTC = findTestData(dataFile).getValue("Execute", row): null

2022-10-03 22:06:48 - [TEST_STEP][PASSED] - out.println("Value of Execute is : " + ExecuteTC): null

2022-10-03 22:06:48 - [TEST_STEP][PASSED] - switch (executionProfile): null

2022-10-03 22:06:48 - [TEST_STEP][PASSED] - case "QA2Profile":: null

2022-10-03 22:06:48 - [TEST_STEP][PASSED] - appID = findTestData(dataFile).getValue("AppIDQA", row): null

2022-10-03 22:06:48 - [TEST_STEP][PASSED] - username = findTestData(dataFile).getValue("UsernameQA", row): null

2022-10-03 22:06:48 - [TEST_STEP][PASSED] - password = findTestData(dataFile).getValue("PasswordQA", row): null

2022-10-03 22:06:48 - [TEST_STEP][PASSED] - break: null

2022-10-03 22:06:48 - [TEST_STEP][FAILED] - if (ExecuteTC.equalsIgnoreCase("Y")): null

2022-10-03 22:06:48 - [TEST_STEP][PASSED] - out.println("Begin Record Number: " + row): null

2022-10-03 22:06:48 - [TEST_STEP][PASSED] - today = new java.util.Date(): null

2022-10-03 22:06:48 - [TEST_STEP][PASSED] - println(today): null

2022-10-03 22:06:48 - [TEST_STEP][PASSED] - datText = today: null

2022-10-03 22:06:48 - [TEST_STEP][PASSED] - category = findTestData(dataFile).getValue("Category", row): null

2022-10-03 22:06:48 - [TEST_STEP][PASSED] - amount = findTestData(dataFile).getValue("Amount", row): null

2022-10-03 22:06:48 - [TEST_STEP][PASSED] - cardNumber = findTestData(dataFile).getValue("CardNumber", row): null

2022-10-03 22:06:48 - [TEST_STEP][PASSED] - exM = findTestData(dataFile).getValue("ExM", row): null

2022-10-03 22:06:48 - [TEST_STEP][PASSED] - exY = findTestData(dataFile).getValue("ExY", row): null

2022-10-03 22:06:48 - [TEST_STEP][PASSED] - openBrowser(VLinkURL + "auth.html"): Browser is opened with url: 'https://dev-algorithm.govolution.com/vlinktest/QA2/version_2_0/auth.html'

2022-10-03 22:06:48 - [MESSAGE][WARNING] - A browser is already opened. Closing browser and opening a new one

2022-10-03 22:06:49 - [MESSAGE][INFO] - Starting 'Chrome' driver

2022-10-03 22:06:49 - [MESSAGE][INFO] - User set preference: ['acceptInsecureCerts', 'true']

2022-10-03 22:06:49 - [MESSAGE][INFO] - Action delay is set to 0 milliseconds

2022-10-03 22:06:51 - [MESSAGE][PASSED] - Browser is opened with url: 'https://dev-algorithm.govolution.com/vlinktest/QA2/version_2_0/auth.html'

2022-10-03 22:06:51 - [TEST_STEP][PASSED] - maximizeWindow(): Current window maximized

2022-10-03 22:06:51 - [MESSAGE][PASSED] - Current window maximized

2022-10-03 22:06:51 - [TEST_STEP][PASSED] - maximizeWindow(): Current window maximized

2022-10-03 22:06:51 - [MESSAGE][PASSED] - Current window maximized

2022-10-03 22:06:51 - [TEST_STEP][PASSED] - genRemID = RandomStringUtils.random(12, true, true): null

2022-10-03 22:06:51 - [TEST_STEP][PASSED] - setText(findTestObject("Object Repository/VLink/Page_CCSale/txt_RemID"), genRemID): Text 'JSjVt6kOD460' is set on object 'Object Repository/VLink/Page_CCSale/txt_RemID'

2022-10-03 22:06:52 - [MESSAGE][PASSED] - Text 'JSjVt6kOD460' is set on object 'Object Repository/VLink/Page_CCSale/txt_RemID'

2022-10-03 22:06:52 - [TEST_STEP][PASSED] - setText(findTestObject("Object Repository/RecAndPlayBk/Page-Vlink-AuthOnly/input_Remittance Id_remittance_id"), genRemID): Text 'JSjVt6kOD460' is set on object 'Object Repository/RecAndPlayBk/Page-Vlink-AuthOnly/input_Remittance Id_remittance_id'

2022-10-03 22:06:53 - [MESSAGE][PASSED] - Text 'JSjVt6kOD460' is set on object 'Object Repository/RecAndPlayBk/Page-Vlink-AuthOnly/input_Remittance Id_remittance_id'

2022-10-03 22:06:53 - [TEST_STEP][PASSED] - setText(findTestObject("Object Repository/RecAndPlayBk/Page-Vlink-AuthOnly/input_Application Id_application_id"), appID): Text '581' is set on object 'Object Repository/RecAndPlayBk/Page-Vlink-AuthOnly/input_Application Id_application_id'

2022-10-03 22:06:54 - [MESSAGE][PASSED] - Text '581' is set on object 'Object Repository/RecAndPlayBk/Page-Vlink-AuthOnly/input_Application Id_application_id'

2022-10-03 22:06:54 - [TEST_STEP][PASSED] - setText(findTestObject("Object Repository/RecAndPlayBk/Page-Vlink-AuthOnly/input_Username_username"), username): Text 'usr581' is set on object 'Object Repository/RecAndPlayBk/Page-Vlink-AuthOnly/input_Username_username'

2022-10-03 22:06:54 - [MESSAGE][PASSED] - Text 'usr581' is set on object 'Object Repository/RecAndPlayBk/Page-Vlink-AuthOnly/input_Username_username'

2022-10-03 22:06:54 - [TEST_STEP][PASSED] - setText(findTestObject("Object Repository/RecAndPlayBk/Page-Vlink-AuthOnly/input_Password_password"), password): Text 'pwd581' is set on object 'Object Repository/RecAndPlayBk/Page-Vlink-AuthOnly/input_Password_password'

2022-10-03 22:06:55 - [MESSAGE][PASSED] - Text 'pwd581' is set on object 'Object Repository/RecAndPlayBk/Page-Vlink-AuthOnly/input_Password_password'

2022-10-03 22:06:55 - [TEST_STEP][PASSED] - setText(findTestObject("Object Repository/RecAndPlayBk/Page-Vlink-AuthOnly/input_Category_category"), category): Text 'ECOM' is set on object 'Object Repository/RecAndPlayBk/Page-Vlink-AuthOnly/input_Category_category'

2022-10-03 22:06:56 - [MESSAGE][PASSED] - Text 'ECOM' is set on object 'Object Repository/RecAndPlayBk/Page-Vlink-AuthOnly/input_Category_category'

2022-10-03 22:06:56 - [TEST_STEP][PASSED] - setText(findTestObject("Object Repository/RecAndPlayBk/Page-Vlink-AuthOnly/input_Amount_amount"), amount): Text '10.5' is set on object 'Object Repository/RecAndPlayBk/Page-Vlink-AuthOnly/input_Amount_amount'

2022-10-03 22:06:56 - [MESSAGE][PASSED] - Text '10.5' is set on object 'Object Repository/RecAndPlayBk/Page-Vlink-AuthOnly/input_Amount_amount'

2022-10-03 22:06:56 - [TEST_STEP][PASSED] - doubleClick(findTestObject("Object Repository/RecAndPlayBk/Page-Vlink-AuthOnly/input_Card number_card_number")): Object: 'Object Repository/RecAndPlayBk/Page-Vlink-AuthOnly/input_Card number_card_number' is double clicked on

2022-10-03 22:06:57 - [MESSAGE][PASSED] - Object: 'Object Repository/RecAndPlayBk/Page-Vlink-AuthOnly/input_Card number_card_number' is double clicked on

2022-10-03 22:06:57 - [TEST_STEP][PASSED] - setText(findTestObject("Object Repository/RecAndPlayBk/Page-Vlink-AuthOnly/input_Card number_card_number"), cardNumber): Text '5146312200000035' is set on object 'Object Repository/RecAndPlayBk/Page-Vlink-AuthOnly/input_Card number_card_number'

2022-10-03 22:06:57 - [MESSAGE][PASSED] - Text '5146312200000035' is set on object 'Object Repository/RecAndPlayBk/Page-Vlink-AuthOnly/input_Card number_card_number'

2022-10-03 22:06:57 - [TEST_STEP][PASSED] - setText(findTestObject("Object Repository/RecAndPlayBk/Page-Vlink-AuthOnly/input_Card ex month_card_exmo"), exM): Text '12' is set on object 'Object Repository/RecAndPlayBk/Page-Vlink-AuthOnly/input_Card ex month_card_exmo'

2022-10-03 22:06:58 - [MESSAGE][PASSED] - Text '12' is set on object 'Object Repository/RecAndPlayBk/Page-Vlink-AuthOnly/input_Card ex month_card_exmo'

2022-10-03 22:06:58 - [TEST_STEP][PASSED] - setText(findTestObject("Object Repository/RecAndPlayBk/Page-Vlink-AuthOnly/input_Card ex year_card_exyr"), exY): Text '2029' is set on object 'Object Repository/RecAndPlayBk/Page-Vlink-AuthOnly/input_Card ex year_card_exyr'

2022-10-03 22:06:58 - [MESSAGE][PASSED] - Text '2029' is set on object 'Object Repository/RecAndPlayBk/Page-Vlink-AuthOnly/input_Card ex year_card_exyr'

2022-10-03 22:06:58 - [TEST_STEP][PASSED] - click(findTestObject("Object Repository/RecAndPlayBk/Page-Vlink-AuthOnly/input_Track Data_track_data")): Object: 'Object Repository/RecAndPlayBk/Page-Vlink-AuthOnly/input_Track Data_track_data' is clicked on

2022-10-03 22:06:59 - [MESSAGE][PASSED] - Object: 'Object Repository/RecAndPlayBk/Page-Vlink-AuthOnly/input_Track Data_track_data' is clicked on

2022-10-03 22:06:59 - [TEST_STEP][PASSED] - click(findTestObject("Object Repository/RecAndPlayBk/Page-Vlink-AuthOnly/input_CVV state_cvv_state")): Object: 'Object Repository/RecAndPlayBk/Page-Vlink-AuthOnly/input_CVV state_cvv_state' is clicked on

2022-10-03 22:06:59 - [MESSAGE][PASSED] - Object: 'Object Repository/RecAndPlayBk/Page-Vlink-AuthOnly/input_CVV state_cvv_state' is clicked on

2022-10-03 22:06:59 - [TEST_STEP][PASSED] - setText(findTestObject("Object Repository/RecAndPlayBk/Page-Vlink-AuthOnly/input_Track Data_track_data"), ""): Text '' is set on object 'Object Repository/RecAndPlayBk/Page-Vlink-AuthOnly/input_Track Data_track_data'

2022-10-03 22:07:00 - [MESSAGE][PASSED] - Text '' is set on object 'Object Repository/RecAndPlayBk/Page-Vlink-AuthOnly/input_Track Data_track_data'

2022-10-03 22:07:00 - [TEST_STEP][PASSED] - setText(findTestObject("Object Repository/RecAndPlayBk/Page-Vlink-AuthOnly/input_concat(Cardholder, , s email)_email"), ""): Text '' is set on object 'Object Repository/RecAndPlayBk/Page-Vlink-AuthOnly/input_concat(Cardholder, , s email)_email'

2022-10-03 22:07:00 - [MESSAGE][PASSED] - Text '' is set on object 'Object Repository/RecAndPlayBk/Page-Vlink-AuthOnly/input_concat(Cardholder, , s email)_email'

2022-10-03 22:07:00 - [TEST_STEP][PASSED] - click(findTestObject("Object Repository/RecAndPlayBk/Page-Vlink-AuthOnly/input_user_defined10_user_defined10")): Object: 'Object Repository/RecAndPlayBk/Page-Vlink-AuthOnly/input_user_defined10_user_defined10' is clicked on

2022-10-03 22:07:01 - [MESSAGE][PASSED] - Object: 'Object Repository/RecAndPlayBk/Page-Vlink-AuthOnly/input_user_defined10_user_defined10' is clicked on

2022-10-03 22:07:01 - [TEST_STEP][PASSED] - if (executionProfile.equalsIgnoreCase("QAProfile")): null

2022-10-03 22:07:01 - [TEST_STEP][PASSED] - click(findTestObject("Object Repository/RecAndPlayBk/Page-Vlink-AuthOnly/input")): Object: 'Object Repository/RecAndPlayBk/Page-Vlink-AuthOnly/input' is clicked on

2022-10-03 22:07:02 - [MESSAGE][PASSED] - Object: 'Object Repository/RecAndPlayBk/Page-Vlink-AuthOnly/input' is clicked on

2022-10-03 22:07:02 - [TEST_STEP][FAILED] - if (verifyTextPresent("Transaction approved, no errors", true)): Text 'Transaction approved, no errors' is not present on page  using regular expression (Root cause: com.kms.katalon.core.exception.StepFailedException: Text 'Transaction approved, no errors' is not present on page  using regular expression
	at com.kms.katalon.core.webui.keyword.internal.WebUIKeywordMain.stepFailed(WebUIKeywordMain.groovy:64)
	at com.kms.katalon.core.webui.keyword.builtin.VerifyTextPresentKeyword$_verifyTextPresent_closure1.doCall(VerifyTextPresentKeyword.groovy:79)
	at com.kms.katalon.core.webui.keyword.builtin.VerifyTextPresentKeyword$_verifyTextPresent_closure1.call(VerifyTextPresentKeyword.groovy)
	at com.kms.katalon.core.webui.keyword.internal.WebUIKeywordMain.runKeyword(WebUIKeywordMain.groovy:20)
	at com.kms.katalon.core.webui.keyword.builtin.VerifyTextPresentKeyword.verifyTextPresent(VerifyTextPresentKeyword.groovy:83)
	at com.kms.katalon.core.webui.keyword.builtin.VerifyTextPresentKeyword.execute(VerifyTextPresentKeyword.groovy:68)
	at com.kms.katalon.core.keyword.internal.KeywordExecutor.executeKeywordForPlatform(KeywordExecutor.groovy:74)
	at com.kms.katalon.core.webui.keyword.WebUiBuiltInKeywords.verifyTextPresent(WebUiBuiltInKeywords.groovy:1723)
	at com.kms.katalon.core.webui.keyword.WebUiBuiltInKeywords$verifyTextPresent$4.call(Unknown Source)
	at AuthOnly.run(AuthOnly:157)
	at com.kms.katalon.core.main.ScriptEngine.run(ScriptEngine.java:194)
	at com.kms.katalon.core.main.ScriptEngine.runScriptAsRawText(ScriptEngine.java:119)
	at com.kms.katalon.core.main.TestCaseExecutor.runScript(TestCaseExecutor.java:442)
	at com.kms.katalon.core.main.TestCaseExecutor.doExecute(TestCaseExecutor.java:433)
	at com.kms.katalon.core.main.TestCaseExecutor.processExecutionPhase(TestCaseExecutor.java:412)
	at com.kms.katalon.core.main.TestCaseExecutor.accessMainPhase(TestCaseExecutor.java:404)
	at com.kms.katalon.core.main.TestCaseExecutor.execute(TestCaseExecutor.java:281)
	at com.kms.katalon.core.main.TestSuiteExecutor.accessTestCaseMainPhase(TestSuiteExecutor.java:202)
	at com.kms.katalon.core.main.TestSuiteExecutor.accessTestSuiteMainPhase(TestSuiteExecutor.java:164)
	at com.kms.katalon.core.main.TestSuiteExecutor.execute(TestSuiteExecutor.java:105)
	at com.kms.katalon.core.main.TestCaseMain.startTestSuite(TestCaseMain.java:185)
	at com.kms.katalon.core.main.TestCaseMain$startTestSuite$0.call(Unknown Source)
	at TempTestSuite1664849143004.run(TempTestSuite1664849143004.groovy:36)
)

2022-10-03 22:07:03 - [MESSAGE][FAILED] - Text 'Transaction approved, no errors' is not present on page  using regular expression (Root cause: com.kms.katalon.core.exception.StepFailedException: Text 'Transaction approved, no errors' is not present on page  using regular expression
	at com.kms.katalon.core.webui.keyword.internal.WebUIKeywordMain.stepFailed(WebUIKeywordMain.groovy:64)
	at com.kms.katalon.core.webui.keyword.builtin.VerifyTextPresentKeyword$_verifyTextPresent_closure1.doCall(VerifyTextPresentKeyword.groovy:79)
	at com.kms.katalon.core.webui.keyword.builtin.VerifyTextPresentKeyword$_verifyTextPresent_closure1.call(VerifyTextPresentKeyword.groovy)
	at com.kms.katalon.core.webui.keyword.internal.WebUIKeywordMain.runKeyword(WebUIKeywordMain.groovy:20)
	at com.kms.katalon.core.webui.keyword.builtin.VerifyTextPresentKeyword.verifyTextPresent(VerifyTextPresentKeyword.groovy:83)
	at com.kms.katalon.core.webui.keyword.builtin.VerifyTextPresentKeyword.execute(VerifyTextPresentKeyword.groovy:68)
	at com.kms.katalon.core.keyword.internal.KeywordExecutor.executeKeywordForPlatform(KeywordExecutor.groovy:74)
	at com.kms.katalon.core.webui.keyword.WebUiBuiltInKeywords.verifyTextPresent(WebUiBuiltInKeywords.groovy:1723)
	at com.kms.katalon.core.webui.keyword.WebUiBuiltInKeywords$verifyTextPresent$4.call(Unknown Source)
	at AuthOnly.run(AuthOnly:157)
	at com.kms.katalon.core.main.ScriptEngine.run(ScriptEngine.java:194)
	at com.kms.katalon.core.main.ScriptEngine.runScriptAsRawText(ScriptEngine.java:119)
	at com.kms.katalon.core.main.TestCaseExecutor.runScript(TestCaseExecutor.java:442)
	at com.kms.katalon.core.main.TestCaseExecutor.doExecute(TestCaseExecutor.java:433)
	at com.kms.katalon.core.main.TestCaseExecutor.processExecutionPhase(TestCaseExecutor.java:412)
	at com.kms.katalon.core.main.TestCaseExecutor.accessMainPhase(TestCaseExecutor.java:404)
	at com.kms.katalon.core.main.TestCaseExecutor.execute(TestCaseExecutor.java:281)
	at com.kms.katalon.core.main.TestSuiteExecutor.accessTestCaseMainPhase(TestSuiteExecutor.java:202)
	at com.kms.katalon.core.main.TestSuiteExecutor.accessTestSuiteMainPhase(TestSuiteExecutor.java:164)
	at com.kms.katalon.core.main.TestSuiteExecutor.execute(TestSuiteExecutor.java:105)
	at com.kms.katalon.core.main.TestCaseMain.startTestSuite(TestCaseMain.java:185)
	at com.kms.katalon.core.main.TestCaseMain$startTestSuite$0.call(Unknown Source)
	at TempTestSuite1664849143004.run(TempTestSuite1664849143004.groovy:36)
)

2022-10-03 22:07:03 - [TEST_STEP][PASSED] - else: pages.WriteExcel.demoKey is PASSED

2022-10-03 22:07:03 - [TEST_STEP][PASSED] - println("Transaction Approved, no errors text is not present on the Confirmation page"): null

2022-10-03 22:07:03 - [TEST_STEP][PASSED] - out.println("Fail Record Number: " + row): null

2022-10-03 22:07:03 - [TEST_STEP][PASSED] - resText = "Fail": null

2022-10-03 22:07:03 - [TEST_STEP][PASSED] - pages.WriteExcel.demoKey(resText, datText, resColumn, datCloumn, fileLoc, nameSheet, row): pages.WriteExcel.demoKey is PASSED

2022-10-03 22:07:03 - [MESSAGE][PASSED] - pages.WriteExcel.demoKey is PASSED]]></system-out>
         <system-err><![CDATA[2022-10-03 22:05:48 - [TEST_CASE][FAILED] - Test Cases/RecAndPlayBk/VLink/AuthOnly: Test Cases/RecAndPlayBk/VLink/AuthOnly FAILED.
Reason:
com.kms.katalon.core.exception.StepFailedException: Text 'Transaction approved, no errors' is not present on page  using regular expression (Root cause: com.kms.katalon.core.exception.StepFailedException: Text 'Transaction approved, no errors' is not present on page  using regular expression
	at com.kms.katalon.core.webui.keyword.internal.WebUIKeywordMain.stepFailed(WebUIKeywordMain.groovy:64)
	at com.kms.katalon.core.webui.keyword.builtin.VerifyTextPresentKeyword$_verifyTextPresent_closure1.doCall(VerifyTextPresentKeyword.groovy:79)
	at com.kms.katalon.core.webui.keyword.builtin.VerifyTextPresentKeyword$_verifyTextPresent_closure1.call(VerifyTextPresentKeyword.groovy)
	at com.kms.katalon.core.webui.keyword.internal.WebUIKeywordMain.runKeyword(WebUIKeywordMain.groovy:20)
	at com.kms.katalon.core.webui.keyword.builtin.VerifyTextPresentKeyword.verifyTextPresent(VerifyTextPresentKeyword.groovy:83)
	at com.kms.katalon.core.webui.keyword.builtin.VerifyTextPresentKeyword.execute(VerifyTextPresentKeyword.groovy:68)
	at com.kms.katalon.core.keyword.internal.KeywordExecutor.executeKeywordForPlatform(KeywordExecutor.groovy:74)
	at com.kms.katalon.core.webui.keyword.WebUiBuiltInKeywords.verifyTextPresent(WebUiBuiltInKeywords.groovy:1723)
	at com.kms.katalon.core.webui.keyword.WebUiBuiltInKeywords$verifyTextPresent$4.call(Unknown Source)
	at AuthOnly.run(AuthOnly:157)
	at com.kms.katalon.core.main.ScriptEngine.run(ScriptEngine.java:194)
	at com.kms.katalon.core.main.ScriptEngine.runScriptAsRawText(ScriptEngine.java:119)
	at com.kms.katalon.core.main.TestCaseExecutor.runScript(TestCaseExecutor.java:442)
	at com.kms.katalon.core.main.TestCaseExecutor.doExecute(TestCaseExecutor.java:433)
	at com.kms.katalon.core.main.TestCaseExecutor.processExecutionPhase(TestCaseExecutor.java:412)
	at com.kms.katalon.core.main.TestCaseExecutor.accessMainPhase(TestCaseExecutor.java:404)
	at com.kms.katalon.core.main.TestCaseExecutor.execute(TestCaseExecutor.java:281)
	at com.kms.katalon.core.main.TestSuiteExecutor.accessTestCaseMainPhase(TestSuiteExecutor.java:202)
	at com.kms.katalon.core.main.TestSuiteExecutor.accessTestSuiteMainPhase(TestSuiteExecutor.java:164)
	at com.kms.katalon.core.main.TestSuiteExecutor.execute(TestSuiteExecutor.java:105)
	at com.kms.katalon.core.main.TestCaseMain.startTestSuite(TestCaseMain.java:185)
	at com.kms.katalon.core.main.TestCaseMain$startTestSuite$0.call(Unknown Source)
	at TempTestSuite1664849143004.run(TempTestSuite1664849143004.groovy:36)
)
	at com.kms.katalon.core.keyword.internal.KeywordMain.stepFailed(KeywordMain.groovy:39)
	at com.kms.katalon.core.webui.keyword.internal.WebUIKeywordMain.stepFailed(WebUIKeywordMain.groovy:64)
	at com.kms.katalon.core.webui.keyword.builtin.VerifyTextPresentKeyword$_verifyTextPresent_closure1.doCall(VerifyTextPresentKeyword.groovy:79)
	at com.kms.katalon.core.webui.keyword.builtin.VerifyTextPresentKeyword$_verifyTextPresent_closure1.call(VerifyTextPresentKeyword.groovy)
	at com.kms.katalon.core.webui.keyword.internal.WebUIKeywordMain.runKeyword(WebUIKeywordMain.groovy:20)
	at com.kms.katalon.core.webui.keyword.builtin.VerifyTextPresentKeyword.verifyTextPresent(VerifyTextPresentKeyword.groovy:83)
	at com.kms.katalon.core.webui.keyword.builtin.VerifyTextPresentKeyword.execute(VerifyTextPresentKeyword.groovy:68)
	at com.kms.katalon.core.keyword.internal.KeywordExecutor.executeKeywordForPlatform(KeywordExecutor.groovy:74)
	at com.kms.katalon.core.webui.keyword.WebUiBuiltInKeywords.verifyTextPresent(WebUiBuiltInKeywords.groovy:1723)
	at com.kms.katalon.core.webui.keyword.WebUiBuiltInKeywords$verifyTextPresent$4.call(Unknown Source)
	at AuthOnly.run(AuthOnly:157)
	at com.kms.katalon.core.main.ScriptEngine.run(ScriptEngine.java:194)
	at com.kms.katalon.core.main.ScriptEngine.runScriptAsRawText(ScriptEngine.java:119)
	at com.kms.katalon.core.main.TestCaseExecutor.runScript(TestCaseExecutor.java:442)
	at com.kms.katalon.core.main.TestCaseExecutor.doExecute(TestCaseExecutor.java:433)
	at com.kms.katalon.core.main.TestCaseExecutor.processExecutionPhase(TestCaseExecutor.java:412)
	at com.kms.katalon.core.main.TestCaseExecutor.accessMainPhase(TestCaseExecutor.java:404)
	at com.kms.katalon.core.main.TestCaseExecutor.execute(TestCaseExecutor.java:281)
	at com.kms.katalon.core.main.TestSuiteExecutor.accessTestCaseMainPhase(TestSuiteExecutor.java:202)
	at com.kms.katalon.core.main.TestSuiteExecutor.accessTestSuiteMainPhase(TestSuiteExecutor.java:164)
	at com.kms.katalon.core.main.TestSuiteExecutor.execute(TestSuiteExecutor.java:105)
	at com.kms.katalon.core.main.TestCaseMain.startTestSuite(TestCaseMain.java:185)
	at com.kms.katalon.core.main.TestCaseMain$startTestSuite$0.call(Unknown Source)
	at TempTestSuite1664849143004.run(TempTestSuite1664849143004.groovy:36)
Caused by: com.kms.katalon.core.exception.StepFailedException: Text 'Transaction approved, no errors' is not present on page  using regular expression
	... 23 more]]></system-err>
      </testcase>
      <system-out><![CDATA[2022-10-03 22:05:48 - [TEST_SUITE][FAILED] - QA_Smoke_Test: Test Cases/RecAndPlayBk/VLink/AuthOnly FAILED.
Reason:
com.kms.katalon.core.exception.StepFailedException: Text 'Transaction approved, no errors' is not present on page  using regular expression (Root cause: com.kms.katalon.core.exception.StepFailedException: Text 'Transaction approved, no errors' is not present on page  using regular expression
	at com.kms.katalon.core.webui.keyword.internal.WebUIKeywordMain.stepFailed(WebUIKeywordMain.groovy:64)
	at com.kms.katalon.core.webui.keyword.builtin.VerifyTextPresentKeyword$_verifyTextPresent_closure1.doCall(VerifyTextPresentKeyword.groovy:79)
	at com.kms.katalon.core.webui.keyword.builtin.VerifyTextPresentKeyword$_verifyTextPresent_closure1.call(VerifyTextPresentKeyword.groovy)
	at com.kms.katalon.core.webui.keyword.internal.WebUIKeywordMain.runKeyword(WebUIKeywordMain.groovy:20)
	at com.kms.katalon.core.webui.keyword.builtin.VerifyTextPresentKeyword.verifyTextPresent(VerifyTextPresentKeyword.groovy:83)
	at com.kms.katalon.core.webui.keyword.builtin.VerifyTextPresentKeyword.execute(VerifyTextPresentKeyword.groovy:68)
	at com.kms.katalon.core.keyword.internal.KeywordExecutor.executeKeywordForPlatform(KeywordExecutor.groovy:74)
	at com.kms.katalon.core.webui.keyword.WebUiBuiltInKeywords.verifyTextPresent(WebUiBuiltInKeywords.groovy:1723)
	at com.kms.katalon.core.webui.keyword.WebUiBuiltInKeywords$verifyTextPresent$4.call(Unknown Source)
	at AuthOnly.run(AuthOnly:157)
	at com.kms.katalon.core.main.ScriptEngine.run(ScriptEngine.java:194)
	at com.kms.katalon.core.main.ScriptEngine.runScriptAsRawText(ScriptEngine.java:119)
	at com.kms.katalon.core.main.TestCaseExecutor.runScript(TestCaseExecutor.java:442)
	at com.kms.katalon.core.main.TestCaseExecutor.doExecute(TestCaseExecutor.java:433)
	at com.kms.katalon.core.main.TestCaseExecutor.processExecutionPhase(TestCaseExecutor.java:412)
	at com.kms.katalon.core.main.TestCaseExecutor.accessMainPhase(TestCaseExecutor.java:404)
	at com.kms.katalon.core.main.TestCaseExecutor.execute(TestCaseExecutor.java:281)
	at com.kms.katalon.core.main.TestSuiteExecutor.accessTestCaseMainPhase(TestSuiteExecutor.java:202)
	at com.kms.katalon.core.main.TestSuiteExecutor.accessTestSuiteMainPhase(TestSuiteExecutor.java:164)
	at com.kms.katalon.core.main.TestSuiteExecutor.execute(TestSuiteExecutor.java:105)
	at com.kms.katalon.core.main.TestCaseMain.startTestSuite(TestCaseMain.java:185)
	at com.kms.katalon.core.main.TestCaseMain$startTestSuite$0.call(Unknown Source)
	at TempTestSuite1664849143004.run(TempTestSuite1664849143004.groovy:36)
)
	at com.kms.katalon.core.keyword.internal.KeywordMain.stepFailed(KeywordMain.groovy:39)
	at com.kms.katalon.core.webui.keyword.internal.WebUIKeywordMain.stepFailed(WebUIKeywordMain.groovy:64)
	at com.kms.katalon.core.webui.keyword.builtin.VerifyTextPresentKeyword$_verifyTextPresent_closure1.doCall(VerifyTextPresentKeyword.groovy:79)
	at com.kms.katalon.core.webui.keyword.builtin.VerifyTextPresentKeyword$_verifyTextPresent_closure1.call(VerifyTextPresentKeyword.groovy)
	at com.kms.katalon.core.webui.keyword.internal.WebUIKeywordMain.runKeyword(WebUIKeywordMain.groovy:20)
	at com.kms.katalon.core.webui.keyword.builtin.VerifyTextPresentKeyword.verifyTextPresent(VerifyTextPresentKeyword.groovy:83)
	at com.kms.katalon.core.webui.keyword.builtin.VerifyTextPresentKeyword.execute(VerifyTextPresentKeyword.groovy:68)
	at com.kms.katalon.core.keyword.internal.KeywordExecutor.executeKeywordForPlatform(KeywordExecutor.groovy:74)
	at com.kms.katalon.core.webui.keyword.WebUiBuiltInKeywords.verifyTextPresent(WebUiBuiltInKeywords.groovy:1723)
	at com.kms.katalon.core.webui.keyword.WebUiBuiltInKeywords$verifyTextPresent$4.call(Unknown Source)
	at AuthOnly.run(AuthOnly:157)
	at com.kms.katalon.core.main.ScriptEngine.run(ScriptEngine.java:194)
	at com.kms.katalon.core.main.ScriptEngine.runScriptAsRawText(ScriptEngine.java:119)
	at com.kms.katalon.core.main.TestCaseExecutor.runScript(TestCaseExecutor.java:442)
	at com.kms.katalon.core.main.TestCaseExecutor.doExecute(TestCaseExecutor.java:433)
	at com.kms.katalon.core.main.TestCaseExecutor.processExecutionPhase(TestCaseExecutor.java:412)
	at com.kms.katalon.core.main.TestCaseExecutor.accessMainPhase(TestCaseExecutor.java:404)
	at com.kms.katalon.core.main.TestCaseExecutor.execute(TestCaseExecutor.java:281)
	at com.kms.katalon.core.main.TestSuiteExecutor.accessTestCaseMainPhase(TestSuiteExecutor.java:202)
	at com.kms.katalon.core.main.TestSuiteExecutor.accessTestSuiteMainPhase(TestSuiteExecutor.java:164)
	at com.kms.katalon.core.main.TestSuiteExecutor.execute(TestSuiteExecutor.java:105)
	at com.kms.katalon.core.main.TestCaseMain.startTestSuite(TestCaseMain.java:185)
	at com.kms.katalon.core.main.TestCaseMain$startTestSuite$0.call(Unknown Source)
	at TempTestSuite1664849143004.run(TempTestSuite1664849143004.groovy:36)
Caused by: com.kms.katalon.core.exception.StepFailedException: Text 'Transaction approved, no errors' is not present on page  using regular expression
	... 23 more]]></system-out>
      <system-err><![CDATA[2022-10-03 22:05:48 - [TEST_SUITE][FAILED] - QA_Smoke_Test: Test Cases/RecAndPlayBk/VLink/AuthOnly FAILED.
Reason:
com.kms.katalon.core.exception.StepFailedException: Text 'Transaction approved, no errors' is not present on page  using regular expression (Root cause: com.kms.katalon.core.exception.StepFailedException: Text 'Transaction approved, no errors' is not present on page  using regular expression
	at com.kms.katalon.core.webui.keyword.internal.WebUIKeywordMain.stepFailed(WebUIKeywordMain.groovy:64)
	at com.kms.katalon.core.webui.keyword.builtin.VerifyTextPresentKeyword$_verifyTextPresent_closure1.doCall(VerifyTextPresentKeyword.groovy:79)
	at com.kms.katalon.core.webui.keyword.builtin.VerifyTextPresentKeyword$_verifyTextPresent_closure1.call(VerifyTextPresentKeyword.groovy)
	at com.kms.katalon.core.webui.keyword.internal.WebUIKeywordMain.runKeyword(WebUIKeywordMain.groovy:20)
	at com.kms.katalon.core.webui.keyword.builtin.VerifyTextPresentKeyword.verifyTextPresent(VerifyTextPresentKeyword.groovy:83)
	at com.kms.katalon.core.webui.keyword.builtin.VerifyTextPresentKeyword.execute(VerifyTextPresentKeyword.groovy:68)
	at com.kms.katalon.core.keyword.internal.KeywordExecutor.executeKeywordForPlatform(KeywordExecutor.groovy:74)
	at com.kms.katalon.core.webui.keyword.WebUiBuiltInKeywords.verifyTextPresent(WebUiBuiltInKeywords.groovy:1723)
	at com.kms.katalon.core.webui.keyword.WebUiBuiltInKeywords$verifyTextPresent$4.call(Unknown Source)
	at AuthOnly.run(AuthOnly:157)
	at com.kms.katalon.core.main.ScriptEngine.run(ScriptEngine.java:194)
	at com.kms.katalon.core.main.ScriptEngine.runScriptAsRawText(ScriptEngine.java:119)
	at com.kms.katalon.core.main.TestCaseExecutor.runScript(TestCaseExecutor.java:442)
	at com.kms.katalon.core.main.TestCaseExecutor.doExecute(TestCaseExecutor.java:433)
	at com.kms.katalon.core.main.TestCaseExecutor.processExecutionPhase(TestCaseExecutor.java:412)
	at com.kms.katalon.core.main.TestCaseExecutor.accessMainPhase(TestCaseExecutor.java:404)
	at com.kms.katalon.core.main.TestCaseExecutor.execute(TestCaseExecutor.java:281)
	at com.kms.katalon.core.main.TestSuiteExecutor.accessTestCaseMainPhase(TestSuiteExecutor.java:202)
	at com.kms.katalon.core.main.TestSuiteExecutor.accessTestSuiteMainPhase(TestSuiteExecutor.java:164)
	at com.kms.katalon.core.main.TestSuiteExecutor.execute(TestSuiteExecutor.java:105)
	at com.kms.katalon.core.main.TestCaseMain.startTestSuite(TestCaseMain.java:185)
	at com.kms.katalon.core.main.TestCaseMain$startTestSuite$0.call(Unknown Source)
	at TempTestSuite1664849143004.run(TempTestSuite1664849143004.groovy:36)
)
	at com.kms.katalon.core.keyword.internal.KeywordMain.stepFailed(KeywordMain.groovy:39)
	at com.kms.katalon.core.webui.keyword.internal.WebUIKeywordMain.stepFailed(WebUIKeywordMain.groovy:64)
	at com.kms.katalon.core.webui.keyword.builtin.VerifyTextPresentKeyword$_verifyTextPresent_closure1.doCall(VerifyTextPresentKeyword.groovy:79)
	at com.kms.katalon.core.webui.keyword.builtin.VerifyTextPresentKeyword$_verifyTextPresent_closure1.call(VerifyTextPresentKeyword.groovy)
	at com.kms.katalon.core.webui.keyword.internal.WebUIKeywordMain.runKeyword(WebUIKeywordMain.groovy:20)
	at com.kms.katalon.core.webui.keyword.builtin.VerifyTextPresentKeyword.verifyTextPresent(VerifyTextPresentKeyword.groovy:83)
	at com.kms.katalon.core.webui.keyword.builtin.VerifyTextPresentKeyword.execute(VerifyTextPresentKeyword.groovy:68)
	at com.kms.katalon.core.keyword.internal.KeywordExecutor.executeKeywordForPlatform(KeywordExecutor.groovy:74)
	at com.kms.katalon.core.webui.keyword.WebUiBuiltInKeywords.verifyTextPresent(WebUiBuiltInKeywords.groovy:1723)
	at com.kms.katalon.core.webui.keyword.WebUiBuiltInKeywords$verifyTextPresent$4.call(Unknown Source)
	at AuthOnly.run(AuthOnly:157)
	at com.kms.katalon.core.main.ScriptEngine.run(ScriptEngine.java:194)
	at com.kms.katalon.core.main.ScriptEngine.runScriptAsRawText(ScriptEngine.java:119)
	at com.kms.katalon.core.main.TestCaseExecutor.runScript(TestCaseExecutor.java:442)
	at com.kms.katalon.core.main.TestCaseExecutor.doExecute(TestCaseExecutor.java:433)
	at com.kms.katalon.core.main.TestCaseExecutor.processExecutionPhase(TestCaseExecutor.java:412)
	at com.kms.katalon.core.main.TestCaseExecutor.accessMainPhase(TestCaseExecutor.java:404)
	at com.kms.katalon.core.main.TestCaseExecutor.execute(TestCaseExecutor.java:281)
	at com.kms.katalon.core.main.TestSuiteExecutor.accessTestCaseMainPhase(TestSuiteExecutor.java:202)
	at com.kms.katalon.core.main.TestSuiteExecutor.accessTestSuiteMainPhase(TestSuiteExecutor.java:164)
	at com.kms.katalon.core.main.TestSuiteExecutor.execute(TestSuiteExecutor.java:105)
	at com.kms.katalon.core.main.TestCaseMain.startTestSuite(TestCaseMain.java:185)
	at com.kms.katalon.core.main.TestCaseMain$startTestSuite$0.call(Unknown Source)
	at TempTestSuite1664849143004.run(TempTestSuite1664849143004.groovy:36)
Caused by: com.kms.katalon.core.exception.StepFailedException: Text 'Transaction approved, no errors' is not present on page  using regular expression
	... 23 more]]></system-err>
   </testsuite>
</testsuites>
