<?xml version="1.0" encoding="UTF-8"?>
<testsuites name="QA_BBP_Regression" time="150.356" tests="3" failures="1" errors="0">
   <testsuite name="QA_BBP_Regression" tests="3" failures="1" errors="0" time="150.356" skipped="0" timestamp="2023-11-16 15:05:42" hostname="imtiaz - DESKTOP-B2QI6NS.govolution.com" id="Test Suites/QA/BBP/QA_BBP_Regression">
      <properties>
         <property name="deviceName" value=""/>
         <property name="devicePlatform" value=""/>
         <property name="logFolder" value="E:\\Cloned-Project-Katalon\\VPS-Katalon\\Reports\\20231116_150535\\QA\\BBP\\QA_BBP_Regression\\20231116_150535"/>
         <property name="logFiles" value="E:\\Cloned-Project-Katalon\\VPS-Katalon\\Reports\\20231116_150535\\QA\\BBP\\QA_BBP_Regression\\20231116_150535\\execution0.log"/>
         <property name="attachments" value=""/>
         <property name="hostName" value="imtiaz - DESKTOP-B2QI6NS.govolution.com"/>
         <property name="os" value="Windows 10 64bit"/>
         <property name="katalonVersion" value="8.6.6.208"/>
         <property name="browser" value="Chrome 119.0.0.0"/>
         <property name="hostAddress" value="172.31.253.139"/>
         <property name="sessionId" value="712e7cd70a8c994094f11cc766d6bdba"/>
         <property name="seleniumVersion" value="3.141.59"/>
         <property name="proxyInformation" value="ProxyInformation { proxyOption=NO_PROXY, proxyServerType=HTTP, username=, password=********, proxyServerAddress=, proxyServerPort=0, executionList=&quot;&quot;, isApplyToDesiredCapabilities=true }"/>
         <property name="platform" value="Windows 10"/>
      </properties>
      <testcase name="Test Cases/BBP-SelIDE/ModifyPaymentCC" time="48.536" classname="Test Cases/BBP-SelIDE/ModifyPaymentCC" status="FAILED">
         <failure type="FAILED" message="Test Cases/BBP-SelIDE/ModifyPaymentCC FAILED.
Reason:
com.kms.katalon.core.exception.StepFailedException: Text 'Please enter the following billing information about your payment:' is not present on page  using regular expression (Root cause: com.kms.katalon.core.exception.StepFailedException: Text 'Please enter the following billing information about your payment:' is not present on page  using regular expression
	at com.kms.katalon.core.webui.keyword.internal.WebUIKeywordMain.stepFailed(WebUIKeywordMain.groovy:64)
	at com.kms.katalon.core.webui.keyword.builtin.VerifyTextPresentKeyword$_verifyTextPresent_closure1.doCall(VerifyTextPresentKeyword.groovy:79)
	at com.kms.katalon.core.webui.keyword.builtin.VerifyTextPresentKeyword$_verifyTextPresent_closure1.call(VerifyTextPresentKeyword.groovy)
	at com.kms.katalon.core.webui.keyword.internal.WebUIKeywordMain.runKeyword(WebUIKeywordMain.groovy:20)
	at com.kms.katalon.core.webui.keyword.builtin.VerifyTextPresentKeyword.verifyTextPresent(VerifyTextPresentKeyword.groovy:83)
	at com.kms.katalon.core.webui.keyword.builtin.VerifyTextPresentKeyword.execute(VerifyTextPresentKeyword.groovy:68)
	at com.kms.katalon.core.keyword.internal.KeywordExecutor.executeKeywordForPlatform(KeywordExecutor.groovy:74)
	at com.kms.katalon.core.webui.keyword.WebUiBuiltInKeywords.verifyTextPresent(WebUiBuiltInKeywords.groovy:1723)
	at com.kms.katalon.core.webui.keyword.WebUiBuiltInKeywords$verifyTextPresent$0.call(Unknown Source)
	at ModifyPaymentCC.run(ModifyPaymentCC:60)
	at com.kms.katalon.core.main.ScriptEngine.run(ScriptEngine.java:194)
	at com.kms.katalon.core.main.ScriptEngine.runScriptAsRawText(ScriptEngine.java:119)
	at com.kms.katalon.core.main.TestCaseExecutor.runScript(TestCaseExecutor.java:448)
	at com.kms.katalon.core.main.TestCaseExecutor.doExecute(TestCaseExecutor.java:439)
	at com.kms.katalon.core.main.TestCaseExecutor.processExecutionPhase(TestCaseExecutor.java:418)
	at com.kms.katalon.core.main.TestCaseExecutor.accessMainPhase(TestCaseExecutor.java:410)
	at com.kms.katalon.core.main.TestCaseExecutor.execute(TestCaseExecutor.java:285)
	at com.kms.katalon.core.common.CommonExecutor.accessTestCaseMainPhase(CommonExecutor.java:65)
	at com.kms.katalon.core.main.TestSuiteExecutor.accessTestSuiteMainPhase(TestSuiteExecutor.java:148)
	at com.kms.katalon.core.main.TestSuiteExecutor.execute(TestSuiteExecutor.java:106)
	at com.kms.katalon.core.main.TestCaseMain.startTestSuite(TestCaseMain.java:187)
	at com.kms.katalon.core.main.TestCaseMain$startTestSuite$0.call(Unknown Source)
	at TempTestSuite1700165135754.run(TempTestSuite1700165135754.groovy:36)
)
	at com.kms.katalon.core.keyword.internal.KeywordMain.stepFailed(KeywordMain.groovy:39)
	at com.kms.katalon.core.webui.keyword.internal.WebUIKeywordMain.stepFailed(WebUIKeywordMain.groovy:64)
	at com.kms.katalon.core.webui.keyword.builtin.VerifyTextPresentKeyword$_verifyTextPresent_closure1.doCall(VerifyTextPresentKeyword.groovy:79)
	at com.kms.katalon.core.webui.keyword.builtin.VerifyTextPresentKeyword$_verifyTextPresent_closure1.call(VerifyTextPresentKeyword.groovy)
	at com.kms.katalon.core.webui.keyword.internal.WebUIKeywordMain.runKeyword(WebUIKeywordMain.groovy:20)
	at com.kms.katalon.core.webui.keyword.builtin.VerifyTextPresentKeyword.verifyTextPresent(VerifyTextPresentKeyword.groovy:83)
	at com.kms.katalon.core.webui.keyword.builtin.VerifyTextPresentKeyword.execute(VerifyTextPresentKeyword.groovy:68)
	at com.kms.katalon.core.keyword.internal.KeywordExecutor.executeKeywordForPlatform(KeywordExecutor.groovy:74)
	at com.kms.katalon.core.webui.keyword.WebUiBuiltInKeywords.verifyTextPresent(WebUiBuiltInKeywords.groovy:1723)
	at com.kms.katalon.core.webui.keyword.WebUiBuiltInKeywords$verifyTextPresent$0.call(Unknown Source)
	at ModifyPaymentCC.run(ModifyPaymentCC:60)
	at com.kms.katalon.core.main.ScriptEngine.run(ScriptEngine.java:194)
	at com.kms.katalon.core.main.ScriptEngine.runScriptAsRawText(ScriptEngine.java:119)
	at com.kms.katalon.core.main.TestCaseExecutor.runScript(TestCaseExecutor.java:448)
	at com.kms.katalon.core.main.TestCaseExecutor.doExecute(TestCaseExecutor.java:439)
	at com.kms.katalon.core.main.TestCaseExecutor.processExecutionPhase(TestCaseExecutor.java:418)
	at com.kms.katalon.core.main.TestCaseExecutor.accessMainPhase(TestCaseExecutor.java:410)
	at com.kms.katalon.core.main.TestCaseExecutor.execute(TestCaseExecutor.java:285)
	at com.kms.katalon.core.common.CommonExecutor.accessTestCaseMainPhase(CommonExecutor.java:65)
	at com.kms.katalon.core.main.TestSuiteExecutor.accessTestSuiteMainPhase(TestSuiteExecutor.java:148)
	at com.kms.katalon.core.main.TestSuiteExecutor.execute(TestSuiteExecutor.java:106)
	at com.kms.katalon.core.main.TestCaseMain.startTestSuite(TestCaseMain.java:187)
	at com.kms.katalon.core.main.TestCaseMain$startTestSuite$0.call(Unknown Source)
	at TempTestSuite1700165135754.run(TempTestSuite1700165135754.groovy:36)
Caused by: com.kms.katalon.core.exception.StepFailedException: Text 'Please enter the following billing information about your payment:' is not present on page  using regular expression
	... 23 more
"/>
         <system-out><![CDATA[2023-11-16 15:05:43 - [TEST_CASE][FAILED] - Test Cases/BBP-SelIDE/ModifyPaymentCC: Test Cases/BBP-SelIDE/ModifyPaymentCC FAILED.
Reason:
com.kms.katalon.core.exception.StepFailedException: Text 'Please enter the following billing information about your payment:' is not present on page  using regular expression (Root cause: com.kms.katalon.core.exception.StepFailedException: Text 'Please enter the following billing information about your payment:' is not present on page  using regular expression
	at com.kms.katalon.core.webui.keyword.internal.WebUIKeywordMain.stepFailed(WebUIKeywordMain.groovy:64)
	at com.kms.katalon.core.webui.keyword.builtin.VerifyTextPresentKeyword$_verifyTextPresent_closure1.doCall(VerifyTextPresentKeyword.groovy:79)
	at com.kms.katalon.core.webui.keyword.builtin.VerifyTextPresentKeyword$_verifyTextPresent_closure1.call(VerifyTextPresentKeyword.groovy)
	at com.kms.katalon.core.webui.keyword.internal.WebUIKeywordMain.runKeyword(WebUIKeywordMain.groovy:20)
	at com.kms.katalon.core.webui.keyword.builtin.VerifyTextPresentKeyword.verifyTextPresent(VerifyTextPresentKeyword.groovy:83)
	at com.kms.katalon.core.webui.keyword.builtin.VerifyTextPresentKeyword.execute(VerifyTextPresentKeyword.groovy:68)
	at com.kms.katalon.core.keyword.internal.KeywordExecutor.executeKeywordForPlatform(KeywordExecutor.groovy:74)
	at com.kms.katalon.core.webui.keyword.WebUiBuiltInKeywords.verifyTextPresent(WebUiBuiltInKeywords.groovy:1723)
	at com.kms.katalon.core.webui.keyword.WebUiBuiltInKeywords$verifyTextPresent$0.call(Unknown Source)
	at ModifyPaymentCC.run(ModifyPaymentCC:60)
	at com.kms.katalon.core.main.ScriptEngine.run(ScriptEngine.java:194)
	at com.kms.katalon.core.main.ScriptEngine.runScriptAsRawText(ScriptEngine.java:119)
	at com.kms.katalon.core.main.TestCaseExecutor.runScript(TestCaseExecutor.java:448)
	at com.kms.katalon.core.main.TestCaseExecutor.doExecute(TestCaseExecutor.java:439)
	at com.kms.katalon.core.main.TestCaseExecutor.processExecutionPhase(TestCaseExecutor.java:418)
	at com.kms.katalon.core.main.TestCaseExecutor.accessMainPhase(TestCaseExecutor.java:410)
	at com.kms.katalon.core.main.TestCaseExecutor.execute(TestCaseExecutor.java:285)
	at com.kms.katalon.core.common.CommonExecutor.accessTestCaseMainPhase(CommonExecutor.java:65)
	at com.kms.katalon.core.main.TestSuiteExecutor.accessTestSuiteMainPhase(TestSuiteExecutor.java:148)
	at com.kms.katalon.core.main.TestSuiteExecutor.execute(TestSuiteExecutor.java:106)
	at com.kms.katalon.core.main.TestCaseMain.startTestSuite(TestCaseMain.java:187)
	at com.kms.katalon.core.main.TestCaseMain$startTestSuite$0.call(Unknown Source)
	at TempTestSuite1700165135754.run(TempTestSuite1700165135754.groovy:36)
)
	at com.kms.katalon.core.keyword.internal.KeywordMain.stepFailed(KeywordMain.groovy:39)
	at com.kms.katalon.core.webui.keyword.internal.WebUIKeywordMain.stepFailed(WebUIKeywordMain.groovy:64)
	at com.kms.katalon.core.webui.keyword.builtin.VerifyTextPresentKeyword$_verifyTextPresent_closure1.doCall(VerifyTextPresentKeyword.groovy:79)
	at com.kms.katalon.core.webui.keyword.builtin.VerifyTextPresentKeyword$_verifyTextPresent_closure1.call(VerifyTextPresentKeyword.groovy)
	at com.kms.katalon.core.webui.keyword.internal.WebUIKeywordMain.runKeyword(WebUIKeywordMain.groovy:20)
	at com.kms.katalon.core.webui.keyword.builtin.VerifyTextPresentKeyword.verifyTextPresent(VerifyTextPresentKeyword.groovy:83)
	at com.kms.katalon.core.webui.keyword.builtin.VerifyTextPresentKeyword.execute(VerifyTextPresentKeyword.groovy:68)
	at com.kms.katalon.core.keyword.internal.KeywordExecutor.executeKeywordForPlatform(KeywordExecutor.groovy:74)
	at com.kms.katalon.core.webui.keyword.WebUiBuiltInKeywords.verifyTextPresent(WebUiBuiltInKeywords.groovy:1723)
	at com.kms.katalon.core.webui.keyword.WebUiBuiltInKeywords$verifyTextPresent$0.call(Unknown Source)
	at ModifyPaymentCC.run(ModifyPaymentCC:60)
	at com.kms.katalon.core.main.ScriptEngine.run(ScriptEngine.java:194)
	at com.kms.katalon.core.main.ScriptEngine.runScriptAsRawText(ScriptEngine.java:119)
	at com.kms.katalon.core.main.TestCaseExecutor.runScript(TestCaseExecutor.java:448)
	at com.kms.katalon.core.main.TestCaseExecutor.doExecute(TestCaseExecutor.java:439)
	at com.kms.katalon.core.main.TestCaseExecutor.processExecutionPhase(TestCaseExecutor.java:418)
	at com.kms.katalon.core.main.TestCaseExecutor.accessMainPhase(TestCaseExecutor.java:410)
	at com.kms.katalon.core.main.TestCaseExecutor.execute(TestCaseExecutor.java:285)
	at com.kms.katalon.core.common.CommonExecutor.accessTestCaseMainPhase(CommonExecutor.java:65)
	at com.kms.katalon.core.main.TestSuiteExecutor.accessTestSuiteMainPhase(TestSuiteExecutor.java:148)
	at com.kms.katalon.core.main.TestSuiteExecutor.execute(TestSuiteExecutor.java:106)
	at com.kms.katalon.core.main.TestCaseMain.startTestSuite(TestCaseMain.java:187)
	at com.kms.katalon.core.main.TestCaseMain$startTestSuite$0.call(Unknown Source)
	at TempTestSuite1700165135754.run(TempTestSuite1700165135754.groovy:36)
Caused by: com.kms.katalon.core.exception.StepFailedException: Text 'Please enter the following billing information about your payment:' is not present on page  using regular expression
	... 23 more


2023-11-16 15:05:44 - [TEST_STEP][PASSED] - softAssertion = new org.testng.asserts.SoftAssert(): null

2023-11-16 15:05:44 - [TEST_STEP][PASSED] - openBrowser("https://www.google.com/"): Browser is opened with url: 'https://www.google.com/'

2023-11-16 15:05:44 - [MESSAGE][INFO] - Starting 'Chrome' driver

2023-11-16 15:05:44 - [MESSAGE][INFO] - User set preference: ['acceptInsecureCerts', 'true']

2023-11-16 15:05:44 - [MESSAGE][INFO] - Action delay is set to 0 milliseconds

2023-11-16 15:05:48 - [MESSAGE][PASSED] - Browser is opened with url: 'https://www.google.com/'

2023-11-16 15:05:48 - [TEST_STEP][PASSED] - driver = getWebDriver(): null

2023-11-16 15:05:48 - [TEST_STEP][PASSED] - baseUrl = "https://www.google.com/": null

2023-11-16 15:05:48 - [TEST_STEP][PASSED] - selenium = new com.thoughtworks.selenium.webdriven.WebDriverBackedSelenium(driver, baseUrl): null

2023-11-16 15:05:48 - [TEST_STEP][PASSED] - println("Verify that a Credit Card Payment can be modified"): null

2023-11-16 15:05:48 - [TEST_STEP][PASSED] - bbpURL = BBPURL: null

2023-11-16 15:05:49 - [TEST_STEP][PASSED] - selenium.open(bbpURL): null

2023-11-16 15:05:49 - [TEST_STEP][PASSED] - selenium.type("id=field1", "111150"): null

2023-11-16 15:05:50 - [TEST_STEP][PASSED] - selenium.type("id=field2", "111151"): null

2023-11-16 15:05:50 - [TEST_STEP][PASSED] - selenium.click("name=Test"): null

2023-11-16 15:05:50 - [TEST_STEP][PASSED] - Thread.sleep(2000): null

2023-11-16 15:05:52 - [TEST_STEP][PASSED] - selenium.click("name=paysubmit"): null

2023-11-16 15:05:52 - [TEST_STEP][PASSED] - selenium.waitForPageToLoad("30000"): null

2023-11-16 15:05:53 - [TEST_STEP][PASSED] - selenium.click("name=paymentMethod"): null

2023-11-16 15:05:53 - [TEST_STEP][PASSED] - selenium.click("css=input[type="submit"]"): null

2023-11-16 15:05:54 - [TEST_STEP][PASSED] - selenium.waitForPageToLoad("30000"): null

2023-11-16 15:05:54 - [TEST_STEP][PASSED] - verifyTextPresent("Required fields are highlighted with an asterisk.", true): Text 'Required fields are highlighted with an asterisk.' is present on page  using regular expression

2023-11-16 15:05:55 - [MESSAGE][PASSED] - Text 'Required fields are highlighted with an asterisk.' is present on page  using regular expression

2023-11-16 15:05:55 - [TEST_STEP][FAILED] - verifyTextPresent("Please enter the following billing information about your payment:", true): Text 'Please enter the following billing information about your payment:' is not present on page  using regular expression (Root cause: com.kms.katalon.core.exception.StepFailedException: Text 'Please enter the following billing information about your payment:' is not present on page  using regular expression
	at com.kms.katalon.core.webui.keyword.internal.WebUIKeywordMain.stepFailed(WebUIKeywordMain.groovy:64)
	at com.kms.katalon.core.webui.keyword.builtin.VerifyTextPresentKeyword$_verifyTextPresent_closure1.doCall(VerifyTextPresentKeyword.groovy:79)
	at com.kms.katalon.core.webui.keyword.builtin.VerifyTextPresentKeyword$_verifyTextPresent_closure1.call(VerifyTextPresentKeyword.groovy)
	at com.kms.katalon.core.webui.keyword.internal.WebUIKeywordMain.runKeyword(WebUIKeywordMain.groovy:20)
	at com.kms.katalon.core.webui.keyword.builtin.VerifyTextPresentKeyword.verifyTextPresent(VerifyTextPresentKeyword.groovy:83)
	at com.kms.katalon.core.webui.keyword.builtin.VerifyTextPresentKeyword.execute(VerifyTextPresentKeyword.groovy:68)
	at com.kms.katalon.core.keyword.internal.KeywordExecutor.executeKeywordForPlatform(KeywordExecutor.groovy:74)
	at com.kms.katalon.core.webui.keyword.WebUiBuiltInKeywords.verifyTextPresent(WebUiBuiltInKeywords.groovy:1723)
	at com.kms.katalon.core.webui.keyword.WebUiBuiltInKeywords$verifyTextPresent$0.call(Unknown Source)
	at ModifyPaymentCC.run(ModifyPaymentCC:60)
	at com.kms.katalon.core.main.ScriptEngine.run(ScriptEngine.java:194)
	at com.kms.katalon.core.main.ScriptEngine.runScriptAsRawText(ScriptEngine.java:119)
	at com.kms.katalon.core.main.TestCaseExecutor.runScript(TestCaseExecutor.java:448)
	at com.kms.katalon.core.main.TestCaseExecutor.doExecute(TestCaseExecutor.java:439)
	at com.kms.katalon.core.main.TestCaseExecutor.processExecutionPhase(TestCaseExecutor.java:418)
	at com.kms.katalon.core.main.TestCaseExecutor.accessMainPhase(TestCaseExecutor.java:410)
	at com.kms.katalon.core.main.TestCaseExecutor.execute(TestCaseExecutor.java:285)
	at com.kms.katalon.core.common.CommonExecutor.accessTestCaseMainPhase(CommonExecutor.java:65)
	at com.kms.katalon.core.main.TestSuiteExecutor.accessTestSuiteMainPhase(TestSuiteExecutor.java:148)
	at com.kms.katalon.core.main.TestSuiteExecutor.execute(TestSuiteExecutor.java:106)
	at com.kms.katalon.core.main.TestCaseMain.startTestSuite(TestCaseMain.java:187)
	at com.kms.katalon.core.main.TestCaseMain$startTestSuite$0.call(Unknown Source)
	at TempTestSuite1700165135754.run(TempTestSuite1700165135754.groovy:36)
)

2023-11-16 15:05:55 - [MESSAGE][FAILED] - Text 'Please enter the following billing information about your payment:' is not present on page  using regular expression (Root cause: com.kms.katalon.core.exception.StepFailedException: Text 'Please enter the following billing information about your payment:' is not present on page  using regular expression
	at com.kms.katalon.core.webui.keyword.internal.WebUIKeywordMain.stepFailed(WebUIKeywordMain.groovy:64)
	at com.kms.katalon.core.webui.keyword.builtin.VerifyTextPresentKeyword$_verifyTextPresent_closure1.doCall(VerifyTextPresentKeyword.groovy:79)
	at com.kms.katalon.core.webui.keyword.builtin.VerifyTextPresentKeyword$_verifyTextPresent_closure1.call(VerifyTextPresentKeyword.groovy)
	at com.kms.katalon.core.webui.keyword.internal.WebUIKeywordMain.runKeyword(WebUIKeywordMain.groovy:20)
	at com.kms.katalon.core.webui.keyword.builtin.VerifyTextPresentKeyword.verifyTextPresent(VerifyTextPresentKeyword.groovy:83)
	at com.kms.katalon.core.webui.keyword.builtin.VerifyTextPresentKeyword.execute(VerifyTextPresentKeyword.groovy:68)
	at com.kms.katalon.core.keyword.internal.KeywordExecutor.executeKeywordForPlatform(KeywordExecutor.groovy:74)
	at com.kms.katalon.core.webui.keyword.WebUiBuiltInKeywords.verifyTextPresent(WebUiBuiltInKeywords.groovy:1723)
	at com.kms.katalon.core.webui.keyword.WebUiBuiltInKeywords$verifyTextPresent$0.call(Unknown Source)
	at ModifyPaymentCC.run(ModifyPaymentCC:60)
	at com.kms.katalon.core.main.ScriptEngine.run(ScriptEngine.java:194)
	at com.kms.katalon.core.main.ScriptEngine.runScriptAsRawText(ScriptEngine.java:119)
	at com.kms.katalon.core.main.TestCaseExecutor.runScript(TestCaseExecutor.java:448)
	at com.kms.katalon.core.main.TestCaseExecutor.doExecute(TestCaseExecutor.java:439)
	at com.kms.katalon.core.main.TestCaseExecutor.processExecutionPhase(TestCaseExecutor.java:418)
	at com.kms.katalon.core.main.TestCaseExecutor.accessMainPhase(TestCaseExecutor.java:410)
	at com.kms.katalon.core.main.TestCaseExecutor.execute(TestCaseExecutor.java:285)
	at com.kms.katalon.core.common.CommonExecutor.accessTestCaseMainPhase(CommonExecutor.java:65)
	at com.kms.katalon.core.main.TestSuiteExecutor.accessTestSuiteMainPhase(TestSuiteExecutor.java:148)
	at com.kms.katalon.core.main.TestSuiteExecutor.execute(TestSuiteExecutor.java:106)
	at com.kms.katalon.core.main.TestCaseMain.startTestSuite(TestCaseMain.java:187)
	at com.kms.katalon.core.main.TestCaseMain$startTestSuite$0.call(Unknown Source)
	at TempTestSuite1700165135754.run(TempTestSuite1700165135754.groovy:36)
)

2023-11-16 15:05:55 - [TEST_STEP][PASSED] - selenium.type("name=amount", 00".toString()): null

2023-11-16 15:05:55 - [TEST_STEP][PASSED] - selenium.type("name=userDefined2", "UDF2 Data1".toString()): null

2023-11-16 15:05:55 - [TEST_STEP][PASSED] - selenium.type("name=userDefined3", "UDF3 Data1".toString()): null

2023-11-16 15:05:55 - [TEST_STEP][PASSED] - selenium.select("name=variableField4DropdownGroupItemID", "label=Purple"): null

2023-11-16 15:05:55 - [TEST_STEP][PASSED] - selenium.select("name=variableField5DropdownGroupItemID", "label=Orange"): null

2023-11-16 15:05:55 - [TEST_STEP][PASSED] - selenium.type("name=userDefined6", "UDF6 Data1".toString()): null

2023-11-16 15:05:55 - [TEST_STEP][PASSED] - selenium.type("name=userDefined7", "UDF7 Data1".toString()): null

2023-11-16 15:05:56 - [TEST_STEP][PASSED] - selenium.type("name=userDefined8", "UDF8 Data1".toString()): null

2023-11-16 15:05:56 - [TEST_STEP][PASSED] - selenium.type("name=billingName", "Hunter Helms".toString()): null

2023-11-16 15:05:56 - [TEST_STEP][PASSED] - selenium.type("id=cardNumber", "4111111111111111"): null

2023-11-16 15:05:56 - [TEST_STEP][PASSED] - selenium.type("id=spc", "123"): null

2023-11-16 15:05:56 - [TEST_STEP][PASSED] - selenium.select("name=cardExpMonth", "label=04"): null

2023-11-16 15:05:56 - [TEST_STEP][PASSED] - selenium.select("name=cardExpYear", "label=2025"): null

2023-11-16 15:05:56 - [TEST_STEP][PASSED] - selenium.type("name=billingAddress", "2311 york road".toString()): null

2023-11-16 15:05:56 - [TEST_STEP][PASSED] - selenium.type("name=billingAddress2", "Suite 600".toString()): null

2023-11-16 15:05:56 - [TEST_STEP][PASSED] - selenium.type("id=billing-zip-input", "21054"): null

2023-11-16 15:05:56 - [TEST_STEP][PASSED] - selenium.type("name=emailAddress", com".toString()): null

2023-11-16 15:05:56 - [TEST_STEP][PASSED] - selenium.click("id=checkedAcceptCondition"): null

2023-11-16 15:05:56 - [TEST_STEP][PASSED] - selenium.click("name=ccSubmit"): null

2023-11-16 15:05:57 - [TEST_STEP][PASSED] - selenium.waitForPageToLoad("30000"): null

2023-11-16 15:05:57 - [TEST_STEP][PASSED] - softAssertion.assertEquals("Please verify the following information:", selenium.getText("css=span.vrelay-header")): null

2023-11-16 15:05:58 - [TEST_STEP][PASSED] - softAssertion.assertEquals(Pattern.matches("selenium.getText("css=span.payor_opt")", "^exact:Is this information correct[\s\S]$"), true): null

2023-11-16 15:05:58 - [TEST_STEP][PASSED] - verifyTextPresent("Please verify the following information:", true): Text 'Please verify the following information:' is present on page  using regular expression

2023-11-16 15:05:58 - [MESSAGE][PASSED] - Text 'Please verify the following information:' is present on page  using regular expression

2023-11-16 15:05:58 - [TEST_STEP][PASSED] - verifyTextPresent("Is this information correct", true): Text 'Is this information correct' is present on page  using regular expression

2023-11-16 15:05:58 - [MESSAGE][PASSED] - Text 'Is this information correct' is present on page  using regular expression

2023-11-16 15:05:58 - [TEST_STEP][PASSED] - verifyTextPresent("12.00", true): Text '12.00' is present on page  using regular expression

2023-11-16 15:05:59 - [MESSAGE][PASSED] - Text '12.00' is present on page  using regular expression

2023-11-16 15:05:59 - [TEST_STEP][PASSED] - verifyTextPresent("UDF2 Data1", true): Text 'UDF2 Data1' is present on page  using regular expression

2023-11-16 15:05:59 - [MESSAGE][PASSED] - Text 'UDF2 Data1' is present on page  using regular expression

2023-11-16 15:05:59 - [TEST_STEP][PASSED] - verifyTextPresent("UDF3 Data1", true): Text 'UDF3 Data1' is present on page  using regular expression

2023-11-16 15:05:59 - [MESSAGE][PASSED] - Text 'UDF3 Data1' is present on page  using regular expression

2023-11-16 15:05:59 - [TEST_STEP][PASSED] - verifyTextPresent("Purple", true): Text 'Purple' is present on page  using regular expression

2023-11-16 15:06:00 - [MESSAGE][PASSED] - Text 'Purple' is present on page  using regular expression

2023-11-16 15:06:00 - [TEST_STEP][PASSED] - verifyTextPresent("Orange", true): Text 'Orange' is present on page  using regular expression

2023-11-16 15:06:00 - [MESSAGE][PASSED] - Text 'Orange' is present on page  using regular expression

2023-11-16 15:06:00 - [TEST_STEP][PASSED] - verifyTextPresent("UDF6 Data1", true): Text 'UDF6 Data1' is present on page  using regular expression

2023-11-16 15:06:00 - [MESSAGE][PASSED] - Text 'UDF6 Data1' is present on page  using regular expression

2023-11-16 15:06:00 - [TEST_STEP][PASSED] - verifyTextPresent("UDF7 Data1", true): Text 'UDF7 Data1' is present on page  using regular expression

2023-11-16 15:06:00 - [MESSAGE][PASSED] - Text 'UDF7 Data1' is present on page  using regular expression

2023-11-16 15:06:00 - [TEST_STEP][PASSED] - verifyTextPresent("UDF8 Data1", true): Text 'UDF8 Data1' is present on page  using regular expression

2023-11-16 15:06:01 - [MESSAGE][PASSED] - Text 'UDF8 Data1' is present on page  using regular expression

2023-11-16 15:06:01 - [TEST_STEP][PASSED] - verifyTextPresent("Hunter Helms", true): Text 'Hunter Helms' is present on page  using regular expression

2023-11-16 15:06:01 - [MESSAGE][PASSED] - Text 'Hunter Helms' is present on page  using regular expression

2023-11-16 15:06:01 - [TEST_STEP][PASSED] - verifyTextPresent("Visa", true): Text 'Visa' is present on page  using regular expression

2023-11-16 15:06:01 - [MESSAGE][PASSED] - Text 'Visa' is present on page  using regular expression

2023-11-16 15:06:01 - [TEST_STEP][PASSED] - verifyTextPresent("1111", true): Text '1111' is present on page  using regular expression

2023-11-16 15:06:02 - [MESSAGE][PASSED] - Text '1111' is present on page  using regular expression

2023-11-16 15:06:02 - [TEST_STEP][PASSED] - verifyTextPresent("4/2025", true): Text '4/2025' is present on page  using regular expression

2023-11-16 15:06:02 - [MESSAGE][PASSED] - Text '4/2025' is present on page  using regular expression

2023-11-16 15:06:02 - [TEST_STEP][PASSED] - verifyTextPresent("2311 york road", true): Text '2311 york road' is present on page  using regular expression

2023-11-16 15:06:02 - [MESSAGE][PASSED] - Text '2311 york road' is present on page  using regular expression

2023-11-16 15:06:02 - [TEST_STEP][PASSED] - verifyTextPresent("Suite 600", true): Text 'Suite 600' is present on page  using regular expression

2023-11-16 15:06:02 - [MESSAGE][PASSED] - Text 'Suite 600' is present on page  using regular expression

2023-11-16 15:06:02 - [TEST_STEP][PASSED] - verifyTextPresent("United States", true): Text 'United States' is present on page  using regular expression

2023-11-16 15:06:03 - [MESSAGE][PASSED] - Text 'United States' is present on page  using regular expression

2023-11-16 15:06:03 - [TEST_STEP][PASSED] - verifyTextPresent("GAMBRILLS", true): Text 'GAMBRILLS' is present on page  using regular expression

2023-11-16 15:06:03 - [MESSAGE][PASSED] - Text 'GAMBRILLS' is present on page  using regular expression

2023-11-16 15:06:03 - [TEST_STEP][PASSED] - verifyTextPresent("Maryland", true): Text 'Maryland' is present on page  using regular expression

2023-11-16 15:06:03 - [MESSAGE][PASSED] - Text 'Maryland' is present on page  using regular expression

2023-11-16 15:06:03 - [TEST_STEP][PASSED] - verifyTextPresent("21054", true): Text '21054' is present on page  using regular expression

2023-11-16 15:06:03 - [MESSAGE][PASSED] - Text '21054' is present on page  using regular expression

2023-11-16 15:06:03 - [TEST_STEP][PASSED] - verifyTextPresent("iahmed@govolution.com", true): Text 'iahmed@govolution.com' is present on page  using regular expression

2023-11-16 15:06:04 - [MESSAGE][PASSED] - Text 'iahmed@govolution.com' is present on page  using regular expression

2023-11-16 15:06:04 - [TEST_STEP][PASSED] - selenium.click("document.process.confirmNotifyAction[1]"): null

2023-11-16 15:06:04 - [TEST_STEP][PASSED] - selenium.waitForPageToLoad("30000"): null

2023-11-16 15:06:05 - [TEST_STEP][PASSED] - selenium.type("name=amount", 00".toString()): null

2023-11-16 15:06:05 - [TEST_STEP][PASSED] - selenium.type("name=userDefined2", "UDF2 Data1 Modified".toString()): null

2023-11-16 15:06:05 - [TEST_STEP][PASSED] - selenium.type("name=userDefined3", "UDF3 Data1 Modified".toString()): null

2023-11-16 15:06:05 - [TEST_STEP][PASSED] - selenium.select("name=variableField4DropdownGroupItemID", "label=Orange"): null

2023-11-16 15:06:05 - [TEST_STEP][PASSED] - selenium.select("name=variableField5DropdownGroupItemID", "label=Purple"): null

2023-11-16 15:06:05 - [TEST_STEP][PASSED] - selenium.type("name=userDefined6", "UDF6 Data1 Modified".toString()): null

2023-11-16 15:06:05 - [TEST_STEP][PASSED] - selenium.type("name=userDefined7", "UDF7 Data1 Modified".toString()): null

2023-11-16 15:06:05 - [TEST_STEP][PASSED] - selenium.type("name=userDefined8", "UDF8 Data1 Modified".toString()): null

2023-11-16 15:06:06 - [TEST_STEP][PASSED] - selenium.type("name=billingName", "Jyoti James".toString()): null

2023-11-16 15:06:06 - [TEST_STEP][PASSED] - selenium.type("id=cardNumber", "5424000000000015"): null

2023-11-16 15:06:06 - [TEST_STEP][PASSED] - selenium.type("id=spc", "123"): null

2023-11-16 15:06:06 - [TEST_STEP][PASSED] - selenium.select("name=cardExpMonth", "label=09"): null

2023-11-16 15:06:06 - [TEST_STEP][PASSED] - selenium.select("name=cardExpYear", "label=2026"): null

2023-11-16 15:06:06 - [TEST_STEP][PASSED] - selenium.type("name=billingAddress", "15 Main Street".toString()): null

2023-11-16 15:06:06 - [TEST_STEP][PASSED] - selenium.type("name=billingAddress2", "Building 2".toString()): null

2023-11-16 15:06:06 - [TEST_STEP][PASSED] - selenium.type("id=billing-zip-input", "21114"): null

2023-11-16 15:06:06 - [TEST_STEP][PASSED] - selenium.type("name=emailAddress", com".toString()): null

2023-11-16 15:06:06 - [TEST_STEP][PASSED] - selenium.click("name=ccSubmit"): null

2023-11-16 15:06:07 - [TEST_STEP][PASSED] - selenium.waitForPageToLoad("30000"): null

2023-11-16 15:06:07 - [TEST_STEP][PASSED] - verifyTextPresent("20.00", true): Text '20.00' is present on page  using regular expression

2023-11-16 15:06:08 - [MESSAGE][PASSED] - Text '20.00' is present on page  using regular expression

2023-11-16 15:06:08 - [TEST_STEP][PASSED] - verifyTextPresent("UDF2 Data1 Modified", true): Text 'UDF2 Data1 Modified' is present on page  using regular expression

2023-11-16 15:06:08 - [MESSAGE][PASSED] - Text 'UDF2 Data1 Modified' is present on page  using regular expression

2023-11-16 15:06:08 - [TEST_STEP][PASSED] - verifyTextPresent("UDF3 Data1 Modified", true): Text 'UDF3 Data1 Modified' is present on page  using regular expression

2023-11-16 15:06:08 - [MESSAGE][PASSED] - Text 'UDF3 Data1 Modified' is present on page  using regular expression

2023-11-16 15:06:08 - [TEST_STEP][PASSED] - verifyTextPresent("Orange", true): Text 'Orange' is present on page  using regular expression

2023-11-16 15:06:09 - [MESSAGE][PASSED] - Text 'Orange' is present on page  using regular expression

2023-11-16 15:06:09 - [TEST_STEP][PASSED] - verifyTextPresent("Purple", true): Text 'Purple' is present on page  using regular expression

2023-11-16 15:06:09 - [MESSAGE][PASSED] - Text 'Purple' is present on page  using regular expression

2023-11-16 15:06:09 - [TEST_STEP][PASSED] - verifyTextPresent("UDF6 Data1 Modified", true): Text 'UDF6 Data1 Modified' is present on page  using regular expression

2023-11-16 15:06:09 - [MESSAGE][PASSED] - Text 'UDF6 Data1 Modified' is present on page  using regular expression

2023-11-16 15:06:09 - [TEST_STEP][PASSED] - verifyTextPresent("UDF7 Data1 Modified", true): Text 'UDF7 Data1 Modified' is present on page  using regular expression

2023-11-16 15:06:09 - [MESSAGE][PASSED] - Text 'UDF7 Data1 Modified' is present on page  using regular expression

2023-11-16 15:06:09 - [TEST_STEP][PASSED] - verifyTextPresent("UDF8 Data1 Modified", true): Text 'UDF8 Data1 Modified' is present on page  using regular expression

2023-11-16 15:06:10 - [MESSAGE][PASSED] - Text 'UDF8 Data1 Modified' is present on page  using regular expression

2023-11-16 15:06:10 - [TEST_STEP][PASSED] - verifyTextPresent("Jyoti James", true): Text 'Jyoti James' is present on page  using regular expression

2023-11-16 15:06:10 - [MESSAGE][PASSED] - Text 'Jyoti James' is present on page  using regular expression

2023-11-16 15:06:10 - [TEST_STEP][PASSED] - verifyTextPresent("MasterCard", true): Text 'MasterCard' is present on page  using regular expression

2023-11-16 15:06:10 - [MESSAGE][PASSED] - Text 'MasterCard' is present on page  using regular expression

2023-11-16 15:06:10 - [TEST_STEP][PASSED] - verifyTextPresent("0015", true): Text '0015' is present on page  using regular expression

2023-11-16 15:06:11 - [MESSAGE][PASSED] - Text '0015' is present on page  using regular expression

2023-11-16 15:06:11 - [TEST_STEP][PASSED] - verifyTextPresent("9/2026", true): Text '9/2026' is present on page  using regular expression

2023-11-16 15:06:11 - [MESSAGE][PASSED] - Text '9/2026' is present on page  using regular expression

2023-11-16 15:06:11 - [TEST_STEP][PASSED] - verifyTextPresent("15 Main Street", true): Text '15 Main Street' is present on page  using regular expression

2023-11-16 15:06:11 - [MESSAGE][PASSED] - Text '15 Main Street' is present on page  using regular expression

2023-11-16 15:06:11 - [TEST_STEP][PASSED] - verifyTextPresent("Building 2", true): Text 'Building 2' is present on page  using regular expression

2023-11-16 15:06:11 - [MESSAGE][PASSED] - Text 'Building 2' is present on page  using regular expression

2023-11-16 15:06:11 - [TEST_STEP][PASSED] - verifyTextPresent("United States", true): Text 'United States' is present on page  using regular expression

2023-11-16 15:06:12 - [MESSAGE][PASSED] - Text 'United States' is present on page  using regular expression

2023-11-16 15:06:12 - [TEST_STEP][PASSED] - verifyTextPresent("CROFTON", true): Text 'CROFTON' is present on page  using regular expression

2023-11-16 15:06:12 - [MESSAGE][PASSED] - Text 'CROFTON' is present on page  using regular expression

2023-11-16 15:06:12 - [TEST_STEP][PASSED] - verifyTextPresent("Maryland", true): Text 'Maryland' is present on page  using regular expression

2023-11-16 15:06:12 - [MESSAGE][PASSED] - Text 'Maryland' is present on page  using regular expression

2023-11-16 15:06:12 - [TEST_STEP][PASSED] - verifyTextPresent("21114", true): Text '21114' is present on page  using regular expression

2023-11-16 15:06:13 - [MESSAGE][PASSED] - Text '21114' is present on page  using regular expression

2023-11-16 15:06:13 - [TEST_STEP][PASSED] - verifyTextPresent("imtiazster@gmail.com", true): Text 'imtiazster@gmail.com' is present on page  using regular expression

2023-11-16 15:06:13 - [MESSAGE][PASSED] - Text 'imtiazster@gmail.com' is present on page  using regular expression

2023-11-16 15:06:13 - [TEST_STEP][PASSED] - selenium.click("name=confirmNotifyAction"): null

2023-11-16 15:06:13 - [TEST_STEP][PASSED] - selenium.waitForPageToLoad("30000"): null

2023-11-16 15:06:14 - [TEST_STEP][PASSED] - Thread.sleep(15000): null

2023-11-16 15:06:29 - [TEST_STEP][PASSED] - verifyTextPresent("MasterCard", true): Text 'MasterCard' is present on page  using regular expression

2023-11-16 15:06:29 - [MESSAGE][PASSED] - Text 'MasterCard' is present on page  using regular expression

2023-11-16 15:06:29 - [TEST_STEP][PASSED] - verifyTextPresent("JYOTI JAMES", true): Text 'JYOTI JAMES' is present on page  using regular expression

2023-11-16 15:06:29 - [MESSAGE][PASSED] - Text 'JYOTI JAMES' is present on page  using regular expression

2023-11-16 15:06:29 - [TEST_STEP][PASSED] - verifyTextPresent("0015", true): Text '0015' is present on page  using regular expression

2023-11-16 15:06:30 - [MESSAGE][PASSED] - Text '0015' is present on page  using regular expression

2023-11-16 15:06:30 - [TEST_STEP][PASSED] - verifyTextPresent("15 Main Street", true): Text '15 Main Street' is present on page  using regular expression

2023-11-16 15:06:30 - [MESSAGE][PASSED] - Text '15 Main Street' is present on page  using regular expression

2023-11-16 15:06:30 - [TEST_STEP][PASSED] - verifyTextPresent("Building 2", true): Text 'Building 2' is present on page  using regular expression

2023-11-16 15:06:30 - [MESSAGE][PASSED] - Text 'Building 2' is present on page  using regular expression

2023-11-16 15:06:30 - [TEST_STEP][PASSED] - verifyTextPresent("United States", true): Text 'United States' is present on page  using regular expression

2023-11-16 15:06:30 - [MESSAGE][PASSED] - Text 'United States' is present on page  using regular expression

2023-11-16 15:06:30 - [TEST_STEP][PASSED] - verifyTextPresent("CROFTON", true): Text 'CROFTON' is present on page  using regular expression

2023-11-16 15:06:31 - [MESSAGE][PASSED] - Text 'CROFTON' is present on page  using regular expression

2023-11-16 15:06:31 - [TEST_STEP][FAILED] - verifyTextPresent("Maryland", true): Text 'Maryland' is not present on page  using regular expression (Root cause: com.kms.katalon.core.exception.StepFailedException: Text 'Maryland' is not present on page  using regular expression
	at com.kms.katalon.core.webui.keyword.internal.WebUIKeywordMain.stepFailed(WebUIKeywordMain.groovy:64)
	at com.kms.katalon.core.webui.keyword.builtin.VerifyTextPresentKeyword$_verifyTextPresent_closure1.doCall(VerifyTextPresentKeyword.groovy:79)
	at com.kms.katalon.core.webui.keyword.builtin.VerifyTextPresentKeyword$_verifyTextPresent_closure1.call(VerifyTextPresentKeyword.groovy)
	at com.kms.katalon.core.webui.keyword.internal.WebUIKeywordMain.runKeyword(WebUIKeywordMain.groovy:20)
	at com.kms.katalon.core.webui.keyword.builtin.VerifyTextPresentKeyword.verifyTextPresent(VerifyTextPresentKeyword.groovy:83)
	at com.kms.katalon.core.webui.keyword.builtin.VerifyTextPresentKeyword.execute(VerifyTextPresentKeyword.groovy:68)
	at com.kms.katalon.core.keyword.internal.KeywordExecutor.executeKeywordForPlatform(KeywordExecutor.groovy:74)
	at com.kms.katalon.core.webui.keyword.WebUiBuiltInKeywords.verifyTextPresent(WebUiBuiltInKeywords.groovy:1723)
	at com.kms.katalon.core.webui.keyword.WebUiBuiltInKeywords$verifyTextPresent$0.call(Unknown Source)
	at ModifyPaymentCC.run(ModifyPaymentCC:216)
	at com.kms.katalon.core.main.ScriptEngine.run(ScriptEngine.java:194)
	at com.kms.katalon.core.main.ScriptEngine.runScriptAsRawText(ScriptEngine.java:119)
	at com.kms.katalon.core.main.TestCaseExecutor.runScript(TestCaseExecutor.java:448)
	at com.kms.katalon.core.main.TestCaseExecutor.doExecute(TestCaseExecutor.java:439)
	at com.kms.katalon.core.main.TestCaseExecutor.processExecutionPhase(TestCaseExecutor.java:418)
	at com.kms.katalon.core.main.TestCaseExecutor.accessMainPhase(TestCaseExecutor.java:410)
	at com.kms.katalon.core.main.TestCaseExecutor.execute(TestCaseExecutor.java:285)
	at com.kms.katalon.core.common.CommonExecutor.accessTestCaseMainPhase(CommonExecutor.java:65)
	at com.kms.katalon.core.main.TestSuiteExecutor.accessTestSuiteMainPhase(TestSuiteExecutor.java:148)
	at com.kms.katalon.core.main.TestSuiteExecutor.execute(TestSuiteExecutor.java:106)
	at com.kms.katalon.core.main.TestCaseMain.startTestSuite(TestCaseMain.java:187)
	at com.kms.katalon.core.main.TestCaseMain$startTestSuite$0.call(Unknown Source)
	at TempTestSuite1700165135754.run(TempTestSuite1700165135754.groovy:36)
)

2023-11-16 15:06:31 - [MESSAGE][FAILED] - Text 'Maryland' is not present on page  using regular expression (Root cause: com.kms.katalon.core.exception.StepFailedException: Text 'Maryland' is not present on page  using regular expression
	at com.kms.katalon.core.webui.keyword.internal.WebUIKeywordMain.stepFailed(WebUIKeywordMain.groovy:64)
	at com.kms.katalon.core.webui.keyword.builtin.VerifyTextPresentKeyword$_verifyTextPresent_closure1.doCall(VerifyTextPresentKeyword.groovy:79)
	at com.kms.katalon.core.webui.keyword.builtin.VerifyTextPresentKeyword$_verifyTextPresent_closure1.call(VerifyTextPresentKeyword.groovy)
	at com.kms.katalon.core.webui.keyword.internal.WebUIKeywordMain.runKeyword(WebUIKeywordMain.groovy:20)
	at com.kms.katalon.core.webui.keyword.builtin.VerifyTextPresentKeyword.verifyTextPresent(VerifyTextPresentKeyword.groovy:83)
	at com.kms.katalon.core.webui.keyword.builtin.VerifyTextPresentKeyword.execute(VerifyTextPresentKeyword.groovy:68)
	at com.kms.katalon.core.keyword.internal.KeywordExecutor.executeKeywordForPlatform(KeywordExecutor.groovy:74)
	at com.kms.katalon.core.webui.keyword.WebUiBuiltInKeywords.verifyTextPresent(WebUiBuiltInKeywords.groovy:1723)
	at com.kms.katalon.core.webui.keyword.WebUiBuiltInKeywords$verifyTextPresent$0.call(Unknown Source)
	at ModifyPaymentCC.run(ModifyPaymentCC:216)
	at com.kms.katalon.core.main.ScriptEngine.run(ScriptEngine.java:194)
	at com.kms.katalon.core.main.ScriptEngine.runScriptAsRawText(ScriptEngine.java:119)
	at com.kms.katalon.core.main.TestCaseExecutor.runScript(TestCaseExecutor.java:448)
	at com.kms.katalon.core.main.TestCaseExecutor.doExecute(TestCaseExecutor.java:439)
	at com.kms.katalon.core.main.TestCaseExecutor.processExecutionPhase(TestCaseExecutor.java:418)
	at com.kms.katalon.core.main.TestCaseExecutor.accessMainPhase(TestCaseExecutor.java:410)
	at com.kms.katalon.core.main.TestCaseExecutor.execute(TestCaseExecutor.java:285)
	at com.kms.katalon.core.common.CommonExecutor.accessTestCaseMainPhase(CommonExecutor.java:65)
	at com.kms.katalon.core.main.TestSuiteExecutor.accessTestSuiteMainPhase(TestSuiteExecutor.java:148)
	at com.kms.katalon.core.main.TestSuiteExecutor.execute(TestSuiteExecutor.java:106)
	at com.kms.katalon.core.main.TestCaseMain.startTestSuite(TestCaseMain.java:187)
	at com.kms.katalon.core.main.TestCaseMain$startTestSuite$0.call(Unknown Source)
	at TempTestSuite1700165135754.run(TempTestSuite1700165135754.groovy:36)
)

2023-11-16 15:06:31 - [TEST_STEP][PASSED] - verifyTextPresent("21114", true): Text '21114' is present on page  using regular expression

2023-11-16 15:06:31 - [MESSAGE][PASSED] - Text '21114' is present on page  using regular expression]]></system-out>
         <system-err><![CDATA[2023-11-16 15:05:43 - [TEST_CASE][FAILED] - Test Cases/BBP-SelIDE/ModifyPaymentCC: Test Cases/BBP-SelIDE/ModifyPaymentCC FAILED.
Reason:
com.kms.katalon.core.exception.StepFailedException: Text 'Please enter the following billing information about your payment:' is not present on page  using regular expression (Root cause: com.kms.katalon.core.exception.StepFailedException: Text 'Please enter the following billing information about your payment:' is not present on page  using regular expression
	at com.kms.katalon.core.webui.keyword.internal.WebUIKeywordMain.stepFailed(WebUIKeywordMain.groovy:64)
	at com.kms.katalon.core.webui.keyword.builtin.VerifyTextPresentKeyword$_verifyTextPresent_closure1.doCall(VerifyTextPresentKeyword.groovy:79)
	at com.kms.katalon.core.webui.keyword.builtin.VerifyTextPresentKeyword$_verifyTextPresent_closure1.call(VerifyTextPresentKeyword.groovy)
	at com.kms.katalon.core.webui.keyword.internal.WebUIKeywordMain.runKeyword(WebUIKeywordMain.groovy:20)
	at com.kms.katalon.core.webui.keyword.builtin.VerifyTextPresentKeyword.verifyTextPresent(VerifyTextPresentKeyword.groovy:83)
	at com.kms.katalon.core.webui.keyword.builtin.VerifyTextPresentKeyword.execute(VerifyTextPresentKeyword.groovy:68)
	at com.kms.katalon.core.keyword.internal.KeywordExecutor.executeKeywordForPlatform(KeywordExecutor.groovy:74)
	at com.kms.katalon.core.webui.keyword.WebUiBuiltInKeywords.verifyTextPresent(WebUiBuiltInKeywords.groovy:1723)
	at com.kms.katalon.core.webui.keyword.WebUiBuiltInKeywords$verifyTextPresent$0.call(Unknown Source)
	at ModifyPaymentCC.run(ModifyPaymentCC:60)
	at com.kms.katalon.core.main.ScriptEngine.run(ScriptEngine.java:194)
	at com.kms.katalon.core.main.ScriptEngine.runScriptAsRawText(ScriptEngine.java:119)
	at com.kms.katalon.core.main.TestCaseExecutor.runScript(TestCaseExecutor.java:448)
	at com.kms.katalon.core.main.TestCaseExecutor.doExecute(TestCaseExecutor.java:439)
	at com.kms.katalon.core.main.TestCaseExecutor.processExecutionPhase(TestCaseExecutor.java:418)
	at com.kms.katalon.core.main.TestCaseExecutor.accessMainPhase(TestCaseExecutor.java:410)
	at com.kms.katalon.core.main.TestCaseExecutor.execute(TestCaseExecutor.java:285)
	at com.kms.katalon.core.common.CommonExecutor.accessTestCaseMainPhase(CommonExecutor.java:65)
	at com.kms.katalon.core.main.TestSuiteExecutor.accessTestSuiteMainPhase(TestSuiteExecutor.java:148)
	at com.kms.katalon.core.main.TestSuiteExecutor.execute(TestSuiteExecutor.java:106)
	at com.kms.katalon.core.main.TestCaseMain.startTestSuite(TestCaseMain.java:187)
	at com.kms.katalon.core.main.TestCaseMain$startTestSuite$0.call(Unknown Source)
	at TempTestSuite1700165135754.run(TempTestSuite1700165135754.groovy:36)
)
	at com.kms.katalon.core.keyword.internal.KeywordMain.stepFailed(KeywordMain.groovy:39)
	at com.kms.katalon.core.webui.keyword.internal.WebUIKeywordMain.stepFailed(WebUIKeywordMain.groovy:64)
	at com.kms.katalon.core.webui.keyword.builtin.VerifyTextPresentKeyword$_verifyTextPresent_closure1.doCall(VerifyTextPresentKeyword.groovy:79)
	at com.kms.katalon.core.webui.keyword.builtin.VerifyTextPresentKeyword$_verifyTextPresent_closure1.call(VerifyTextPresentKeyword.groovy)
	at com.kms.katalon.core.webui.keyword.internal.WebUIKeywordMain.runKeyword(WebUIKeywordMain.groovy:20)
	at com.kms.katalon.core.webui.keyword.builtin.VerifyTextPresentKeyword.verifyTextPresent(VerifyTextPresentKeyword.groovy:83)
	at com.kms.katalon.core.webui.keyword.builtin.VerifyTextPresentKeyword.execute(VerifyTextPresentKeyword.groovy:68)
	at com.kms.katalon.core.keyword.internal.KeywordExecutor.executeKeywordForPlatform(KeywordExecutor.groovy:74)
	at com.kms.katalon.core.webui.keyword.WebUiBuiltInKeywords.verifyTextPresent(WebUiBuiltInKeywords.groovy:1723)
	at com.kms.katalon.core.webui.keyword.WebUiBuiltInKeywords$verifyTextPresent$0.call(Unknown Source)
	at ModifyPaymentCC.run(ModifyPaymentCC:60)
	at com.kms.katalon.core.main.ScriptEngine.run(ScriptEngine.java:194)
	at com.kms.katalon.core.main.ScriptEngine.runScriptAsRawText(ScriptEngine.java:119)
	at com.kms.katalon.core.main.TestCaseExecutor.runScript(TestCaseExecutor.java:448)
	at com.kms.katalon.core.main.TestCaseExecutor.doExecute(TestCaseExecutor.java:439)
	at com.kms.katalon.core.main.TestCaseExecutor.processExecutionPhase(TestCaseExecutor.java:418)
	at com.kms.katalon.core.main.TestCaseExecutor.accessMainPhase(TestCaseExecutor.java:410)
	at com.kms.katalon.core.main.TestCaseExecutor.execute(TestCaseExecutor.java:285)
	at com.kms.katalon.core.common.CommonExecutor.accessTestCaseMainPhase(CommonExecutor.java:65)
	at com.kms.katalon.core.main.TestSuiteExecutor.accessTestSuiteMainPhase(TestSuiteExecutor.java:148)
	at com.kms.katalon.core.main.TestSuiteExecutor.execute(TestSuiteExecutor.java:106)
	at com.kms.katalon.core.main.TestCaseMain.startTestSuite(TestCaseMain.java:187)
	at com.kms.katalon.core.main.TestCaseMain$startTestSuite$0.call(Unknown Source)
	at TempTestSuite1700165135754.run(TempTestSuite1700165135754.groovy:36)
Caused by: com.kms.katalon.core.exception.StepFailedException: Text 'Please enter the following billing information about your payment:' is not present on page  using regular expression
	... 23 more]]></system-err>
      </testcase>
      <testcase name="Test Cases/BBP-SelIDE/ModifyPaymentCorpACH" time="50.315" classname="Test Cases/BBP-SelIDE/ModifyPaymentCorpACH" status="PASSED">
         <system-out><![CDATA[2023-11-16 15:06:31 - [TEST_CASE][PASSED] - Test Cases/BBP-SelIDE/ModifyPaymentCorpACH: Test Cases/BBP-SelIDE/ModifyPaymentCorpACH

2023-11-16 15:06:32 - [TEST_STEP][PASSED] - softAssertion = new org.testng.asserts.SoftAssert(): null

2023-11-16 15:06:32 - [TEST_STEP][PASSED] - openBrowser("https://www.google.com/"): Browser is opened with url: 'https://www.google.com/'

2023-11-16 15:06:32 - [MESSAGE][WARNING] - A browser is already opened. Closing browser and opening a new one

2023-11-16 15:06:33 - [MESSAGE][INFO] - Starting 'Chrome' driver

2023-11-16 15:06:33 - [MESSAGE][INFO] - User set preference: ['acceptInsecureCerts', 'true']

2023-11-16 15:06:33 - [MESSAGE][INFO] - Action delay is set to 0 milliseconds

2023-11-16 15:06:37 - [MESSAGE][PASSED] - Browser is opened with url: 'https://www.google.com/'

2023-11-16 15:06:37 - [TEST_STEP][PASSED] - driver = getWebDriver(): null

2023-11-16 15:06:37 - [TEST_STEP][PASSED] - baseUrl = "https://www.google.com/": null

2023-11-16 15:06:37 - [TEST_STEP][PASSED] - selenium = new com.thoughtworks.selenium.webdriven.WebDriverBackedSelenium(driver, baseUrl): null

2023-11-16 15:06:37 - [TEST_STEP][PASSED] - bbpURL = BBPURL: null

2023-11-16 15:06:37 - [TEST_STEP][PASSED] - selenium.open(bbpURL): null

2023-11-16 15:06:37 - [TEST_STEP][PASSED] - selenium.type("id=field1", "111150"): null

2023-11-16 15:06:37 - [TEST_STEP][PASSED] - selenium.type("id=field2", "111151"): null

2023-11-16 15:06:38 - [TEST_STEP][PASSED] - selenium.click("name=Test"): null

2023-11-16 15:06:38 - [TEST_STEP][PASSED] - Thread.sleep(2000): null

2023-11-16 15:06:40 - [TEST_STEP][PASSED] - selenium.click("name=paysubmit"): null

2023-11-16 15:06:40 - [TEST_STEP][PASSED] - selenium.waitForPageToLoad("30000"): null

2023-11-16 15:06:41 - [TEST_STEP][PASSED] - selenium.click("xpath=(//input[@name='paymentMethod'])[3]"): null

2023-11-16 15:06:41 - [TEST_STEP][PASSED] - selenium.click("css=input[type="submit"]"): null

2023-11-16 15:06:43 - [TEST_STEP][PASSED] - selenium.waitForPageToLoad("30000"): null

2023-11-16 15:06:43 - [TEST_STEP][PASSED] - verifyTextPresent("Required fields are highlighted with an asterisk.", true): Text 'Required fields are highlighted with an asterisk.' is present on page  using regular expression

2023-11-16 15:06:44 - [MESSAGE][PASSED] - Text 'Required fields are highlighted with an asterisk.' is present on page  using regular expression

2023-11-16 15:06:44 - [TEST_STEP][PASSED] - verifyTextPresent("Please enter the following billing information about your payment:", true): Text 'Please enter the following billing information about your payment:' is present on page  using regular expression

2023-11-16 15:06:44 - [MESSAGE][PASSED] - Text 'Please enter the following billing information about your payment:' is present on page  using regular expression

2023-11-16 15:06:44 - [TEST_STEP][PASSED] - selenium.type("name=amount", 00".toString()): null

2023-11-16 15:06:44 - [TEST_STEP][PASSED] - selenium.type("name=userDefined2", "UDF2 Data3".toString()): null

2023-11-16 15:06:44 - [TEST_STEP][PASSED] - selenium.type("name=userDefined3", "UDF3 Data3".toString()): null

2023-11-16 15:06:44 - [TEST_STEP][PASSED] - selenium.select("name=variableField4DropdownGroupItemID", "label=Purple"): null

2023-11-16 15:06:44 - [TEST_STEP][PASSED] - selenium.select("name=variableField5DropdownGroupItemID", "label=Orange"): null

2023-11-16 15:06:44 - [TEST_STEP][PASSED] - selenium.type("name=userDefined6", "UDF6 Data3".toString()): null

2023-11-16 15:06:45 - [TEST_STEP][PASSED] - selenium.type("name=userDefined7", "UDF7 Data3".toString()): null

2023-11-16 15:06:45 - [TEST_STEP][PASSED] - selenium.type("name=userDefined8", "UDF8 Data3".toString()): null

2023-11-16 15:06:45 - [TEST_STEP][PASSED] - selenium.type("name=billingCompanyname", "My Company".toString()): null

2023-11-16 15:06:45 - [TEST_STEP][PASSED] - selenium.type("id=routingNumber", "256072691"): null

2023-11-16 15:06:45 - [TEST_STEP][PASSED] - selenium.type("id=accountNumber", "33333333"): null

2023-11-16 15:06:45 - [TEST_STEP][PASSED] - selenium.type("id=confirmAccountNumber", "33333333"): null

2023-11-16 15:06:45 - [TEST_STEP][PASSED] - selenium.type("name=ein", "123456789"): null

2023-11-16 15:06:45 - [TEST_STEP][PASSED] - selenium.type("name=billingAddress", "2311 york road".toString()): null

2023-11-16 15:06:45 - [TEST_STEP][PASSED] - selenium.type("name=billingAddress2", "suite 600".toString()): null

2023-11-16 15:06:45 - [TEST_STEP][PASSED] - selenium.type("id=billing-zip-input", "21054"): null

2023-11-16 15:06:45 - [TEST_STEP][PASSED] - selenium.type("name=emailAddress", com".toString()): null

2023-11-16 15:06:45 - [TEST_STEP][PASSED] - selenium.click("id=checkedAcceptCondition"): null

2023-11-16 15:06:45 - [TEST_STEP][PASSED] - selenium.click("name=achSubmit"): null

2023-11-16 15:06:46 - [TEST_STEP][PASSED] - selenium.waitForPageToLoad("30000"): null

2023-11-16 15:06:46 - [TEST_STEP][PASSED] - softAssertion.assertEquals("Please verify the following information:", selenium.getText("css=span.vrelay-header")): null

2023-11-16 15:06:47 - [TEST_STEP][PASSED] - softAssertion.assertEquals(Pattern.matches("selenium.getText("css=span.payor_opt")", "^exact:Is this information correct[\s\S]$"), true): null

2023-11-16 15:06:47 - [TEST_STEP][PASSED] - verifyTextPresent("Please verify the following information:", true): Text 'Please verify the following information:' is present on page  using regular expression

2023-11-16 15:06:47 - [MESSAGE][PASSED] - Text 'Please verify the following information:' is present on page  using regular expression

2023-11-16 15:06:47 - [TEST_STEP][PASSED] - verifyTextPresent("Is this information correct", true): Text 'Is this information correct' is present on page  using regular expression

2023-11-16 15:06:47 - [MESSAGE][PASSED] - Text 'Is this information correct' is present on page  using regular expression

2023-11-16 15:06:47 - [TEST_STEP][PASSED] - verifyTextPresent("15.00", true): Text '15.00' is present on page  using regular expression

2023-11-16 15:06:48 - [MESSAGE][PASSED] - Text '15.00' is present on page  using regular expression

2023-11-16 15:06:48 - [TEST_STEP][PASSED] - verifyTextPresent("UDF2 Data3", true): Text 'UDF2 Data3' is present on page  using regular expression

2023-11-16 15:06:48 - [MESSAGE][PASSED] - Text 'UDF2 Data3' is present on page  using regular expression

2023-11-16 15:06:48 - [TEST_STEP][PASSED] - verifyTextPresent("UDF3 Data3", true): Text 'UDF3 Data3' is present on page  using regular expression

2023-11-16 15:06:48 - [MESSAGE][PASSED] - Text 'UDF3 Data3' is present on page  using regular expression

2023-11-16 15:06:48 - [TEST_STEP][PASSED] - verifyTextPresent("Purple", true): Text 'Purple' is present on page  using regular expression

2023-11-16 15:06:48 - [MESSAGE][PASSED] - Text 'Purple' is present on page  using regular expression

2023-11-16 15:06:48 - [TEST_STEP][PASSED] - verifyTextPresent("Orange", true): Text 'Orange' is present on page  using regular expression

2023-11-16 15:06:49 - [MESSAGE][PASSED] - Text 'Orange' is present on page  using regular expression

2023-11-16 15:06:49 - [TEST_STEP][PASSED] - verifyTextPresent("UDF6 Data3", true): Text 'UDF6 Data3' is present on page  using regular expression

2023-11-16 15:06:49 - [MESSAGE][PASSED] - Text 'UDF6 Data3' is present on page  using regular expression

2023-11-16 15:06:49 - [TEST_STEP][PASSED] - verifyTextPresent("UDF7 Data3", true): Text 'UDF7 Data3' is present on page  using regular expression

2023-11-16 15:06:49 - [MESSAGE][PASSED] - Text 'UDF7 Data3' is present on page  using regular expression

2023-11-16 15:06:49 - [TEST_STEP][PASSED] - verifyTextPresent("UDF8 Data3", true): Text 'UDF8 Data3' is present on page  using regular expression

2023-11-16 15:06:50 - [MESSAGE][PASSED] - Text 'UDF8 Data3' is present on page  using regular expression

2023-11-16 15:06:50 - [TEST_STEP][PASSED] - verifyTextPresent("My Company", true): Text 'My Company' is present on page  using regular expression

2023-11-16 15:06:50 - [MESSAGE][PASSED] - Text 'My Company' is present on page  using regular expression

2023-11-16 15:06:50 - [TEST_STEP][PASSED] - verifyTextPresent("2691", true): Text '2691' is present on page  using regular expression

2023-11-16 15:06:50 - [MESSAGE][PASSED] - Text '2691' is present on page  using regular expression

2023-11-16 15:06:50 - [TEST_STEP][PASSED] - verifyTextPresent("3333", true): Text '3333' is present on page  using regular expression

2023-11-16 15:06:50 - [MESSAGE][PASSED] - Text '3333' is present on page  using regular expression

2023-11-16 15:06:50 - [TEST_STEP][PASSED] - verifyTextPresent("123456789", true): Text '123456789' is present on page  using regular expression

2023-11-16 15:06:51 - [MESSAGE][PASSED] - Text '123456789' is present on page  using regular expression

2023-11-16 15:06:51 - [TEST_STEP][PASSED] - verifyTextPresent("Corporate Checking", true): Text 'Corporate Checking' is present on page  using regular expression

2023-11-16 15:06:51 - [MESSAGE][PASSED] - Text 'Corporate Checking' is present on page  using regular expression

2023-11-16 15:06:51 - [TEST_STEP][PASSED] - verifyTextPresent("2311 york road", true): Text '2311 york road' is present on page  using regular expression

2023-11-16 15:06:51 - [MESSAGE][PASSED] - Text '2311 york road' is present on page  using regular expression

2023-11-16 15:06:51 - [TEST_STEP][PASSED] - verifyTextPresent("suite 600", true): Text 'suite 600' is present on page  using regular expression

2023-11-16 15:06:52 - [MESSAGE][PASSED] - Text 'suite 600' is present on page  using regular expression

2023-11-16 15:06:52 - [TEST_STEP][PASSED] - verifyTextPresent("United States", true): Text 'United States' is present on page  using regular expression

2023-11-16 15:06:52 - [MESSAGE][PASSED] - Text 'United States' is present on page  using regular expression

2023-11-16 15:06:52 - [TEST_STEP][PASSED] - verifyTextPresent("GAMBRILLS", true): Text 'GAMBRILLS' is present on page  using regular expression

2023-11-16 15:06:52 - [MESSAGE][PASSED] - Text 'GAMBRILLS' is present on page  using regular expression

2023-11-16 15:06:52 - [TEST_STEP][PASSED] - verifyTextPresent("Maryland", true): Text 'Maryland' is present on page  using regular expression

2023-11-16 15:06:52 - [MESSAGE][PASSED] - Text 'Maryland' is present on page  using regular expression

2023-11-16 15:06:52 - [TEST_STEP][PASSED] - verifyTextPresent("21054", true): Text '21054' is present on page  using regular expression

2023-11-16 15:06:53 - [MESSAGE][PASSED] - Text '21054' is present on page  using regular expression

2023-11-16 15:06:53 - [TEST_STEP][PASSED] - verifyTextPresent("iahmed@govolution.com", true): Text 'iahmed@govolution.com' is present on page  using regular expression

2023-11-16 15:06:53 - [MESSAGE][PASSED] - Text 'iahmed@govolution.com' is present on page  using regular expression

2023-11-16 15:06:53 - [TEST_STEP][PASSED] - selenium.click("document.process.confirmNotifyAction[1]"): null

2023-11-16 15:06:53 - [TEST_STEP][PASSED] - selenium.waitForPageToLoad("30000"): null

2023-11-16 15:06:54 - [TEST_STEP][PASSED] - selenium.type("name=amount", 00".toString()): null

2023-11-16 15:06:54 - [TEST_STEP][PASSED] - selenium.type("name=userDefined2", "UDF2 Data3 Modified".toString()): null

2023-11-16 15:06:54 - [TEST_STEP][PASSED] - selenium.type("name=userDefined3", "UDF3 Data3 Modified".toString()): null

2023-11-16 15:06:54 - [TEST_STEP][PASSED] - selenium.select("name=variableField4DropdownGroupItemID", "label=Orange"): null

2023-11-16 15:06:54 - [TEST_STEP][PASSED] - selenium.select("name=variableField5DropdownGroupItemID", "label=Purple"): null

2023-11-16 15:06:54 - [TEST_STEP][PASSED] - selenium.type("name=userDefined6", "UDF6 Data3 Modified".toString()): null

2023-11-16 15:06:54 - [TEST_STEP][PASSED] - selenium.type("name=userDefined7", "UDF7 Data3 Modified".toString()): null

2023-11-16 15:06:55 - [TEST_STEP][PASSED] - selenium.type("name=userDefined8", "UDF8 Data3 Modified".toString()): null

2023-11-16 15:06:55 - [TEST_STEP][PASSED] - selenium.type("name=billingCompanyname", "My Company Modified".toString()): null

2023-11-16 15:06:55 - [TEST_STEP][PASSED] - selenium.type("id=routingNumber", "055002707"): null

2023-11-16 15:06:55 - [TEST_STEP][PASSED] - selenium.type("id=accountNumber", "44444444"): null

2023-11-16 15:06:55 - [TEST_STEP][PASSED] - selenium.type("id=confirmAccountNumber", "44444444"): null

2023-11-16 15:06:55 - [TEST_STEP][PASSED] - selenium.type("name=ein", "589698745"): null

2023-11-16 15:06:55 - [TEST_STEP][PASSED] - selenium.type("name=billingAddress", "15 Main street".toString()): null

2023-11-16 15:06:55 - [TEST_STEP][PASSED] - selenium.type("name=billingAddress2", "Building 5".toString()): null

2023-11-16 15:06:55 - [TEST_STEP][PASSED] - selenium.type("id=billing-zip-input", "22201"): null

2023-11-16 15:06:55 - [TEST_STEP][PASSED] - selenium.type("name=emailAddress", com".toString()): null

2023-11-16 15:06:55 - [TEST_STEP][PASSED] - selenium.click("name=achSubmit"): null

2023-11-16 15:06:56 - [TEST_STEP][PASSED] - selenium.waitForPageToLoad("30000"): null

2023-11-16 15:06:56 - [TEST_STEP][PASSED] - verifyTextPresent("20.00", true): Text '20.00' is present on page  using regular expression

2023-11-16 15:06:57 - [MESSAGE][PASSED] - Text '20.00' is present on page  using regular expression

2023-11-16 15:06:57 - [TEST_STEP][PASSED] - verifyTextPresent("UDF2 Data3 Modified", true): Text 'UDF2 Data3 Modified' is present on page  using regular expression

2023-11-16 15:06:57 - [MESSAGE][PASSED] - Text 'UDF2 Data3 Modified' is present on page  using regular expression

2023-11-16 15:06:57 - [TEST_STEP][PASSED] - verifyTextPresent("UDF3 Data3 Modified", true): Text 'UDF3 Data3 Modified' is present on page  using regular expression

2023-11-16 15:06:57 - [MESSAGE][PASSED] - Text 'UDF3 Data3 Modified' is present on page  using regular expression

2023-11-16 15:06:57 - [TEST_STEP][PASSED] - verifyTextPresent("Orange", true): Text 'Orange' is present on page  using regular expression

2023-11-16 15:06:57 - [MESSAGE][PASSED] - Text 'Orange' is present on page  using regular expression

2023-11-16 15:06:57 - [TEST_STEP][PASSED] - verifyTextPresent("Purple", true): Text 'Purple' is present on page  using regular expression

2023-11-16 15:06:58 - [MESSAGE][PASSED] - Text 'Purple' is present on page  using regular expression

2023-11-16 15:06:58 - [TEST_STEP][PASSED] - verifyTextPresent("UDF6 Data3 Modified", true): Text 'UDF6 Data3 Modified' is present on page  using regular expression

2023-11-16 15:06:58 - [MESSAGE][PASSED] - Text 'UDF6 Data3 Modified' is present on page  using regular expression

2023-11-16 15:06:58 - [TEST_STEP][PASSED] - verifyTextPresent("UDF7 Data3 Modified", true): Text 'UDF7 Data3 Modified' is present on page  using regular expression

2023-11-16 15:06:58 - [MESSAGE][PASSED] - Text 'UDF7 Data3 Modified' is present on page  using regular expression

2023-11-16 15:06:58 - [TEST_STEP][PASSED] - verifyTextPresent("UDF8 Data3 Modified", true): Text 'UDF8 Data3 Modified' is present on page  using regular expression

2023-11-16 15:06:59 - [MESSAGE][PASSED] - Text 'UDF8 Data3 Modified' is present on page  using regular expression

2023-11-16 15:06:59 - [TEST_STEP][PASSED] - verifyTextPresent("My Company Modified", true): Text 'My Company Modified' is present on page  using regular expression

2023-11-16 15:06:59 - [MESSAGE][PASSED] - Text 'My Company Modified' is present on page  using regular expression

2023-11-16 15:06:59 - [TEST_STEP][PASSED] - verifyTextPresent("2707", true): Text '2707' is present on page  using regular expression

2023-11-16 15:06:59 - [MESSAGE][PASSED] - Text '2707' is present on page  using regular expression

2023-11-16 15:06:59 - [TEST_STEP][PASSED] - verifyTextPresent("4444", true): Text '4444' is present on page  using regular expression

2023-11-16 15:07:00 - [MESSAGE][PASSED] - Text '4444' is present on page  using regular expression

2023-11-16 15:07:00 - [TEST_STEP][PASSED] - verifyTextPresent("589698745", true): Text '589698745' is present on page  using regular expression

2023-11-16 15:07:00 - [MESSAGE][PASSED] - Text '589698745' is present on page  using regular expression

2023-11-16 15:07:00 - [TEST_STEP][PASSED] - verifyTextPresent("Corporate Checking", true): Text 'Corporate Checking' is present on page  using regular expression

2023-11-16 15:07:00 - [MESSAGE][PASSED] - Text 'Corporate Checking' is present on page  using regular expression

2023-11-16 15:07:00 - [TEST_STEP][PASSED] - verifyTextPresent("15 Main street", true): Text '15 Main street' is present on page  using regular expression

2023-11-16 15:07:01 - [MESSAGE][PASSED] - Text '15 Main street' is present on page  using regular expression

2023-11-16 15:07:01 - [TEST_STEP][PASSED] - verifyTextPresent("Building 5", true): Text 'Building 5' is present on page  using regular expression

2023-11-16 15:07:01 - [MESSAGE][PASSED] - Text 'Building 5' is present on page  using regular expression

2023-11-16 15:07:01 - [TEST_STEP][PASSED] - verifyTextPresent("United States", true): Text 'United States' is present on page  using regular expression

2023-11-16 15:07:01 - [MESSAGE][PASSED] - Text 'United States' is present on page  using regular expression

2023-11-16 15:07:01 - [TEST_STEP][PASSED] - verifyTextPresent("ARLINGTON", true): Text 'ARLINGTON' is present on page  using regular expression

2023-11-16 15:07:02 - [MESSAGE][PASSED] - Text 'ARLINGTON' is present on page  using regular expression

2023-11-16 15:07:02 - [TEST_STEP][PASSED] - verifyTextPresent("Virginia", true): Text 'Virginia' is present on page  using regular expression

2023-11-16 15:07:02 - [MESSAGE][PASSED] - Text 'Virginia' is present on page  using regular expression

2023-11-16 15:07:02 - [TEST_STEP][PASSED] - verifyTextPresent("22201", true): Text '22201' is present on page  using regular expression

2023-11-16 15:07:02 - [MESSAGE][PASSED] - Text '22201' is present on page  using regular expression

2023-11-16 15:07:02 - [TEST_STEP][PASSED] - verifyTextPresent("imtiazster@gmail.com", true): Text 'imtiazster@gmail.com' is present on page  using regular expression

2023-11-16 15:07:03 - [MESSAGE][PASSED] - Text 'imtiazster@gmail.com' is present on page  using regular expression

2023-11-16 15:07:03 - [TEST_STEP][PASSED] - selenium.click("name=confirmNotifyAction"): null

2023-11-16 15:07:03 - [TEST_STEP][PASSED] - selenium.waitForPageToLoad("30000"): null

2023-11-16 15:07:04 - [TEST_STEP][PASSED] - Thread.sleep(15000): null

2023-11-16 15:07:19 - [TEST_STEP][PASSED] - verifyTextPresent("20.00", true): Text '20.00' is present on page  using regular expression

2023-11-16 15:07:19 - [MESSAGE][PASSED] - Text '20.00' is present on page  using regular expression

2023-11-16 15:07:19 - [TEST_STEP][PASSED] - verifyTextPresent("4444", true): Text '4444' is present on page  using regular expression

2023-11-16 15:07:19 - [MESSAGE][PASSED] - Text '4444' is present on page  using regular expression

2023-11-16 15:07:19 - [TEST_STEP][PASSED] - verifyTextPresent("2707", true): Text '2707' is present on page  using regular expression

2023-11-16 15:07:20 - [MESSAGE][PASSED] - Text '2707' is present on page  using regular expression

2023-11-16 15:07:20 - [TEST_STEP][PASSED] - verifyTextPresent("My Company Modified", true): Text 'My Company Modified' is present on page  using regular expression

2023-11-16 15:07:20 - [MESSAGE][PASSED] - Text 'My Company Modified' is present on page  using regular expression

2023-11-16 15:07:20 - [TEST_STEP][PASSED] - verifyTextPresent("589698745", true): Text '589698745' is present on page  using regular expression

2023-11-16 15:07:20 - [MESSAGE][PASSED] - Text '589698745' is present on page  using regular expression

2023-11-16 15:07:20 - [TEST_STEP][PASSED] - verifyTextPresent("15 Main street", true): Text '15 Main street' is present on page  using regular expression

2023-11-16 15:07:20 - [MESSAGE][PASSED] - Text '15 Main street' is present on page  using regular expression

2023-11-16 15:07:20 - [TEST_STEP][PASSED] - verifyTextPresent("Building 5", true): Text 'Building 5' is present on page  using regular expression

2023-11-16 15:07:21 - [MESSAGE][PASSED] - Text 'Building 5' is present on page  using regular expression

2023-11-16 15:07:21 - [TEST_STEP][PASSED] - verifyTextPresent("United States", true): Text 'United States' is present on page  using regular expression

2023-11-16 15:07:21 - [MESSAGE][PASSED] - Text 'United States' is present on page  using regular expression

2023-11-16 15:07:21 - [TEST_STEP][PASSED] - verifyTextPresent("ARLINGTON", true): Text 'ARLINGTON' is present on page  using regular expression

2023-11-16 15:07:21 - [MESSAGE][PASSED] - Text 'ARLINGTON' is present on page  using regular expression

2023-11-16 15:07:21 - [TEST_STEP][PASSED] - verifyTextPresent("Virginia", true): Text 'Virginia' is present on page  using regular expression

2023-11-16 15:07:21 - [MESSAGE][PASSED] - Text 'Virginia' is present on page  using regular expression

2023-11-16 15:07:21 - [TEST_STEP][PASSED] - verifyTextPresent("22201", true): Text '22201' is present on page  using regular expression

2023-11-16 15:07:22 - [MESSAGE][PASSED] - Text '22201' is present on page  using regular expression]]></system-out>
         <system-err><![CDATA[]]></system-err>
      </testcase>
      <testcase name="Test Cases/BBP-SelIDE/ModifyPaymentPersonalACH" time="51.048" classname="Test Cases/BBP-SelIDE/ModifyPaymentPersonalACH" status="PASSED">
         <system-out><![CDATA[2023-11-16 15:07:22 - [TEST_CASE][PASSED] - Test Cases/BBP-SelIDE/ModifyPaymentPersonalACH: Test Cases/BBP-SelIDE/ModifyPaymentPersonalACH

2023-11-16 15:07:22 - [TEST_STEP][PASSED] - softAssertion = new org.testng.asserts.SoftAssert(): null

2023-11-16 15:07:22 - [TEST_STEP][PASSED] - openBrowser("https://www.google.com/"): Browser is opened with url: 'https://www.google.com/'

2023-11-16 15:07:22 - [MESSAGE][WARNING] - A browser is already opened. Closing browser and opening a new one

2023-11-16 15:07:23 - [MESSAGE][INFO] - Starting 'Chrome' driver

2023-11-16 15:07:23 - [MESSAGE][INFO] - User set preference: ['acceptInsecureCerts', 'true']

2023-11-16 15:07:23 - [MESSAGE][INFO] - Action delay is set to 0 milliseconds

2023-11-16 15:07:28 - [MESSAGE][PASSED] - Browser is opened with url: 'https://www.google.com/'

2023-11-16 15:07:28 - [TEST_STEP][PASSED] - driver = getWebDriver(): null

2023-11-16 15:07:28 - [TEST_STEP][PASSED] - baseUrl = "https://www.google.com/": null

2023-11-16 15:07:28 - [TEST_STEP][PASSED] - selenium = new com.thoughtworks.selenium.webdriven.WebDriverBackedSelenium(driver, baseUrl): null

2023-11-16 15:07:28 - [TEST_STEP][PASSED] - bbpURL = BBPURL: null

2023-11-16 15:07:28 - [TEST_STEP][PASSED] - selenium.open(bbpURL): null

2023-11-16 15:07:29 - [TEST_STEP][PASSED] - selenium.type("id=field1", "111150"): null

2023-11-16 15:07:29 - [TEST_STEP][PASSED] - selenium.type("id=field2", "111151"): null

2023-11-16 15:07:30 - [TEST_STEP][PASSED] - selenium.click("name=Test"): null

2023-11-16 15:07:30 - [TEST_STEP][PASSED] - Thread.sleep(2000): null

2023-11-16 15:07:32 - [TEST_STEP][PASSED] - selenium.click("name=paysubmit"): null

2023-11-16 15:07:32 - [TEST_STEP][PASSED] - selenium.waitForPageToLoad("30000"): null

2023-11-16 15:07:33 - [TEST_STEP][PASSED] - selenium.click("xpath=(//input[@name='paymentMethod'])[2]"): null

2023-11-16 15:07:33 - [TEST_STEP][PASSED] - selenium.click("css=input[type="submit"]"): null

2023-11-16 15:07:34 - [TEST_STEP][PASSED] - selenium.waitForPageToLoad("30000"): null

2023-11-16 15:07:35 - [TEST_STEP][PASSED] - verifyTextPresent("Required fields are highlighted with an asterisk.", true): Text 'Required fields are highlighted with an asterisk.' is present on page  using regular expression

2023-11-16 15:07:35 - [MESSAGE][PASSED] - Text 'Required fields are highlighted with an asterisk.' is present on page  using regular expression

2023-11-16 15:07:35 - [TEST_STEP][PASSED] - verifyTextPresent("Please enter the following billing information about your payment:", true): Text 'Please enter the following billing information about your payment:' is present on page  using regular expression

2023-11-16 15:07:35 - [MESSAGE][PASSED] - Text 'Please enter the following billing information about your payment:' is present on page  using regular expression

2023-11-16 15:07:35 - [TEST_STEP][PASSED] - selenium.type("name=amount", 00".toString()): null

2023-11-16 15:07:35 - [TEST_STEP][PASSED] - selenium.type("name=userDefined2", "UDF2 Data2".toString()): null

2023-11-16 15:07:35 - [TEST_STEP][PASSED] - selenium.type("name=userDefined3", "UDF3 Data2".toString()): null

2023-11-16 15:07:35 - [TEST_STEP][PASSED] - selenium.select("name=variableField4DropdownGroupItemID", "label=Purple"): null

2023-11-16 15:07:36 - [TEST_STEP][PASSED] - selenium.select("name=variableField5DropdownGroupItemID", "label=Orange"): null

2023-11-16 15:07:36 - [TEST_STEP][PASSED] - selenium.type("name=userDefined6", "UDF6 Data2".toString()): null

2023-11-16 15:07:36 - [TEST_STEP][PASSED] - selenium.type("name=userDefined7", "UDF7 Data2".toString()): null

2023-11-16 15:07:36 - [TEST_STEP][PASSED] - selenium.type("name=userDefined8", "UDF8 Data2".toString()): null

2023-11-16 15:07:36 - [TEST_STEP][PASSED] - selenium.type("name=billingFirstname", "Molly"): null

2023-11-16 15:07:36 - [TEST_STEP][PASSED] - selenium.type("name=billingLastname", "Hunter"): null

2023-11-16 15:07:36 - [TEST_STEP][PASSED] - selenium.type("id=routingNumber", "256072691"): null

2023-11-16 15:07:36 - [TEST_STEP][PASSED] - selenium.type("id=accountNumber", "11111111"): null

2023-11-16 15:07:36 - [TEST_STEP][PASSED] - selenium.type("id=confirmAccountNumber", "11111111"): null

2023-11-16 15:07:36 - [TEST_STEP][PASSED] - selenium.click("name=accountType"): null

2023-11-16 15:07:36 - [TEST_STEP][PASSED] - selenium.type("name=billingAddress", "2311 york road".toString()): null

2023-11-16 15:07:36 - [TEST_STEP][PASSED] - selenium.type("name=billingAddress2", "Suite 600".toString()): null

2023-11-16 15:07:36 - [TEST_STEP][PASSED] - selenium.type("id=billing-zip-input", "21054"): null

2023-11-16 15:07:36 - [TEST_STEP][PASSED] - selenium.type("name=emailAddress", com".toString()): null

2023-11-16 15:07:37 - [TEST_STEP][PASSED] - selenium.click("id=checkedAcceptCondition"): null

2023-11-16 15:07:37 - [TEST_STEP][PASSED] - selenium.click("name=achSubmit"): null

2023-11-16 15:07:37 - [TEST_STEP][PASSED] - selenium.waitForPageToLoad("30000"): null

2023-11-16 15:07:38 - [TEST_STEP][PASSED] - softAssertion.assertEquals("Please verify the following information:", selenium.getText("css=span.vrelay-header")): null

2023-11-16 15:07:38 - [TEST_STEP][PASSED] - softAssertion.assertEquals(Pattern.matches("selenium.getText("css=span.payor_opt")", "^exact:Is this information correct[\s\S]$"), true): null

2023-11-16 15:07:38 - [TEST_STEP][PASSED] - verifyTextPresent("Please verify the following information:", true): Text 'Please verify the following information:' is present on page  using regular expression

2023-11-16 15:07:38 - [MESSAGE][PASSED] - Text 'Please verify the following information:' is present on page  using regular expression

2023-11-16 15:07:38 - [TEST_STEP][PASSED] - verifyTextPresent("Is this information correct", true): Text 'Is this information correct' is present on page  using regular expression

2023-11-16 15:07:38 - [MESSAGE][PASSED] - Text 'Is this information correct' is present on page  using regular expression

2023-11-16 15:07:38 - [TEST_STEP][PASSED] - verifyTextPresent("13.00", true): Text '13.00' is present on page  using regular expression

2023-11-16 15:07:39 - [MESSAGE][PASSED] - Text '13.00' is present on page  using regular expression

2023-11-16 15:07:39 - [TEST_STEP][PASSED] - verifyTextPresent("UDF2 Data2", true): Text 'UDF2 Data2' is present on page  using regular expression

2023-11-16 15:07:39 - [MESSAGE][PASSED] - Text 'UDF2 Data2' is present on page  using regular expression

2023-11-16 15:07:39 - [TEST_STEP][PASSED] - verifyTextPresent("UDF3 Data2", true): Text 'UDF3 Data2' is present on page  using regular expression

2023-11-16 15:07:39 - [MESSAGE][PASSED] - Text 'UDF3 Data2' is present on page  using regular expression

2023-11-16 15:07:39 - [TEST_STEP][PASSED] - verifyTextPresent("Purple", true): Text 'Purple' is present on page  using regular expression

2023-11-16 15:07:40 - [MESSAGE][PASSED] - Text 'Purple' is present on page  using regular expression

2023-11-16 15:07:40 - [TEST_STEP][PASSED] - verifyTextPresent("Orange", true): Text 'Orange' is present on page  using regular expression

2023-11-16 15:07:40 - [MESSAGE][PASSED] - Text 'Orange' is present on page  using regular expression

2023-11-16 15:07:40 - [TEST_STEP][PASSED] - verifyTextPresent("UDF6 Data2", true): Text 'UDF6 Data2' is present on page  using regular expression

2023-11-16 15:07:40 - [MESSAGE][PASSED] - Text 'UDF6 Data2' is present on page  using regular expression

2023-11-16 15:07:40 - [TEST_STEP][PASSED] - verifyTextPresent("UDF7 Data2", true): Text 'UDF7 Data2' is present on page  using regular expression

2023-11-16 15:07:40 - [MESSAGE][PASSED] - Text 'UDF7 Data2' is present on page  using regular expression

2023-11-16 15:07:40 - [TEST_STEP][PASSED] - verifyTextPresent("UDF8 Data2", true): Text 'UDF8 Data2' is present on page  using regular expression

2023-11-16 15:07:41 - [MESSAGE][PASSED] - Text 'UDF8 Data2' is present on page  using regular expression

2023-11-16 15:07:41 - [TEST_STEP][PASSED] - verifyTextPresent("Molly", true): Text 'Molly' is present on page  using regular expression

2023-11-16 15:07:41 - [MESSAGE][PASSED] - Text 'Molly' is present on page  using regular expression

2023-11-16 15:07:41 - [TEST_STEP][PASSED] - verifyTextPresent("Hunter", true): Text 'Hunter' is present on page  using regular expression

2023-11-16 15:07:41 - [MESSAGE][PASSED] - Text 'Hunter' is present on page  using regular expression

2023-11-16 15:07:41 - [TEST_STEP][PASSED] - verifyTextPresent("1111", true): Text '1111' is present on page  using regular expression

2023-11-16 15:07:42 - [MESSAGE][PASSED] - Text '1111' is present on page  using regular expression

2023-11-16 15:07:42 - [TEST_STEP][PASSED] - verifyTextPresent("Personal Checking", true): Text 'Personal Checking' is present on page  using regular expression

2023-11-16 15:07:42 - [MESSAGE][PASSED] - Text 'Personal Checking' is present on page  using regular expression

2023-11-16 15:07:42 - [TEST_STEP][PASSED] - verifyTextPresent("2311 york road", true): Text '2311 york road' is present on page  using regular expression

2023-11-16 15:07:42 - [MESSAGE][PASSED] - Text '2311 york road' is present on page  using regular expression

2023-11-16 15:07:42 - [TEST_STEP][PASSED] - verifyTextPresent("Suite 600", true): Text 'Suite 600' is present on page  using regular expression

2023-11-16 15:07:42 - [MESSAGE][PASSED] - Text 'Suite 600' is present on page  using regular expression

2023-11-16 15:07:42 - [TEST_STEP][PASSED] - verifyTextPresent("United States", true): Text 'United States' is present on page  using regular expression

2023-11-16 15:07:43 - [MESSAGE][PASSED] - Text 'United States' is present on page  using regular expression

2023-11-16 15:07:43 - [TEST_STEP][PASSED] - verifyTextPresent("GAMBRILLS", true): Text 'GAMBRILLS' is present on page  using regular expression

2023-11-16 15:07:43 - [MESSAGE][PASSED] - Text 'GAMBRILLS' is present on page  using regular expression

2023-11-16 15:07:43 - [TEST_STEP][PASSED] - verifyTextPresent("Maryland", true): Text 'Maryland' is present on page  using regular expression

2023-11-16 15:07:43 - [MESSAGE][PASSED] - Text 'Maryland' is present on page  using regular expression

2023-11-16 15:07:43 - [TEST_STEP][PASSED] - verifyTextPresent("21054", true): Text '21054' is present on page  using regular expression

2023-11-16 15:07:44 - [MESSAGE][PASSED] - Text '21054' is present on page  using regular expression

2023-11-16 15:07:44 - [TEST_STEP][PASSED] - verifyTextPresent("iahmed@govolution.com", true): Text 'iahmed@govolution.com' is present on page  using regular expression

2023-11-16 15:07:44 - [MESSAGE][PASSED] - Text 'iahmed@govolution.com' is present on page  using regular expression

2023-11-16 15:07:44 - [TEST_STEP][PASSED] - selenium.click("document.process.confirmNotifyAction[1]"): null

2023-11-16 15:07:45 - [TEST_STEP][PASSED] - selenium.waitForPageToLoad("30000"): null

2023-11-16 15:07:45 - [TEST_STEP][PASSED] - selenium.type("name=amount", 00".toString()): null

2023-11-16 15:07:45 - [TEST_STEP][PASSED] - selenium.type("name=userDefined2", "UDF2 Data2 Modified".toString()): null

2023-11-16 15:07:46 - [TEST_STEP][PASSED] - selenium.type("name=userDefined3", "UDF3 Data2 Modified".toString()): null

2023-11-16 15:07:46 - [TEST_STEP][PASSED] - selenium.select("name=variableField4DropdownGroupItemID", "label=Orange"): null

2023-11-16 15:07:46 - [TEST_STEP][PASSED] - selenium.select("name=variableField5DropdownGroupItemID", "label=Purple"): null

2023-11-16 15:07:46 - [TEST_STEP][PASSED] - selenium.type("name=userDefined6", "UDF6 Data2 Modified".toString()): null

2023-11-16 15:07:46 - [TEST_STEP][PASSED] - selenium.type("name=userDefined7", "UDF7 Data2 Modified".toString()): null

2023-11-16 15:07:46 - [TEST_STEP][PASSED] - selenium.type("name=userDefined8", "UDF8 Data2 Modified".toString()): null

2023-11-16 15:07:46 - [TEST_STEP][PASSED] - selenium.type("name=billingFirstname", "Jelly"): null

2023-11-16 15:07:46 - [TEST_STEP][PASSED] - selenium.type("name=billingLastname", "Jackson"): null

2023-11-16 15:07:46 - [TEST_STEP][PASSED] - selenium.type("id=routingNumber", "055002707"): null

2023-11-16 15:07:46 - [TEST_STEP][PASSED] - selenium.type("id=accountNumber", "22222222"): null

2023-11-16 15:07:46 - [TEST_STEP][PASSED] - selenium.type("id=confirmAccountNumber", "22222222"): null

2023-11-16 15:07:46 - [TEST_STEP][PASSED] - selenium.click("name=accountType"): null

2023-11-16 15:07:46 - [TEST_STEP][PASSED] - selenium.type("name=billingAddress", "15 Main Street".toString()): null

2023-11-16 15:07:46 - [TEST_STEP][PASSED] - selenium.type("name=billingAddress2", "Building 2".toString()): null

2023-11-16 15:07:46 - [TEST_STEP][PASSED] - selenium.type("id=billing-zip-input", "22201"): null

2023-11-16 15:07:47 - [TEST_STEP][PASSED] - selenium.type("name=emailAddress", com".toString()): null

2023-11-16 15:07:47 - [TEST_STEP][PASSED] - selenium.click("name=achSubmit"): null

2023-11-16 15:07:47 - [TEST_STEP][PASSED] - selenium.waitForPageToLoad("30000"): null

2023-11-16 15:07:48 - [TEST_STEP][PASSED] - softAssertion.assertEquals("Please verify the following information:", selenium.getText("css=span.vrelay-header")): null

2023-11-16 15:07:48 - [TEST_STEP][PASSED] - softAssertion.assertEquals(Pattern.matches("selenium.getText("css=span.payor_opt")", "^exact:Is this information correct[\s\S]$"), true): null

2023-11-16 15:07:48 - [TEST_STEP][PASSED] - verifyTextPresent("Please verify the following information:", true): Text 'Please verify the following information:' is present on page  using regular expression

2023-11-16 15:07:48 - [MESSAGE][PASSED] - Text 'Please verify the following information:' is present on page  using regular expression

2023-11-16 15:07:48 - [TEST_STEP][PASSED] - verifyTextPresent("Is this information correct", true): Text 'Is this information correct' is present on page  using regular expression

2023-11-16 15:07:48 - [MESSAGE][PASSED] - Text 'Is this information correct' is present on page  using regular expression

2023-11-16 15:07:48 - [TEST_STEP][PASSED] - verifyTextPresent("20.00", true): Text '20.00' is present on page  using regular expression

2023-11-16 15:07:49 - [MESSAGE][PASSED] - Text '20.00' is present on page  using regular expression

2023-11-16 15:07:49 - [TEST_STEP][PASSED] - verifyTextPresent("UDF2 Data2 Modified", true): Text 'UDF2 Data2 Modified' is present on page  using regular expression

2023-11-16 15:07:49 - [MESSAGE][PASSED] - Text 'UDF2 Data2 Modified' is present on page  using regular expression

2023-11-16 15:07:49 - [TEST_STEP][PASSED] - verifyTextPresent("UDF3 Data2 Modified", true): Text 'UDF3 Data2 Modified' is present on page  using regular expression

2023-11-16 15:07:49 - [MESSAGE][PASSED] - Text 'UDF3 Data2 Modified' is present on page  using regular expression

2023-11-16 15:07:49 - [TEST_STEP][PASSED] - verifyTextPresent("Orange", true): Text 'Orange' is present on page  using regular expression

2023-11-16 15:07:50 - [MESSAGE][PASSED] - Text 'Orange' is present on page  using regular expression

2023-11-16 15:07:50 - [TEST_STEP][PASSED] - verifyTextPresent("Purple", true): Text 'Purple' is present on page  using regular expression

2023-11-16 15:07:50 - [MESSAGE][PASSED] - Text 'Purple' is present on page  using regular expression

2023-11-16 15:07:50 - [TEST_STEP][PASSED] - verifyTextPresent("UDF6 Data2 Modified", true): Text 'UDF6 Data2 Modified' is present on page  using regular expression

2023-11-16 15:07:50 - [MESSAGE][PASSED] - Text 'UDF6 Data2 Modified' is present on page  using regular expression

2023-11-16 15:07:50 - [TEST_STEP][PASSED] - verifyTextPresent("UDF7 Data2 Modified", true): Text 'UDF7 Data2 Modified' is present on page  using regular expression

2023-11-16 15:07:50 - [MESSAGE][PASSED] - Text 'UDF7 Data2 Modified' is present on page  using regular expression

2023-11-16 15:07:50 - [TEST_STEP][PASSED] - verifyTextPresent("UDF8 Data2 Modified", true): Text 'UDF8 Data2 Modified' is present on page  using regular expression

2023-11-16 15:07:51 - [MESSAGE][PASSED] - Text 'UDF8 Data2 Modified' is present on page  using regular expression

2023-11-16 15:07:51 - [TEST_STEP][PASSED] - verifyTextPresent("Jelly", true): Text 'Jelly' is present on page  using regular expression

2023-11-16 15:07:51 - [MESSAGE][PASSED] - Text 'Jelly' is present on page  using regular expression

2023-11-16 15:07:51 - [TEST_STEP][PASSED] - verifyTextPresent("Jackson", true): Text 'Jackson' is present on page  using regular expression

2023-11-16 15:07:51 - [MESSAGE][PASSED] - Text 'Jackson' is present on page  using regular expression

2023-11-16 15:07:51 - [TEST_STEP][PASSED] - verifyTextPresent("2707", true): Text '2707' is present on page  using regular expression

2023-11-16 15:07:51 - [MESSAGE][PASSED] - Text '2707' is present on page  using regular expression

2023-11-16 15:07:52 - [TEST_STEP][PASSED] - verifyTextPresent("2222", true): Text '2222' is present on page  using regular expression

2023-11-16 15:07:52 - [MESSAGE][PASSED] - Text '2222' is present on page  using regular expression

2023-11-16 15:07:52 - [TEST_STEP][PASSED] - verifyTextPresent("Personal Checking", true): Text 'Personal Checking' is present on page  using regular expression

2023-11-16 15:07:52 - [MESSAGE][PASSED] - Text 'Personal Checking' is present on page  using regular expression

2023-11-16 15:07:52 - [TEST_STEP][PASSED] - verifyTextPresent("15 Main Street", true): Text '15 Main Street' is present on page  using regular expression

2023-11-16 15:07:52 - [MESSAGE][PASSED] - Text '15 Main Street' is present on page  using regular expression

2023-11-16 15:07:52 - [TEST_STEP][PASSED] - verifyTextPresent("Building 2", true): Text 'Building 2' is present on page  using regular expression

2023-11-16 15:07:53 - [MESSAGE][PASSED] - Text 'Building 2' is present on page  using regular expression

2023-11-16 15:07:53 - [TEST_STEP][PASSED] - verifyTextPresent("United States", true): Text 'United States' is present on page  using regular expression

2023-11-16 15:07:53 - [MESSAGE][PASSED] - Text 'United States' is present on page  using regular expression

2023-11-16 15:07:53 - [TEST_STEP][PASSED] - verifyTextPresent("ARLINGTON", true): Text 'ARLINGTON' is present on page  using regular expression

2023-11-16 15:07:53 - [MESSAGE][PASSED] - Text 'ARLINGTON' is present on page  using regular expression

2023-11-16 15:07:53 - [TEST_STEP][PASSED] - verifyTextPresent("Virginia", true): Text 'Virginia' is present on page  using regular expression

2023-11-16 15:07:53 - [MESSAGE][PASSED] - Text 'Virginia' is present on page  using regular expression

2023-11-16 15:07:53 - [TEST_STEP][PASSED] - verifyTextPresent("22201", true): Text '22201' is present on page  using regular expression

2023-11-16 15:07:54 - [MESSAGE][PASSED] - Text '22201' is present on page  using regular expression

2023-11-16 15:07:54 - [TEST_STEP][PASSED] - verifyTextPresent("imtiazster@gmail.com", true): Text 'imtiazster@gmail.com' is present on page  using regular expression

2023-11-16 15:07:54 - [MESSAGE][PASSED] - Text 'imtiazster@gmail.com' is present on page  using regular expression

2023-11-16 15:07:54 - [TEST_STEP][PASSED] - selenium.click("name=confirmNotifyAction"): null

2023-11-16 15:07:55 - [TEST_STEP][PASSED] - selenium.waitForPageToLoad("30000"): null

2023-11-16 15:07:55 - [TEST_STEP][PASSED] - Thread.sleep(15000): null

2023-11-16 15:08:10 - [TEST_STEP][PASSED] - verifyTextPresent("20.00", true): Text '20.00' is present on page  using regular expression

2023-11-16 15:08:10 - [MESSAGE][PASSED] - Text '20.00' is present on page  using regular expression

2023-11-16 15:08:10 - [TEST_STEP][PASSED] - verifyTextPresent("2222", true): Text '2222' is present on page  using regular expression

2023-11-16 15:08:11 - [MESSAGE][PASSED] - Text '2222' is present on page  using regular expression

2023-11-16 15:08:11 - [TEST_STEP][PASSED] - verifyTextPresent("2707", true): Text '2707' is present on page  using regular expression

2023-11-16 15:08:11 - [MESSAGE][PASSED] - Text '2707' is present on page  using regular expression

2023-11-16 15:08:11 - [TEST_STEP][PASSED] - verifyTextPresent("JELLY JACKSON", true): Text 'JELLY JACKSON' is present on page  using regular expression

2023-11-16 15:08:11 - [MESSAGE][PASSED] - Text 'JELLY JACKSON' is present on page  using regular expression

2023-11-16 15:08:11 - [TEST_STEP][PASSED] - verifyTextPresent("15 Main Street", true): Text '15 Main Street' is present on page  using regular expression

2023-11-16 15:08:11 - [MESSAGE][PASSED] - Text '15 Main Street' is present on page  using regular expression

2023-11-16 15:08:11 - [TEST_STEP][PASSED] - verifyTextPresent("Building 2", true): Text 'Building 2' is present on page  using regular expression

2023-11-16 15:08:12 - [MESSAGE][PASSED] - Text 'Building 2' is present on page  using regular expression

2023-11-16 15:08:12 - [TEST_STEP][PASSED] - verifyTextPresent("United States", true): Text 'United States' is present on page  using regular expression

2023-11-16 15:08:12 - [MESSAGE][PASSED] - Text 'United States' is present on page  using regular expression

2023-11-16 15:08:12 - [TEST_STEP][PASSED] - verifyTextPresent("ARLINGTON", true): Text 'ARLINGTON' is present on page  using regular expression

2023-11-16 15:08:12 - [MESSAGE][PASSED] - Text 'ARLINGTON' is present on page  using regular expression

2023-11-16 15:08:12 - [TEST_STEP][PASSED] - verifyTextPresent("Virginia", true): Text 'Virginia' is present on page  using regular expression

2023-11-16 15:08:12 - [MESSAGE][PASSED] - Text 'Virginia' is present on page  using regular expression

2023-11-16 15:08:12 - [TEST_STEP][PASSED] - verifyTextPresent("22201", true): Text '22201' is present on page  using regular expression

2023-11-16 15:08:13 - [MESSAGE][PASSED] - Text '22201' is present on page  using regular expression]]></system-out>
         <system-err><![CDATA[]]></system-err>
      </testcase>
      <system-out><![CDATA[2023-11-16 15:05:42 - [TEST_SUITE][FAILED] - QA_BBP_Regression: Test Cases/BBP-SelIDE/ModifyPaymentCC FAILED.
Reason:
com.kms.katalon.core.exception.StepFailedException: Text 'Please enter the following billing information about your payment:' is not present on page  using regular expression (Root cause: com.kms.katalon.core.exception.StepFailedException: Text 'Please enter the following billing information about your payment:' is not present on page  using regular expression
	at com.kms.katalon.core.webui.keyword.internal.WebUIKeywordMain.stepFailed(WebUIKeywordMain.groovy:64)
	at com.kms.katalon.core.webui.keyword.builtin.VerifyTextPresentKeyword$_verifyTextPresent_closure1.doCall(VerifyTextPresentKeyword.groovy:79)
	at com.kms.katalon.core.webui.keyword.builtin.VerifyTextPresentKeyword$_verifyTextPresent_closure1.call(VerifyTextPresentKeyword.groovy)
	at com.kms.katalon.core.webui.keyword.internal.WebUIKeywordMain.runKeyword(WebUIKeywordMain.groovy:20)
	at com.kms.katalon.core.webui.keyword.builtin.VerifyTextPresentKeyword.verifyTextPresent(VerifyTextPresentKeyword.groovy:83)
	at com.kms.katalon.core.webui.keyword.builtin.VerifyTextPresentKeyword.execute(VerifyTextPresentKeyword.groovy:68)
	at com.kms.katalon.core.keyword.internal.KeywordExecutor.executeKeywordForPlatform(KeywordExecutor.groovy:74)
	at com.kms.katalon.core.webui.keyword.WebUiBuiltInKeywords.verifyTextPresent(WebUiBuiltInKeywords.groovy:1723)
	at com.kms.katalon.core.webui.keyword.WebUiBuiltInKeywords$verifyTextPresent$0.call(Unknown Source)
	at ModifyPaymentCC.run(ModifyPaymentCC:60)
	at com.kms.katalon.core.main.ScriptEngine.run(ScriptEngine.java:194)
	at com.kms.katalon.core.main.ScriptEngine.runScriptAsRawText(ScriptEngine.java:119)
	at com.kms.katalon.core.main.TestCaseExecutor.runScript(TestCaseExecutor.java:448)
	at com.kms.katalon.core.main.TestCaseExecutor.doExecute(TestCaseExecutor.java:439)
	at com.kms.katalon.core.main.TestCaseExecutor.processExecutionPhase(TestCaseExecutor.java:418)
	at com.kms.katalon.core.main.TestCaseExecutor.accessMainPhase(TestCaseExecutor.java:410)
	at com.kms.katalon.core.main.TestCaseExecutor.execute(TestCaseExecutor.java:285)
	at com.kms.katalon.core.common.CommonExecutor.accessTestCaseMainPhase(CommonExecutor.java:65)
	at com.kms.katalon.core.main.TestSuiteExecutor.accessTestSuiteMainPhase(TestSuiteExecutor.java:148)
	at com.kms.katalon.core.main.TestSuiteExecutor.execute(TestSuiteExecutor.java:106)
	at com.kms.katalon.core.main.TestCaseMain.startTestSuite(TestCaseMain.java:187)
	at com.kms.katalon.core.main.TestCaseMain$startTestSuite$0.call(Unknown Source)
	at TempTestSuite1700165135754.run(TempTestSuite1700165135754.groovy:36)
)
	at com.kms.katalon.core.keyword.internal.KeywordMain.stepFailed(KeywordMain.groovy:39)
	at com.kms.katalon.core.webui.keyword.internal.WebUIKeywordMain.stepFailed(WebUIKeywordMain.groovy:64)
	at com.kms.katalon.core.webui.keyword.builtin.VerifyTextPresentKeyword$_verifyTextPresent_closure1.doCall(VerifyTextPresentKeyword.groovy:79)
	at com.kms.katalon.core.webui.keyword.builtin.VerifyTextPresentKeyword$_verifyTextPresent_closure1.call(VerifyTextPresentKeyword.groovy)
	at com.kms.katalon.core.webui.keyword.internal.WebUIKeywordMain.runKeyword(WebUIKeywordMain.groovy:20)
	at com.kms.katalon.core.webui.keyword.builtin.VerifyTextPresentKeyword.verifyTextPresent(VerifyTextPresentKeyword.groovy:83)
	at com.kms.katalon.core.webui.keyword.builtin.VerifyTextPresentKeyword.execute(VerifyTextPresentKeyword.groovy:68)
	at com.kms.katalon.core.keyword.internal.KeywordExecutor.executeKeywordForPlatform(KeywordExecutor.groovy:74)
	at com.kms.katalon.core.webui.keyword.WebUiBuiltInKeywords.verifyTextPresent(WebUiBuiltInKeywords.groovy:1723)
	at com.kms.katalon.core.webui.keyword.WebUiBuiltInKeywords$verifyTextPresent$0.call(Unknown Source)
	at ModifyPaymentCC.run(ModifyPaymentCC:60)
	at com.kms.katalon.core.main.ScriptEngine.run(ScriptEngine.java:194)
	at com.kms.katalon.core.main.ScriptEngine.runScriptAsRawText(ScriptEngine.java:119)
	at com.kms.katalon.core.main.TestCaseExecutor.runScript(TestCaseExecutor.java:448)
	at com.kms.katalon.core.main.TestCaseExecutor.doExecute(TestCaseExecutor.java:439)
	at com.kms.katalon.core.main.TestCaseExecutor.processExecutionPhase(TestCaseExecutor.java:418)
	at com.kms.katalon.core.main.TestCaseExecutor.accessMainPhase(TestCaseExecutor.java:410)
	at com.kms.katalon.core.main.TestCaseExecutor.execute(TestCaseExecutor.java:285)
	at com.kms.katalon.core.common.CommonExecutor.accessTestCaseMainPhase(CommonExecutor.java:65)
	at com.kms.katalon.core.main.TestSuiteExecutor.accessTestSuiteMainPhase(TestSuiteExecutor.java:148)
	at com.kms.katalon.core.main.TestSuiteExecutor.execute(TestSuiteExecutor.java:106)
	at com.kms.katalon.core.main.TestCaseMain.startTestSuite(TestCaseMain.java:187)
	at com.kms.katalon.core.main.TestCaseMain$startTestSuite$0.call(Unknown Source)
	at TempTestSuite1700165135754.run(TempTestSuite1700165135754.groovy:36)
Caused by: com.kms.katalon.core.exception.StepFailedException: Text 'Please enter the following billing information about your payment:' is not present on page  using regular expression
	... 23 more]]></system-out>
      <system-err><![CDATA[2023-11-16 15:05:42 - [TEST_SUITE][FAILED] - QA_BBP_Regression: Test Cases/BBP-SelIDE/ModifyPaymentCC FAILED.
Reason:
com.kms.katalon.core.exception.StepFailedException: Text 'Please enter the following billing information about your payment:' is not present on page  using regular expression (Root cause: com.kms.katalon.core.exception.StepFailedException: Text 'Please enter the following billing information about your payment:' is not present on page  using regular expression
	at com.kms.katalon.core.webui.keyword.internal.WebUIKeywordMain.stepFailed(WebUIKeywordMain.groovy:64)
	at com.kms.katalon.core.webui.keyword.builtin.VerifyTextPresentKeyword$_verifyTextPresent_closure1.doCall(VerifyTextPresentKeyword.groovy:79)
	at com.kms.katalon.core.webui.keyword.builtin.VerifyTextPresentKeyword$_verifyTextPresent_closure1.call(VerifyTextPresentKeyword.groovy)
	at com.kms.katalon.core.webui.keyword.internal.WebUIKeywordMain.runKeyword(WebUIKeywordMain.groovy:20)
	at com.kms.katalon.core.webui.keyword.builtin.VerifyTextPresentKeyword.verifyTextPresent(VerifyTextPresentKeyword.groovy:83)
	at com.kms.katalon.core.webui.keyword.builtin.VerifyTextPresentKeyword.execute(VerifyTextPresentKeyword.groovy:68)
	at com.kms.katalon.core.keyword.internal.KeywordExecutor.executeKeywordForPlatform(KeywordExecutor.groovy:74)
	at com.kms.katalon.core.webui.keyword.WebUiBuiltInKeywords.verifyTextPresent(WebUiBuiltInKeywords.groovy:1723)
	at com.kms.katalon.core.webui.keyword.WebUiBuiltInKeywords$verifyTextPresent$0.call(Unknown Source)
	at ModifyPaymentCC.run(ModifyPaymentCC:60)
	at com.kms.katalon.core.main.ScriptEngine.run(ScriptEngine.java:194)
	at com.kms.katalon.core.main.ScriptEngine.runScriptAsRawText(ScriptEngine.java:119)
	at com.kms.katalon.core.main.TestCaseExecutor.runScript(TestCaseExecutor.java:448)
	at com.kms.katalon.core.main.TestCaseExecutor.doExecute(TestCaseExecutor.java:439)
	at com.kms.katalon.core.main.TestCaseExecutor.processExecutionPhase(TestCaseExecutor.java:418)
	at com.kms.katalon.core.main.TestCaseExecutor.accessMainPhase(TestCaseExecutor.java:410)
	at com.kms.katalon.core.main.TestCaseExecutor.execute(TestCaseExecutor.java:285)
	at com.kms.katalon.core.common.CommonExecutor.accessTestCaseMainPhase(CommonExecutor.java:65)
	at com.kms.katalon.core.main.TestSuiteExecutor.accessTestSuiteMainPhase(TestSuiteExecutor.java:148)
	at com.kms.katalon.core.main.TestSuiteExecutor.execute(TestSuiteExecutor.java:106)
	at com.kms.katalon.core.main.TestCaseMain.startTestSuite(TestCaseMain.java:187)
	at com.kms.katalon.core.main.TestCaseMain$startTestSuite$0.call(Unknown Source)
	at TempTestSuite1700165135754.run(TempTestSuite1700165135754.groovy:36)
)
	at com.kms.katalon.core.keyword.internal.KeywordMain.stepFailed(KeywordMain.groovy:39)
	at com.kms.katalon.core.webui.keyword.internal.WebUIKeywordMain.stepFailed(WebUIKeywordMain.groovy:64)
	at com.kms.katalon.core.webui.keyword.builtin.VerifyTextPresentKeyword$_verifyTextPresent_closure1.doCall(VerifyTextPresentKeyword.groovy:79)
	at com.kms.katalon.core.webui.keyword.builtin.VerifyTextPresentKeyword$_verifyTextPresent_closure1.call(VerifyTextPresentKeyword.groovy)
	at com.kms.katalon.core.webui.keyword.internal.WebUIKeywordMain.runKeyword(WebUIKeywordMain.groovy:20)
	at com.kms.katalon.core.webui.keyword.builtin.VerifyTextPresentKeyword.verifyTextPresent(VerifyTextPresentKeyword.groovy:83)
	at com.kms.katalon.core.webui.keyword.builtin.VerifyTextPresentKeyword.execute(VerifyTextPresentKeyword.groovy:68)
	at com.kms.katalon.core.keyword.internal.KeywordExecutor.executeKeywordForPlatform(KeywordExecutor.groovy:74)
	at com.kms.katalon.core.webui.keyword.WebUiBuiltInKeywords.verifyTextPresent(WebUiBuiltInKeywords.groovy:1723)
	at com.kms.katalon.core.webui.keyword.WebUiBuiltInKeywords$verifyTextPresent$0.call(Unknown Source)
	at ModifyPaymentCC.run(ModifyPaymentCC:60)
	at com.kms.katalon.core.main.ScriptEngine.run(ScriptEngine.java:194)
	at com.kms.katalon.core.main.ScriptEngine.runScriptAsRawText(ScriptEngine.java:119)
	at com.kms.katalon.core.main.TestCaseExecutor.runScript(TestCaseExecutor.java:448)
	at com.kms.katalon.core.main.TestCaseExecutor.doExecute(TestCaseExecutor.java:439)
	at com.kms.katalon.core.main.TestCaseExecutor.processExecutionPhase(TestCaseExecutor.java:418)
	at com.kms.katalon.core.main.TestCaseExecutor.accessMainPhase(TestCaseExecutor.java:410)
	at com.kms.katalon.core.main.TestCaseExecutor.execute(TestCaseExecutor.java:285)
	at com.kms.katalon.core.common.CommonExecutor.accessTestCaseMainPhase(CommonExecutor.java:65)
	at com.kms.katalon.core.main.TestSuiteExecutor.accessTestSuiteMainPhase(TestSuiteExecutor.java:148)
	at com.kms.katalon.core.main.TestSuiteExecutor.execute(TestSuiteExecutor.java:106)
	at com.kms.katalon.core.main.TestCaseMain.startTestSuite(TestCaseMain.java:187)
	at com.kms.katalon.core.main.TestCaseMain$startTestSuite$0.call(Unknown Source)
	at TempTestSuite1700165135754.run(TempTestSuite1700165135754.groovy:36)
Caused by: com.kms.katalon.core.exception.StepFailedException: Text 'Please enter the following billing information about your payment:' is not present on page  using regular expression
	... 23 more]]></system-err>
   </testsuite>
</testsuites>
