<?xml version="1.0" encoding="UTF-8"?>
<testsuites name="QA_BBP_Regression" time="142.034" tests="5" failures="1" errors="0">
   <testsuite name="QA_BBP_Regression" tests="5" failures="1" errors="0" time="142.034" skipped="0" timestamp="2023-11-16 16:33:27" hostname="imtiaz - DESKTOP-B2QI6NS.govolution.com" id="Test Suites/QA/BBP/QA_BBP_Regression">
      <properties>
         <property name="deviceName" value=""/>
         <property name="devicePlatform" value=""/>
         <property name="logFolder" value="E:\\Cloned-Project-Katalon\\VPS-Katalon\\Reports\\20231116_163320\\QA\\BBP\\QA_BBP_Regression\\20231116_163320"/>
         <property name="logFiles" value="E:\\Cloned-Project-Katalon\\VPS-Katalon\\Reports\\20231116_163320\\QA\\BBP\\QA_BBP_Regression\\20231116_163320\\execution0.log"/>
         <property name="attachments" value=""/>
         <property name="hostName" value="imtiaz - DESKTOP-B2QI6NS.govolution.com"/>
         <property name="os" value="Windows 10 64bit"/>
         <property name="katalonVersion" value="8.6.6.208"/>
         <property name="browser" value="Chrome 119.0.0.0"/>
         <property name="hostAddress" value="172.31.253.139"/>
         <property name="sessionId" value="daed3b27f8f1f6d487e29e75bf1f50f3"/>
         <property name="seleniumVersion" value="3.141.59"/>
         <property name="proxyInformation" value="ProxyInformation { proxyOption=NO_PROXY, proxyServerType=HTTP, username=, password=********, proxyServerAddress=, proxyServerPort=0, executionList=&quot;&quot;, isApplyToDesiredCapabilities=true }"/>
         <property name="platform" value="Windows 10"/>
      </properties>
      <testcase name="Test Cases/BBP-SelIDE/SuccessfulPaymentCCNoCF" time="13.352" classname="Test Cases/BBP-SelIDE/SuccessfulPaymentCCNoCF" status="FAILED">
         <failure type="FAILED" message="Test Cases/BBP-SelIDE/SuccessfulPaymentCCNoCF FAILED.
Reason:
com.kms.katalon.core.exception.StepFailedException: Text 'Please enter the following billing information about your payment:' is not present on page  using regular expression (Root cause: com.kms.katalon.core.exception.StepFailedException: Text 'Please enter the following billing information about your payment:' is not present on page  using regular expression
	at com.kms.katalon.core.webui.keyword.internal.WebUIKeywordMain.stepFailed(WebUIKeywordMain.groovy:64)
	at com.kms.katalon.core.webui.keyword.builtin.VerifyTextPresentKeyword$_verifyTextPresent_closure1.doCall(VerifyTextPresentKeyword.groovy:79)
	at com.kms.katalon.core.webui.keyword.builtin.VerifyTextPresentKeyword$_verifyTextPresent_closure1.call(VerifyTextPresentKeyword.groovy)
	at com.kms.katalon.core.webui.keyword.internal.WebUIKeywordMain.runKeyword(WebUIKeywordMain.groovy:20)
	at com.kms.katalon.core.webui.keyword.builtin.VerifyTextPresentKeyword.verifyTextPresent(VerifyTextPresentKeyword.groovy:83)
	at com.kms.katalon.core.webui.keyword.builtin.VerifyTextPresentKeyword.execute(VerifyTextPresentKeyword.groovy:68)
	at com.kms.katalon.core.keyword.internal.KeywordExecutor.executeKeywordForPlatform(KeywordExecutor.groovy:74)
	at com.kms.katalon.core.webui.keyword.WebUiBuiltInKeywords.verifyTextPresent(WebUiBuiltInKeywords.groovy:1723)
	at com.kms.katalon.core.webui.keyword.WebUiBuiltInKeywords$verifyTextPresent$0.call(Unknown Source)
	at SuccessfulPaymentCCNoCF.run(SuccessfulPaymentCCNoCF:59)
	at com.kms.katalon.core.main.ScriptEngine.run(ScriptEngine.java:194)
	at com.kms.katalon.core.main.ScriptEngine.runScriptAsRawText(ScriptEngine.java:119)
	at com.kms.katalon.core.main.TestCaseExecutor.runScript(TestCaseExecutor.java:448)
	at com.kms.katalon.core.main.TestCaseExecutor.doExecute(TestCaseExecutor.java:439)
	at com.kms.katalon.core.main.TestCaseExecutor.processExecutionPhase(TestCaseExecutor.java:418)
	at com.kms.katalon.core.main.TestCaseExecutor.accessMainPhase(TestCaseExecutor.java:410)
	at com.kms.katalon.core.main.TestCaseExecutor.execute(TestCaseExecutor.java:285)
	at com.kms.katalon.core.common.CommonExecutor.accessTestCaseMainPhase(CommonExecutor.java:65)
	at com.kms.katalon.core.main.TestSuiteExecutor.accessTestSuiteMainPhase(TestSuiteExecutor.java:148)
	at com.kms.katalon.core.main.TestSuiteExecutor.execute(TestSuiteExecutor.java:106)
	at com.kms.katalon.core.main.TestCaseMain.startTestSuite(TestCaseMain.java:187)
	at com.kms.katalon.core.main.TestCaseMain$startTestSuite$0.call(Unknown Source)
	at TempTestSuite1700170400273.run(TempTestSuite1700170400273.groovy:36)
)
	at com.kms.katalon.core.keyword.internal.KeywordMain.stepFailed(KeywordMain.groovy:39)
	at com.kms.katalon.core.webui.keyword.internal.WebUIKeywordMain.stepFailed(WebUIKeywordMain.groovy:64)
	at com.kms.katalon.core.webui.keyword.builtin.VerifyTextPresentKeyword$_verifyTextPresent_closure1.doCall(VerifyTextPresentKeyword.groovy:79)
	at com.kms.katalon.core.webui.keyword.builtin.VerifyTextPresentKeyword$_verifyTextPresent_closure1.call(VerifyTextPresentKeyword.groovy)
	at com.kms.katalon.core.webui.keyword.internal.WebUIKeywordMain.runKeyword(WebUIKeywordMain.groovy:20)
	at com.kms.katalon.core.webui.keyword.builtin.VerifyTextPresentKeyword.verifyTextPresent(VerifyTextPresentKeyword.groovy:83)
	at com.kms.katalon.core.webui.keyword.builtin.VerifyTextPresentKeyword.execute(VerifyTextPresentKeyword.groovy:68)
	at com.kms.katalon.core.keyword.internal.KeywordExecutor.executeKeywordForPlatform(KeywordExecutor.groovy:74)
	at com.kms.katalon.core.webui.keyword.WebUiBuiltInKeywords.verifyTextPresent(WebUiBuiltInKeywords.groovy:1723)
	at com.kms.katalon.core.webui.keyword.WebUiBuiltInKeywords$verifyTextPresent$0.call(Unknown Source)
	at SuccessfulPaymentCCNoCF.run(SuccessfulPaymentCCNoCF:59)
	at com.kms.katalon.core.main.ScriptEngine.run(ScriptEngine.java:194)
	at com.kms.katalon.core.main.ScriptEngine.runScriptAsRawText(ScriptEngine.java:119)
	at com.kms.katalon.core.main.TestCaseExecutor.runScript(TestCaseExecutor.java:448)
	at com.kms.katalon.core.main.TestCaseExecutor.doExecute(TestCaseExecutor.java:439)
	at com.kms.katalon.core.main.TestCaseExecutor.processExecutionPhase(TestCaseExecutor.java:418)
	at com.kms.katalon.core.main.TestCaseExecutor.accessMainPhase(TestCaseExecutor.java:410)
	at com.kms.katalon.core.main.TestCaseExecutor.execute(TestCaseExecutor.java:285)
	at com.kms.katalon.core.common.CommonExecutor.accessTestCaseMainPhase(CommonExecutor.java:65)
	at com.kms.katalon.core.main.TestSuiteExecutor.accessTestSuiteMainPhase(TestSuiteExecutor.java:148)
	at com.kms.katalon.core.main.TestSuiteExecutor.execute(TestSuiteExecutor.java:106)
	at com.kms.katalon.core.main.TestCaseMain.startTestSuite(TestCaseMain.java:187)
	at com.kms.katalon.core.main.TestCaseMain$startTestSuite$0.call(Unknown Source)
	at TempTestSuite1700170400273.run(TempTestSuite1700170400273.groovy:36)
Caused by: com.kms.katalon.core.exception.StepFailedException: Text 'Please enter the following billing information about your payment:' is not present on page  using regular expression
	... 23 more
"/>
         <system-out><![CDATA[2023-11-16 16:33:27 - [TEST_CASE][FAILED] - Test Cases/BBP-SelIDE/SuccessfulPaymentCCNoCF: Test Cases/BBP-SelIDE/SuccessfulPaymentCCNoCF FAILED.
Reason:
com.kms.katalon.core.exception.StepFailedException: Text 'Please enter the following billing information about your payment:' is not present on page  using regular expression (Root cause: com.kms.katalon.core.exception.StepFailedException: Text 'Please enter the following billing information about your payment:' is not present on page  using regular expression
	at com.kms.katalon.core.webui.keyword.internal.WebUIKeywordMain.stepFailed(WebUIKeywordMain.groovy:64)
	at com.kms.katalon.core.webui.keyword.builtin.VerifyTextPresentKeyword$_verifyTextPresent_closure1.doCall(VerifyTextPresentKeyword.groovy:79)
	at com.kms.katalon.core.webui.keyword.builtin.VerifyTextPresentKeyword$_verifyTextPresent_closure1.call(VerifyTextPresentKeyword.groovy)
	at com.kms.katalon.core.webui.keyword.internal.WebUIKeywordMain.runKeyword(WebUIKeywordMain.groovy:20)
	at com.kms.katalon.core.webui.keyword.builtin.VerifyTextPresentKeyword.verifyTextPresent(VerifyTextPresentKeyword.groovy:83)
	at com.kms.katalon.core.webui.keyword.builtin.VerifyTextPresentKeyword.execute(VerifyTextPresentKeyword.groovy:68)
	at com.kms.katalon.core.keyword.internal.KeywordExecutor.executeKeywordForPlatform(KeywordExecutor.groovy:74)
	at com.kms.katalon.core.webui.keyword.WebUiBuiltInKeywords.verifyTextPresent(WebUiBuiltInKeywords.groovy:1723)
	at com.kms.katalon.core.webui.keyword.WebUiBuiltInKeywords$verifyTextPresent$0.call(Unknown Source)
	at SuccessfulPaymentCCNoCF.run(SuccessfulPaymentCCNoCF:59)
	at com.kms.katalon.core.main.ScriptEngine.run(ScriptEngine.java:194)
	at com.kms.katalon.core.main.ScriptEngine.runScriptAsRawText(ScriptEngine.java:119)
	at com.kms.katalon.core.main.TestCaseExecutor.runScript(TestCaseExecutor.java:448)
	at com.kms.katalon.core.main.TestCaseExecutor.doExecute(TestCaseExecutor.java:439)
	at com.kms.katalon.core.main.TestCaseExecutor.processExecutionPhase(TestCaseExecutor.java:418)
	at com.kms.katalon.core.main.TestCaseExecutor.accessMainPhase(TestCaseExecutor.java:410)
	at com.kms.katalon.core.main.TestCaseExecutor.execute(TestCaseExecutor.java:285)
	at com.kms.katalon.core.common.CommonExecutor.accessTestCaseMainPhase(CommonExecutor.java:65)
	at com.kms.katalon.core.main.TestSuiteExecutor.accessTestSuiteMainPhase(TestSuiteExecutor.java:148)
	at com.kms.katalon.core.main.TestSuiteExecutor.execute(TestSuiteExecutor.java:106)
	at com.kms.katalon.core.main.TestCaseMain.startTestSuite(TestCaseMain.java:187)
	at com.kms.katalon.core.main.TestCaseMain$startTestSuite$0.call(Unknown Source)
	at TempTestSuite1700170400273.run(TempTestSuite1700170400273.groovy:36)
)
	at com.kms.katalon.core.keyword.internal.KeywordMain.stepFailed(KeywordMain.groovy:39)
	at com.kms.katalon.core.webui.keyword.internal.WebUIKeywordMain.stepFailed(WebUIKeywordMain.groovy:64)
	at com.kms.katalon.core.webui.keyword.builtin.VerifyTextPresentKeyword$_verifyTextPresent_closure1.doCall(VerifyTextPresentKeyword.groovy:79)
	at com.kms.katalon.core.webui.keyword.builtin.VerifyTextPresentKeyword$_verifyTextPresent_closure1.call(VerifyTextPresentKeyword.groovy)
	at com.kms.katalon.core.webui.keyword.internal.WebUIKeywordMain.runKeyword(WebUIKeywordMain.groovy:20)
	at com.kms.katalon.core.webui.keyword.builtin.VerifyTextPresentKeyword.verifyTextPresent(VerifyTextPresentKeyword.groovy:83)
	at com.kms.katalon.core.webui.keyword.builtin.VerifyTextPresentKeyword.execute(VerifyTextPresentKeyword.groovy:68)
	at com.kms.katalon.core.keyword.internal.KeywordExecutor.executeKeywordForPlatform(KeywordExecutor.groovy:74)
	at com.kms.katalon.core.webui.keyword.WebUiBuiltInKeywords.verifyTextPresent(WebUiBuiltInKeywords.groovy:1723)
	at com.kms.katalon.core.webui.keyword.WebUiBuiltInKeywords$verifyTextPresent$0.call(Unknown Source)
	at SuccessfulPaymentCCNoCF.run(SuccessfulPaymentCCNoCF:59)
	at com.kms.katalon.core.main.ScriptEngine.run(ScriptEngine.java:194)
	at com.kms.katalon.core.main.ScriptEngine.runScriptAsRawText(ScriptEngine.java:119)
	at com.kms.katalon.core.main.TestCaseExecutor.runScript(TestCaseExecutor.java:448)
	at com.kms.katalon.core.main.TestCaseExecutor.doExecute(TestCaseExecutor.java:439)
	at com.kms.katalon.core.main.TestCaseExecutor.processExecutionPhase(TestCaseExecutor.java:418)
	at com.kms.katalon.core.main.TestCaseExecutor.accessMainPhase(TestCaseExecutor.java:410)
	at com.kms.katalon.core.main.TestCaseExecutor.execute(TestCaseExecutor.java:285)
	at com.kms.katalon.core.common.CommonExecutor.accessTestCaseMainPhase(CommonExecutor.java:65)
	at com.kms.katalon.core.main.TestSuiteExecutor.accessTestSuiteMainPhase(TestSuiteExecutor.java:148)
	at com.kms.katalon.core.main.TestSuiteExecutor.execute(TestSuiteExecutor.java:106)
	at com.kms.katalon.core.main.TestCaseMain.startTestSuite(TestCaseMain.java:187)
	at com.kms.katalon.core.main.TestCaseMain$startTestSuite$0.call(Unknown Source)
	at TempTestSuite1700170400273.run(TempTestSuite1700170400273.groovy:36)
Caused by: com.kms.katalon.core.exception.StepFailedException: Text 'Please enter the following billing information about your payment:' is not present on page  using regular expression
	... 23 more


2023-11-16 16:33:28 - [TEST_STEP][PASSED] - softAssertion = new org.testng.asserts.SoftAssert(): null

2023-11-16 16:33:28 - [TEST_STEP][PASSED] - openBrowser("https://www.google.com/"): Browser is opened with url: 'https://www.google.com/'

2023-11-16 16:33:28 - [MESSAGE][INFO] - Starting 'Chrome' driver

2023-11-16 16:33:28 - [MESSAGE][INFO] - User set preference: ['acceptInsecureCerts', 'true']

2023-11-16 16:33:28 - [MESSAGE][INFO] - Action delay is set to 0 milliseconds

2023-11-16 16:33:33 - [MESSAGE][PASSED] - Browser is opened with url: 'https://www.google.com/'

2023-11-16 16:33:33 - [TEST_STEP][PASSED] - driver = getWebDriver(): null

2023-11-16 16:33:33 - [TEST_STEP][PASSED] - baseUrl = "https://www.google.com/": null

2023-11-16 16:33:33 - [TEST_STEP][PASSED] - selenium = new com.thoughtworks.selenium.webdriven.WebDriverBackedSelenium(driver, baseUrl): null

2023-11-16 16:33:33 - [TEST_STEP][PASSED] - bbpURL = BBPURL: null

2023-11-16 16:33:33 - [TEST_STEP][PASSED] - selenium.open(bbpURL): null

2023-11-16 16:33:34 - [TEST_STEP][PASSED] - selenium.type("id=field1", "111150"): null

2023-11-16 16:33:34 - [TEST_STEP][PASSED] - selenium.type("id=field2", "111151"): null

2023-11-16 16:33:34 - [TEST_STEP][PASSED] - selenium.click("name=Test"): null

2023-11-16 16:33:35 - [TEST_STEP][PASSED] - Thread.sleep(2000): null

2023-11-16 16:33:37 - [TEST_STEP][PASSED] - selenium.click("name=paysubmit"): null

2023-11-16 16:33:37 - [TEST_STEP][PASSED] - selenium.waitForPageToLoad("30000"): null

2023-11-16 16:33:38 - [TEST_STEP][PASSED] - selenium.click("name=paymentMethod"): null

2023-11-16 16:33:38 - [TEST_STEP][PASSED] - selenium.click("css=input[type="submit"]"): null

2023-11-16 16:33:39 - [TEST_STEP][PASSED] - selenium.waitForPageToLoad("30000"): null

2023-11-16 16:33:39 - [TEST_STEP][PASSED] - verifyTextPresent("Required fields are highlighted with an asterisk.", true): Text 'Required fields are highlighted with an asterisk.' is present on page  using regular expression

2023-11-16 16:33:40 - [MESSAGE][PASSED] - Text 'Required fields are highlighted with an asterisk.' is present on page  using regular expression

2023-11-16 16:33:40 - [TEST_STEP][FAILED] - verifyTextPresent("Please enter the following billing information about your payment:", true): Text 'Please enter the following billing information about your payment:' is not present on page  using regular expression (Root cause: com.kms.katalon.core.exception.StepFailedException: Text 'Please enter the following billing information about your payment:' is not present on page  using regular expression
	at com.kms.katalon.core.webui.keyword.internal.WebUIKeywordMain.stepFailed(WebUIKeywordMain.groovy:64)
	at com.kms.katalon.core.webui.keyword.builtin.VerifyTextPresentKeyword$_verifyTextPresent_closure1.doCall(VerifyTextPresentKeyword.groovy:79)
	at com.kms.katalon.core.webui.keyword.builtin.VerifyTextPresentKeyword$_verifyTextPresent_closure1.call(VerifyTextPresentKeyword.groovy)
	at com.kms.katalon.core.webui.keyword.internal.WebUIKeywordMain.runKeyword(WebUIKeywordMain.groovy:20)
	at com.kms.katalon.core.webui.keyword.builtin.VerifyTextPresentKeyword.verifyTextPresent(VerifyTextPresentKeyword.groovy:83)
	at com.kms.katalon.core.webui.keyword.builtin.VerifyTextPresentKeyword.execute(VerifyTextPresentKeyword.groovy:68)
	at com.kms.katalon.core.keyword.internal.KeywordExecutor.executeKeywordForPlatform(KeywordExecutor.groovy:74)
	at com.kms.katalon.core.webui.keyword.WebUiBuiltInKeywords.verifyTextPresent(WebUiBuiltInKeywords.groovy:1723)
	at com.kms.katalon.core.webui.keyword.WebUiBuiltInKeywords$verifyTextPresent$0.call(Unknown Source)
	at SuccessfulPaymentCCNoCF.run(SuccessfulPaymentCCNoCF:59)
	at com.kms.katalon.core.main.ScriptEngine.run(ScriptEngine.java:194)
	at com.kms.katalon.core.main.ScriptEngine.runScriptAsRawText(ScriptEngine.java:119)
	at com.kms.katalon.core.main.TestCaseExecutor.runScript(TestCaseExecutor.java:448)
	at com.kms.katalon.core.main.TestCaseExecutor.doExecute(TestCaseExecutor.java:439)
	at com.kms.katalon.core.main.TestCaseExecutor.processExecutionPhase(TestCaseExecutor.java:418)
	at com.kms.katalon.core.main.TestCaseExecutor.accessMainPhase(TestCaseExecutor.java:410)
	at com.kms.katalon.core.main.TestCaseExecutor.execute(TestCaseExecutor.java:285)
	at com.kms.katalon.core.common.CommonExecutor.accessTestCaseMainPhase(CommonExecutor.java:65)
	at com.kms.katalon.core.main.TestSuiteExecutor.accessTestSuiteMainPhase(TestSuiteExecutor.java:148)
	at com.kms.katalon.core.main.TestSuiteExecutor.execute(TestSuiteExecutor.java:106)
	at com.kms.katalon.core.main.TestCaseMain.startTestSuite(TestCaseMain.java:187)
	at com.kms.katalon.core.main.TestCaseMain$startTestSuite$0.call(Unknown Source)
	at TempTestSuite1700170400273.run(TempTestSuite1700170400273.groovy:36)
)

2023-11-16 16:33:40 - [MESSAGE][FAILED] - Text 'Please enter the following billing information about your payment:' is not present on page  using regular expression (Root cause: com.kms.katalon.core.exception.StepFailedException: Text 'Please enter the following billing information about your payment:' is not present on page  using regular expression
	at com.kms.katalon.core.webui.keyword.internal.WebUIKeywordMain.stepFailed(WebUIKeywordMain.groovy:64)
	at com.kms.katalon.core.webui.keyword.builtin.VerifyTextPresentKeyword$_verifyTextPresent_closure1.doCall(VerifyTextPresentKeyword.groovy:79)
	at com.kms.katalon.core.webui.keyword.builtin.VerifyTextPresentKeyword$_verifyTextPresent_closure1.call(VerifyTextPresentKeyword.groovy)
	at com.kms.katalon.core.webui.keyword.internal.WebUIKeywordMain.runKeyword(WebUIKeywordMain.groovy:20)
	at com.kms.katalon.core.webui.keyword.builtin.VerifyTextPresentKeyword.verifyTextPresent(VerifyTextPresentKeyword.groovy:83)
	at com.kms.katalon.core.webui.keyword.builtin.VerifyTextPresentKeyword.execute(VerifyTextPresentKeyword.groovy:68)
	at com.kms.katalon.core.keyword.internal.KeywordExecutor.executeKeywordForPlatform(KeywordExecutor.groovy:74)
	at com.kms.katalon.core.webui.keyword.WebUiBuiltInKeywords.verifyTextPresent(WebUiBuiltInKeywords.groovy:1723)
	at com.kms.katalon.core.webui.keyword.WebUiBuiltInKeywords$verifyTextPresent$0.call(Unknown Source)
	at SuccessfulPaymentCCNoCF.run(SuccessfulPaymentCCNoCF:59)
	at com.kms.katalon.core.main.ScriptEngine.run(ScriptEngine.java:194)
	at com.kms.katalon.core.main.ScriptEngine.runScriptAsRawText(ScriptEngine.java:119)
	at com.kms.katalon.core.main.TestCaseExecutor.runScript(TestCaseExecutor.java:448)
	at com.kms.katalon.core.main.TestCaseExecutor.doExecute(TestCaseExecutor.java:439)
	at com.kms.katalon.core.main.TestCaseExecutor.processExecutionPhase(TestCaseExecutor.java:418)
	at com.kms.katalon.core.main.TestCaseExecutor.accessMainPhase(TestCaseExecutor.java:410)
	at com.kms.katalon.core.main.TestCaseExecutor.execute(TestCaseExecutor.java:285)
	at com.kms.katalon.core.common.CommonExecutor.accessTestCaseMainPhase(CommonExecutor.java:65)
	at com.kms.katalon.core.main.TestSuiteExecutor.accessTestSuiteMainPhase(TestSuiteExecutor.java:148)
	at com.kms.katalon.core.main.TestSuiteExecutor.execute(TestSuiteExecutor.java:106)
	at com.kms.katalon.core.main.TestCaseMain.startTestSuite(TestCaseMain.java:187)
	at com.kms.katalon.core.main.TestCaseMain$startTestSuite$0.call(Unknown Source)
	at TempTestSuite1700170400273.run(TempTestSuite1700170400273.groovy:36)
)

2023-11-16 16:33:40 - [TEST_STEP][PASSED] - selenium.type("name=amount", 00".toString()): null

2023-11-16 16:33:40 - [TEST_STEP][PASSED] - selenium.type("name=userDefined2", "UDF2 Data1".toString()): null

2023-11-16 16:33:40 - [TEST_STEP][PASSED] - selenium.type("name=userDefined3", "UDF3 Data1".toString()): null

2023-11-16 16:33:40 - [TEST_STEP][ERROR] - selenium.select("name=variableField4DropdownGroupItemID", "label=Purple"): Test Cases/BBP-SelIDE/SuccessfulPaymentCCNoCF FAILED.
Reason:
com.thoughtworks.selenium.SeleniumException: Element name=variableField4DropdownGroupItemID not found
	at com.thoughtworks.selenium.webdriven.ElementFinder.findElement(ElementFinder.java:93)
	at com.thoughtworks.selenium.webdriven.commands.SeleniumSelect.<init>(SeleniumSelect.java:48)
	at com.thoughtworks.selenium.webdriven.commands.SelectOption.handleSeleneseCommand(SelectOption.java:41)
	at com.thoughtworks.selenium.webdriven.commands.SelectOption.handleSeleneseCommand(SelectOption.java:26)
	at com.thoughtworks.selenium.webdriven.SeleneseCommand.apply(SeleneseCommand.java:39)
	at com.thoughtworks.selenium.webdriven.Timer.run(Timer.java:41)
	at com.thoughtworks.selenium.webdriven.WebDriverCommandProcessor.execute(WebDriverCommandProcessor.java:150)
	at com.thoughtworks.selenium.webdriven.WebDriverCommandProcessor.doCommand(WebDriverCommandProcessor.java:76)
	at com.thoughtworks.selenium.DefaultSelenium.select(DefaultSelenium.java:350)
	at com.thoughtworks.selenium.Selenium$select$3.call(Unknown Source)
	at SuccessfulPaymentCCNoCF.run(SuccessfulPaymentCCNoCF:65)
	at com.kms.katalon.core.main.ScriptEngine.run(ScriptEngine.java:194)
	at com.kms.katalon.core.main.ScriptEngine.runScriptAsRawText(ScriptEngine.java:119)
	at com.kms.katalon.core.main.TestCaseExecutor.runScript(TestCaseExecutor.java:448)
	at com.kms.katalon.core.main.TestCaseExecutor.doExecute(TestCaseExecutor.java:439)
	at com.kms.katalon.core.main.TestCaseExecutor.processExecutionPhase(TestCaseExecutor.java:418)
	at com.kms.katalon.core.main.TestCaseExecutor.accessMainPhase(TestCaseExecutor.java:410)
	at com.kms.katalon.core.main.TestCaseExecutor.execute(TestCaseExecutor.java:285)
	at com.kms.katalon.core.common.CommonExecutor.accessTestCaseMainPhase(CommonExecutor.java:65)
	at com.kms.katalon.core.main.TestSuiteExecutor.accessTestSuiteMainPhase(TestSuiteExecutor.java:148)
	at com.kms.katalon.core.main.TestSuiteExecutor.execute(TestSuiteExecutor.java:106)
	at com.kms.katalon.core.main.TestCaseMain.startTestSuite(TestCaseMain.java:187)
	at com.kms.katalon.core.main.TestCaseMain$startTestSuite$0.call(Unknown Source)
	at TempTestSuite1700170400273.run(TempTestSuite1700170400273.groovy:36)
Caused by: org.openqa.selenium.JavascriptException: javascript error: Element name=variableField4DropdownGroupItemID not found
  (Session info: chrome=119.0.6045.125)
Build info: version: '3.141.59', revision: 'e82be7d358', time: '2018-11-14T08:25:53'
System info: host: 'DESKTOP-B2QI6NS', ip: '172.31.253.139', os.name: 'Windows 10', os.arch: 'amd64', os.version: '10.0', java.version: '1.8.0_181'
Driver info: com.kms.katalon.selenium.driver.CChromeDriver
Capabilities {acceptInsecureCerts: true, browserName: chrome, browserVersion: 119.0.6045.125, chrome: {chromedriverVersion: 119.0.6045.105 (38c72552c5e..., userDataDir: C:\Users\imtiaz\AppData\Loc...}, fedcm:accounts: true, goog:chromeOptions: {debuggerAddress: localhost:49276}, javascriptEnabled: true, networkConnectionEnabled: false, pageLoadStrategy: normal, platform: WINDOWS, platformName: WINDOWS, proxy: Proxy(), setWindowRect: true, strictFileInteractability: false, timeouts: {implicit: 0, pageLoad: 300000, script: 30000}, unhandledPromptBehavior: dismiss and notify, webauthn:extension:credBlob: true, webauthn:extension:largeBlob: true, webauthn:extension:minPinLength: true, webauthn:extension:prf: true, webauthn:virtualAuthenticators: true}
Session ID: b3ed5efa838f79aee0c4cca7d29be104
	at org.openqa.selenium.remote.http.W3CHttpResponseCodec.createException(W3CHttpResponseCodec.java:187)
	at org.openqa.selenium.remote.http.W3CHttpResponseCodec.decode(W3CHttpResponseCodec.java:122)
	at org.openqa.selenium.remote.http.W3CHttpResponseCodec.decode(W3CHttpResponseCodec.java:49)
	at org.openqa.selenium.remote.HttpCommandExecutor.execute(HttpCommandExecutor.java:158)
	at org.openqa.selenium.remote.service.DriverCommandExecutor.execute(DriverCommandExecutor.java:83)
	at org.openqa.selenium.remote.RemoteWebDriver.execute(RemoteWebDriver.java:552)
	at com.kms.katalon.selenium.driver.CChromeDriver.execute(CChromeDriver.java:19)
	at org.openqa.selenium.remote.RemoteWebDriver.executeScript(RemoteWebDriver.java:489)
	at org.openqa.selenium.support.events.EventFiringWebDriver.lambda$new$1(EventFiringWebDriver.java:105)
	at com.sun.proxy.$Proxy10.executeScript(Unknown Source)
	at org.openqa.selenium.support.events.EventFiringWebDriver.executeScript(EventFiringWebDriver.java:229)
	at com.thoughtworks.selenium.webdriven.ElementFinder.findElement(ElementFinder.java:91)
	at com.thoughtworks.selenium.webdriven.commands.SeleniumSelect.<init>(SeleniumSelect.java:48)
	at com.thoughtworks.selenium.webdriven.commands.SelectOption.handleSeleneseCommand(SelectOption.java:41)
	at com.thoughtworks.selenium.webdriven.commands.SelectOption.handleSeleneseCommand(SelectOption.java:26)
	at com.thoughtworks.selenium.webdriven.SeleneseCommand.apply(SeleneseCommand.java:39)
	at com.thoughtworks.selenium.webdriven.Timer.run(Timer.java:41)
	at com.thoughtworks.selenium.webdriven.WebDriverCommandProcessor.execute(WebDriverCommandProcessor.java:150)
	at com.thoughtworks.selenium.webdriven.WebDriverCommandProcessor.doCommand(WebDriverCommandProcessor.java:76)
	at com.thoughtworks.selenium.DefaultSelenium.select(DefaultSelenium.java:350)
	at com.thoughtworks.selenium.Selenium$select$3.call(Unknown Source)
	at Script1698442710248.run(Script1698442710248.groovy:65)
	... 13 more


2023-11-16 16:33:40 - [MESSAGE][ERROR] - Test Cases/BBP-SelIDE/SuccessfulPaymentCCNoCF FAILED.
Reason:
com.thoughtworks.selenium.SeleniumException: Element name=variableField4DropdownGroupItemID not found
	at com.thoughtworks.selenium.webdriven.ElementFinder.findElement(ElementFinder.java:93)
	at com.thoughtworks.selenium.webdriven.commands.SeleniumSelect.<init>(SeleniumSelect.java:48)
	at com.thoughtworks.selenium.webdriven.commands.SelectOption.handleSeleneseCommand(SelectOption.java:41)
	at com.thoughtworks.selenium.webdriven.commands.SelectOption.handleSeleneseCommand(SelectOption.java:26)
	at com.thoughtworks.selenium.webdriven.SeleneseCommand.apply(SeleneseCommand.java:39)
	at com.thoughtworks.selenium.webdriven.Timer.run(Timer.java:41)
	at com.thoughtworks.selenium.webdriven.WebDriverCommandProcessor.execute(WebDriverCommandProcessor.java:150)
	at com.thoughtworks.selenium.webdriven.WebDriverCommandProcessor.doCommand(WebDriverCommandProcessor.java:76)
	at com.thoughtworks.selenium.DefaultSelenium.select(DefaultSelenium.java:350)
	at com.thoughtworks.selenium.Selenium$select$3.call(Unknown Source)
	at SuccessfulPaymentCCNoCF.run(SuccessfulPaymentCCNoCF:65)
	at com.kms.katalon.core.main.ScriptEngine.run(ScriptEngine.java:194)
	at com.kms.katalon.core.main.ScriptEngine.runScriptAsRawText(ScriptEngine.java:119)
	at com.kms.katalon.core.main.TestCaseExecutor.runScript(TestCaseExecutor.java:448)
	at com.kms.katalon.core.main.TestCaseExecutor.doExecute(TestCaseExecutor.java:439)
	at com.kms.katalon.core.main.TestCaseExecutor.processExecutionPhase(TestCaseExecutor.java:418)
	at com.kms.katalon.core.main.TestCaseExecutor.accessMainPhase(TestCaseExecutor.java:410)
	at com.kms.katalon.core.main.TestCaseExecutor.execute(TestCaseExecutor.java:285)
	at com.kms.katalon.core.common.CommonExecutor.accessTestCaseMainPhase(CommonExecutor.java:65)
	at com.kms.katalon.core.main.TestSuiteExecutor.accessTestSuiteMainPhase(TestSuiteExecutor.java:148)
	at com.kms.katalon.core.main.TestSuiteExecutor.execute(TestSuiteExecutor.java:106)
	at com.kms.katalon.core.main.TestCaseMain.startTestSuite(TestCaseMain.java:187)
	at com.kms.katalon.core.main.TestCaseMain$startTestSuite$0.call(Unknown Source)
	at TempTestSuite1700170400273.run(TempTestSuite1700170400273.groovy:36)
Caused by: org.openqa.selenium.JavascriptException: javascript error: Element name=variableField4DropdownGroupItemID not found
  (Session info: chrome=119.0.6045.125)
Build info: version: '3.141.59', revision: 'e82be7d358', time: '2018-11-14T08:25:53'
System info: host: 'DESKTOP-B2QI6NS', ip: '172.31.253.139', os.name: 'Windows 10', os.arch: 'amd64', os.version: '10.0', java.version: '1.8.0_181'
Driver info: com.kms.katalon.selenium.driver.CChromeDriver
Capabilities {acceptInsecureCerts: true, browserName: chrome, browserVersion: 119.0.6045.125, chrome: {chromedriverVersion: 119.0.6045.105 (38c72552c5e..., userDataDir: C:\Users\imtiaz\AppData\Loc...}, fedcm:accounts: true, goog:chromeOptions: {debuggerAddress: localhost:49276}, javascriptEnabled: true, networkConnectionEnabled: false, pageLoadStrategy: normal, platform: WINDOWS, platformName: WINDOWS, proxy: Proxy(), setWindowRect: true, strictFileInteractability: false, timeouts: {implicit: 0, pageLoad: 300000, script: 30000}, unhandledPromptBehavior: dismiss and notify, webauthn:extension:credBlob: true, webauthn:extension:largeBlob: true, webauthn:extension:minPinLength: true, webauthn:extension:prf: true, webauthn:virtualAuthenticators: true}
Session ID: b3ed5efa838f79aee0c4cca7d29be104
	at org.openqa.selenium.remote.http.W3CHttpResponseCodec.createException(W3CHttpResponseCodec.java:187)
	at org.openqa.selenium.remote.http.W3CHttpResponseCodec.decode(W3CHttpResponseCodec.java:122)
	at org.openqa.selenium.remote.http.W3CHttpResponseCodec.decode(W3CHttpResponseCodec.java:49)
	at org.openqa.selenium.remote.HttpCommandExecutor.execute(HttpCommandExecutor.java:158)
	at org.openqa.selenium.remote.service.DriverCommandExecutor.execute(DriverCommandExecutor.java:83)
	at org.openqa.selenium.remote.RemoteWebDriver.execute(RemoteWebDriver.java:552)
	at com.kms.katalon.selenium.driver.CChromeDriver.execute(CChromeDriver.java:19)
	at org.openqa.selenium.remote.RemoteWebDriver.executeScript(RemoteWebDriver.java:489)
	at org.openqa.selenium.support.events.EventFiringWebDriver.lambda$new$1(EventFiringWebDriver.java:105)
	at com.sun.proxy.$Proxy10.executeScript(Unknown Source)
	at org.openqa.selenium.support.events.EventFiringWebDriver.executeScript(EventFiringWebDriver.java:229)
	at com.thoughtworks.selenium.webdriven.ElementFinder.findElement(ElementFinder.java:91)
	at com.thoughtworks.selenium.webdriven.commands.SeleniumSelect.<init>(SeleniumSelect.java:48)
	at com.thoughtworks.selenium.webdriven.commands.SelectOption.handleSeleneseCommand(SelectOption.java:41)
	at com.thoughtworks.selenium.webdriven.commands.SelectOption.handleSeleneseCommand(SelectOption.java:26)
	at com.thoughtworks.selenium.webdriven.SeleneseCommand.apply(SeleneseCommand.java:39)
	at com.thoughtworks.selenium.webdriven.Timer.run(Timer.java:41)
	at com.thoughtworks.selenium.webdriven.WebDriverCommandProcessor.execute(WebDriverCommandProcessor.java:150)
	at com.thoughtworks.selenium.webdriven.WebDriverCommandProcessor.doCommand(WebDriverCommandProcessor.java:76)
	at com.thoughtworks.selenium.DefaultSelenium.select(DefaultSelenium.java:350)
	at com.thoughtworks.selenium.Selenium$select$3.call(Unknown Source)
	at Script1698442710248.run(Script1698442710248.groovy:65)
	... 13 more]]></system-out>
         <system-err><![CDATA[2023-11-16 16:33:27 - [TEST_CASE][FAILED] - Test Cases/BBP-SelIDE/SuccessfulPaymentCCNoCF: Test Cases/BBP-SelIDE/SuccessfulPaymentCCNoCF FAILED.
Reason:
com.kms.katalon.core.exception.StepFailedException: Text 'Please enter the following billing information about your payment:' is not present on page  using regular expression (Root cause: com.kms.katalon.core.exception.StepFailedException: Text 'Please enter the following billing information about your payment:' is not present on page  using regular expression
	at com.kms.katalon.core.webui.keyword.internal.WebUIKeywordMain.stepFailed(WebUIKeywordMain.groovy:64)
	at com.kms.katalon.core.webui.keyword.builtin.VerifyTextPresentKeyword$_verifyTextPresent_closure1.doCall(VerifyTextPresentKeyword.groovy:79)
	at com.kms.katalon.core.webui.keyword.builtin.VerifyTextPresentKeyword$_verifyTextPresent_closure1.call(VerifyTextPresentKeyword.groovy)
	at com.kms.katalon.core.webui.keyword.internal.WebUIKeywordMain.runKeyword(WebUIKeywordMain.groovy:20)
	at com.kms.katalon.core.webui.keyword.builtin.VerifyTextPresentKeyword.verifyTextPresent(VerifyTextPresentKeyword.groovy:83)
	at com.kms.katalon.core.webui.keyword.builtin.VerifyTextPresentKeyword.execute(VerifyTextPresentKeyword.groovy:68)
	at com.kms.katalon.core.keyword.internal.KeywordExecutor.executeKeywordForPlatform(KeywordExecutor.groovy:74)
	at com.kms.katalon.core.webui.keyword.WebUiBuiltInKeywords.verifyTextPresent(WebUiBuiltInKeywords.groovy:1723)
	at com.kms.katalon.core.webui.keyword.WebUiBuiltInKeywords$verifyTextPresent$0.call(Unknown Source)
	at SuccessfulPaymentCCNoCF.run(SuccessfulPaymentCCNoCF:59)
	at com.kms.katalon.core.main.ScriptEngine.run(ScriptEngine.java:194)
	at com.kms.katalon.core.main.ScriptEngine.runScriptAsRawText(ScriptEngine.java:119)
	at com.kms.katalon.core.main.TestCaseExecutor.runScript(TestCaseExecutor.java:448)
	at com.kms.katalon.core.main.TestCaseExecutor.doExecute(TestCaseExecutor.java:439)
	at com.kms.katalon.core.main.TestCaseExecutor.processExecutionPhase(TestCaseExecutor.java:418)
	at com.kms.katalon.core.main.TestCaseExecutor.accessMainPhase(TestCaseExecutor.java:410)
	at com.kms.katalon.core.main.TestCaseExecutor.execute(TestCaseExecutor.java:285)
	at com.kms.katalon.core.common.CommonExecutor.accessTestCaseMainPhase(CommonExecutor.java:65)
	at com.kms.katalon.core.main.TestSuiteExecutor.accessTestSuiteMainPhase(TestSuiteExecutor.java:148)
	at com.kms.katalon.core.main.TestSuiteExecutor.execute(TestSuiteExecutor.java:106)
	at com.kms.katalon.core.main.TestCaseMain.startTestSuite(TestCaseMain.java:187)
	at com.kms.katalon.core.main.TestCaseMain$startTestSuite$0.call(Unknown Source)
	at TempTestSuite1700170400273.run(TempTestSuite1700170400273.groovy:36)
)
	at com.kms.katalon.core.keyword.internal.KeywordMain.stepFailed(KeywordMain.groovy:39)
	at com.kms.katalon.core.webui.keyword.internal.WebUIKeywordMain.stepFailed(WebUIKeywordMain.groovy:64)
	at com.kms.katalon.core.webui.keyword.builtin.VerifyTextPresentKeyword$_verifyTextPresent_closure1.doCall(VerifyTextPresentKeyword.groovy:79)
	at com.kms.katalon.core.webui.keyword.builtin.VerifyTextPresentKeyword$_verifyTextPresent_closure1.call(VerifyTextPresentKeyword.groovy)
	at com.kms.katalon.core.webui.keyword.internal.WebUIKeywordMain.runKeyword(WebUIKeywordMain.groovy:20)
	at com.kms.katalon.core.webui.keyword.builtin.VerifyTextPresentKeyword.verifyTextPresent(VerifyTextPresentKeyword.groovy:83)
	at com.kms.katalon.core.webui.keyword.builtin.VerifyTextPresentKeyword.execute(VerifyTextPresentKeyword.groovy:68)
	at com.kms.katalon.core.keyword.internal.KeywordExecutor.executeKeywordForPlatform(KeywordExecutor.groovy:74)
	at com.kms.katalon.core.webui.keyword.WebUiBuiltInKeywords.verifyTextPresent(WebUiBuiltInKeywords.groovy:1723)
	at com.kms.katalon.core.webui.keyword.WebUiBuiltInKeywords$verifyTextPresent$0.call(Unknown Source)
	at SuccessfulPaymentCCNoCF.run(SuccessfulPaymentCCNoCF:59)
	at com.kms.katalon.core.main.ScriptEngine.run(ScriptEngine.java:194)
	at com.kms.katalon.core.main.ScriptEngine.runScriptAsRawText(ScriptEngine.java:119)
	at com.kms.katalon.core.main.TestCaseExecutor.runScript(TestCaseExecutor.java:448)
	at com.kms.katalon.core.main.TestCaseExecutor.doExecute(TestCaseExecutor.java:439)
	at com.kms.katalon.core.main.TestCaseExecutor.processExecutionPhase(TestCaseExecutor.java:418)
	at com.kms.katalon.core.main.TestCaseExecutor.accessMainPhase(TestCaseExecutor.java:410)
	at com.kms.katalon.core.main.TestCaseExecutor.execute(TestCaseExecutor.java:285)
	at com.kms.katalon.core.common.CommonExecutor.accessTestCaseMainPhase(CommonExecutor.java:65)
	at com.kms.katalon.core.main.TestSuiteExecutor.accessTestSuiteMainPhase(TestSuiteExecutor.java:148)
	at com.kms.katalon.core.main.TestSuiteExecutor.execute(TestSuiteExecutor.java:106)
	at com.kms.katalon.core.main.TestCaseMain.startTestSuite(TestCaseMain.java:187)
	at com.kms.katalon.core.main.TestCaseMain$startTestSuite$0.call(Unknown Source)
	at TempTestSuite1700170400273.run(TempTestSuite1700170400273.groovy:36)
Caused by: com.kms.katalon.core.exception.StepFailedException: Text 'Please enter the following billing information about your payment:' is not present on page  using regular expression
	... 23 more]]></system-err>
      </testcase>
      <testcase name="Test Cases/BBP-SelIDE/SuccessfulPaymentCCSingleCF" time="35.111" classname="Test Cases/BBP-SelIDE/SuccessfulPaymentCCSingleCF" status="PASSED">
         <system-out><![CDATA[2023-11-16 16:33:40 - [TEST_CASE][PASSED] - Test Cases/BBP-SelIDE/SuccessfulPaymentCCSingleCF: Test Cases/BBP-SelIDE/SuccessfulPaymentCCSingleCF

2023-11-16 16:33:41 - [TEST_STEP][PASSED] - softAssertion = new org.testng.asserts.SoftAssert(): null

2023-11-16 16:33:41 - [TEST_STEP][PASSED] - openBrowser("https://www.google.com/"): Browser is opened with url: 'https://www.google.com/'

2023-11-16 16:33:41 - [MESSAGE][WARNING] - A browser is already opened. Closing browser and opening a new one

2023-11-16 16:33:43 - [MESSAGE][INFO] - Starting 'Chrome' driver

2023-11-16 16:33:43 - [MESSAGE][INFO] - User set preference: ['acceptInsecureCerts', 'true']

2023-11-16 16:33:43 - [MESSAGE][INFO] - Action delay is set to 0 milliseconds

2023-11-16 16:33:46 - [MESSAGE][PASSED] - Browser is opened with url: 'https://www.google.com/'

2023-11-16 16:33:46 - [TEST_STEP][PASSED] - driver = getWebDriver(): null

2023-11-16 16:33:46 - [TEST_STEP][PASSED] - baseUrl = "https://www.google.com/": null

2023-11-16 16:33:46 - [TEST_STEP][PASSED] - selenium = new com.thoughtworks.selenium.webdriven.WebDriverBackedSelenium(driver, baseUrl): null

2023-11-16 16:33:46 - [TEST_STEP][PASSED] - sCFBBPURL = SCFBBPURL: null

2023-11-16 16:33:46 - [TEST_STEP][PASSED] - selenium.open(sCFBBPURL): null

2023-11-16 16:33:46 - [TEST_STEP][PASSED] - selenium.type("id=field1", "666160"): null

2023-11-16 16:33:46 - [TEST_STEP][PASSED] - selenium.type("id=field2", "666161"): null

2023-11-16 16:33:46 - [TEST_STEP][PASSED] - selenium.type("id=field3", "666162"): null

2023-11-16 16:33:46 - [TEST_STEP][PASSED] - selenium.click("name=Test"): null

2023-11-16 16:33:47 - [TEST_STEP][PASSED] - Thread.sleep(2000): null

2023-11-16 16:33:49 - [TEST_STEP][PASSED] - selenium.click("name=paysubmit"): null

2023-11-16 16:33:49 - [TEST_STEP][PASSED] - selenium.waitForPageToLoad("30000"): null

2023-11-16 16:33:50 - [TEST_STEP][PASSED] - selenium.click("name=paymentMethod"): null

2023-11-16 16:33:50 - [TEST_STEP][PASSED] - selenium.click("css=input[type="submit"]"): null

2023-11-16 16:33:51 - [TEST_STEP][PASSED] - selenium.waitForPageToLoad("30000"): null

2023-11-16 16:33:51 - [TEST_STEP][PASSED] - verifyTextPresent("Required fields are highlighted with an asterisk.", true): Text 'Required fields are highlighted with an asterisk.' is present on page  using regular expression

2023-11-16 16:33:51 - [MESSAGE][PASSED] - Text 'Required fields are highlighted with an asterisk.' is present on page  using regular expression

2023-11-16 16:33:51 - [TEST_STEP][PASSED] - verifyTextPresent("Please enter the following information about your payment:", true): Text 'Please enter the following information about your payment:' is present on page  using regular expression

2023-11-16 16:33:52 - [MESSAGE][PASSED] - Text 'Please enter the following information about your payment:' is present on page  using regular expression

2023-11-16 16:33:52 - [TEST_STEP][PASSED] - selenium.type("name=amount", 00".toString()): null

2023-11-16 16:33:52 - [TEST_STEP][PASSED] - selenium.type("name=userDefined2", "UDF2 Data1".toString()): null

2023-11-16 16:33:52 - [TEST_STEP][PASSED] - selenium.type("name=userDefined3", "UDF3 Data1".toString()): null

2023-11-16 16:33:52 - [TEST_STEP][PASSED] - selenium.type("name=billingName", "Hunter Helms".toString()): null

2023-11-16 16:33:52 - [TEST_STEP][PASSED] - selenium.type("id=cardNumber", "4111111111111111"): null

2023-11-16 16:33:52 - [TEST_STEP][PASSED] - selenium.type("id=spc", "123"): null

2023-11-16 16:33:52 - [TEST_STEP][PASSED] - selenium.select("name=cardExpMonth", "label=04"): null

2023-11-16 16:33:52 - [TEST_STEP][PASSED] - selenium.select("name=cardExpYear", "label=2025"): null

2023-11-16 16:33:52 - [TEST_STEP][PASSED] - selenium.type("name=billingAddress", "2311 york road".toString()): null

2023-11-16 16:33:52 - [TEST_STEP][PASSED] - selenium.type("name=billingAddress2", "Suite 600".toString()): null

2023-11-16 16:33:52 - [TEST_STEP][PASSED] - selenium.type("id=billing-zip-input", "21054"): null

2023-11-16 16:33:53 - [TEST_STEP][PASSED] - selenium.type("name=emailAddress", com".toString()): null

2023-11-16 16:33:53 - [TEST_STEP][PASSED] - selenium.click("id=checkedAcceptCondition"): null

2023-11-16 16:33:53 - [TEST_STEP][PASSED] - selenium.click("name=ccSubmit"): null

2023-11-16 16:33:53 - [TEST_STEP][PASSED] - selenium.waitForPageToLoad("30000"): null

2023-11-16 16:33:54 - [TEST_STEP][PASSED] - verifyTextPresent("Please verify the following information:", true): Text 'Please verify the following information:' is present on page  using regular expression

2023-11-16 16:33:54 - [MESSAGE][PASSED] - Text 'Please verify the following information:' is present on page  using regular expression

2023-11-16 16:33:54 - [TEST_STEP][PASSED] - verifyTextPresent("Is this information correct", true): Text 'Is this information correct' is present on page  using regular expression

2023-11-16 16:33:54 - [MESSAGE][PASSED] - Text 'Is this information correct' is present on page  using regular expression

2023-11-16 16:33:54 - [TEST_STEP][PASSED] - selenium.click("name=confirmNotifyAction"): null

2023-11-16 16:33:55 - [TEST_STEP][PASSED] - selenium.waitForPageToLoad("30000"): null

2023-11-16 16:33:55 - [TEST_STEP][PASSED] - verifyTextPresent("This transaction is subject to a Convenience Fees of $2.00.", false): Text 'This transaction is subject to a Convenience Fees of $2.00.' is present on page 

2023-11-16 16:33:55 - [MESSAGE][PASSED] - Text 'This transaction is subject to a Convenience Fees of $2.00.' is present on page 

2023-11-16 16:33:55 - [TEST_STEP][PASSED] - verifyTextPresent("Payment Amount:", true): Text 'Payment Amount:' is present on page  using regular expression

2023-11-16 16:33:56 - [MESSAGE][PASSED] - Text 'Payment Amount:' is present on page  using regular expression

2023-11-16 16:33:56 - [TEST_STEP][PASSED] - verifyTextPresent("$12.00", false): Text '$12.00' is present on page 

2023-11-16 16:33:56 - [MESSAGE][PASSED] - Text '$12.00' is present on page 

2023-11-16 16:33:56 - [TEST_STEP][PASSED] - verifyTextPresent("Convenience Fees:", true): Text 'Convenience Fees:' is present on page  using regular expression

2023-11-16 16:33:56 - [MESSAGE][PASSED] - Text 'Convenience Fees:' is present on page  using regular expression

2023-11-16 16:33:56 - [TEST_STEP][PASSED] - verifyTextPresent("Total Amount:", true): Text 'Total Amount:' is present on page  using regular expression

2023-11-16 16:33:57 - [MESSAGE][PASSED] - Text 'Total Amount:' is present on page  using regular expression

2023-11-16 16:33:57 - [TEST_STEP][PASSED] - verifyTextPresent("$14.00", false): Text '$14.00' is present on page 

2023-11-16 16:33:57 - [MESSAGE][PASSED] - Text '$14.00' is present on page 

2023-11-16 16:33:57 - [TEST_STEP][PASSED] - verifyTextPresent("One transaction in the amount of $14.00 will appear on your bank statement.", false): Text 'One transaction in the amount of $14.00 will appear on your bank statement.' is present on page 

2023-11-16 16:33:57 - [MESSAGE][PASSED] - Text 'One transaction in the amount of $14.00 will appear on your bank statement.' is present on page 

2023-11-16 16:33:57 - [TEST_STEP][PASSED] - verifyTextPresent("$2.00", false): Text '$2.00' is present on page 

2023-11-16 16:33:57 - [MESSAGE][PASSED] - Text '$2.00' is present on page 

2023-11-16 16:33:57 - [TEST_STEP][PASSED] - selenium.click("name=convFeeNotifyAction"): null

2023-11-16 16:33:58 - [TEST_STEP][PASSED] - selenium.waitForPageToLoad("30000"): null

2023-11-16 16:33:58 - [TEST_STEP][PASSED] - Thread.sleep(15000): null

2023-11-16 16:34:13 - [TEST_STEP][PASSED] - verifyTextPresent("$12.00", false): Text '$12.00' is present on page 

2023-11-16 16:34:14 - [MESSAGE][PASSED] - Text '$12.00' is present on page 

2023-11-16 16:34:14 - [TEST_STEP][PASSED] - verifyTextPresent("$2.00", false): Text '$2.00' is present on page 

2023-11-16 16:34:14 - [MESSAGE][PASSED] - Text '$2.00' is present on page 

2023-11-16 16:34:14 - [TEST_STEP][PASSED] - verifyTextPresent("Single Transaction", true): Text 'Single Transaction' is present on page  using regular expression

2023-11-16 16:34:14 - [MESSAGE][PASSED] - Text 'Single Transaction' is present on page  using regular expression

2023-11-16 16:34:14 - [TEST_STEP][PASSED] - verifyTextPresent("$14.00", false): Text '$14.00' is present on page 

2023-11-16 16:34:14 - [MESSAGE][PASSED] - Text '$14.00' is present on page 

2023-11-16 16:34:14 - [TEST_STEP][PASSED] - verifyTextPresent("Authorization and Capture", true): Text 'Authorization and Capture' is present on page  using regular expression

2023-11-16 16:34:15 - [MESSAGE][PASSED] - Text 'Authorization and Capture' is present on page  using regular expression

2023-11-16 16:34:15 - [TEST_STEP][PASSED] - verifyTextPresent("Visa", true): Text 'Visa' is present on page  using regular expression

2023-11-16 16:34:15 - [MESSAGE][PASSED] - Text 'Visa' is present on page  using regular expression

2023-11-16 16:34:15 - [TEST_STEP][PASSED] - verifyTextPresent("HUNTER HELMS", true): Text 'HUNTER HELMS' is present on page  using regular expression

2023-11-16 16:34:15 - [MESSAGE][PASSED] - Text 'HUNTER HELMS' is present on page  using regular expression

2023-11-16 16:34:15 - [TEST_STEP][PASSED] - verifyTextPresent("1111", true): Text '1111' is present on page  using regular expression

2023-11-16 16:34:15 - [MESSAGE][PASSED] - Text '1111' is present on page  using regular expression]]></system-out>
         <system-err><![CDATA[]]></system-err>
      </testcase>
      <testcase name="Test Cases/BBP-SelIDE/SuccessfulPaymentCCSingleCFAboveCeiling" time="29.761" classname="Test Cases/BBP-SelIDE/SuccessfulPaymentCCSingleCFAboveCeiling" status="PASSED">
         <system-out><![CDATA[2023-11-16 16:34:15 - [TEST_CASE][PASSED] - Test Cases/BBP-SelIDE/SuccessfulPaymentCCSingleCFAboveCeiling: Test Cases/BBP-SelIDE/SuccessfulPaymentCCSingleCFAboveCeiling

2023-11-16 16:34:16 - [TEST_STEP][PASSED] - softAssertion = new org.testng.asserts.SoftAssert(): null

2023-11-16 16:34:16 - [TEST_STEP][PASSED] - openBrowser("https://www.google.com/"): Browser is opened with url: 'https://www.google.com/'

2023-11-16 16:34:16 - [MESSAGE][WARNING] - A browser is already opened. Closing browser and opening a new one

2023-11-16 16:34:17 - [MESSAGE][INFO] - Starting 'Chrome' driver

2023-11-16 16:34:17 - [MESSAGE][INFO] - User set preference: ['acceptInsecureCerts', 'true']

2023-11-16 16:34:17 - [MESSAGE][INFO] - Action delay is set to 0 milliseconds

2023-11-16 16:34:20 - [MESSAGE][PASSED] - Browser is opened with url: 'https://www.google.com/'

2023-11-16 16:34:20 - [TEST_STEP][PASSED] - driver = getWebDriver(): null

2023-11-16 16:34:20 - [TEST_STEP][PASSED] - baseUrl = "https://www.google.com/": null

2023-11-16 16:34:20 - [TEST_STEP][PASSED] - selenium = new com.thoughtworks.selenium.webdriven.WebDriverBackedSelenium(driver, baseUrl): null

2023-11-16 16:34:20 - [TEST_STEP][PASSED] - sCFBBPURL = SCFBBPURL: null

2023-11-16 16:34:20 - [TEST_STEP][PASSED] - selenium.open(sCFBBPURL): null

2023-11-16 16:34:21 - [TEST_STEP][PASSED] - selenium.type("id=field1", "666160"): null

2023-11-16 16:34:21 - [TEST_STEP][PASSED] - selenium.type("id=field2", "666161"): null

2023-11-16 16:34:21 - [TEST_STEP][PASSED] - selenium.type("id=field3", "666162"): null

2023-11-16 16:34:21 - [TEST_STEP][PASSED] - selenium.click("name=Test"): null

2023-11-16 16:34:21 - [TEST_STEP][PASSED] - Thread.sleep(2000): null

2023-11-16 16:34:23 - [TEST_STEP][PASSED] - selenium.click("name=paysubmit"): null

2023-11-16 16:34:23 - [TEST_STEP][PASSED] - selenium.waitForPageToLoad("30000"): null

2023-11-16 16:34:24 - [TEST_STEP][PASSED] - selenium.click("name=paymentMethod"): null

2023-11-16 16:34:24 - [TEST_STEP][PASSED] - selenium.click("css=input[type="submit"]"): null

2023-11-16 16:34:25 - [TEST_STEP][PASSED] - selenium.waitForPageToLoad("30000"): null

2023-11-16 16:34:26 - [TEST_STEP][PASSED] - verifyTextPresent("Required fields are highlighted with an asterisk.", true): Text 'Required fields are highlighted with an asterisk.' is present on page  using regular expression

2023-11-16 16:34:26 - [MESSAGE][PASSED] - Text 'Required fields are highlighted with an asterisk.' is present on page  using regular expression

2023-11-16 16:34:26 - [TEST_STEP][PASSED] - verifyTextPresent("Please enter the following information about your payment:", true): Text 'Please enter the following information about your payment:' is present on page  using regular expression

2023-11-16 16:34:26 - [MESSAGE][PASSED] - Text 'Please enter the following information about your payment:' is present on page  using regular expression

2023-11-16 16:34:26 - [TEST_STEP][PASSED] - selenium.type("name=amount", 00".toString()): null

2023-11-16 16:34:26 - [TEST_STEP][PASSED] - selenium.type("name=userDefined2", "UDF2 Data1".toString()): null

2023-11-16 16:34:26 - [TEST_STEP][PASSED] - selenium.type("name=userDefined3", "UDF3 Data1".toString()): null

2023-11-16 16:34:26 - [TEST_STEP][PASSED] - selenium.type("name=billingName", "Hunter Helms".toString()): null

2023-11-16 16:34:26 - [TEST_STEP][PASSED] - selenium.type("id=cardNumber", "4111111111111111"): null

2023-11-16 16:34:26 - [TEST_STEP][PASSED] - selenium.type("id=spc", "123"): null

2023-11-16 16:34:27 - [TEST_STEP][PASSED] - selenium.select("name=cardExpMonth", "label=04"): null

2023-11-16 16:34:27 - [TEST_STEP][PASSED] - selenium.select("name=cardExpYear", "label=2025"): null

2023-11-16 16:34:27 - [TEST_STEP][PASSED] - selenium.type("name=billingAddress", "2311 york road".toString()): null

2023-11-16 16:34:27 - [TEST_STEP][PASSED] - selenium.type("name=billingAddress2", "Suite 600".toString()): null

2023-11-16 16:34:27 - [TEST_STEP][PASSED] - selenium.type("id=billing-zip-input", "21054"): null

2023-11-16 16:34:27 - [TEST_STEP][PASSED] - selenium.type("name=emailAddress", com".toString()): null

2023-11-16 16:34:27 - [TEST_STEP][PASSED] - selenium.click("id=checkedAcceptCondition"): null

2023-11-16 16:34:27 - [TEST_STEP][PASSED] - selenium.click("name=ccSubmit"): null

2023-11-16 16:34:28 - [TEST_STEP][PASSED] - selenium.waitForPageToLoad("30000"): null

2023-11-16 16:34:28 - [TEST_STEP][PASSED] - verifyTextPresent("Please verify the following information:", true): Text 'Please verify the following information:' is present on page  using regular expression

2023-11-16 16:34:28 - [MESSAGE][PASSED] - Text 'Please verify the following information:' is present on page  using regular expression

2023-11-16 16:34:28 - [TEST_STEP][PASSED] - verifyTextPresent("Is this information correct", true): Text 'Is this information correct' is present on page  using regular expression

2023-11-16 16:34:29 - [MESSAGE][PASSED] - Text 'Is this information correct' is present on page  using regular expression

2023-11-16 16:34:29 - [TEST_STEP][PASSED] - selenium.click("name=confirmNotifyAction"): null

2023-11-16 16:34:29 - [TEST_STEP][PASSED] - selenium.waitForPageToLoad("30000"): null

2023-11-16 16:34:30 - [TEST_STEP][PASSED] - Thread.sleep(15000): null

2023-11-16 16:34:45 - [TEST_STEP][PASSED] - verifyTextPresent("Total Amount:", true): Text 'Total Amount:' is present on page  using regular expression

2023-11-16 16:34:45 - [MESSAGE][PASSED] - Text 'Total Amount:' is present on page  using regular expression

2023-11-16 16:34:45 - [TEST_STEP][PASSED] - verifyTextPresent("$101.00", false): Text '$101.00' is present on page 

2023-11-16 16:34:45 - [MESSAGE][PASSED] - Text '$101.00' is present on page]]></system-out>
         <system-err><![CDATA[]]></system-err>
      </testcase>
      <testcase name="Test Cases/BBP-SelIDE/SuccessfulPaymentCCSingleCFNotInSchedule" time="29.398" classname="Test Cases/BBP-SelIDE/SuccessfulPaymentCCSingleCFNotInSchedule" status="PASSED">
         <system-out><![CDATA[2023-11-16 16:34:45 - [TEST_CASE][PASSED] - Test Cases/BBP-SelIDE/SuccessfulPaymentCCSingleCFNotInSchedule: Test Cases/BBP-SelIDE/SuccessfulPaymentCCSingleCFNotInSchedule

2023-11-16 16:34:46 - [TEST_STEP][PASSED] - softAssertion = new org.testng.asserts.SoftAssert(): null

2023-11-16 16:34:46 - [TEST_STEP][PASSED] - openBrowser("https://www.google.com/"): Browser is opened with url: 'https://www.google.com/'

2023-11-16 16:34:46 - [MESSAGE][WARNING] - A browser is already opened. Closing browser and opening a new one

2023-11-16 16:34:47 - [MESSAGE][INFO] - Starting 'Chrome' driver

2023-11-16 16:34:47 - [MESSAGE][INFO] - User set preference: ['acceptInsecureCerts', 'true']

2023-11-16 16:34:47 - [MESSAGE][INFO] - Action delay is set to 0 milliseconds

2023-11-16 16:34:50 - [MESSAGE][PASSED] - Browser is opened with url: 'https://www.google.com/'

2023-11-16 16:34:50 - [TEST_STEP][PASSED] - driver = getWebDriver(): null

2023-11-16 16:34:50 - [TEST_STEP][PASSED] - baseUrl = "https://www.google.com/": null

2023-11-16 16:34:50 - [TEST_STEP][PASSED] - selenium = new com.thoughtworks.selenium.webdriven.WebDriverBackedSelenium(driver, baseUrl): null

2023-11-16 16:34:50 - [TEST_STEP][PASSED] - sCFBBPURL = SCFBBPURL: null

2023-11-16 16:34:50 - [TEST_STEP][PASSED] - selenium.open(sCFBBPURL): null

2023-11-16 16:34:50 - [TEST_STEP][PASSED] - selenium.type("id=field1", "666160"): null

2023-11-16 16:34:50 - [TEST_STEP][PASSED] - selenium.type("id=field2", "666161"): null

2023-11-16 16:34:50 - [TEST_STEP][PASSED] - selenium.type("id=field3", "666162"): null

2023-11-16 16:34:50 - [TEST_STEP][PASSED] - selenium.click("name=Test"): null

2023-11-16 16:34:50 - [TEST_STEP][PASSED] - Thread.sleep(2000): null

2023-11-16 16:34:52 - [TEST_STEP][PASSED] - selenium.click("name=paysubmit"): null

2023-11-16 16:34:53 - [TEST_STEP][PASSED] - selenium.waitForPageToLoad("30000"): null

2023-11-16 16:34:53 - [TEST_STEP][PASSED] - selenium.click("name=paymentMethod"): null

2023-11-16 16:34:54 - [TEST_STEP][PASSED] - selenium.click("css=input[type="submit"]"): null

2023-11-16 16:34:54 - [TEST_STEP][PASSED] - selenium.waitForPageToLoad("30000"): null

2023-11-16 16:34:55 - [TEST_STEP][PASSED] - verifyTextPresent("Required fields are highlighted with an asterisk.", true): Text 'Required fields are highlighted with an asterisk.' is present on page  using regular expression

2023-11-16 16:34:55 - [MESSAGE][PASSED] - Text 'Required fields are highlighted with an asterisk.' is present on page  using regular expression

2023-11-16 16:34:55 - [TEST_STEP][PASSED] - verifyTextPresent("Please enter the following information about your payment:", true): Text 'Please enter the following information about your payment:' is present on page  using regular expression

2023-11-16 16:34:56 - [MESSAGE][PASSED] - Text 'Please enter the following information about your payment:' is present on page  using regular expression

2023-11-16 16:34:56 - [TEST_STEP][PASSED] - selenium.type("name=amount", 00".toString()): null

2023-11-16 16:34:56 - [TEST_STEP][PASSED] - selenium.type("name=userDefined2", "UDF2 Data1".toString()): null

2023-11-16 16:34:56 - [TEST_STEP][PASSED] - selenium.type("name=userDefined3", "UDF3 Data1".toString()): null

2023-11-16 16:34:56 - [TEST_STEP][PASSED] - selenium.type("name=billingName", "Hunter Helms".toString()): null

2023-11-16 16:34:56 - [TEST_STEP][PASSED] - selenium.type("id=cardNumber", "5424000000000015"): null

2023-11-16 16:34:56 - [TEST_STEP][PASSED] - selenium.type("id=spc", "123"): null

2023-11-16 16:34:56 - [TEST_STEP][PASSED] - selenium.select("name=cardExpMonth", "label=04"): null

2023-11-16 16:34:56 - [TEST_STEP][PASSED] - selenium.select("name=cardExpYear", "label=2025"): null

2023-11-16 16:34:56 - [TEST_STEP][PASSED] - selenium.type("name=billingAddress", "2311 york road".toString()): null

2023-11-16 16:34:56 - [TEST_STEP][PASSED] - selenium.type("name=billingAddress2", "Suite 600".toString()): null

2023-11-16 16:34:56 - [TEST_STEP][PASSED] - selenium.type("id=billing-zip-input", "21054"): null

2023-11-16 16:34:56 - [TEST_STEP][PASSED] - selenium.type("name=emailAddress", com".toString()): null

2023-11-16 16:34:56 - [TEST_STEP][PASSED] - selenium.click("id=checkedAcceptCondition"): null

2023-11-16 16:34:57 - [TEST_STEP][PASSED] - selenium.click("name=ccSubmit"): null

2023-11-16 16:34:57 - [TEST_STEP][PASSED] - selenium.waitForPageToLoad("30000"): null

2023-11-16 16:34:58 - [TEST_STEP][PASSED] - verifyTextPresent("Please verify the following information:", true): Text 'Please verify the following information:' is present on page  using regular expression

2023-11-16 16:34:58 - [MESSAGE][PASSED] - Text 'Please verify the following information:' is present on page  using regular expression

2023-11-16 16:34:58 - [TEST_STEP][PASSED] - verifyTextPresent("Is this information correct", true): Text 'Is this information correct' is present on page  using regular expression

2023-11-16 16:34:58 - [MESSAGE][PASSED] - Text 'Is this information correct' is present on page  using regular expression

2023-11-16 16:34:58 - [TEST_STEP][PASSED] - selenium.click("name=confirmNotifyAction"): null

2023-11-16 16:34:59 - [TEST_STEP][PASSED] - selenium.waitForPageToLoad("30000"): null

2023-11-16 16:34:59 - [TEST_STEP][PASSED] - Thread.sleep(15000): null

2023-11-16 16:35:14 - [TEST_STEP][PASSED] - verifyTextPresent("Total Amount:", true): Text 'Total Amount:' is present on page  using regular expression

2023-11-16 16:35:14 - [MESSAGE][PASSED] - Text 'Total Amount:' is present on page  using regular expression

2023-11-16 16:35:14 - [TEST_STEP][PASSED] - verifyTextPresent("$10.00", false): Text '$10.00' is present on page 

2023-11-16 16:35:15 - [MESSAGE][PASSED] - Text '$10.00' is present on page]]></system-out>
         <system-err><![CDATA[]]></system-err>
      </testcase>
      <testcase name="Test Cases/BBP-SelIDE/SuccessfulPaymentCCSingleCFPercentage" time="33.965" classname="Test Cases/BBP-SelIDE/SuccessfulPaymentCCSingleCFPercentage" status="PASSED">
         <system-out><![CDATA[2023-11-16 16:35:15 - [TEST_CASE][PASSED] - Test Cases/BBP-SelIDE/SuccessfulPaymentCCSingleCFPercentage: Test Cases/BBP-SelIDE/SuccessfulPaymentCCSingleCFPercentage

2023-11-16 16:35:15 - [TEST_STEP][PASSED] - softAssertion = new org.testng.asserts.SoftAssert(): null

2023-11-16 16:35:15 - [TEST_STEP][PASSED] - openBrowser("https://www.google.com/"): Browser is opened with url: 'https://www.google.com/'

2023-11-16 16:35:15 - [MESSAGE][WARNING] - A browser is already opened. Closing browser and opening a new one

2023-11-16 16:35:16 - [MESSAGE][INFO] - Starting 'Chrome' driver

2023-11-16 16:35:16 - [MESSAGE][INFO] - User set preference: ['acceptInsecureCerts', 'true']

2023-11-16 16:35:16 - [MESSAGE][INFO] - Action delay is set to 0 milliseconds

2023-11-16 16:35:19 - [MESSAGE][PASSED] - Browser is opened with url: 'https://www.google.com/'

2023-11-16 16:35:19 - [TEST_STEP][PASSED] - driver = getWebDriver(): null

2023-11-16 16:35:19 - [TEST_STEP][PASSED] - baseUrl = "https://www.google.com/": null

2023-11-16 16:35:19 - [TEST_STEP][PASSED] - selenium = new com.thoughtworks.selenium.webdriven.WebDriverBackedSelenium(driver, baseUrl): null

2023-11-16 16:35:19 - [TEST_STEP][PASSED] - sCFBBPURL = SCFBBPURL: null

2023-11-16 16:35:19 - [TEST_STEP][PASSED] - selenium.open(sCFBBPURL): null

2023-11-16 16:35:19 - [TEST_STEP][PASSED] - selenium.type("id=field1", "666160"): null

2023-11-16 16:35:20 - [TEST_STEP][PASSED] - selenium.type("id=field2", "666161"): null

2023-11-16 16:35:20 - [TEST_STEP][PASSED] - selenium.type("id=field3", "666162"): null

2023-11-16 16:35:20 - [TEST_STEP][PASSED] - selenium.click("name=Test"): null

2023-11-16 16:35:20 - [TEST_STEP][PASSED] - Thread.sleep(2000): null

2023-11-16 16:35:22 - [TEST_STEP][PASSED] - selenium.click("name=paysubmit"): null

2023-11-16 16:35:22 - [TEST_STEP][PASSED] - selenium.waitForPageToLoad("30000"): null

2023-11-16 16:35:23 - [TEST_STEP][PASSED] - selenium.click("name=paymentMethod"): null

2023-11-16 16:35:23 - [TEST_STEP][PASSED] - selenium.click("css=input[type="submit"]"): null

2023-11-16 16:35:24 - [TEST_STEP][PASSED] - selenium.waitForPageToLoad("30000"): null

2023-11-16 16:35:24 - [TEST_STEP][PASSED] - verifyTextPresent("Required fields are highlighted with an asterisk.", true): Text 'Required fields are highlighted with an asterisk.' is present on page  using regular expression

2023-11-16 16:35:25 - [MESSAGE][PASSED] - Text 'Required fields are highlighted with an asterisk.' is present on page  using regular expression

2023-11-16 16:35:25 - [TEST_STEP][PASSED] - verifyTextPresent("Please enter the following information about your payment:", true): Text 'Please enter the following information about your payment:' is present on page  using regular expression

2023-11-16 16:35:25 - [MESSAGE][PASSED] - Text 'Please enter the following information about your payment:' is present on page  using regular expression

2023-11-16 16:35:25 - [TEST_STEP][PASSED] - selenium.type("name=amount", 00".toString()): null

2023-11-16 16:35:25 - [TEST_STEP][PASSED] - selenium.type("name=userDefined2", "UDF2 Data1".toString()): null

2023-11-16 16:35:25 - [TEST_STEP][PASSED] - selenium.type("name=userDefined3", "UDF3 Data1".toString()): null

2023-11-16 16:35:25 - [TEST_STEP][PASSED] - selenium.type("name=billingName", "Hunter Helms".toString()): null

2023-11-16 16:35:25 - [TEST_STEP][PASSED] - selenium.type("id=cardNumber", "4111111111111111"): null

2023-11-16 16:35:25 - [TEST_STEP][PASSED] - selenium.type("id=spc", "123"): null

2023-11-16 16:35:25 - [TEST_STEP][PASSED] - selenium.select("name=cardExpMonth", "label=04"): null

2023-11-16 16:35:25 - [TEST_STEP][PASSED] - selenium.select("name=cardExpYear", "label=2025"): null

2023-11-16 16:35:25 - [TEST_STEP][PASSED] - selenium.type("name=billingAddress", "2311 york road".toString()): null

2023-11-16 16:35:25 - [TEST_STEP][PASSED] - selenium.type("name=billingAddress2", "Suite 600".toString()): null

2023-11-16 16:35:26 - [TEST_STEP][PASSED] - selenium.type("id=billing-zip-input", "21054"): null

2023-11-16 16:35:26 - [TEST_STEP][PASSED] - selenium.type("name=emailAddress", com".toString()): null

2023-11-16 16:35:26 - [TEST_STEP][PASSED] - selenium.click("id=checkedAcceptCondition"): null

2023-11-16 16:35:26 - [TEST_STEP][PASSED] - selenium.click("name=ccSubmit"): null

2023-11-16 16:35:26 - [TEST_STEP][PASSED] - selenium.waitForPageToLoad("30000"): null

2023-11-16 16:35:27 - [TEST_STEP][PASSED] - verifyTextPresent("Please verify the following information:", true): Text 'Please verify the following information:' is present on page  using regular expression

2023-11-16 16:35:27 - [MESSAGE][PASSED] - Text 'Please verify the following information:' is present on page  using regular expression

2023-11-16 16:35:27 - [TEST_STEP][PASSED] - verifyTextPresent("Is this information correct", true): Text 'Is this information correct' is present on page  using regular expression

2023-11-16 16:35:27 - [MESSAGE][PASSED] - Text 'Is this information correct' is present on page  using regular expression

2023-11-16 16:35:27 - [TEST_STEP][PASSED] - selenium.click("name=confirmNotifyAction"): null

2023-11-16 16:35:28 - [TEST_STEP][PASSED] - selenium.waitForPageToLoad("30000"): null

2023-11-16 16:35:28 - [TEST_STEP][PASSED] - verifyTextPresent("This transaction is subject to a Convenience Fees of $6.00.", false): Text 'This transaction is subject to a Convenience Fees of $6.00.' is present on page 

2023-11-16 16:35:29 - [MESSAGE][PASSED] - Text 'This transaction is subject to a Convenience Fees of $6.00.' is present on page 

2023-11-16 16:35:29 - [TEST_STEP][PASSED] - verifyTextPresent("Payment Amount:", true): Text 'Payment Amount:' is present on page  using regular expression

2023-11-16 16:35:29 - [MESSAGE][PASSED] - Text 'Payment Amount:' is present on page  using regular expression

2023-11-16 16:35:29 - [TEST_STEP][PASSED] - verifyTextPresent("$60.00", false): Text '$60.00' is present on page 

2023-11-16 16:35:29 - [MESSAGE][PASSED] - Text '$60.00' is present on page 

2023-11-16 16:35:29 - [TEST_STEP][PASSED] - verifyTextPresent("Convenience Fees:", true): Text 'Convenience Fees:' is present on page  using regular expression

2023-11-16 16:35:29 - [MESSAGE][PASSED] - Text 'Convenience Fees:' is present on page  using regular expression

2023-11-16 16:35:29 - [TEST_STEP][PASSED] - verifyTextPresent("$6.00", false): Text '$6.00' is present on page 

2023-11-16 16:35:30 - [MESSAGE][PASSED] - Text '$6.00' is present on page 

2023-11-16 16:35:30 - [TEST_STEP][PASSED] - verifyTextPresent("Total Amount:", true): Text 'Total Amount:' is present on page  using regular expression

2023-11-16 16:35:30 - [MESSAGE][PASSED] - Text 'Total Amount:' is present on page  using regular expression

2023-11-16 16:35:30 - [TEST_STEP][PASSED] - verifyTextPresent("$66.00", false): Text '$66.00' is present on page 

2023-11-16 16:35:30 - [MESSAGE][PASSED] - Text '$66.00' is present on page 

2023-11-16 16:35:30 - [TEST_STEP][PASSED] - verifyTextPresent("One transaction in the amount of $66.00 will appear on your bank statement.", false): Text 'One transaction in the amount of $66.00 will appear on your bank statement.' is present on page 

2023-11-16 16:35:30 - [MESSAGE][PASSED] - Text 'One transaction in the amount of $66.00 will appear on your bank statement.' is present on page 

2023-11-16 16:35:30 - [TEST_STEP][PASSED] - selenium.click("name=convFeeNotifyAction"): null

2023-11-16 16:35:31 - [TEST_STEP][PASSED] - selenium.waitForPageToLoad("30000"): null

2023-11-16 16:35:31 - [TEST_STEP][PASSED] - Thread.sleep(15000): null

2023-11-16 16:35:46 - [TEST_STEP][PASSED] - verifyTextPresent("$60.00", false): Text '$60.00' is present on page 

2023-11-16 16:35:47 - [MESSAGE][PASSED] - Text '$60.00' is present on page 

2023-11-16 16:35:47 - [TEST_STEP][PASSED] - verifyTextPresent("$6.00", false): Text '$6.00' is present on page 

2023-11-16 16:35:47 - [MESSAGE][PASSED] - Text '$6.00' is present on page 

2023-11-16 16:35:47 - [TEST_STEP][PASSED] - verifyTextPresent("Single Transaction", true): Text 'Single Transaction' is present on page  using regular expression

2023-11-16 16:35:47 - [MESSAGE][PASSED] - Text 'Single Transaction' is present on page  using regular expression

2023-11-16 16:35:47 - [TEST_STEP][PASSED] - verifyTextPresent("$66.00", false): Text '$66.00' is present on page 

2023-11-16 16:35:47 - [MESSAGE][PASSED] - Text '$66.00' is present on page 

2023-11-16 16:35:47 - [TEST_STEP][PASSED] - verifyTextPresent("Authorization and Capture", true): Text 'Authorization and Capture' is present on page  using regular expression

2023-11-16 16:35:48 - [MESSAGE][PASSED] - Text 'Authorization and Capture' is present on page  using regular expression

2023-11-16 16:35:48 - [TEST_STEP][PASSED] - verifyTextPresent("Visa", true): Text 'Visa' is present on page  using regular expression

2023-11-16 16:35:48 - [MESSAGE][PASSED] - Text 'Visa' is present on page  using regular expression

2023-11-16 16:35:48 - [TEST_STEP][PASSED] - verifyTextPresent("HUNTER HELMS", true): Text 'HUNTER HELMS' is present on page  using regular expression

2023-11-16 16:35:48 - [MESSAGE][PASSED] - Text 'HUNTER HELMS' is present on page  using regular expression

2023-11-16 16:35:48 - [TEST_STEP][PASSED] - verifyTextPresent("1111", true): Text '1111' is present on page  using regular expression

2023-11-16 16:35:49 - [MESSAGE][PASSED] - Text '1111' is present on page  using regular expression]]></system-out>
         <system-err><![CDATA[]]></system-err>
      </testcase>
      <system-out><![CDATA[2023-11-16 16:33:27 - [TEST_SUITE][FAILED] - QA_BBP_Regression: Test Cases/BBP-SelIDE/SuccessfulPaymentCCNoCF FAILED.
Reason:
com.kms.katalon.core.exception.StepFailedException: Text 'Please enter the following billing information about your payment:' is not present on page  using regular expression (Root cause: com.kms.katalon.core.exception.StepFailedException: Text 'Please enter the following billing information about your payment:' is not present on page  using regular expression
	at com.kms.katalon.core.webui.keyword.internal.WebUIKeywordMain.stepFailed(WebUIKeywordMain.groovy:64)
	at com.kms.katalon.core.webui.keyword.builtin.VerifyTextPresentKeyword$_verifyTextPresent_closure1.doCall(VerifyTextPresentKeyword.groovy:79)
	at com.kms.katalon.core.webui.keyword.builtin.VerifyTextPresentKeyword$_verifyTextPresent_closure1.call(VerifyTextPresentKeyword.groovy)
	at com.kms.katalon.core.webui.keyword.internal.WebUIKeywordMain.runKeyword(WebUIKeywordMain.groovy:20)
	at com.kms.katalon.core.webui.keyword.builtin.VerifyTextPresentKeyword.verifyTextPresent(VerifyTextPresentKeyword.groovy:83)
	at com.kms.katalon.core.webui.keyword.builtin.VerifyTextPresentKeyword.execute(VerifyTextPresentKeyword.groovy:68)
	at com.kms.katalon.core.keyword.internal.KeywordExecutor.executeKeywordForPlatform(KeywordExecutor.groovy:74)
	at com.kms.katalon.core.webui.keyword.WebUiBuiltInKeywords.verifyTextPresent(WebUiBuiltInKeywords.groovy:1723)
	at com.kms.katalon.core.webui.keyword.WebUiBuiltInKeywords$verifyTextPresent$0.call(Unknown Source)
	at SuccessfulPaymentCCNoCF.run(SuccessfulPaymentCCNoCF:59)
	at com.kms.katalon.core.main.ScriptEngine.run(ScriptEngine.java:194)
	at com.kms.katalon.core.main.ScriptEngine.runScriptAsRawText(ScriptEngine.java:119)
	at com.kms.katalon.core.main.TestCaseExecutor.runScript(TestCaseExecutor.java:448)
	at com.kms.katalon.core.main.TestCaseExecutor.doExecute(TestCaseExecutor.java:439)
	at com.kms.katalon.core.main.TestCaseExecutor.processExecutionPhase(TestCaseExecutor.java:418)
	at com.kms.katalon.core.main.TestCaseExecutor.accessMainPhase(TestCaseExecutor.java:410)
	at com.kms.katalon.core.main.TestCaseExecutor.execute(TestCaseExecutor.java:285)
	at com.kms.katalon.core.common.CommonExecutor.accessTestCaseMainPhase(CommonExecutor.java:65)
	at com.kms.katalon.core.main.TestSuiteExecutor.accessTestSuiteMainPhase(TestSuiteExecutor.java:148)
	at com.kms.katalon.core.main.TestSuiteExecutor.execute(TestSuiteExecutor.java:106)
	at com.kms.katalon.core.main.TestCaseMain.startTestSuite(TestCaseMain.java:187)
	at com.kms.katalon.core.main.TestCaseMain$startTestSuite$0.call(Unknown Source)
	at TempTestSuite1700170400273.run(TempTestSuite1700170400273.groovy:36)
)
	at com.kms.katalon.core.keyword.internal.KeywordMain.stepFailed(KeywordMain.groovy:39)
	at com.kms.katalon.core.webui.keyword.internal.WebUIKeywordMain.stepFailed(WebUIKeywordMain.groovy:64)
	at com.kms.katalon.core.webui.keyword.builtin.VerifyTextPresentKeyword$_verifyTextPresent_closure1.doCall(VerifyTextPresentKeyword.groovy:79)
	at com.kms.katalon.core.webui.keyword.builtin.VerifyTextPresentKeyword$_verifyTextPresent_closure1.call(VerifyTextPresentKeyword.groovy)
	at com.kms.katalon.core.webui.keyword.internal.WebUIKeywordMain.runKeyword(WebUIKeywordMain.groovy:20)
	at com.kms.katalon.core.webui.keyword.builtin.VerifyTextPresentKeyword.verifyTextPresent(VerifyTextPresentKeyword.groovy:83)
	at com.kms.katalon.core.webui.keyword.builtin.VerifyTextPresentKeyword.execute(VerifyTextPresentKeyword.groovy:68)
	at com.kms.katalon.core.keyword.internal.KeywordExecutor.executeKeywordForPlatform(KeywordExecutor.groovy:74)
	at com.kms.katalon.core.webui.keyword.WebUiBuiltInKeywords.verifyTextPresent(WebUiBuiltInKeywords.groovy:1723)
	at com.kms.katalon.core.webui.keyword.WebUiBuiltInKeywords$verifyTextPresent$0.call(Unknown Source)
	at SuccessfulPaymentCCNoCF.run(SuccessfulPaymentCCNoCF:59)
	at com.kms.katalon.core.main.ScriptEngine.run(ScriptEngine.java:194)
	at com.kms.katalon.core.main.ScriptEngine.runScriptAsRawText(ScriptEngine.java:119)
	at com.kms.katalon.core.main.TestCaseExecutor.runScript(TestCaseExecutor.java:448)
	at com.kms.katalon.core.main.TestCaseExecutor.doExecute(TestCaseExecutor.java:439)
	at com.kms.katalon.core.main.TestCaseExecutor.processExecutionPhase(TestCaseExecutor.java:418)
	at com.kms.katalon.core.main.TestCaseExecutor.accessMainPhase(TestCaseExecutor.java:410)
	at com.kms.katalon.core.main.TestCaseExecutor.execute(TestCaseExecutor.java:285)
	at com.kms.katalon.core.common.CommonExecutor.accessTestCaseMainPhase(CommonExecutor.java:65)
	at com.kms.katalon.core.main.TestSuiteExecutor.accessTestSuiteMainPhase(TestSuiteExecutor.java:148)
	at com.kms.katalon.core.main.TestSuiteExecutor.execute(TestSuiteExecutor.java:106)
	at com.kms.katalon.core.main.TestCaseMain.startTestSuite(TestCaseMain.java:187)
	at com.kms.katalon.core.main.TestCaseMain$startTestSuite$0.call(Unknown Source)
	at TempTestSuite1700170400273.run(TempTestSuite1700170400273.groovy:36)
Caused by: com.kms.katalon.core.exception.StepFailedException: Text 'Please enter the following billing information about your payment:' is not present on page  using regular expression
	... 23 more]]></system-out>
      <system-err><![CDATA[2023-11-16 16:33:27 - [TEST_SUITE][FAILED] - QA_BBP_Regression: Test Cases/BBP-SelIDE/SuccessfulPaymentCCNoCF FAILED.
Reason:
com.kms.katalon.core.exception.StepFailedException: Text 'Please enter the following billing information about your payment:' is not present on page  using regular expression (Root cause: com.kms.katalon.core.exception.StepFailedException: Text 'Please enter the following billing information about your payment:' is not present on page  using regular expression
	at com.kms.katalon.core.webui.keyword.internal.WebUIKeywordMain.stepFailed(WebUIKeywordMain.groovy:64)
	at com.kms.katalon.core.webui.keyword.builtin.VerifyTextPresentKeyword$_verifyTextPresent_closure1.doCall(VerifyTextPresentKeyword.groovy:79)
	at com.kms.katalon.core.webui.keyword.builtin.VerifyTextPresentKeyword$_verifyTextPresent_closure1.call(VerifyTextPresentKeyword.groovy)
	at com.kms.katalon.core.webui.keyword.internal.WebUIKeywordMain.runKeyword(WebUIKeywordMain.groovy:20)
	at com.kms.katalon.core.webui.keyword.builtin.VerifyTextPresentKeyword.verifyTextPresent(VerifyTextPresentKeyword.groovy:83)
	at com.kms.katalon.core.webui.keyword.builtin.VerifyTextPresentKeyword.execute(VerifyTextPresentKeyword.groovy:68)
	at com.kms.katalon.core.keyword.internal.KeywordExecutor.executeKeywordForPlatform(KeywordExecutor.groovy:74)
	at com.kms.katalon.core.webui.keyword.WebUiBuiltInKeywords.verifyTextPresent(WebUiBuiltInKeywords.groovy:1723)
	at com.kms.katalon.core.webui.keyword.WebUiBuiltInKeywords$verifyTextPresent$0.call(Unknown Source)
	at SuccessfulPaymentCCNoCF.run(SuccessfulPaymentCCNoCF:59)
	at com.kms.katalon.core.main.ScriptEngine.run(ScriptEngine.java:194)
	at com.kms.katalon.core.main.ScriptEngine.runScriptAsRawText(ScriptEngine.java:119)
	at com.kms.katalon.core.main.TestCaseExecutor.runScript(TestCaseExecutor.java:448)
	at com.kms.katalon.core.main.TestCaseExecutor.doExecute(TestCaseExecutor.java:439)
	at com.kms.katalon.core.main.TestCaseExecutor.processExecutionPhase(TestCaseExecutor.java:418)
	at com.kms.katalon.core.main.TestCaseExecutor.accessMainPhase(TestCaseExecutor.java:410)
	at com.kms.katalon.core.main.TestCaseExecutor.execute(TestCaseExecutor.java:285)
	at com.kms.katalon.core.common.CommonExecutor.accessTestCaseMainPhase(CommonExecutor.java:65)
	at com.kms.katalon.core.main.TestSuiteExecutor.accessTestSuiteMainPhase(TestSuiteExecutor.java:148)
	at com.kms.katalon.core.main.TestSuiteExecutor.execute(TestSuiteExecutor.java:106)
	at com.kms.katalon.core.main.TestCaseMain.startTestSuite(TestCaseMain.java:187)
	at com.kms.katalon.core.main.TestCaseMain$startTestSuite$0.call(Unknown Source)
	at TempTestSuite1700170400273.run(TempTestSuite1700170400273.groovy:36)
)
	at com.kms.katalon.core.keyword.internal.KeywordMain.stepFailed(KeywordMain.groovy:39)
	at com.kms.katalon.core.webui.keyword.internal.WebUIKeywordMain.stepFailed(WebUIKeywordMain.groovy:64)
	at com.kms.katalon.core.webui.keyword.builtin.VerifyTextPresentKeyword$_verifyTextPresent_closure1.doCall(VerifyTextPresentKeyword.groovy:79)
	at com.kms.katalon.core.webui.keyword.builtin.VerifyTextPresentKeyword$_verifyTextPresent_closure1.call(VerifyTextPresentKeyword.groovy)
	at com.kms.katalon.core.webui.keyword.internal.WebUIKeywordMain.runKeyword(WebUIKeywordMain.groovy:20)
	at com.kms.katalon.core.webui.keyword.builtin.VerifyTextPresentKeyword.verifyTextPresent(VerifyTextPresentKeyword.groovy:83)
	at com.kms.katalon.core.webui.keyword.builtin.VerifyTextPresentKeyword.execute(VerifyTextPresentKeyword.groovy:68)
	at com.kms.katalon.core.keyword.internal.KeywordExecutor.executeKeywordForPlatform(KeywordExecutor.groovy:74)
	at com.kms.katalon.core.webui.keyword.WebUiBuiltInKeywords.verifyTextPresent(WebUiBuiltInKeywords.groovy:1723)
	at com.kms.katalon.core.webui.keyword.WebUiBuiltInKeywords$verifyTextPresent$0.call(Unknown Source)
	at SuccessfulPaymentCCNoCF.run(SuccessfulPaymentCCNoCF:59)
	at com.kms.katalon.core.main.ScriptEngine.run(ScriptEngine.java:194)
	at com.kms.katalon.core.main.ScriptEngine.runScriptAsRawText(ScriptEngine.java:119)
	at com.kms.katalon.core.main.TestCaseExecutor.runScript(TestCaseExecutor.java:448)
	at com.kms.katalon.core.main.TestCaseExecutor.doExecute(TestCaseExecutor.java:439)
	at com.kms.katalon.core.main.TestCaseExecutor.processExecutionPhase(TestCaseExecutor.java:418)
	at com.kms.katalon.core.main.TestCaseExecutor.accessMainPhase(TestCaseExecutor.java:410)
	at com.kms.katalon.core.main.TestCaseExecutor.execute(TestCaseExecutor.java:285)
	at com.kms.katalon.core.common.CommonExecutor.accessTestCaseMainPhase(CommonExecutor.java:65)
	at com.kms.katalon.core.main.TestSuiteExecutor.accessTestSuiteMainPhase(TestSuiteExecutor.java:148)
	at com.kms.katalon.core.main.TestSuiteExecutor.execute(TestSuiteExecutor.java:106)
	at com.kms.katalon.core.main.TestCaseMain.startTestSuite(TestCaseMain.java:187)
	at com.kms.katalon.core.main.TestCaseMain$startTestSuite$0.call(Unknown Source)
	at TempTestSuite1700170400273.run(TempTestSuite1700170400273.groovy:36)
Caused by: com.kms.katalon.core.exception.StepFailedException: Text 'Please enter the following billing information about your payment:' is not present on page  using regular expression
	... 23 more]]></system-err>
   </testsuite>
</testsuites>
