<?xml version="1.0" encoding="UTF-8"?>
<testsuites name="Gateway_Upgrade_Live_Processors_TestSuite" time="310.586" tests="13" failures="0" errors="2">
   <testsuite name="Gateway_Upgrade_Live_Processors_TestSuite" tests="13" failures="0" errors="2" time="310.586" skipped="0" timestamp="2024-05-24 17:58:12" hostname="imtiaz - DESKTOP-B2QI6NS.govolution.com" id="Test Suites/Upgrade/Gateway_Upgrade_Live_Processors_TestSuite">
      <properties>
         <property name="deviceName" value=""/>
         <property name="devicePlatform" value=""/>
         <property name="logFolder" value="E:\\Cloned-Project-Katalon\\VPS-Katalon\\Reports\\20240524_175804\\Upgrade\\Gateway_Upgrade_Live_Processors_TestSuite\\20240524_175804"/>
         <property name="logFiles" value="E:\\Cloned-Project-Katalon\\VPS-Katalon\\Reports\\20240524_175804\\Upgrade\\Gateway_Upgrade_Live_Processors_TestSuite\\20240524_175804\\execution0.log"/>
         <property name="attachments" value=""/>
         <property name="hostName" value="imtiaz - DESKTOP-B2QI6NS.govolution.com"/>
         <property name="os" value="Windows 10 64bit"/>
         <property name="katalonVersion" value="8.6.9.208"/>
         <property name="browser" value="Chrome 125.0.0.0"/>
         <property name="hostAddress" value="172.31.253.185"/>
         <property name="sessionId" value="94946d91bc8b7650f41cbca6218803ea"/>
         <property name="seleniumVersion" value="3.141.59"/>
         <property name="proxyInformation" value="ProxyInformation { proxyOption=NO_PROXY, proxyServerType=HTTP, username=, password=********, proxyServerAddress=, proxyServerPort=0, executionList=&quot;&quot;, isApplyToDesiredCapabilities=true }"/>
         <property name="platform" value="Windows 10"/>
      </properties>
      <testcase name="Test Cases/Gateway Upgrade Live Processors/SaleAndVoidTSYSCPS" time="32.425" classname="Test Cases/Gateway Upgrade Live Processors/SaleAndVoidTSYSCPS" status="PASSED">
         <system-out><![CDATA[2024-05-24 17:58:12 - [TEST_CASE][PASSED] - Test Cases/Gateway Upgrade Live Processors/SaleAndVoidTSYSCPS: Test Cases/Gateway Upgrade Live Processors/SaleAndVoidTSYSCPS

2024-05-24 17:58:13 - [TEST_STEP][PASSED] - "----------------------------------------------------": null

2024-05-24 17:58:13 - [TEST_STEP][PASSED] - "This test case script is generated by Katalon Studio": null

2024-05-24 17:58:13 - [TEST_STEP][PASSED] - "Generated date: 11-Jul-2023 04:22:35 PM": null

2024-05-24 17:58:13 - [TEST_STEP][PASSED] - "File path: C:\Users\imtiaz\Documents\Sel-New\CPSVantivTSYSWWW\Vlink-Prod.side": null

2024-05-24 17:58:13 - [TEST_STEP][PASSED] - "Generated by: iahmed@govolution.com": null

2024-05-24 17:58:13 - [TEST_STEP][PASSED] - baseUrl = "https://dev-algorithm.govolution.com/vlinktest/": null

2024-05-24 17:58:13 - [TEST_STEP][PASSED] - openBrowser(""): Browser is opened with url: ''

2024-05-24 17:58:13 - [MESSAGE][INFO] - Starting 'Chrome' driver

2024-05-24 17:58:13 - [MESSAGE][INFO] - User set preference: ['acceptInsecureCerts', 'true']

2024-05-24 17:58:13 - [MESSAGE][INFO] - Action delay is set to 0 milliseconds

2024-05-24 17:58:17 - [MESSAGE][PASSED] - Browser is opened with url: ''

2024-05-24 17:58:17 - [TEST_STEP][PASSED] - selenium = new com.kms.katalon.core.webui.driver.KatalonWebDriverBackedSelenium(baseUrl): null

2024-05-24 17:58:17 - [TEST_STEP][PASSED] - out.println("Begin SaleAndVoidTSYS"): null

2024-05-24 17:58:17 - [TEST_STEP][PASSED] - selenium.open("Upgrade/version_2_0/authcap.html"): null

2024-05-24 17:58:18 - [TEST_STEP][PASSED] - selenium.type("name=transaction_type", "104"): null

2024-05-24 17:58:18 - [TEST_STEP][PASSED] - selenium.type("name=message_version", "2.0C"): null

2024-05-24 17:58:18 - [TEST_STEP][PASSED] - genRemID = RandomStringUtils.random(12, true, true): null

2024-05-24 17:58:18 - [TEST_STEP][PASSED] - selenium.type("name=remittance_id", genRemID): null

2024-05-24 17:58:18 - [TEST_STEP][PASSED] - selenium.type("name=application_id", "3899"): null

2024-05-24 17:58:18 - [TEST_STEP][PASSED] - selenium.type("name=username", "username"): null

2024-05-24 17:58:18 - [TEST_STEP][PASSED] - selenium.type("name=password", "password"): null

2024-05-24 17:58:19 - [TEST_STEP][PASSED] - selenium.type("name=response_format", "fixed_width"): null

2024-05-24 17:58:19 - [TEST_STEP][PASSED] - selenium.type("name=category", "ECOM"): null

2024-05-24 17:58:19 - [TEST_STEP][PASSED] - selenium.type("name=transaction_id", ""): null

2024-05-24 17:58:19 - [TEST_STEP][PASSED] - selenium.type("name=approval_code", ""): null

2024-05-24 17:58:19 - [TEST_STEP][PASSED] - selenium.type("name=card_name", "James Smith"): null

2024-05-24 17:58:19 - [TEST_STEP][PASSED] - selenium.type("name=card_address", "2000 14th Street N"): null

2024-05-24 17:58:19 - [TEST_STEP][PASSED] - selenium.type("name=card_address2", "Suite 600"): null

2024-05-24 17:58:19 - [TEST_STEP][PASSED] - selenium.type("name=card_city", "Arlington"): null

2024-05-24 17:58:19 - [TEST_STEP][PASSED] - selenium.type("name=card_state", "VA"): null

2024-05-24 17:58:19 - [TEST_STEP][PASSED] - selenium.type("name=card_zip", "22201"): null

2024-05-24 17:58:19 - [TEST_STEP][PASSED] - selenium.type("name=country_id", "840"): null

2024-05-24 17:58:19 - [TEST_STEP][PASSED] - selenium.type("name=amount", "0.11"): null

2024-05-24 17:58:19 - [TEST_STEP][PASSED] - selenium.type("name=card_number", "5567080011582646"): null

2024-05-24 17:58:19 - [TEST_STEP][PASSED] - selenium.type("name=card_exmo", "03"): null

2024-05-24 17:58:19 - [TEST_STEP][PASSED] - selenium.type("name=card_exyr", "2026"): null

2024-05-24 17:58:20 - [TEST_STEP][PASSED] - selenium.type("name=cvv_data", ""): null

2024-05-24 17:58:20 - [TEST_STEP][PASSED] - selenium.type("name=cvv_state", ""): null

2024-05-24 17:58:20 - [TEST_STEP][PASSED] - selenium.type("name=track_data", ""): null

2024-05-24 17:58:20 - [TEST_STEP][PASSED] - selenium.type("name=track_1_data", ""): null

2024-05-24 17:58:20 - [TEST_STEP][PASSED] - selenium.type("name=track_2_data", ""): null

2024-05-24 17:58:20 - [TEST_STEP][PASSED] - selenium.type("name=entry_mode", "manual"): null

2024-05-24 17:58:20 - [TEST_STEP][PASSED] - selenium.type("name=email", ""): null

2024-05-24 17:58:20 - [TEST_STEP][PASSED] - selenium.type("name=order_number", ""): null

2024-05-24 17:58:20 - [TEST_STEP][PASSED] - selenium.type("name=tax_amount", "6.57"): null

2024-05-24 17:58:20 - [TEST_STEP][PASSED] - selenium.type("name=charge_description", ""): null

2024-05-24 17:58:20 - [TEST_STEP][PASSED] - selenium.type("name=client_account_number", "852852"): null

2024-05-24 17:58:20 - [TEST_STEP][PASSED] - selenium.type("name=bill_payment_indicator", ""): null

2024-05-24 17:58:20 - [TEST_STEP][PASSED] - selenium.type("name=user_defined1", "udf1"): null

2024-05-24 17:58:20 - [TEST_STEP][PASSED] - selenium.type("name=user_defined2", "udf2"): null

2024-05-24 17:58:20 - [TEST_STEP][PASSED] - selenium.type("name=user_defined3", "udf3"): null

2024-05-24 17:58:20 - [TEST_STEP][PASSED] - selenium.type("name=user_defined4", "udf4"): null

2024-05-24 17:58:21 - [TEST_STEP][PASSED] - selenium.type("name=user_defined5", "udf5"): null

2024-05-24 17:58:21 - [TEST_STEP][PASSED] - selenium.type("name=user_defined6", "udf6"): null

2024-05-24 17:58:21 - [TEST_STEP][PASSED] - selenium.type("name=user_defined7", "udf7"): null

2024-05-24 17:58:21 - [TEST_STEP][PASSED] - selenium.type("name=user_defined8", "udf8"): null

2024-05-24 17:58:21 - [TEST_STEP][PASSED] - selenium.type("name=user_defined9", "udf9"): null

2024-05-24 17:58:21 - [TEST_STEP][PASSED] - selenium.type("name=user_defined10", "udf10"): null

2024-05-24 17:58:21 - [TEST_STEP][PASSED] - selenium.click("css=input[type='submit']"): null

2024-05-24 17:58:30 - [TEST_STEP][PASSED] - if (verifyTextPresent("Transaction approved, no errors", true)): null

2024-05-24 17:58:30 - [MESSAGE][PASSED] - Text 'Transaction approved, no errors' is present on page  using regular expression

2024-05-24 17:58:30 - [TEST_STEP][PASSED] - println("Transaction Approved, no errors text is present on the Confirmation page"): null

2024-05-24 17:58:30 - [TEST_STEP][PASSED] - sdfo = getText(findTestObject("Object Repository/Page_VLinkReceipt/pre_STX")): Text of object 'Object Repository/Page_VLinkReceipt/pre_STX' is: '<STX>3JqpAjaUKW3l                  321294284           0  Transaction approved, no errors                   0                                                                                  Y 093781   <ETX>'

2024-05-24 17:58:31 - [MESSAGE][PASSED] - Text of object 'Object Repository/Page_VLinkReceipt/pre_STX' is: '<STX>3JqpAjaUKW3l                  321294284           0  Transaction approved, no errors                   0                                                                                  Y 093781   <ETX>'

2024-05-24 17:58:31 - [TEST_STEP][PASSED] - out.println("sdfo: " + sdfo): null

2024-05-24 17:58:31 - [TEST_STEP][PASSED] - remID = substring(5, 35).trim(): null

2024-05-24 17:58:31 - [TEST_STEP][PASSED] - out.println("remID: " + remID): null

2024-05-24 17:58:31 - [TEST_STEP][PASSED] - traxID = substring(35, 55).trim(): null

2024-05-24 17:58:31 - [TEST_STEP][PASSED] - out.println("traxID: " + traxID): null

2024-05-24 17:58:31 - [TEST_STEP][PASSED] - VLinkSaleRemID = remID: null

2024-05-24 17:58:31 - [TEST_STEP][PASSED] - VLinkSaleTranxID = traxID: null

2024-05-24 17:58:31 - [TEST_STEP][PASSED] - selenium.open("Upgrade/version_2_0/CC_void.html"): null

2024-05-24 17:58:31 - [TEST_STEP][PASSED] - selenium.type("name=transaction_type", "106"): null

2024-05-24 17:58:31 - [TEST_STEP][PASSED] - selenium.type("name=message_version", "2.0C"): null

2024-05-24 17:58:32 - [TEST_STEP][PASSED] - selenium.type("name=remittance_id", VLinkSaleRemID): null

2024-05-24 17:58:32 - [TEST_STEP][PASSED] - selenium.type("name=application_id", "3899"): null

2024-05-24 17:58:32 - [TEST_STEP][PASSED] - selenium.type("name=username", "username"): null

2024-05-24 17:58:32 - [TEST_STEP][PASSED] - selenium.type("name=password", "password"): null

2024-05-24 17:58:32 - [TEST_STEP][PASSED] - selenium.type("name=response_format", "fixed_width"): null

2024-05-24 17:58:32 - [TEST_STEP][PASSED] - selenium.type("name=transaction_id", VLinkSaleTranxID): null

2024-05-24 17:58:32 - [TEST_STEP][PASSED] - selenium.type("name=original_transaction_type", "104"): null

2024-05-24 17:58:32 - [TEST_STEP][PASSED] - selenium.type("name=track_data", ""): null

2024-05-24 17:58:32 - [TEST_STEP][PASSED] - selenium.type("name=track_1_data", ""): null

2024-05-24 17:58:32 - [TEST_STEP][PASSED] - selenium.type("name=track_2_data", ""): null

2024-05-24 17:58:32 - [TEST_STEP][PASSED] - selenium.type("name=tax_amount", ""): null

2024-05-24 17:58:32 - [TEST_STEP][PASSED] - selenium.type("name=client_account_number", ""): null

2024-05-24 17:58:32 - [TEST_STEP][PASSED] - selenium.click("css=input[type='submit']"): null

2024-05-24 17:58:44 - [TEST_STEP][PASSED] - verifyTrue(selenium.isTextPresent("Transaction approved, no errors")): null

2024-05-24 17:58:44 - [TEST_STEP][PASSED] - resTextVoid = selenium.getText("css=pre"): null

2024-05-24 17:58:44 - [TEST_STEP][PASSED] - out.println(resTextVoid): null

2024-05-24 17:58:44 - [TEST_STEP][PASSED] - out.println("End SaleAndVoidTSYS"): null]]></system-out>
         <system-err><![CDATA[]]></system-err>
      </testcase>
      <testcase name="Test Cases/Gateway Upgrade Live Processors/SaleAndVoidVantivCPS" time="26.719" classname="Test Cases/Gateway Upgrade Live Processors/SaleAndVoidVantivCPS" status="PASSED">
         <system-out><![CDATA[2024-05-24 17:58:44 - [TEST_CASE][PASSED] - Test Cases/Gateway Upgrade Live Processors/SaleAndVoidVantivCPS: Test Cases/Gateway Upgrade Live Processors/SaleAndVoidVantivCPS

2024-05-24 17:58:45 - [TEST_STEP][PASSED] - "----------------------------------------------------": null

2024-05-24 17:58:45 - [TEST_STEP][PASSED] - "This test case script is generated by Katalon Studio": null

2024-05-24 17:58:45 - [TEST_STEP][PASSED] - "Generated date: 11-Jul-2023 04:22:36 PM": null

2024-05-24 17:58:45 - [TEST_STEP][PASSED] - "File path: C:\Users\imtiaz\Documents\Sel-New\CPSVantivTSYSWWW\Vlink-Prod.side": null

2024-05-24 17:58:45 - [TEST_STEP][PASSED] - "Generated by: iahmed@govolution.com": null

2024-05-24 17:58:45 - [TEST_STEP][PASSED] - baseUrl = "https://dev-algorithm.govolution.com/vlinktest/": null

2024-05-24 17:58:45 - [TEST_STEP][PASSED] - openBrowser(""): Browser is opened with url: ''

2024-05-24 17:58:45 - [MESSAGE][WARNING] - A browser is already opened. Closing browser and opening a new one

2024-05-24 17:58:46 - [MESSAGE][INFO] - Starting 'Chrome' driver

2024-05-24 17:58:46 - [MESSAGE][INFO] - User set preference: ['acceptInsecureCerts', 'true']

2024-05-24 17:58:46 - [MESSAGE][INFO] - Action delay is set to 0 milliseconds

2024-05-24 17:58:48 - [MESSAGE][PASSED] - Browser is opened with url: ''

2024-05-24 17:58:48 - [TEST_STEP][PASSED] - selenium = new com.kms.katalon.core.webui.driver.KatalonWebDriverBackedSelenium(baseUrl): null

2024-05-24 17:58:48 - [TEST_STEP][PASSED] - out.println("Begin SaleAndVoidVantiv"): null

2024-05-24 17:58:48 - [TEST_STEP][PASSED] - selenium.open("Upgrade/version_2_0/authcap.html"): null

2024-05-24 17:58:48 - [TEST_STEP][PASSED] - selenium.type("name=transaction_type", "104"): null

2024-05-24 17:58:49 - [TEST_STEP][PASSED] - selenium.type("name=message_version", "2.0C"): null

2024-05-24 17:58:49 - [TEST_STEP][PASSED] - genRemID = RandomStringUtils.random(12, true, true): null

2024-05-24 17:58:49 - [TEST_STEP][PASSED] - selenium.type("name=remittance_id", genRemID): null

2024-05-24 17:58:49 - [TEST_STEP][PASSED] - selenium.type("name=application_id", "3576"): null

2024-05-24 17:58:49 - [TEST_STEP][PASSED] - selenium.type("name=username", "username"): null

2024-05-24 17:58:49 - [TEST_STEP][PASSED] - selenium.type("name=password", "password"): null

2024-05-24 17:58:49 - [TEST_STEP][PASSED] - selenium.type("name=response_format", "fixed_width"): null

2024-05-24 17:58:49 - [TEST_STEP][PASSED] - selenium.type("name=category", "ECOM"): null

2024-05-24 17:58:49 - [TEST_STEP][PASSED] - selenium.type("name=transaction_id", ""): null

2024-05-24 17:58:49 - [TEST_STEP][PASSED] - selenium.type("name=approval_code", ""): null

2024-05-24 17:58:49 - [TEST_STEP][PASSED] - selenium.type("name=card_name", "James Smith"): null

2024-05-24 17:58:49 - [TEST_STEP][PASSED] - selenium.type("name=card_address", "2000 14th Street N"): null

2024-05-24 17:58:49 - [TEST_STEP][PASSED] - selenium.type("name=card_address2", "Suite 600"): null

2024-05-24 17:58:49 - [TEST_STEP][PASSED] - selenium.type("name=card_city", "Arlington"): null

2024-05-24 17:58:49 - [TEST_STEP][PASSED] - selenium.type("name=card_state", "VA"): null

2024-05-24 17:58:50 - [TEST_STEP][PASSED] - selenium.type("name=card_zip", "22201"): null

2024-05-24 17:58:50 - [TEST_STEP][PASSED] - selenium.type("name=country_id", "840"): null

2024-05-24 17:58:50 - [TEST_STEP][PASSED] - selenium.type("name=amount", "0.12"): null

2024-05-24 17:58:50 - [TEST_STEP][PASSED] - selenium.type("name=card_number", "5567080011582646"): null

2024-05-24 17:58:50 - [TEST_STEP][PASSED] - selenium.type("name=card_exmo", "03"): null

2024-05-24 17:58:50 - [TEST_STEP][PASSED] - selenium.type("name=card_exyr", "2026"): null

2024-05-24 17:58:50 - [TEST_STEP][PASSED] - selenium.type("name=cvv_data", ""): null

2024-05-24 17:58:50 - [TEST_STEP][PASSED] - selenium.type("name=cvv_state", ""): null

2024-05-24 17:58:50 - [TEST_STEP][PASSED] - selenium.type("name=track_data", ""): null

2024-05-24 17:58:50 - [TEST_STEP][PASSED] - selenium.type("name=track_1_data", ""): null

2024-05-24 17:58:50 - [TEST_STEP][PASSED] - selenium.type("name=track_2_data", ""): null

2024-05-24 17:58:50 - [TEST_STEP][PASSED] - selenium.type("name=entry_mode", "manual"): null

2024-05-24 17:58:50 - [TEST_STEP][PASSED] - selenium.type("name=email", ""): null

2024-05-24 17:58:50 - [TEST_STEP][PASSED] - selenium.type("name=order_number", ""): null

2024-05-24 17:58:50 - [TEST_STEP][PASSED] - selenium.type("name=tax_amount", "6.57"): null

2024-05-24 17:58:50 - [TEST_STEP][PASSED] - selenium.type("name=charge_description", ""): null

2024-05-24 17:58:50 - [TEST_STEP][PASSED] - selenium.type("name=client_account_number", "852852"): null

2024-05-24 17:58:51 - [TEST_STEP][PASSED] - selenium.type("name=bill_payment_indicator", ""): null

2024-05-24 17:58:51 - [TEST_STEP][PASSED] - selenium.type("name=user_defined1", "udf1"): null

2024-05-24 17:58:51 - [TEST_STEP][PASSED] - selenium.type("name=user_defined2", "udf2"): null

2024-05-24 17:58:51 - [TEST_STEP][PASSED] - selenium.type("name=user_defined3", "udf3"): null

2024-05-24 17:58:51 - [TEST_STEP][PASSED] - selenium.type("name=user_defined4", "udf4"): null

2024-05-24 17:58:51 - [TEST_STEP][PASSED] - selenium.type("name=user_defined5", "udf5"): null

2024-05-24 17:58:51 - [TEST_STEP][PASSED] - selenium.type("name=user_defined6", "udf6"): null

2024-05-24 17:58:51 - [TEST_STEP][PASSED] - selenium.type("name=user_defined7", "udf7"): null

2024-05-24 17:58:51 - [TEST_STEP][PASSED] - selenium.type("name=user_defined8", "udf8"): null

2024-05-24 17:58:51 - [TEST_STEP][PASSED] - selenium.type("name=user_defined9", "udf9"): null

2024-05-24 17:58:51 - [TEST_STEP][PASSED] - selenium.type("name=user_defined10", "udf10"): null

2024-05-24 17:58:51 - [TEST_STEP][PASSED] - selenium.click("css=input[type='submit']"): null

2024-05-24 17:58:57 - [TEST_STEP][PASSED] - if (verifyTextPresent("Transaction approved, no errors", true)): null

2024-05-24 17:58:57 - [MESSAGE][PASSED] - Text 'Transaction approved, no errors' is present on page  using regular expression

2024-05-24 17:58:57 - [TEST_STEP][PASSED] - println("Transaction Approved, no errors text is present on the Confirmation page"): null

2024-05-24 17:58:57 - [TEST_STEP][PASSED] - sdfo = getText(findTestObject("Object Repository/Page_VLinkReceipt/pre_STX")): Text of object 'Object Repository/Page_VLinkReceipt/pre_STX' is: '<STX>A7hEVqsMuYP2                  321294301           0  Transaction approved, no errors                   0                                                                                  Y 015311   <ETX>'

2024-05-24 17:58:58 - [MESSAGE][PASSED] - Text of object 'Object Repository/Page_VLinkReceipt/pre_STX' is: '<STX>A7hEVqsMuYP2                  321294301           0  Transaction approved, no errors                   0                                                                                  Y 015311   <ETX>'

2024-05-24 17:58:58 - [TEST_STEP][PASSED] - out.println("sdfo: " + sdfo): null

2024-05-24 17:58:58 - [TEST_STEP][PASSED] - remID = substring(5, 35).trim(): null

2024-05-24 17:58:58 - [TEST_STEP][PASSED] - out.println("remID: " + remID): null

2024-05-24 17:58:58 - [TEST_STEP][PASSED] - traxID = substring(35, 55).trim(): null

2024-05-24 17:58:58 - [TEST_STEP][PASSED] - out.println("traxID: " + traxID): null

2024-05-24 17:58:58 - [TEST_STEP][PASSED] - VLinkSaleRemID = remID: null

2024-05-24 17:58:58 - [TEST_STEP][PASSED] - VLinkSaleTranxID = traxID: null

2024-05-24 17:58:58 - [TEST_STEP][PASSED] - selenium.open("Upgrade/version_2_0/CC_void.html"): null

2024-05-24 17:58:58 - [TEST_STEP][PASSED] - selenium.type("name=transaction_type", "106"): null

2024-05-24 17:58:58 - [TEST_STEP][PASSED] - selenium.type("name=message_version", "2.0C"): null

2024-05-24 17:58:58 - [TEST_STEP][PASSED] - selenium.type("name=remittance_id", VLinkSaleRemID): null

2024-05-24 17:58:58 - [TEST_STEP][PASSED] - selenium.type("name=application_id", "3576"): null

2024-05-24 17:58:58 - [TEST_STEP][PASSED] - selenium.type("name=username", "username"): null

2024-05-24 17:58:58 - [TEST_STEP][PASSED] - selenium.type("name=password", "password"): null

2024-05-24 17:58:59 - [TEST_STEP][PASSED] - selenium.type("name=response_format", "fixed_width"): null

2024-05-24 17:58:59 - [TEST_STEP][PASSED] - selenium.type("name=transaction_id", VLinkSaleTranxID): null

2024-05-24 17:58:59 - [TEST_STEP][PASSED] - selenium.type("name=original_transaction_type", "104"): null

2024-05-24 17:58:59 - [TEST_STEP][PASSED] - selenium.type("name=track_data", ""): null

2024-05-24 17:58:59 - [TEST_STEP][PASSED] - selenium.type("name=track_1_data", ""): null

2024-05-24 17:58:59 - [TEST_STEP][PASSED] - selenium.type("name=track_2_data", ""): null

2024-05-24 17:58:59 - [TEST_STEP][PASSED] - selenium.type("name=tax_amount", ""): null

2024-05-24 17:58:59 - [TEST_STEP][PASSED] - selenium.type("name=client_account_number", ""): null

2024-05-24 17:58:59 - [TEST_STEP][PASSED] - selenium.click("css=input[type='submit']"): null

2024-05-24 17:59:11 - [TEST_STEP][PASSED] - verifyTrue(selenium.isTextPresent("Transaction approved, no errors")): null]]></system-out>
         <system-err><![CDATA[]]></system-err>
      </testcase>
      <testcase name="Test Cases/Gateway Upgrade Live Processors/SaleAndCreditAndVoidTSYS" time="32.965" classname="Test Cases/Gateway Upgrade Live Processors/SaleAndCreditAndVoidTSYS" status="PASSED">
         <system-out><![CDATA[2024-05-24 17:59:11 - [TEST_CASE][PASSED] - Test Cases/Gateway Upgrade Live Processors/SaleAndCreditAndVoidTSYS: Test Cases/Gateway Upgrade Live Processors/SaleAndCreditAndVoidTSYS

2024-05-24 17:59:12 - [TEST_STEP][PASSED] - "----------------------------------------------------": null

2024-05-24 17:59:12 - [TEST_STEP][PASSED] - "This test case script is generated by Katalon Studio": null

2024-05-24 17:59:12 - [TEST_STEP][PASSED] - "Generated date: 11-Jul-2023 04:22:38 PM": null

2024-05-24 17:59:12 - [TEST_STEP][PASSED] - "File path: C:\Users\imtiaz\Documents\Sel-New\CPSVantivTSYSWWW\Vlink-Prod.side": null

2024-05-24 17:59:12 - [TEST_STEP][PASSED] - "Generated by: iahmed@govolution.com": null

2024-05-24 17:59:12 - [TEST_STEP][PASSED] - baseUrl = "https://dev-algorithm.govolution.com/vlinktest/": null

2024-05-24 17:59:12 - [TEST_STEP][PASSED] - openBrowser(""): Browser is opened with url: ''

2024-05-24 17:59:12 - [MESSAGE][WARNING] - A browser is already opened. Closing browser and opening a new one

2024-05-24 17:59:13 - [MESSAGE][INFO] - Starting 'Chrome' driver

2024-05-24 17:59:13 - [MESSAGE][INFO] - User set preference: ['acceptInsecureCerts', 'true']

2024-05-24 17:59:13 - [MESSAGE][INFO] - Action delay is set to 0 milliseconds

2024-05-24 17:59:15 - [MESSAGE][PASSED] - Browser is opened with url: ''

2024-05-24 17:59:15 - [TEST_STEP][PASSED] - selenium = new com.kms.katalon.core.webui.driver.KatalonWebDriverBackedSelenium(baseUrl): null

2024-05-24 17:59:15 - [TEST_STEP][PASSED] - out.println("Begin Sale And Credit And Void TSYS"): null

2024-05-24 17:59:15 - [TEST_STEP][PASSED] - selenium.open("Upgrade/version_2_0/authcap.html"): null

2024-05-24 17:59:15 - [TEST_STEP][PASSED] - selenium.type("name=transaction_type", "104"): null

2024-05-24 17:59:15 - [TEST_STEP][PASSED] - selenium.type("name=message_version", "2.0C"): null

2024-05-24 17:59:15 - [TEST_STEP][PASSED] - genRemID = RandomStringUtils.random(12, true, true): null

2024-05-24 17:59:15 - [TEST_STEP][PASSED] - selenium.type("name=remittance_id", genRemID): null

2024-05-24 17:59:15 - [TEST_STEP][PASSED] - selenium.type("name=application_id", "3899"): null

2024-05-24 17:59:16 - [TEST_STEP][PASSED] - selenium.type("name=username", "username"): null

2024-05-24 17:59:16 - [TEST_STEP][PASSED] - selenium.type("name=password", "password"): null

2024-05-24 17:59:16 - [TEST_STEP][PASSED] - selenium.type("name=response_format", "fixed_width"): null

2024-05-24 17:59:16 - [TEST_STEP][PASSED] - selenium.type("name=category", "ECOM"): null

2024-05-24 17:59:16 - [TEST_STEP][PASSED] - selenium.type("name=transaction_id", ""): null

2024-05-24 17:59:16 - [TEST_STEP][PASSED] - selenium.type("name=approval_code", ""): null

2024-05-24 17:59:16 - [TEST_STEP][PASSED] - selenium.type("name=card_name", "James Smithy"): null

2024-05-24 17:59:16 - [TEST_STEP][PASSED] - selenium.type("name=card_address", "2000 14th street N"): null

2024-05-24 17:59:16 - [TEST_STEP][PASSED] - selenium.type("name=card_address2", "Suite 600"): null

2024-05-24 17:59:16 - [TEST_STEP][PASSED] - selenium.type("name=card_city", "Arlington"): null

2024-05-24 17:59:16 - [TEST_STEP][PASSED] - selenium.type("name=card_state", "VA"): null

2024-05-24 17:59:16 - [TEST_STEP][PASSED] - selenium.type("name=card_zip", "22201"): null

2024-05-24 17:59:16 - [TEST_STEP][PASSED] - selenium.type("name=country_id", "840"): null

2024-05-24 17:59:16 - [TEST_STEP][PASSED] - selenium.type("name=amount", "0.13"): null

2024-05-24 17:59:16 - [TEST_STEP][PASSED] - selenium.type("name=card_number", "5567080011582646"): null

2024-05-24 17:59:16 - [TEST_STEP][PASSED] - selenium.type("name=card_exmo", "03"): null

2024-05-24 17:59:16 - [TEST_STEP][PASSED] - selenium.type("name=card_exyr", "2026"): null

2024-05-24 17:59:16 - [TEST_STEP][PASSED] - selenium.type("name=cvv_data", ""): null

2024-05-24 17:59:17 - [TEST_STEP][PASSED] - selenium.type("name=cvv_state", ""): null

2024-05-24 17:59:17 - [TEST_STEP][PASSED] - selenium.type("name=track_data", ""): null

2024-05-24 17:59:17 - [TEST_STEP][PASSED] - selenium.type("name=track_1_data", ""): null

2024-05-24 17:59:17 - [TEST_STEP][PASSED] - selenium.type("name=track_2_data", ""): null

2024-05-24 17:59:17 - [TEST_STEP][PASSED] - selenium.type("name=entry_mode", "manual"): null

2024-05-24 17:59:17 - [TEST_STEP][PASSED] - selenium.type("name=email", ""): null

2024-05-24 17:59:17 - [TEST_STEP][PASSED] - selenium.type("name=order_number", ""): null

2024-05-24 17:59:17 - [TEST_STEP][PASSED] - selenium.type("name=tax_amount", ""): null

2024-05-24 17:59:17 - [TEST_STEP][PASSED] - selenium.type("name=charge_description", ""): null

2024-05-24 17:59:17 - [TEST_STEP][PASSED] - selenium.type("name=client_account_number", "852852"): null

2024-05-24 17:59:17 - [TEST_STEP][PASSED] - selenium.type("name=bill_payment_indicator", ""): null

2024-05-24 17:59:17 - [TEST_STEP][PASSED] - selenium.type("name=user_defined1", "udf1"): null

2024-05-24 17:59:17 - [TEST_STEP][PASSED] - selenium.type("name=user_defined2", "udf2"): null

2024-05-24 17:59:17 - [TEST_STEP][PASSED] - selenium.type("name=user_defined3", "udf3"): null

2024-05-24 17:59:17 - [TEST_STEP][PASSED] - selenium.type("name=user_defined4", "udf4"): null

2024-05-24 17:59:17 - [TEST_STEP][PASSED] - selenium.type("name=user_defined5", "udf5"): null

2024-05-24 17:59:17 - [TEST_STEP][PASSED] - selenium.type("name=user_defined6", "udf6"): null

2024-05-24 17:59:17 - [TEST_STEP][PASSED] - selenium.type("name=user_defined7", "udf7"): null

2024-05-24 17:59:18 - [TEST_STEP][PASSED] - selenium.type("name=user_defined8", "udf8"): null

2024-05-24 17:59:18 - [TEST_STEP][PASSED] - selenium.type("name=user_defined9", "udf9"): null

2024-05-24 17:59:18 - [TEST_STEP][PASSED] - selenium.type("name=user_defined10", "udf10"): null

2024-05-24 17:59:18 - [TEST_STEP][PASSED] - selenium.click("css=input[type='submit']"): null

2024-05-24 17:59:23 - [TEST_STEP][PASSED] - if (verifyTextPresent("Transaction approved, no errors", true)): null

2024-05-24 17:59:23 - [MESSAGE][PASSED] - Text 'Transaction approved, no errors' is present on page  using regular expression

2024-05-24 17:59:23 - [TEST_STEP][PASSED] - println("Transaction Approved, no errors text is present on the Confirmation page"): null

2024-05-24 17:59:23 - [TEST_STEP][PASSED] - sdfo = getText(findTestObject("Object Repository/Page_VLinkReceipt/pre_STX")): Text of object 'Object Repository/Page_VLinkReceipt/pre_STX' is: '<STX>Qc3JzWtBsVZ4                  321294325           0  Transaction approved, no errors                   0                                                                                  Y 022344   <ETX>'

2024-05-24 17:59:24 - [MESSAGE][PASSED] - Text of object 'Object Repository/Page_VLinkReceipt/pre_STX' is: '<STX>Qc3JzWtBsVZ4                  321294325           0  Transaction approved, no errors                   0                                                                                  Y 022344   <ETX>'

2024-05-24 17:59:24 - [TEST_STEP][PASSED] - out.println("sdfo: " + sdfo): null

2024-05-24 17:59:24 - [TEST_STEP][PASSED] - remID = substring(5, 35).trim(): null

2024-05-24 17:59:24 - [TEST_STEP][PASSED] - out.println("remID: " + remID): null

2024-05-24 17:59:24 - [TEST_STEP][PASSED] - traxID = substring(35, 55).trim(): null

2024-05-24 17:59:24 - [TEST_STEP][PASSED] - out.println("traxID: " + traxID): null

2024-05-24 17:59:24 - [TEST_STEP][PASSED] - VLinkSaleRemID = remID: null

2024-05-24 17:59:24 - [TEST_STEP][PASSED] - VLinkSaleTranxID = traxID: null

2024-05-24 17:59:24 - [TEST_STEP][PASSED] - selenium.open("Upgrade/version_2_0/CC_credit.html"): null

2024-05-24 17:59:24 - [TEST_STEP][PASSED] - selenium.type("name=transaction_type", "103"): null

2024-05-24 17:59:24 - [TEST_STEP][PASSED] - selenium.type("name=message_version", "2.0C"): null

2024-05-24 17:59:24 - [TEST_STEP][PASSED] - selenium.type("name=remittance_id", VLinkSaleRemID): null

2024-05-24 17:59:24 - [TEST_STEP][PASSED] - selenium.type("name=application_id", "3899"): null

2024-05-24 17:59:24 - [TEST_STEP][PASSED] - selenium.type("name=username", "username"): null

2024-05-24 17:59:24 - [TEST_STEP][PASSED] - selenium.type("name=password", "password"): null

2024-05-24 17:59:24 - [TEST_STEP][PASSED] - selenium.type("name=transaction_id", VLinkSaleTranxID): null

2024-05-24 17:59:24 - [TEST_STEP][PASSED] - selenium.type("name=response_format", "fixed_width"): null

2024-05-24 17:59:24 - [TEST_STEP][PASSED] - selenium.type("name=amount", "0.13"): null

2024-05-24 17:59:24 - [TEST_STEP][PASSED] - selenium.type("name=order_number", ""): null

2024-05-24 17:59:25 - [TEST_STEP][PASSED] - selenium.type("name=tax_amount", ""): null

2024-05-24 17:59:25 - [TEST_STEP][PASSED] - selenium.type("name=charge_description", ""): null

2024-05-24 17:59:25 - [TEST_STEP][PASSED] - selenium.type("name=card_number", ""): null

2024-05-24 17:59:25 - [TEST_STEP][PASSED] - selenium.type("name=card_exmo", ""): null

2024-05-24 17:59:25 - [TEST_STEP][PASSED] - selenium.type("name=card_exyr", ""): null

2024-05-24 17:59:25 - [TEST_STEP][PASSED] - selenium.type("name=track_data", ""): null

2024-05-24 17:59:25 - [TEST_STEP][PASSED] - selenium.type("name=track_1_data", ""): null

2024-05-24 17:59:25 - [TEST_STEP][PASSED] - selenium.type("name=track_2_data", ""): null

2024-05-24 17:59:25 - [TEST_STEP][PASSED] - selenium.type("name=category", "ECOM"): null

2024-05-24 17:59:25 - [TEST_STEP][PASSED] - selenium.type("name=client_account_number", ""): null

2024-05-24 17:59:25 - [TEST_STEP][PASSED] - selenium.click("css=input[type='submit']"): null

2024-05-24 17:59:34 - [TEST_STEP][PASSED] - if (verifyTextPresent("Transaction approved, no errors", true)): null

2024-05-24 17:59:34 - [MESSAGE][PASSED] - Text 'Transaction approved, no errors' is present on page  using regular expression

2024-05-24 17:59:34 - [TEST_STEP][PASSED] - sdfo = getText(findTestObject("Object Repository/Page_VLinkReceipt/pre_STX")): Text of object 'Object Repository/Page_VLinkReceipt/pre_STX' is: '<STX>Qc3JzWtBsVZ4                  321294326           0  Transaction approved, no errors                   0                                                                                  Y 022994   <ETX>'

2024-05-24 17:59:34 - [MESSAGE][PASSED] - Text of object 'Object Repository/Page_VLinkReceipt/pre_STX' is: '<STX>Qc3JzWtBsVZ4                  321294326           0  Transaction approved, no errors                   0                                                                                  Y 022994   <ETX>'

2024-05-24 17:59:34 - [TEST_STEP][PASSED] - out.println("sdfo: " + sdfo): null

2024-05-24 17:59:34 - [TEST_STEP][PASSED] - remID = substring(5, 35).trim(): null

2024-05-24 17:59:34 - [TEST_STEP][PASSED] - out.println("remID: " + remID): null

2024-05-24 17:59:34 - [TEST_STEP][PASSED] - traxID = substring(35, 55).trim(): null

2024-05-24 17:59:34 - [TEST_STEP][PASSED] - out.println("traxID: " + traxID): null

2024-05-24 17:59:34 - [TEST_STEP][PASSED] - VLinkSaleRemID = remID: null

2024-05-24 17:59:34 - [TEST_STEP][PASSED] - VLinkSaleTranxID = traxID: null

2024-05-24 17:59:34 - [TEST_STEP][PASSED] - selenium.open("Upgrade/version_2_0/CC_void.html"): null

2024-05-24 17:59:35 - [TEST_STEP][PASSED] - selenium.type("name=transaction_type", "106"): null

2024-05-24 17:59:35 - [TEST_STEP][PASSED] - selenium.type("name=message_version", "2.0C"): null

2024-05-24 17:59:35 - [TEST_STEP][PASSED] - selenium.type("name=remittance_id", VLinkSaleRemID): null

2024-05-24 17:59:35 - [TEST_STEP][PASSED] - selenium.type("name=application_id", "3899"): null

2024-05-24 17:59:35 - [TEST_STEP][PASSED] - selenium.type("name=username", "username"): null

2024-05-24 17:59:35 - [TEST_STEP][PASSED] - selenium.type("name=password", "password"): null

2024-05-24 17:59:35 - [TEST_STEP][PASSED] - selenium.type("name=response_format", "fixed_width"): null

2024-05-24 17:59:35 - [TEST_STEP][PASSED] - selenium.type("name=transaction_id", VLinkSaleTranxID): null

2024-05-24 17:59:35 - [TEST_STEP][PASSED] - selenium.type("name=original_transaction_type", "103"): null

2024-05-24 17:59:35 - [TEST_STEP][PASSED] - selenium.type("name=track_data", ""): null

2024-05-24 17:59:35 - [TEST_STEP][PASSED] - selenium.type("name=track_1_data", ""): null

2024-05-24 17:59:35 - [TEST_STEP][PASSED] - selenium.type("name=track_2_data", ""): null

2024-05-24 17:59:35 - [TEST_STEP][PASSED] - selenium.type("name=tax_amount", ""): null

2024-05-24 17:59:35 - [TEST_STEP][PASSED] - selenium.type("name=client_account_number", ""): null

2024-05-24 17:59:35 - [TEST_STEP][PASSED] - selenium.click("css=input[type='submit']"): null

2024-05-24 17:59:44 - [TEST_STEP][PASSED] - verifyTrue(selenium.isTextPresent("Transaction approved, no errors")): null]]></system-out>
         <system-err><![CDATA[]]></system-err>
      </testcase>
      <testcase name="Test Cases/Gateway Upgrade Live Processors/SaleAndCreditAndVoidVantiv" time="34.096" classname="Test Cases/Gateway Upgrade Live Processors/SaleAndCreditAndVoidVantiv" status="PASSED">
         <system-out><![CDATA[2024-05-24 17:59:44 - [TEST_CASE][PASSED] - Test Cases/Gateway Upgrade Live Processors/SaleAndCreditAndVoidVantiv: Test Cases/Gateway Upgrade Live Processors/SaleAndCreditAndVoidVantiv

2024-05-24 17:59:45 - [TEST_STEP][PASSED] - "----------------------------------------------------": null

2024-05-24 17:59:45 - [TEST_STEP][PASSED] - "This test case script is generated by Katalon Studio": null

2024-05-24 17:59:45 - [TEST_STEP][PASSED] - "Generated date: 11-Jul-2023 04:22:39 PM": null

2024-05-24 17:59:45 - [TEST_STEP][PASSED] - "File path: C:\Users\imtiaz\Documents\Sel-New\CPSVantivTSYSWWW\Vlink-Prod.side": null

2024-05-24 17:59:45 - [TEST_STEP][PASSED] - "Generated by: iahmed@govolution.com": null

2024-05-24 17:59:45 - [TEST_STEP][PASSED] - baseUrl = "https://dev-algorithm.govolution.com/vlinktest/": null

2024-05-24 17:59:45 - [TEST_STEP][PASSED] - openBrowser(""): Browser is opened with url: ''

2024-05-24 17:59:45 - [MESSAGE][WARNING] - A browser is already opened. Closing browser and opening a new one

2024-05-24 17:59:46 - [MESSAGE][INFO] - Starting 'Chrome' driver

2024-05-24 17:59:46 - [MESSAGE][INFO] - User set preference: ['acceptInsecureCerts', 'true']

2024-05-24 17:59:46 - [MESSAGE][INFO] - Action delay is set to 0 milliseconds

2024-05-24 17:59:48 - [MESSAGE][PASSED] - Browser is opened with url: ''

2024-05-24 17:59:48 - [TEST_STEP][PASSED] - selenium = new com.kms.katalon.core.webui.driver.KatalonWebDriverBackedSelenium(baseUrl): null

2024-05-24 17:59:48 - [TEST_STEP][PASSED] - out.println("Begin Sale And Credit And Void Vantiv"): null

2024-05-24 17:59:48 - [TEST_STEP][PASSED] - selenium.open("Upgrade/version_2_0/authcap.html"): null

2024-05-24 17:59:48 - [TEST_STEP][PASSED] - selenium.type("name=transaction_type", "104"): null

2024-05-24 17:59:48 - [TEST_STEP][PASSED] - selenium.type("name=message_version", "2.0C"): null

2024-05-24 17:59:49 - [TEST_STEP][PASSED] - genRemID = RandomStringUtils.random(12, true, true): null

2024-05-24 17:59:49 - [TEST_STEP][PASSED] - selenium.type("name=remittance_id", genRemID): null

2024-05-24 17:59:49 - [TEST_STEP][PASSED] - selenium.type("name=application_id", "3576"): null

2024-05-24 17:59:49 - [TEST_STEP][PASSED] - selenium.type("name=username", "username"): null

2024-05-24 17:59:49 - [TEST_STEP][PASSED] - selenium.type("name=password", "password"): null

2024-05-24 17:59:49 - [TEST_STEP][PASSED] - selenium.type("name=response_format", "fixed_width"): null

2024-05-24 17:59:49 - [TEST_STEP][PASSED] - selenium.type("name=category", "ECOM"): null

2024-05-24 17:59:49 - [TEST_STEP][PASSED] - selenium.type("name=transaction_id", ""): null

2024-05-24 17:59:49 - [TEST_STEP][PASSED] - selenium.type("name=approval_code", ""): null

2024-05-24 17:59:49 - [TEST_STEP][PASSED] - selenium.type("name=card_name", "James Smithy"): null

2024-05-24 17:59:49 - [TEST_STEP][PASSED] - selenium.type("name=card_address", "2000 14th street N"): null

2024-05-24 17:59:49 - [TEST_STEP][PASSED] - selenium.type("name=card_address2", "Suite 600"): null

2024-05-24 17:59:49 - [TEST_STEP][PASSED] - selenium.type("name=card_city", "Arlington"): null

2024-05-24 17:59:49 - [TEST_STEP][PASSED] - selenium.type("name=card_state", "VA"): null

2024-05-24 17:59:49 - [TEST_STEP][PASSED] - selenium.type("name=card_zip", "22201"): null

2024-05-24 17:59:49 - [TEST_STEP][PASSED] - selenium.type("name=country_id", "840"): null

2024-05-24 17:59:50 - [TEST_STEP][PASSED] - selenium.type("name=amount", "0.14"): null

2024-05-24 17:59:50 - [TEST_STEP][PASSED] - selenium.type("name=card_number", "5567080011582646"): null

2024-05-24 17:59:50 - [TEST_STEP][PASSED] - selenium.type("name=card_exmo", "03"): null

2024-05-24 17:59:50 - [TEST_STEP][PASSED] - selenium.type("name=card_exyr", "2026"): null

2024-05-24 17:59:50 - [TEST_STEP][PASSED] - selenium.type("name=cvv_data", ""): null

2024-05-24 17:59:50 - [TEST_STEP][PASSED] - selenium.type("name=cvv_state", ""): null

2024-05-24 17:59:50 - [TEST_STEP][PASSED] - selenium.type("name=track_data", ""): null

2024-05-24 17:59:50 - [TEST_STEP][PASSED] - selenium.type("name=track_1_data", ""): null

2024-05-24 17:59:50 - [TEST_STEP][PASSED] - selenium.type("name=track_2_data", ""): null

2024-05-24 17:59:50 - [TEST_STEP][PASSED] - selenium.type("name=entry_mode", "manual"): null

2024-05-24 17:59:50 - [TEST_STEP][PASSED] - selenium.type("name=email", ""): null

2024-05-24 17:59:50 - [TEST_STEP][PASSED] - selenium.type("name=order_number", ""): null

2024-05-24 17:59:50 - [TEST_STEP][PASSED] - selenium.type("name=tax_amount", ""): null

2024-05-24 17:59:50 - [TEST_STEP][PASSED] - selenium.type("name=charge_description", ""): null

2024-05-24 17:59:50 - [TEST_STEP][PASSED] - selenium.type("name=client_account_number", "852852"): null

2024-05-24 17:59:50 - [TEST_STEP][PASSED] - selenium.type("name=bill_payment_indicator", ""): null

2024-05-24 17:59:50 - [TEST_STEP][PASSED] - selenium.type("name=user_defined1", "udf1"): null

2024-05-24 17:59:50 - [TEST_STEP][PASSED] - selenium.type("name=user_defined2", "udf2"): null

2024-05-24 17:59:51 - [TEST_STEP][PASSED] - selenium.type("name=user_defined3", "udf3"): null

2024-05-24 17:59:51 - [TEST_STEP][PASSED] - selenium.type("name=user_defined4", "udf4"): null

2024-05-24 17:59:51 - [TEST_STEP][PASSED] - selenium.type("name=user_defined5", "udf5"): null

2024-05-24 17:59:51 - [TEST_STEP][PASSED] - selenium.type("name=user_defined6", "udf6"): null

2024-05-24 17:59:51 - [TEST_STEP][PASSED] - selenium.type("name=user_defined7", "udf7"): null

2024-05-24 17:59:51 - [TEST_STEP][PASSED] - selenium.type("name=user_defined8", "udf8"): null

2024-05-24 17:59:51 - [TEST_STEP][PASSED] - selenium.type("name=user_defined9", "udf9"): null

2024-05-24 17:59:51 - [TEST_STEP][PASSED] - selenium.type("name=user_defined10", "udf10"): null

2024-05-24 17:59:51 - [TEST_STEP][PASSED] - selenium.click("css=input[type='submit']"): null

2024-05-24 17:59:57 - [TEST_STEP][PASSED] - if (verifyTextPresent("Transaction approved, no errors", true)): null

2024-05-24 17:59:57 - [MESSAGE][PASSED] - Text 'Transaction approved, no errors' is present on page  using regular expression

2024-05-24 17:59:57 - [TEST_STEP][PASSED] - println("Transaction Approved, no errors text is present on the Confirmation page"): null

2024-05-24 17:59:57 - [TEST_STEP][PASSED] - sdfo = getText(findTestObject("Object Repository/Page_VLinkReceipt/pre_STX")): Text of object 'Object Repository/Page_VLinkReceipt/pre_STX' is: '<STX>MII1O9DymEAh                  321294346           0  Transaction approved, no errors                   0                                                                                  Y 073586   <ETX>'

2024-05-24 17:59:57 - [MESSAGE][PASSED] - Text of object 'Object Repository/Page_VLinkReceipt/pre_STX' is: '<STX>MII1O9DymEAh                  321294346           0  Transaction approved, no errors                   0                                                                                  Y 073586   <ETX>'

2024-05-24 17:59:57 - [TEST_STEP][PASSED] - out.println("sdfo: " + sdfo): null

2024-05-24 17:59:57 - [TEST_STEP][PASSED] - remID = substring(5, 35).trim(): null

2024-05-24 17:59:57 - [TEST_STEP][PASSED] - out.println("remID: " + remID): null

2024-05-24 17:59:57 - [TEST_STEP][PASSED] - traxID = substring(35, 55).trim(): null

2024-05-24 17:59:57 - [TEST_STEP][PASSED] - out.println("traxID: " + traxID): null

2024-05-24 17:59:57 - [TEST_STEP][PASSED] - VLinkSaleRemID = remID: null

2024-05-24 17:59:57 - [TEST_STEP][PASSED] - VLinkSaleTranxID = traxID: null

2024-05-24 17:59:57 - [TEST_STEP][PASSED] - selenium.open("Upgrade/version_2_0/CC_credit.html"): null

2024-05-24 17:59:57 - [TEST_STEP][PASSED] - selenium.type("name=transaction_type", "103"): null

2024-05-24 17:59:58 - [TEST_STEP][PASSED] - selenium.type("name=message_version", "2.0C"): null

2024-05-24 17:59:58 - [TEST_STEP][PASSED] - selenium.type("name=remittance_id", VLinkSaleRemID): null

2024-05-24 17:59:58 - [TEST_STEP][PASSED] - selenium.type("name=application_id", "3576"): null

2024-05-24 17:59:58 - [TEST_STEP][PASSED] - selenium.type("name=username", "username"): null

2024-05-24 17:59:58 - [TEST_STEP][PASSED] - selenium.type("name=password", "password"): null

2024-05-24 17:59:58 - [TEST_STEP][PASSED] - selenium.type("name=transaction_id", VLinkSaleTranxID): null

2024-05-24 17:59:58 - [TEST_STEP][PASSED] - selenium.type("name=response_format", "fixed_width"): null

2024-05-24 17:59:58 - [TEST_STEP][PASSED] - selenium.type("name=amount", "0.14"): null

2024-05-24 17:59:58 - [TEST_STEP][PASSED] - selenium.type("name=order_number", ""): null

2024-05-24 17:59:59 - [TEST_STEP][PASSED] - selenium.type("name=tax_amount", ""): null

2024-05-24 17:59:59 - [TEST_STEP][PASSED] - selenium.type("name=charge_description", ""): null

2024-05-24 17:59:59 - [TEST_STEP][PASSED] - selenium.type("name=card_number", ""): null

2024-05-24 17:59:59 - [TEST_STEP][PASSED] - selenium.type("name=card_exmo", ""): null

2024-05-24 17:59:59 - [TEST_STEP][PASSED] - selenium.type("name=card_exyr", ""): null

2024-05-24 17:59:59 - [TEST_STEP][PASSED] - selenium.type("name=track_data", ""): null

2024-05-24 17:59:59 - [TEST_STEP][PASSED] - selenium.type("name=track_1_data", ""): null

2024-05-24 17:59:59 - [TEST_STEP][PASSED] - selenium.type("name=track_2_data", ""): null

2024-05-24 17:59:59 - [TEST_STEP][PASSED] - selenium.type("name=category", "ECOM"): null

2024-05-24 17:59:59 - [TEST_STEP][PASSED] - selenium.type("name=client_account_number", ""): null

2024-05-24 18:00:00 - [TEST_STEP][PASSED] - selenium.click("css=input[type='submit']"): null

2024-05-24 18:00:08 - [TEST_STEP][PASSED] - if (verifyTextPresent("Transaction approved, no errors", true)): null

2024-05-24 18:00:08 - [MESSAGE][PASSED] - Text 'Transaction approved, no errors' is present on page  using regular expression

2024-05-24 18:00:08 - [TEST_STEP][PASSED] - sdfo = getText(findTestObject("Object Repository/Page_VLinkReceipt/pre_STX")): Text of object 'Object Repository/Page_VLinkReceipt/pre_STX' is: '<STX>MII1O9DymEAh                  321294351           0  Transaction approved, no errors                   0                                                                                    144510   <ETX>'

2024-05-24 18:00:08 - [MESSAGE][PASSED] - Text of object 'Object Repository/Page_VLinkReceipt/pre_STX' is: '<STX>MII1O9DymEAh                  321294351           0  Transaction approved, no errors                   0                                                                                    144510   <ETX>'

2024-05-24 18:00:08 - [TEST_STEP][PASSED] - out.println("sdfo: " + sdfo): null

2024-05-24 18:00:08 - [TEST_STEP][PASSED] - remID = substring(5, 35).trim(): null

2024-05-24 18:00:08 - [TEST_STEP][PASSED] - out.println("remID: " + remID): null

2024-05-24 18:00:08 - [TEST_STEP][PASSED] - traxID = substring(35, 55).trim(): null

2024-05-24 18:00:08 - [TEST_STEP][PASSED] - out.println("traxID: " + traxID): null

2024-05-24 18:00:08 - [TEST_STEP][PASSED] - VLinkSaleRemID = remID: null

2024-05-24 18:00:08 - [TEST_STEP][PASSED] - VLinkSaleTranxID = traxID: null

2024-05-24 18:00:08 - [TEST_STEP][PASSED] - selenium.open("Upgrade/version_2_0/CC_void.html"): null

2024-05-24 18:00:08 - [TEST_STEP][PASSED] - selenium.type("name=transaction_type", "106"): null

2024-05-24 18:00:08 - [TEST_STEP][PASSED] - selenium.type("name=message_version", "2.0C"): null

2024-05-24 18:00:09 - [TEST_STEP][PASSED] - selenium.type("name=remittance_id", VLinkSaleRemID): null

2024-05-24 18:00:09 - [TEST_STEP][PASSED] - selenium.type("name=application_id", "3576"): null

2024-05-24 18:00:09 - [TEST_STEP][PASSED] - selenium.type("name=username", "username"): null

2024-05-24 18:00:09 - [TEST_STEP][PASSED] - selenium.type("name=password", "password"): null

2024-05-24 18:00:09 - [TEST_STEP][PASSED] - selenium.type("name=response_format", "fixed_width"): null

2024-05-24 18:00:09 - [TEST_STEP][PASSED] - selenium.type("name=transaction_id", VLinkSaleTranxID): null

2024-05-24 18:00:09 - [TEST_STEP][PASSED] - selenium.type("name=original_transaction_type", "103"): null

2024-05-24 18:00:09 - [TEST_STEP][PASSED] - selenium.type("name=track_data", ""): null

2024-05-24 18:00:09 - [TEST_STEP][PASSED] - selenium.type("name=track_1_data", ""): null

2024-05-24 18:00:09 - [TEST_STEP][PASSED] - selenium.type("name=track_2_data", ""): null

2024-05-24 18:00:09 - [TEST_STEP][PASSED] - selenium.type("name=tax_amount", ""): null

2024-05-24 18:00:09 - [TEST_STEP][PASSED] - selenium.type("name=client_account_number", ""): null

2024-05-24 18:00:09 - [TEST_STEP][PASSED] - selenium.click("css=input[type='submit']"): null

2024-05-24 18:00:18 - [TEST_STEP][PASSED] - verifyTrue(selenium.isTextPresent("Transaction approved, no errors")): null]]></system-out>
         <system-err><![CDATA[]]></system-err>
      </testcase>
      <testcase name="Test Cases/Gateway Upgrade Live Processors/SaleAndVoidUnencryptedTSYS" time="23.409" classname="Test Cases/Gateway Upgrade Live Processors/SaleAndVoidUnencryptedTSYS" status="PASSED">
         <system-out><![CDATA[2024-05-24 18:00:18 - [TEST_CASE][PASSED] - Test Cases/Gateway Upgrade Live Processors/SaleAndVoidUnencryptedTSYS: Test Cases/Gateway Upgrade Live Processors/SaleAndVoidUnencryptedTSYS

2024-05-24 18:00:19 - [TEST_STEP][PASSED] - "----------------------------------------------------": null

2024-05-24 18:00:19 - [TEST_STEP][PASSED] - "This test case script is generated by Katalon Studio": null

2024-05-24 18:00:19 - [TEST_STEP][PASSED] - "Generated date: 11-Jul-2023 04:22:46 PM": null

2024-05-24 18:00:19 - [TEST_STEP][PASSED] - "File path: C:\Users\imtiaz\Documents\Sel-New\CPSVantivTSYSWWW\Vlink-Prod.side": null

2024-05-24 18:00:19 - [TEST_STEP][PASSED] - "Generated by: iahmed@govolution.com": null

2024-05-24 18:00:19 - [TEST_STEP][PASSED] - baseUrl = "https://dev-algorithm.govolution.com/vlinktest/": null

2024-05-24 18:00:19 - [TEST_STEP][PASSED] - openBrowser(""): Browser is opened with url: ''

2024-05-24 18:00:19 - [MESSAGE][WARNING] - A browser is already opened. Closing browser and opening a new one

2024-05-24 18:00:20 - [MESSAGE][INFO] - Starting 'Chrome' driver

2024-05-24 18:00:20 - [MESSAGE][INFO] - User set preference: ['acceptInsecureCerts', 'true']

2024-05-24 18:00:20 - [MESSAGE][INFO] - Action delay is set to 0 milliseconds

2024-05-24 18:00:22 - [MESSAGE][PASSED] - Browser is opened with url: ''

2024-05-24 18:00:22 - [TEST_STEP][PASSED] - selenium = new com.kms.katalon.core.webui.driver.KatalonWebDriverBackedSelenium(baseUrl): null

2024-05-24 18:00:22 - [TEST_STEP][PASSED] - out.println("Begin SaleAndVoidUnencryptedTSYS"): null

2024-05-24 18:00:22 - [TEST_STEP][PASSED] - selenium.open("Upgrade/version_2_0/authcap.html"): null

2024-05-24 18:00:22 - [TEST_STEP][PASSED] - selenium.type("name=transaction_type", "104"): null

2024-05-24 18:00:22 - [TEST_STEP][PASSED] - selenium.type("name=message_version", "2.0C"): null

2024-05-24 18:00:22 - [TEST_STEP][PASSED] - genRemID = RandomStringUtils.random(12, true, true): null

2024-05-24 18:00:22 - [TEST_STEP][PASSED] - selenium.type("name=remittance_id", genRemID): null

2024-05-24 18:00:23 - [TEST_STEP][PASSED] - selenium.type("name=application_id", "3899"): null

2024-05-24 18:00:23 - [TEST_STEP][PASSED] - selenium.type("name=username", "username"): null

2024-05-24 18:00:23 - [TEST_STEP][PASSED] - selenium.type("name=password", "password"): null

2024-05-24 18:00:23 - [TEST_STEP][PASSED] - selenium.type("name=response_format", "fixed_width"): null

2024-05-24 18:00:23 - [TEST_STEP][PASSED] - selenium.type("name=category", "RETL"): null

2024-05-24 18:00:23 - [TEST_STEP][PASSED] - selenium.type("name=transaction_id", ""): null

2024-05-24 18:00:23 - [TEST_STEP][PASSED] - selenium.type("name=approval_code", ""): null

2024-05-24 18:00:23 - [TEST_STEP][PASSED] - selenium.type("name=card_name", "James Smith"): null

2024-05-24 18:00:23 - [TEST_STEP][PASSED] - selenium.type("name=card_address", "2000 14th Street N"): null

2024-05-24 18:00:23 - [TEST_STEP][PASSED] - selenium.type("name=card_address2", "Suite 600"): null

2024-05-24 18:00:23 - [TEST_STEP][PASSED] - selenium.type("name=card_city", "Arlington"): null

2024-05-24 18:00:23 - [TEST_STEP][PASSED] - selenium.type("name=card_state", "VA"): null

2024-05-24 18:00:23 - [TEST_STEP][PASSED] - selenium.type("name=card_zip", "22201"): null

2024-05-24 18:00:23 - [TEST_STEP][PASSED] - selenium.type("name=country_id", "840"): null

2024-05-24 18:00:23 - [TEST_STEP][PASSED] - selenium.type("name=amount", "0.11"): null

2024-05-24 18:00:23 - [TEST_STEP][PASSED] - selenium.type("name=card_number", ""): null

2024-05-24 18:00:23 - [TEST_STEP][PASSED] - selenium.type("name=card_exmo", ""): null

2024-05-24 18:00:23 - [TEST_STEP][PASSED] - selenium.type("name=card_exyr", ""): null

2024-05-24 18:00:23 - [TEST_STEP][PASSED] - selenium.type("name=cvv_data", ""): null

2024-05-24 18:00:24 - [TEST_STEP][PASSED] - selenium.type("name=cvv_state", ""): null

2024-05-24 18:00:24 - [TEST_STEP][PASSED] - selenium.type("name=track_data", "%B5567080011582687^AHMED/IMTIAZ              ^2603201090300000000000528000015?;5567080011582687=26032010903052800015?"): null

2024-05-24 18:00:24 - [TEST_STEP][PASSED] - selenium.type("name=track_1_data", ""): null

2024-05-24 18:00:24 - [TEST_STEP][PASSED] - selenium.type("name=track_2_data", ""): null

2024-05-24 18:00:24 - [TEST_STEP][PASSED] - selenium.type("name=entry_mode", "track"): null

2024-05-24 18:00:24 - [TEST_STEP][PASSED] - selenium.type("name=email", ""): null

2024-05-24 18:00:24 - [TEST_STEP][PASSED] - selenium.type("name=order_number", ""): null

2024-05-24 18:00:24 - [TEST_STEP][PASSED] - selenium.type("name=tax_amount", "6.57"): null

2024-05-24 18:00:24 - [TEST_STEP][PASSED] - selenium.type("name=charge_description", ""): null

2024-05-24 18:00:24 - [TEST_STEP][PASSED] - selenium.type("name=client_account_number", "852852"): null

2024-05-24 18:00:24 - [TEST_STEP][PASSED] - selenium.type("name=bill_payment_indicator", ""): null

2024-05-24 18:00:24 - [TEST_STEP][PASSED] - selenium.type("name=user_defined1", "udf1"): null

2024-05-24 18:00:24 - [TEST_STEP][PASSED] - selenium.type("name=user_defined2", "udf2"): null

2024-05-24 18:00:24 - [TEST_STEP][PASSED] - selenium.type("name=user_defined3", "udf3"): null

2024-05-24 18:00:24 - [TEST_STEP][PASSED] - selenium.type("name=user_defined4", "udf4"): null

2024-05-24 18:00:24 - [TEST_STEP][PASSED] - selenium.type("name=user_defined5", "udf5"): null

2024-05-24 18:00:24 - [TEST_STEP][PASSED] - selenium.type("name=user_defined6", "udf6"): null

2024-05-24 18:00:25 - [TEST_STEP][PASSED] - selenium.type("name=user_defined7", "udf7"): null

2024-05-24 18:00:25 - [TEST_STEP][PASSED] - selenium.type("name=user_defined8", "udf8"): null

2024-05-24 18:00:25 - [TEST_STEP][PASSED] - selenium.type("name=user_defined9", "udf9"): null

2024-05-24 18:00:25 - [TEST_STEP][PASSED] - selenium.type("name=user_defined10", "udf10"): null

2024-05-24 18:00:25 - [TEST_STEP][PASSED] - selenium.click("css=input[type='submit']"): null

2024-05-24 18:00:31 - [TEST_STEP][PASSED] - if (verifyTextPresent("Transaction approved, no errors", true)): null

2024-05-24 18:00:31 - [MESSAGE][PASSED] - Text 'Transaction approved, no errors' is present on page  using regular expression

2024-05-24 18:00:31 - [TEST_STEP][PASSED] - println("Transaction Approved, no errors text is present on the Confirmation page"): null

2024-05-24 18:00:31 - [TEST_STEP][PASSED] - sdfo = getText(findTestObject("Object Repository/Page_VLinkReceipt/pre_STX")): Text of object 'Object Repository/Page_VLinkReceipt/pre_STX' is: '<STX>5yRPsPYCNhu9                  321294367           0  Transaction approved, no errors                   0                                                                                  Y 073881   <ETX>'

2024-05-24 18:00:31 - [MESSAGE][PASSED] - Text of object 'Object Repository/Page_VLinkReceipt/pre_STX' is: '<STX>5yRPsPYCNhu9                  321294367           0  Transaction approved, no errors                   0                                                                                  Y 073881   <ETX>'

2024-05-24 18:00:31 - [TEST_STEP][PASSED] - out.println("sdfo: " + sdfo): null

2024-05-24 18:00:31 - [TEST_STEP][PASSED] - remID = substring(5, 35).trim(): null

2024-05-24 18:00:31 - [TEST_STEP][PASSED] - out.println("remID: " + remID): null

2024-05-24 18:00:31 - [TEST_STEP][PASSED] - traxID = substring(35, 55).trim(): null

2024-05-24 18:00:31 - [TEST_STEP][PASSED] - out.println("traxID: " + traxID): null

2024-05-24 18:00:31 - [TEST_STEP][PASSED] - VLinkSaleRemID = remID: null

2024-05-24 18:00:31 - [TEST_STEP][PASSED] - VLinkSaleTranxID = traxID: null

2024-05-24 18:00:31 - [TEST_STEP][PASSED] - selenium.open("Upgrade/version_2_0/CC_void.html"): null

2024-05-24 18:00:31 - [TEST_STEP][PASSED] - selenium.type("name=transaction_type", "106"): null

2024-05-24 18:00:32 - [TEST_STEP][PASSED] - selenium.type("name=message_version", "2.0C"): null

2024-05-24 18:00:32 - [TEST_STEP][PASSED] - selenium.type("name=remittance_id", VLinkSaleRemID): null

2024-05-24 18:00:32 - [TEST_STEP][PASSED] - selenium.type("name=application_id", "3899"): null

2024-05-24 18:00:32 - [TEST_STEP][PASSED] - selenium.type("name=username", "username"): null

2024-05-24 18:00:32 - [TEST_STEP][PASSED] - selenium.type("name=password", "password"): null

2024-05-24 18:00:32 - [TEST_STEP][PASSED] - selenium.type("name=response_format", "fixed_width"): null

2024-05-24 18:00:32 - [TEST_STEP][PASSED] - selenium.type("name=transaction_id", VLinkSaleTranxID): null

2024-05-24 18:00:32 - [TEST_STEP][PASSED] - selenium.type("name=original_transaction_type", "104"): null

2024-05-24 18:00:32 - [TEST_STEP][PASSED] - selenium.type("name=track_data", ""): null

2024-05-24 18:00:32 - [TEST_STEP][PASSED] - selenium.type("name=track_1_data", ""): null

2024-05-24 18:00:32 - [TEST_STEP][PASSED] - selenium.type("name=track_2_data", ""): null

2024-05-24 18:00:33 - [TEST_STEP][PASSED] - selenium.type("name=tax_amount", ""): null

2024-05-24 18:00:33 - [TEST_STEP][PASSED] - selenium.type("name=client_account_number", ""): null

2024-05-24 18:00:33 - [TEST_STEP][PASSED] - selenium.click("css=input[type='submit']"): null

2024-05-24 18:00:42 - [TEST_STEP][PASSED] - "pause | 2000 |  | ": null

2024-05-24 18:00:42 - [TEST_STEP][PASSED] - verifyTrue(selenium.isTextPresent("Transaction approved, no errors")): null]]></system-out>
         <system-err><![CDATA[]]></system-err>
      </testcase>
      <testcase name="Test Cases/Gateway Upgrade Live Processors/SaleAndVoidUnencryptedVantiv" time="20.898" classname="Test Cases/Gateway Upgrade Live Processors/SaleAndVoidUnencryptedVantiv" status="PASSED">
         <system-out><![CDATA[2024-05-24 18:00:42 - [TEST_CASE][PASSED] - Test Cases/Gateway Upgrade Live Processors/SaleAndVoidUnencryptedVantiv: Test Cases/Gateway Upgrade Live Processors/SaleAndVoidUnencryptedVantiv

2024-05-24 18:00:42 - [TEST_STEP][PASSED] - "----------------------------------------------------": null

2024-05-24 18:00:42 - [TEST_STEP][PASSED] - "This test case script is generated by Katalon Studio": null

2024-05-24 18:00:42 - [TEST_STEP][PASSED] - "Generated date: 11-Jul-2023 04:22:47 PM": null

2024-05-24 18:00:42 - [TEST_STEP][PASSED] - "File path: C:\Users\imtiaz\Documents\Sel-New\CPSVantivTSYSWWW\Vlink-Prod.side": null

2024-05-24 18:00:42 - [TEST_STEP][PASSED] - "Generated by: iahmed@govolution.com": null

2024-05-24 18:00:42 - [TEST_STEP][PASSED] - baseUrl = "https://dev-algorithm.govolution.com/vlinktest/": null

2024-05-24 18:00:42 - [TEST_STEP][PASSED] - openBrowser(""): Browser is opened with url: ''

2024-05-24 18:00:42 - [MESSAGE][WARNING] - A browser is already opened. Closing browser and opening a new one

2024-05-24 18:00:43 - [MESSAGE][INFO] - Starting 'Chrome' driver

2024-05-24 18:00:43 - [MESSAGE][INFO] - User set preference: ['acceptInsecureCerts', 'true']

2024-05-24 18:00:43 - [MESSAGE][INFO] - Action delay is set to 0 milliseconds

2024-05-24 18:00:45 - [MESSAGE][PASSED] - Browser is opened with url: ''

2024-05-24 18:00:45 - [TEST_STEP][PASSED] - selenium = new com.kms.katalon.core.webui.driver.KatalonWebDriverBackedSelenium(baseUrl): null

2024-05-24 18:00:45 - [TEST_STEP][PASSED] - out.println("Begin SaleAndVoidUnencryptedVantiv"): null

2024-05-24 18:00:45 - [TEST_STEP][PASSED] - selenium.open("Upgrade/version_2_0/authcap.html"): null

2024-05-24 18:00:46 - [TEST_STEP][PASSED] - selenium.type("name=transaction_type", "104"): null

2024-05-24 18:00:46 - [TEST_STEP][PASSED] - selenium.type("name=message_version", "2.0C"): null

2024-05-24 18:00:46 - [TEST_STEP][PASSED] - genRemID = RandomStringUtils.random(12, true, true): null

2024-05-24 18:00:46 - [TEST_STEP][PASSED] - selenium.type("name=remittance_id", genRemID): null

2024-05-24 18:00:46 - [TEST_STEP][PASSED] - selenium.type("name=application_id", "3576"): null

2024-05-24 18:00:46 - [TEST_STEP][PASSED] - selenium.type("name=username", "username"): null

2024-05-24 18:00:46 - [TEST_STEP][PASSED] - selenium.type("name=password", "password"): null

2024-05-24 18:00:46 - [TEST_STEP][PASSED] - selenium.type("name=response_format", "fixed_width"): null

2024-05-24 18:00:46 - [TEST_STEP][PASSED] - selenium.type("name=category", "RETL"): null

2024-05-24 18:00:46 - [TEST_STEP][PASSED] - selenium.type("name=transaction_id", ""): null

2024-05-24 18:00:46 - [TEST_STEP][PASSED] - selenium.type("name=approval_code", ""): null

2024-05-24 18:00:46 - [TEST_STEP][PASSED] - selenium.type("name=card_name", "James Smith"): null

2024-05-24 18:00:46 - [TEST_STEP][PASSED] - selenium.type("name=card_address", "2000 14th Street N"): null

2024-05-24 18:00:46 - [TEST_STEP][PASSED] - selenium.type("name=card_address2", "Suite 600"): null

2024-05-24 18:00:46 - [TEST_STEP][PASSED] - selenium.type("name=card_city", "Arlington"): null

2024-05-24 18:00:46 - [TEST_STEP][PASSED] - selenium.type("name=card_state", "VA"): null

2024-05-24 18:00:46 - [TEST_STEP][PASSED] - selenium.type("name=card_zip", "22201"): null

2024-05-24 18:00:46 - [TEST_STEP][PASSED] - selenium.type("name=country_id", "840"): null

2024-05-24 18:00:47 - [TEST_STEP][PASSED] - selenium.type("name=amount", "0.12"): null

2024-05-24 18:00:47 - [TEST_STEP][PASSED] - selenium.type("name=card_number", ""): null

2024-05-24 18:00:47 - [TEST_STEP][PASSED] - selenium.type("name=card_exmo", ""): null

2024-05-24 18:00:47 - [TEST_STEP][PASSED] - selenium.type("name=card_exyr", ""): null

2024-05-24 18:00:47 - [TEST_STEP][PASSED] - selenium.type("name=cvv_data", ""): null

2024-05-24 18:00:47 - [TEST_STEP][PASSED] - selenium.type("name=cvv_state", ""): null

2024-05-24 18:00:47 - [TEST_STEP][PASSED] - selenium.type("name=track_data", "%B5567080011582687^AHMED/IMTIAZ              ^2603201090300000000000528000015?;5567080011582687=26032010903052800015?"): null

2024-05-24 18:00:47 - [TEST_STEP][PASSED] - selenium.type("name=track_1_data", ""): null

2024-05-24 18:00:47 - [TEST_STEP][PASSED] - selenium.type("name=track_2_data", ""): null

2024-05-24 18:00:47 - [TEST_STEP][PASSED] - selenium.type("name=entry_mode", "track"): null

2024-05-24 18:00:47 - [TEST_STEP][PASSED] - selenium.type("name=email", ""): null

2024-05-24 18:00:47 - [TEST_STEP][PASSED] - selenium.type("name=order_number", ""): null

2024-05-24 18:00:47 - [TEST_STEP][PASSED] - selenium.type("name=tax_amount", "6.57"): null

2024-05-24 18:00:47 - [TEST_STEP][PASSED] - selenium.type("name=charge_description", ""): null

2024-05-24 18:00:47 - [TEST_STEP][PASSED] - selenium.type("name=client_account_number", "852852"): null

2024-05-24 18:00:47 - [TEST_STEP][PASSED] - selenium.type("name=bill_payment_indicator", ""): null

2024-05-24 18:00:47 - [TEST_STEP][PASSED] - selenium.type("name=user_defined1", "udf1"): null

2024-05-24 18:00:47 - [TEST_STEP][PASSED] - selenium.type("name=user_defined2", "udf2"): null

2024-05-24 18:00:48 - [TEST_STEP][PASSED] - selenium.type("name=user_defined3", "udf3"): null

2024-05-24 18:00:48 - [TEST_STEP][PASSED] - selenium.type("name=user_defined4", "udf4"): null

2024-05-24 18:00:48 - [TEST_STEP][PASSED] - selenium.type("name=user_defined5", "udf5"): null

2024-05-24 18:00:48 - [TEST_STEP][PASSED] - selenium.type("name=user_defined6", "udf6"): null

2024-05-24 18:00:48 - [TEST_STEP][PASSED] - selenium.type("name=user_defined7", "udf7"): null

2024-05-24 18:00:48 - [TEST_STEP][PASSED] - selenium.type("name=user_defined8", "udf8"): null

2024-05-24 18:00:48 - [TEST_STEP][PASSED] - selenium.type("name=user_defined9", "udf9"): null

2024-05-24 18:00:48 - [TEST_STEP][PASSED] - selenium.type("name=user_defined10", "udf10"): null

2024-05-24 18:00:48 - [TEST_STEP][PASSED] - selenium.click("css=input[type='submit']"): null

2024-05-24 18:00:53 - [TEST_STEP][PASSED] - if (verifyTextPresent("Transaction approved, no errors", true)): null

2024-05-24 18:00:53 - [MESSAGE][PASSED] - Text 'Transaction approved, no errors' is present on page  using regular expression

2024-05-24 18:00:53 - [TEST_STEP][PASSED] - println("Transaction Approved, no errors text is present on the Confirmation page"): null

2024-05-24 18:00:53 - [TEST_STEP][PASSED] - sdfo = getText(findTestObject("Object Repository/Page_VLinkReceipt/pre_STX")): Text of object 'Object Repository/Page_VLinkReceipt/pre_STX' is: '<STX>bIMQdEtnUurJ                  321294380           0  Transaction approved, no errors                   0                                                                                  Y 004188   <ETX>'

2024-05-24 18:00:54 - [MESSAGE][PASSED] - Text of object 'Object Repository/Page_VLinkReceipt/pre_STX' is: '<STX>bIMQdEtnUurJ                  321294380           0  Transaction approved, no errors                   0                                                                                  Y 004188   <ETX>'

2024-05-24 18:00:54 - [TEST_STEP][PASSED] - out.println("sdfo: " + sdfo): null

2024-05-24 18:00:54 - [TEST_STEP][PASSED] - remID = substring(5, 35).trim(): null

2024-05-24 18:00:54 - [TEST_STEP][PASSED] - out.println("remID: " + remID): null

2024-05-24 18:00:54 - [TEST_STEP][PASSED] - traxID = substring(35, 55).trim(): null

2024-05-24 18:00:54 - [TEST_STEP][PASSED] - out.println("traxID: " + traxID): null

2024-05-24 18:00:54 - [TEST_STEP][PASSED] - VLinkSaleRemID = remID: null

2024-05-24 18:00:54 - [TEST_STEP][PASSED] - VLinkSaleTranxID = traxID: null

2024-05-24 18:00:54 - [TEST_STEP][PASSED] - selenium.open("Upgrade/version_2_0/CC_void.html"): null

2024-05-24 18:00:54 - [TEST_STEP][PASSED] - selenium.type("name=transaction_type", "106"): null

2024-05-24 18:00:54 - [TEST_STEP][PASSED] - selenium.type("name=message_version", "2.0C"): null

2024-05-24 18:00:54 - [TEST_STEP][PASSED] - selenium.type("name=remittance_id", VLinkSaleRemID): null

2024-05-24 18:00:54 - [TEST_STEP][PASSED] - selenium.type("name=application_id", "3576"): null

2024-05-24 18:00:54 - [TEST_STEP][PASSED] - selenium.type("name=username", "username"): null

2024-05-24 18:00:54 - [TEST_STEP][PASSED] - selenium.type("name=password", "password"): null

2024-05-24 18:00:54 - [TEST_STEP][PASSED] - selenium.type("name=response_format", "fixed_width"): null

2024-05-24 18:00:54 - [TEST_STEP][PASSED] - selenium.type("name=transaction_id", VLinkSaleTranxID): null

2024-05-24 18:00:54 - [TEST_STEP][PASSED] - selenium.type("name=original_transaction_type", "104"): null

2024-05-24 18:00:54 - [TEST_STEP][PASSED] - selenium.type("name=track_data", ""): null

2024-05-24 18:00:54 - [TEST_STEP][PASSED] - selenium.type("name=track_1_data", ""): null

2024-05-24 18:00:54 - [TEST_STEP][PASSED] - selenium.type("name=track_2_data", ""): null

2024-05-24 18:00:54 - [TEST_STEP][PASSED] - selenium.type("name=tax_amount", ""): null

2024-05-24 18:00:54 - [TEST_STEP][PASSED] - selenium.type("name=client_account_number", ""): null

2024-05-24 18:00:55 - [TEST_STEP][PASSED] - selenium.click("css=input[type='submit']"): null

2024-05-24 18:01:03 - [TEST_STEP][PASSED] - "pause | 2000 |  | ": null

2024-05-24 18:01:03 - [TEST_STEP][PASSED] - verifyTrue(selenium.isTextPresent("Transaction approved, no errors")): null]]></system-out>
         <system-err><![CDATA[]]></system-err>
      </testcase>
      <testcase name="Test Cases/Gateway Upgrade Live Processors/SaleVoidEncryptedTSYS" time="3.201" classname="Test Cases/Gateway Upgrade Live Processors/SaleVoidEncryptedTSYS" status="ERROR">
         <error type="ERROR" message="Test Cases/Gateway Upgrade Live Processors/SaleVoidEncryptedTSYS FAILED.
Reason:
com.thoughtworks.selenium.SeleniumException: Element name=transaction_type not found
	at com.thoughtworks.selenium.webdriven.ElementFinder.findElement(ElementFinder.java:93)
	at com.thoughtworks.selenium.webdriven.commands.Type.handleSeleneseCommand(Type.java:59)
	at com.thoughtworks.selenium.webdriven.commands.Type.handleSeleneseCommand(Type.java:31)
	at com.thoughtworks.selenium.webdriven.SeleneseCommand.apply(SeleneseCommand.java:39)
	at com.thoughtworks.selenium.webdriven.Timer.run(Timer.java:41)
	at com.thoughtworks.selenium.webdriven.WebDriverCommandProcessor.execute(WebDriverCommandProcessor.java:150)
	at com.thoughtworks.selenium.webdriven.WebDriverCommandProcessor.doCommand(WebDriverCommandProcessor.java:76)
	at com.thoughtworks.selenium.DefaultSelenium.type(DefaultSelenium.java:322)
	at com.thoughtworks.selenium.Selenium$type$0.call(Unknown Source)
	at SaleVoidEncryptedTSYS.run(SaleVoidEncryptedTSYS:51)
	at com.kms.katalon.core.main.ScriptEngine.run(ScriptEngine.java:194)
	at com.kms.katalon.core.main.ScriptEngine.runScriptAsRawText(ScriptEngine.java:119)
	at com.kms.katalon.core.main.TestCaseExecutor.runScript(TestCaseExecutor.java:448)
	at com.kms.katalon.core.main.TestCaseExecutor.doExecute(TestCaseExecutor.java:439)
	at com.kms.katalon.core.main.TestCaseExecutor.processExecutionPhase(TestCaseExecutor.java:418)
	at com.kms.katalon.core.main.TestCaseExecutor.accessMainPhase(TestCaseExecutor.java:410)
	at com.kms.katalon.core.main.TestCaseExecutor.execute(TestCaseExecutor.java:285)
	at com.kms.katalon.core.main.TestCaseExecutor.execute(TestCaseExecutor.java:369)
	at com.kms.katalon.core.main.TestCaseExecutor.execute(TestCaseExecutor.java:369)
	at com.kms.katalon.core.main.TestCaseExecutor.execute(TestCaseExecutor.java:369)
	at com.kms.katalon.core.common.CommonExecutor.accessTestCaseMainPhase(CommonExecutor.java:65)
	at com.kms.katalon.core.main.TestSuiteExecutor.accessTestSuiteMainPhase(TestSuiteExecutor.java:148)
	at com.kms.katalon.core.main.TestSuiteExecutor.execute(TestSuiteExecutor.java:106)
	at com.kms.katalon.core.main.TestCaseMain.startTestSuite(TestCaseMain.java:187)
	at com.kms.katalon.core.main.TestCaseMain$startTestSuite$0.call(Unknown Source)
	at TempTestSuite1716587884116.run(TempTestSuite1716587884116.groovy:35)
Caused by: org.openqa.selenium.JavascriptException: javascript error: Element name=transaction_type not found
  (Session info: chrome=125.0.6422.77)
Build info: version: '3.141.59', revision: 'e82be7d358', time: '2018-11-14T08:25:53'
System info: host: 'DESKTOP-B2QI6NS', ip: '172.31.253.185', os.name: 'Windows 10', os.arch: 'amd64', os.version: '10.0', java.version: '1.8.0_181'
Driver info: com.kms.katalon.selenium.driver.CChromeDriver
Capabilities {acceptInsecureCerts: true, browserName: chrome, browserVersion: 125.0.6422.77, chrome: {chromedriverVersion: 125.0.6422.78 (14db42ec38ad..., userDataDir: C:\Users\imtiaz\AppData\Loc...}, fedcm:accounts: true, goog:chromeOptions: {debuggerAddress: localhost:49430}, javascriptEnabled: true, networkConnectionEnabled: false, pageLoadStrategy: normal, platform: WINDOWS, platformName: WINDOWS, proxy: Proxy(), setWindowRect: true, strictFileInteractability: false, timeouts: {implicit: 0, pageLoad: 300000, script: 30000}, unhandledPromptBehavior: dismiss and notify, webauthn:extension:credBlob: true, webauthn:extension:largeBlob: true, webauthn:extension:minPinLength: true, webauthn:extension:prf: true, webauthn:virtualAuthenticators: true}
Session ID: 342cc8ed1ef34168f2de2e0ed4f17ffc
	at org.openqa.selenium.remote.http.W3CHttpResponseCodec.createException(W3CHttpResponseCodec.java:187)
	at org.openqa.selenium.remote.http.W3CHttpResponseCodec.decode(W3CHttpResponseCodec.java:122)
	at org.openqa.selenium.remote.http.W3CHttpResponseCodec.decode(W3CHttpResponseCodec.java:49)
	at org.openqa.selenium.remote.HttpCommandExecutor.execute(HttpCommandExecutor.java:158)
	at org.openqa.selenium.remote.service.DriverCommandExecutor.execute(DriverCommandExecutor.java:83)
	at org.openqa.selenium.remote.RemoteWebDriver.execute(RemoteWebDriver.java:552)
	at com.kms.katalon.selenium.driver.CChromeDriver.execute(CChromeDriver.java:19)
	at org.openqa.selenium.remote.RemoteWebDriver.executeScript(RemoteWebDriver.java:489)
	at org.openqa.selenium.support.events.EventFiringWebDriver.lambda$new$1(EventFiringWebDriver.java:105)
	at com.sun.proxy.$Proxy10.executeScript(Unknown Source)
	at org.openqa.selenium.support.events.EventFiringWebDriver.executeScript(EventFiringWebDriver.java:229)
	at com.thoughtworks.selenium.webdriven.ElementFinder.findElement(ElementFinder.java:91)
	... 25 more
"/>
         <system-out><![CDATA[2024-05-24 18:01:13 - [TEST_CASE][ERROR] - Test Cases/Gateway Upgrade Live Processors/SaleVoidEncryptedTSYS: Test Cases/Gateway Upgrade Live Processors/SaleVoidEncryptedTSYS FAILED.
Reason:
com.thoughtworks.selenium.SeleniumException: Element name=transaction_type not found
	at com.thoughtworks.selenium.webdriven.ElementFinder.findElement(ElementFinder.java:93)
	at com.thoughtworks.selenium.webdriven.commands.Type.handleSeleneseCommand(Type.java:59)
	at com.thoughtworks.selenium.webdriven.commands.Type.handleSeleneseCommand(Type.java:31)
	at com.thoughtworks.selenium.webdriven.SeleneseCommand.apply(SeleneseCommand.java:39)
	at com.thoughtworks.selenium.webdriven.Timer.run(Timer.java:41)
	at com.thoughtworks.selenium.webdriven.WebDriverCommandProcessor.execute(WebDriverCommandProcessor.java:150)
	at com.thoughtworks.selenium.webdriven.WebDriverCommandProcessor.doCommand(WebDriverCommandProcessor.java:76)
	at com.thoughtworks.selenium.DefaultSelenium.type(DefaultSelenium.java:322)
	at com.thoughtworks.selenium.Selenium$type$0.call(Unknown Source)
	at SaleVoidEncryptedTSYS.run(SaleVoidEncryptedTSYS:51)
	at com.kms.katalon.core.main.ScriptEngine.run(ScriptEngine.java:194)
	at com.kms.katalon.core.main.ScriptEngine.runScriptAsRawText(ScriptEngine.java:119)
	at com.kms.katalon.core.main.TestCaseExecutor.runScript(TestCaseExecutor.java:448)
	at com.kms.katalon.core.main.TestCaseExecutor.doExecute(TestCaseExecutor.java:439)
	at com.kms.katalon.core.main.TestCaseExecutor.processExecutionPhase(TestCaseExecutor.java:418)
	at com.kms.katalon.core.main.TestCaseExecutor.accessMainPhase(TestCaseExecutor.java:410)
	at com.kms.katalon.core.main.TestCaseExecutor.execute(TestCaseExecutor.java:285)
	at com.kms.katalon.core.main.TestCaseExecutor.execute(TestCaseExecutor.java:369)
	at com.kms.katalon.core.main.TestCaseExecutor.execute(TestCaseExecutor.java:369)
	at com.kms.katalon.core.main.TestCaseExecutor.execute(TestCaseExecutor.java:369)
	at com.kms.katalon.core.common.CommonExecutor.accessTestCaseMainPhase(CommonExecutor.java:65)
	at com.kms.katalon.core.main.TestSuiteExecutor.accessTestSuiteMainPhase(TestSuiteExecutor.java:148)
	at com.kms.katalon.core.main.TestSuiteExecutor.execute(TestSuiteExecutor.java:106)
	at com.kms.katalon.core.main.TestCaseMain.startTestSuite(TestCaseMain.java:187)
	at com.kms.katalon.core.main.TestCaseMain$startTestSuite$0.call(Unknown Source)
	at TempTestSuite1716587884116.run(TempTestSuite1716587884116.groovy:35)
Caused by: org.openqa.selenium.JavascriptException: javascript error: Element name=transaction_type not found
  (Session info: chrome=125.0.6422.77)
Build info: version: '3.141.59', revision: 'e82be7d358', time: '2018-11-14T08:25:53'
System info: host: 'DESKTOP-B2QI6NS', ip: '172.31.253.185', os.name: 'Windows 10', os.arch: 'amd64', os.version: '10.0', java.version: '1.8.0_181'
Driver info: com.kms.katalon.selenium.driver.CChromeDriver
Capabilities {acceptInsecureCerts: true, browserName: chrome, browserVersion: 125.0.6422.77, chrome: {chromedriverVersion: 125.0.6422.78 (14db42ec38ad..., userDataDir: C:\Users\imtiaz\AppData\Loc...}, fedcm:accounts: true, goog:chromeOptions: {debuggerAddress: localhost:49430}, javascriptEnabled: true, networkConnectionEnabled: false, pageLoadStrategy: normal, platform: WINDOWS, platformName: WINDOWS, proxy: Proxy(), setWindowRect: true, strictFileInteractability: false, timeouts: {implicit: 0, pageLoad: 300000, script: 30000}, unhandledPromptBehavior: dismiss and notify, webauthn:extension:credBlob: true, webauthn:extension:largeBlob: true, webauthn:extension:minPinLength: true, webauthn:extension:prf: true, webauthn:virtualAuthenticators: true}
Session ID: 342cc8ed1ef34168f2de2e0ed4f17ffc
	at org.openqa.selenium.remote.http.W3CHttpResponseCodec.createException(W3CHttpResponseCodec.java:187)
	at org.openqa.selenium.remote.http.W3CHttpResponseCodec.decode(W3CHttpResponseCodec.java:122)
	at org.openqa.selenium.remote.http.W3CHttpResponseCodec.decode(W3CHttpResponseCodec.java:49)
	at org.openqa.selenium.remote.HttpCommandExecutor.execute(HttpCommandExecutor.java:158)
	at org.openqa.selenium.remote.service.DriverCommandExecutor.execute(DriverCommandExecutor.java:83)
	at org.openqa.selenium.remote.RemoteWebDriver.execute(RemoteWebDriver.java:552)
	at com.kms.katalon.selenium.driver.CChromeDriver.execute(CChromeDriver.java:19)
	at org.openqa.selenium.remote.RemoteWebDriver.executeScript(RemoteWebDriver.java:489)
	at org.openqa.selenium.support.events.EventFiringWebDriver.lambda$new$1(EventFiringWebDriver.java:105)
	at com.sun.proxy.$Proxy10.executeScript(Unknown Source)
	at org.openqa.selenium.support.events.EventFiringWebDriver.executeScript(EventFiringWebDriver.java:229)
	at com.thoughtworks.selenium.webdriven.ElementFinder.findElement(ElementFinder.java:91)
	... 25 more


2024-05-24 18:01:13 - [TEST_STEP][PASSED] - "----------------------------------------------------": null

2024-05-24 18:01:13 - [TEST_STEP][PASSED] - "This test case script is generated by Katalon Studio": null

2024-05-24 18:01:13 - [TEST_STEP][PASSED] - "Generated date: 11-Jul-2023 04:22:43 PM": null

2024-05-24 18:01:13 - [TEST_STEP][PASSED] - "File path: C:\Users\imtiaz\Documents\Sel-New\CPSVantivTSYSWWW\Vlink-Prod.side": null

2024-05-24 18:01:13 - [TEST_STEP][PASSED] - "Generated by: iahmed@govolution.com": null

2024-05-24 18:01:13 - [TEST_STEP][PASSED] - baseUrl = "https://dev-algorithm.govolution.com/vlinktest/": null

2024-05-24 18:01:13 - [TEST_STEP][PASSED] - openBrowser(""): Browser is opened with url: ''

2024-05-24 18:01:13 - [MESSAGE][WARNING] - A browser is already opened. Closing browser and opening a new one

2024-05-24 18:01:14 - [MESSAGE][INFO] - Starting 'Chrome' driver

2024-05-24 18:01:14 - [MESSAGE][INFO] - User set preference: ['acceptInsecureCerts', 'true']

2024-05-24 18:01:14 - [MESSAGE][INFO] - Action delay is set to 0 milliseconds

2024-05-24 18:01:15 - [MESSAGE][PASSED] - Browser is opened with url: ''

2024-05-24 18:01:15 - [TEST_STEP][PASSED] - selenium = new com.kms.katalon.core.webui.driver.KatalonWebDriverBackedSelenium(baseUrl): null

2024-05-24 18:01:15 - [TEST_STEP][PASSED] - selenium.open("Upgrade/version_2_0/SaleWWWEncrypted.htm"): null

2024-05-24 18:01:16 - [TEST_STEP][ERROR] - selenium.type("name=transaction_type", "104"): Test Cases/Gateway Upgrade Live Processors/SaleVoidEncryptedTSYS FAILED.
Reason:
com.thoughtworks.selenium.SeleniumException: Element name=transaction_type not found
	at com.thoughtworks.selenium.webdriven.ElementFinder.findElement(ElementFinder.java:93)
	at com.thoughtworks.selenium.webdriven.commands.Type.handleSeleneseCommand(Type.java:59)
	at com.thoughtworks.selenium.webdriven.commands.Type.handleSeleneseCommand(Type.java:31)
	at com.thoughtworks.selenium.webdriven.SeleneseCommand.apply(SeleneseCommand.java:39)
	at com.thoughtworks.selenium.webdriven.Timer.run(Timer.java:41)
	at com.thoughtworks.selenium.webdriven.WebDriverCommandProcessor.execute(WebDriverCommandProcessor.java:150)
	at com.thoughtworks.selenium.webdriven.WebDriverCommandProcessor.doCommand(WebDriverCommandProcessor.java:76)
	at com.thoughtworks.selenium.DefaultSelenium.type(DefaultSelenium.java:322)
	at com.thoughtworks.selenium.Selenium$type$0.call(Unknown Source)
	at SaleVoidEncryptedTSYS.run(SaleVoidEncryptedTSYS:51)
	at com.kms.katalon.core.main.ScriptEngine.run(ScriptEngine.java:194)
	at com.kms.katalon.core.main.ScriptEngine.runScriptAsRawText(ScriptEngine.java:119)
	at com.kms.katalon.core.main.TestCaseExecutor.runScript(TestCaseExecutor.java:448)
	at com.kms.katalon.core.main.TestCaseExecutor.doExecute(TestCaseExecutor.java:439)
	at com.kms.katalon.core.main.TestCaseExecutor.processExecutionPhase(TestCaseExecutor.java:418)
	at com.kms.katalon.core.main.TestCaseExecutor.accessMainPhase(TestCaseExecutor.java:410)
	at com.kms.katalon.core.main.TestCaseExecutor.execute(TestCaseExecutor.java:285)
	at com.kms.katalon.core.main.TestCaseExecutor.execute(TestCaseExecutor.java:369)
	at com.kms.katalon.core.main.TestCaseExecutor.execute(TestCaseExecutor.java:369)
	at com.kms.katalon.core.main.TestCaseExecutor.execute(TestCaseExecutor.java:369)
	at com.kms.katalon.core.common.CommonExecutor.accessTestCaseMainPhase(CommonExecutor.java:65)
	at com.kms.katalon.core.main.TestSuiteExecutor.accessTestSuiteMainPhase(TestSuiteExecutor.java:148)
	at com.kms.katalon.core.main.TestSuiteExecutor.execute(TestSuiteExecutor.java:106)
	at com.kms.katalon.core.main.TestCaseMain.startTestSuite(TestCaseMain.java:187)
	at com.kms.katalon.core.main.TestCaseMain$startTestSuite$0.call(Unknown Source)
	at TempTestSuite1716587884116.run(TempTestSuite1716587884116.groovy:35)
Caused by: org.openqa.selenium.JavascriptException: javascript error: Element name=transaction_type not found
  (Session info: chrome=125.0.6422.77)
Build info: version: '3.141.59', revision: 'e82be7d358', time: '2018-11-14T08:25:53'
System info: host: 'DESKTOP-B2QI6NS', ip: '172.31.253.185', os.name: 'Windows 10', os.arch: 'amd64', os.version: '10.0', java.version: '1.8.0_181'
Driver info: com.kms.katalon.selenium.driver.CChromeDriver
Capabilities {acceptInsecureCerts: true, browserName: chrome, browserVersion: 125.0.6422.77, chrome: {chromedriverVersion: 125.0.6422.78 (14db42ec38ad..., userDataDir: C:\Users\imtiaz\AppData\Loc...}, fedcm:accounts: true, goog:chromeOptions: {debuggerAddress: localhost:49430}, javascriptEnabled: true, networkConnectionEnabled: false, pageLoadStrategy: normal, platform: WINDOWS, platformName: WINDOWS, proxy: Proxy(), setWindowRect: true, strictFileInteractability: false, timeouts: {implicit: 0, pageLoad: 300000, script: 30000}, unhandledPromptBehavior: dismiss and notify, webauthn:extension:credBlob: true, webauthn:extension:largeBlob: true, webauthn:extension:minPinLength: true, webauthn:extension:prf: true, webauthn:virtualAuthenticators: true}
Session ID: 342cc8ed1ef34168f2de2e0ed4f17ffc
	at org.openqa.selenium.remote.http.W3CHttpResponseCodec.createException(W3CHttpResponseCodec.java:187)
	at org.openqa.selenium.remote.http.W3CHttpResponseCodec.decode(W3CHttpResponseCodec.java:122)
	at org.openqa.selenium.remote.http.W3CHttpResponseCodec.decode(W3CHttpResponseCodec.java:49)
	at org.openqa.selenium.remote.HttpCommandExecutor.execute(HttpCommandExecutor.java:158)
	at org.openqa.selenium.remote.service.DriverCommandExecutor.execute(DriverCommandExecutor.java:83)
	at org.openqa.selenium.remote.RemoteWebDriver.execute(RemoteWebDriver.java:552)
	at com.kms.katalon.selenium.driver.CChromeDriver.execute(CChromeDriver.java:19)
	at org.openqa.selenium.remote.RemoteWebDriver.executeScript(RemoteWebDriver.java:489)
	at org.openqa.selenium.support.events.EventFiringWebDriver.lambda$new$1(EventFiringWebDriver.java:105)
	at com.sun.proxy.$Proxy10.executeScript(Unknown Source)
	at org.openqa.selenium.support.events.EventFiringWebDriver.executeScript(EventFiringWebDriver.java:229)
	at com.thoughtworks.selenium.webdriven.ElementFinder.findElement(ElementFinder.java:91)
	at com.thoughtworks.selenium.webdriven.commands.Type.handleSeleneseCommand(Type.java:59)
	at com.thoughtworks.selenium.webdriven.commands.Type.handleSeleneseCommand(Type.java:31)
	at com.thoughtworks.selenium.webdriven.SeleneseCommand.apply(SeleneseCommand.java:39)
	at com.thoughtworks.selenium.webdriven.Timer.run(Timer.java:41)
	at com.thoughtworks.selenium.webdriven.WebDriverCommandProcessor.execute(WebDriverCommandProcessor.java:150)
	at com.thoughtworks.selenium.webdriven.WebDriverCommandProcessor.doCommand(WebDriverCommandProcessor.java:76)
	at com.thoughtworks.selenium.DefaultSelenium.type(DefaultSelenium.java:322)
	at com.thoughtworks.selenium.Selenium$type$0.call(Unknown Source)
	at Script1689115010560.run(Script1689115010560.groovy:51)
	... 16 more


2024-05-24 18:01:16 - [MESSAGE][ERROR] - Test Cases/Gateway Upgrade Live Processors/SaleVoidEncryptedTSYS FAILED.
Reason:
com.thoughtworks.selenium.SeleniumException: Element name=transaction_type not found
	at com.thoughtworks.selenium.webdriven.ElementFinder.findElement(ElementFinder.java:93)
	at com.thoughtworks.selenium.webdriven.commands.Type.handleSeleneseCommand(Type.java:59)
	at com.thoughtworks.selenium.webdriven.commands.Type.handleSeleneseCommand(Type.java:31)
	at com.thoughtworks.selenium.webdriven.SeleneseCommand.apply(SeleneseCommand.java:39)
	at com.thoughtworks.selenium.webdriven.Timer.run(Timer.java:41)
	at com.thoughtworks.selenium.webdriven.WebDriverCommandProcessor.execute(WebDriverCommandProcessor.java:150)
	at com.thoughtworks.selenium.webdriven.WebDriverCommandProcessor.doCommand(WebDriverCommandProcessor.java:76)
	at com.thoughtworks.selenium.DefaultSelenium.type(DefaultSelenium.java:322)
	at com.thoughtworks.selenium.Selenium$type$0.call(Unknown Source)
	at SaleVoidEncryptedTSYS.run(SaleVoidEncryptedTSYS:51)
	at com.kms.katalon.core.main.ScriptEngine.run(ScriptEngine.java:194)
	at com.kms.katalon.core.main.ScriptEngine.runScriptAsRawText(ScriptEngine.java:119)
	at com.kms.katalon.core.main.TestCaseExecutor.runScript(TestCaseExecutor.java:448)
	at com.kms.katalon.core.main.TestCaseExecutor.doExecute(TestCaseExecutor.java:439)
	at com.kms.katalon.core.main.TestCaseExecutor.processExecutionPhase(TestCaseExecutor.java:418)
	at com.kms.katalon.core.main.TestCaseExecutor.accessMainPhase(TestCaseExecutor.java:410)
	at com.kms.katalon.core.main.TestCaseExecutor.execute(TestCaseExecutor.java:285)
	at com.kms.katalon.core.main.TestCaseExecutor.execute(TestCaseExecutor.java:369)
	at com.kms.katalon.core.main.TestCaseExecutor.execute(TestCaseExecutor.java:369)
	at com.kms.katalon.core.main.TestCaseExecutor.execute(TestCaseExecutor.java:369)
	at com.kms.katalon.core.common.CommonExecutor.accessTestCaseMainPhase(CommonExecutor.java:65)
	at com.kms.katalon.core.main.TestSuiteExecutor.accessTestSuiteMainPhase(TestSuiteExecutor.java:148)
	at com.kms.katalon.core.main.TestSuiteExecutor.execute(TestSuiteExecutor.java:106)
	at com.kms.katalon.core.main.TestCaseMain.startTestSuite(TestCaseMain.java:187)
	at com.kms.katalon.core.main.TestCaseMain$startTestSuite$0.call(Unknown Source)
	at TempTestSuite1716587884116.run(TempTestSuite1716587884116.groovy:35)
Caused by: org.openqa.selenium.JavascriptException: javascript error: Element name=transaction_type not found
  (Session info: chrome=125.0.6422.77)
Build info: version: '3.141.59', revision: 'e82be7d358', time: '2018-11-14T08:25:53'
System info: host: 'DESKTOP-B2QI6NS', ip: '172.31.253.185', os.name: 'Windows 10', os.arch: 'amd64', os.version: '10.0', java.version: '1.8.0_181'
Driver info: com.kms.katalon.selenium.driver.CChromeDriver
Capabilities {acceptInsecureCerts: true, browserName: chrome, browserVersion: 125.0.6422.77, chrome: {chromedriverVersion: 125.0.6422.78 (14db42ec38ad..., userDataDir: C:\Users\imtiaz\AppData\Loc...}, fedcm:accounts: true, goog:chromeOptions: {debuggerAddress: localhost:49430}, javascriptEnabled: true, networkConnectionEnabled: false, pageLoadStrategy: normal, platform: WINDOWS, platformName: WINDOWS, proxy: Proxy(), setWindowRect: true, strictFileInteractability: false, timeouts: {implicit: 0, pageLoad: 300000, script: 30000}, unhandledPromptBehavior: dismiss and notify, webauthn:extension:credBlob: true, webauthn:extension:largeBlob: true, webauthn:extension:minPinLength: true, webauthn:extension:prf: true, webauthn:virtualAuthenticators: true}
Session ID: 342cc8ed1ef34168f2de2e0ed4f17ffc
	at org.openqa.selenium.remote.http.W3CHttpResponseCodec.createException(W3CHttpResponseCodec.java:187)
	at org.openqa.selenium.remote.http.W3CHttpResponseCodec.decode(W3CHttpResponseCodec.java:122)
	at org.openqa.selenium.remote.http.W3CHttpResponseCodec.decode(W3CHttpResponseCodec.java:49)
	at org.openqa.selenium.remote.HttpCommandExecutor.execute(HttpCommandExecutor.java:158)
	at org.openqa.selenium.remote.service.DriverCommandExecutor.execute(DriverCommandExecutor.java:83)
	at org.openqa.selenium.remote.RemoteWebDriver.execute(RemoteWebDriver.java:552)
	at com.kms.katalon.selenium.driver.CChromeDriver.execute(CChromeDriver.java:19)
	at org.openqa.selenium.remote.RemoteWebDriver.executeScript(RemoteWebDriver.java:489)
	at org.openqa.selenium.support.events.EventFiringWebDriver.lambda$new$1(EventFiringWebDriver.java:105)
	at com.sun.proxy.$Proxy10.executeScript(Unknown Source)
	at org.openqa.selenium.support.events.EventFiringWebDriver.executeScript(EventFiringWebDriver.java:229)
	at com.thoughtworks.selenium.webdriven.ElementFinder.findElement(ElementFinder.java:91)
	at com.thoughtworks.selenium.webdriven.commands.Type.handleSeleneseCommand(Type.java:59)
	at com.thoughtworks.selenium.webdriven.commands.Type.handleSeleneseCommand(Type.java:31)
	at com.thoughtworks.selenium.webdriven.SeleneseCommand.apply(SeleneseCommand.java:39)
	at com.thoughtworks.selenium.webdriven.Timer.run(Timer.java:41)
	at com.thoughtworks.selenium.webdriven.WebDriverCommandProcessor.execute(WebDriverCommandProcessor.java:150)
	at com.thoughtworks.selenium.webdriven.WebDriverCommandProcessor.doCommand(WebDriverCommandProcessor.java:76)
	at com.thoughtworks.selenium.DefaultSelenium.type(DefaultSelenium.java:322)
	at com.thoughtworks.selenium.Selenium$type$0.call(Unknown Source)
	at Script1689115010560.run(Script1689115010560.groovy:51)
	... 16 more]]></system-out>
         <system-err><![CDATA[2024-05-24 18:01:13 - [TEST_CASE][ERROR] - Test Cases/Gateway Upgrade Live Processors/SaleVoidEncryptedTSYS: Test Cases/Gateway Upgrade Live Processors/SaleVoidEncryptedTSYS FAILED.
Reason:
com.thoughtworks.selenium.SeleniumException: Element name=transaction_type not found
	at com.thoughtworks.selenium.webdriven.ElementFinder.findElement(ElementFinder.java:93)
	at com.thoughtworks.selenium.webdriven.commands.Type.handleSeleneseCommand(Type.java:59)
	at com.thoughtworks.selenium.webdriven.commands.Type.handleSeleneseCommand(Type.java:31)
	at com.thoughtworks.selenium.webdriven.SeleneseCommand.apply(SeleneseCommand.java:39)
	at com.thoughtworks.selenium.webdriven.Timer.run(Timer.java:41)
	at com.thoughtworks.selenium.webdriven.WebDriverCommandProcessor.execute(WebDriverCommandProcessor.java:150)
	at com.thoughtworks.selenium.webdriven.WebDriverCommandProcessor.doCommand(WebDriverCommandProcessor.java:76)
	at com.thoughtworks.selenium.DefaultSelenium.type(DefaultSelenium.java:322)
	at com.thoughtworks.selenium.Selenium$type$0.call(Unknown Source)
	at SaleVoidEncryptedTSYS.run(SaleVoidEncryptedTSYS:51)
	at com.kms.katalon.core.main.ScriptEngine.run(ScriptEngine.java:194)
	at com.kms.katalon.core.main.ScriptEngine.runScriptAsRawText(ScriptEngine.java:119)
	at com.kms.katalon.core.main.TestCaseExecutor.runScript(TestCaseExecutor.java:448)
	at com.kms.katalon.core.main.TestCaseExecutor.doExecute(TestCaseExecutor.java:439)
	at com.kms.katalon.core.main.TestCaseExecutor.processExecutionPhase(TestCaseExecutor.java:418)
	at com.kms.katalon.core.main.TestCaseExecutor.accessMainPhase(TestCaseExecutor.java:410)
	at com.kms.katalon.core.main.TestCaseExecutor.execute(TestCaseExecutor.java:285)
	at com.kms.katalon.core.main.TestCaseExecutor.execute(TestCaseExecutor.java:369)
	at com.kms.katalon.core.main.TestCaseExecutor.execute(TestCaseExecutor.java:369)
	at com.kms.katalon.core.main.TestCaseExecutor.execute(TestCaseExecutor.java:369)
	at com.kms.katalon.core.common.CommonExecutor.accessTestCaseMainPhase(CommonExecutor.java:65)
	at com.kms.katalon.core.main.TestSuiteExecutor.accessTestSuiteMainPhase(TestSuiteExecutor.java:148)
	at com.kms.katalon.core.main.TestSuiteExecutor.execute(TestSuiteExecutor.java:106)
	at com.kms.katalon.core.main.TestCaseMain.startTestSuite(TestCaseMain.java:187)
	at com.kms.katalon.core.main.TestCaseMain$startTestSuite$0.call(Unknown Source)
	at TempTestSuite1716587884116.run(TempTestSuite1716587884116.groovy:35)
Caused by: org.openqa.selenium.JavascriptException: javascript error: Element name=transaction_type not found
  (Session info: chrome=125.0.6422.77)
Build info: version: '3.141.59', revision: 'e82be7d358', time: '2018-11-14T08:25:53'
System info: host: 'DESKTOP-B2QI6NS', ip: '172.31.253.185', os.name: 'Windows 10', os.arch: 'amd64', os.version: '10.0', java.version: '1.8.0_181'
Driver info: com.kms.katalon.selenium.driver.CChromeDriver
Capabilities {acceptInsecureCerts: true, browserName: chrome, browserVersion: 125.0.6422.77, chrome: {chromedriverVersion: 125.0.6422.78 (14db42ec38ad..., userDataDir: C:\Users\imtiaz\AppData\Loc...}, fedcm:accounts: true, goog:chromeOptions: {debuggerAddress: localhost:49430}, javascriptEnabled: true, networkConnectionEnabled: false, pageLoadStrategy: normal, platform: WINDOWS, platformName: WINDOWS, proxy: Proxy(), setWindowRect: true, strictFileInteractability: false, timeouts: {implicit: 0, pageLoad: 300000, script: 30000}, unhandledPromptBehavior: dismiss and notify, webauthn:extension:credBlob: true, webauthn:extension:largeBlob: true, webauthn:extension:minPinLength: true, webauthn:extension:prf: true, webauthn:virtualAuthenticators: true}
Session ID: 342cc8ed1ef34168f2de2e0ed4f17ffc
	at org.openqa.selenium.remote.http.W3CHttpResponseCodec.createException(W3CHttpResponseCodec.java:187)
	at org.openqa.selenium.remote.http.W3CHttpResponseCodec.decode(W3CHttpResponseCodec.java:122)
	at org.openqa.selenium.remote.http.W3CHttpResponseCodec.decode(W3CHttpResponseCodec.java:49)
	at org.openqa.selenium.remote.HttpCommandExecutor.execute(HttpCommandExecutor.java:158)
	at org.openqa.selenium.remote.service.DriverCommandExecutor.execute(DriverCommandExecutor.java:83)
	at org.openqa.selenium.remote.RemoteWebDriver.execute(RemoteWebDriver.java:552)
	at com.kms.katalon.selenium.driver.CChromeDriver.execute(CChromeDriver.java:19)
	at org.openqa.selenium.remote.RemoteWebDriver.executeScript(RemoteWebDriver.java:489)
	at org.openqa.selenium.support.events.EventFiringWebDriver.lambda$new$1(EventFiringWebDriver.java:105)
	at com.sun.proxy.$Proxy10.executeScript(Unknown Source)
	at org.openqa.selenium.support.events.EventFiringWebDriver.executeScript(EventFiringWebDriver.java:229)
	at com.thoughtworks.selenium.webdriven.ElementFinder.findElement(ElementFinder.java:91)
	... 25 more]]></system-err>
      </testcase>
      <testcase name="Test Cases/Gateway Upgrade Live Processors/SaleVoidEncryptedVantiv" time="3.023" classname="Test Cases/Gateway Upgrade Live Processors/SaleVoidEncryptedVantiv" status="ERROR">
         <error type="ERROR" message="Test Cases/Gateway Upgrade Live Processors/SaleVoidEncryptedVantiv FAILED.
Reason:
com.thoughtworks.selenium.SeleniumException: Element name=transaction_type not found
	at com.thoughtworks.selenium.webdriven.ElementFinder.findElement(ElementFinder.java:93)
	at com.thoughtworks.selenium.webdriven.commands.Type.handleSeleneseCommand(Type.java:59)
	at com.thoughtworks.selenium.webdriven.commands.Type.handleSeleneseCommand(Type.java:31)
	at com.thoughtworks.selenium.webdriven.SeleneseCommand.apply(SeleneseCommand.java:39)
	at com.thoughtworks.selenium.webdriven.Timer.run(Timer.java:41)
	at com.thoughtworks.selenium.webdriven.WebDriverCommandProcessor.execute(WebDriverCommandProcessor.java:150)
	at com.thoughtworks.selenium.webdriven.WebDriverCommandProcessor.doCommand(WebDriverCommandProcessor.java:76)
	at com.thoughtworks.selenium.DefaultSelenium.type(DefaultSelenium.java:322)
	at com.thoughtworks.selenium.Selenium$type$0.call(Unknown Source)
	at SaleVoidEncryptedVantiv.run(SaleVoidEncryptedVantiv:51)
	at com.kms.katalon.core.main.ScriptEngine.run(ScriptEngine.java:194)
	at com.kms.katalon.core.main.ScriptEngine.runScriptAsRawText(ScriptEngine.java:119)
	at com.kms.katalon.core.main.TestCaseExecutor.runScript(TestCaseExecutor.java:448)
	at com.kms.katalon.core.main.TestCaseExecutor.doExecute(TestCaseExecutor.java:439)
	at com.kms.katalon.core.main.TestCaseExecutor.processExecutionPhase(TestCaseExecutor.java:418)
	at com.kms.katalon.core.main.TestCaseExecutor.accessMainPhase(TestCaseExecutor.java:410)
	at com.kms.katalon.core.main.TestCaseExecutor.execute(TestCaseExecutor.java:285)
	at com.kms.katalon.core.main.TestCaseExecutor.execute(TestCaseExecutor.java:369)
	at com.kms.katalon.core.main.TestCaseExecutor.execute(TestCaseExecutor.java:369)
	at com.kms.katalon.core.main.TestCaseExecutor.execute(TestCaseExecutor.java:369)
	at com.kms.katalon.core.common.CommonExecutor.accessTestCaseMainPhase(CommonExecutor.java:65)
	at com.kms.katalon.core.main.TestSuiteExecutor.accessTestSuiteMainPhase(TestSuiteExecutor.java:148)
	at com.kms.katalon.core.main.TestSuiteExecutor.execute(TestSuiteExecutor.java:106)
	at com.kms.katalon.core.main.TestCaseMain.startTestSuite(TestCaseMain.java:187)
	at com.kms.katalon.core.main.TestCaseMain$startTestSuite$0.call(Unknown Source)
	at TempTestSuite1716587884116.run(TempTestSuite1716587884116.groovy:35)
Caused by: org.openqa.selenium.JavascriptException: javascript error: Element name=transaction_type not found
  (Session info: chrome=125.0.6422.77)
Build info: version: '3.141.59', revision: 'e82be7d358', time: '2018-11-14T08:25:53'
System info: host: 'DESKTOP-B2QI6NS', ip: '172.31.253.185', os.name: 'Windows 10', os.arch: 'amd64', os.version: '10.0', java.version: '1.8.0_181'
Driver info: com.kms.katalon.selenium.driver.CChromeDriver
Capabilities {acceptInsecureCerts: true, browserName: chrome, browserVersion: 125.0.6422.77, chrome: {chromedriverVersion: 125.0.6422.78 (14db42ec38ad..., userDataDir: C:\Users\imtiaz\AppData\Loc...}, fedcm:accounts: true, goog:chromeOptions: {debuggerAddress: localhost:49559}, javascriptEnabled: true, networkConnectionEnabled: false, pageLoadStrategy: normal, platform: WINDOWS, platformName: WINDOWS, proxy: Proxy(), setWindowRect: true, strictFileInteractability: false, timeouts: {implicit: 0, pageLoad: 300000, script: 30000}, unhandledPromptBehavior: dismiss and notify, webauthn:extension:credBlob: true, webauthn:extension:largeBlob: true, webauthn:extension:minPinLength: true, webauthn:extension:prf: true, webauthn:virtualAuthenticators: true}
Session ID: fac0d905b91b5ce7370d1f22217303e5
	at org.openqa.selenium.remote.http.W3CHttpResponseCodec.createException(W3CHttpResponseCodec.java:187)
	at org.openqa.selenium.remote.http.W3CHttpResponseCodec.decode(W3CHttpResponseCodec.java:122)
	at org.openqa.selenium.remote.http.W3CHttpResponseCodec.decode(W3CHttpResponseCodec.java:49)
	at org.openqa.selenium.remote.HttpCommandExecutor.execute(HttpCommandExecutor.java:158)
	at org.openqa.selenium.remote.service.DriverCommandExecutor.execute(DriverCommandExecutor.java:83)
	at org.openqa.selenium.remote.RemoteWebDriver.execute(RemoteWebDriver.java:552)
	at com.kms.katalon.selenium.driver.CChromeDriver.execute(CChromeDriver.java:19)
	at org.openqa.selenium.remote.RemoteWebDriver.executeScript(RemoteWebDriver.java:489)
	at org.openqa.selenium.support.events.EventFiringWebDriver.lambda$new$1(EventFiringWebDriver.java:105)
	at com.sun.proxy.$Proxy10.executeScript(Unknown Source)
	at org.openqa.selenium.support.events.EventFiringWebDriver.executeScript(EventFiringWebDriver.java:229)
	at com.thoughtworks.selenium.webdriven.ElementFinder.findElement(ElementFinder.java:91)
	... 25 more
"/>
         <system-out><![CDATA[2024-05-24 18:01:26 - [TEST_CASE][ERROR] - Test Cases/Gateway Upgrade Live Processors/SaleVoidEncryptedVantiv: Test Cases/Gateway Upgrade Live Processors/SaleVoidEncryptedVantiv FAILED.
Reason:
com.thoughtworks.selenium.SeleniumException: Element name=transaction_type not found
	at com.thoughtworks.selenium.webdriven.ElementFinder.findElement(ElementFinder.java:93)
	at com.thoughtworks.selenium.webdriven.commands.Type.handleSeleneseCommand(Type.java:59)
	at com.thoughtworks.selenium.webdriven.commands.Type.handleSeleneseCommand(Type.java:31)
	at com.thoughtworks.selenium.webdriven.SeleneseCommand.apply(SeleneseCommand.java:39)
	at com.thoughtworks.selenium.webdriven.Timer.run(Timer.java:41)
	at com.thoughtworks.selenium.webdriven.WebDriverCommandProcessor.execute(WebDriverCommandProcessor.java:150)
	at com.thoughtworks.selenium.webdriven.WebDriverCommandProcessor.doCommand(WebDriverCommandProcessor.java:76)
	at com.thoughtworks.selenium.DefaultSelenium.type(DefaultSelenium.java:322)
	at com.thoughtworks.selenium.Selenium$type$0.call(Unknown Source)
	at SaleVoidEncryptedVantiv.run(SaleVoidEncryptedVantiv:51)
	at com.kms.katalon.core.main.ScriptEngine.run(ScriptEngine.java:194)
	at com.kms.katalon.core.main.ScriptEngine.runScriptAsRawText(ScriptEngine.java:119)
	at com.kms.katalon.core.main.TestCaseExecutor.runScript(TestCaseExecutor.java:448)
	at com.kms.katalon.core.main.TestCaseExecutor.doExecute(TestCaseExecutor.java:439)
	at com.kms.katalon.core.main.TestCaseExecutor.processExecutionPhase(TestCaseExecutor.java:418)
	at com.kms.katalon.core.main.TestCaseExecutor.accessMainPhase(TestCaseExecutor.java:410)
	at com.kms.katalon.core.main.TestCaseExecutor.execute(TestCaseExecutor.java:285)
	at com.kms.katalon.core.main.TestCaseExecutor.execute(TestCaseExecutor.java:369)
	at com.kms.katalon.core.main.TestCaseExecutor.execute(TestCaseExecutor.java:369)
	at com.kms.katalon.core.main.TestCaseExecutor.execute(TestCaseExecutor.java:369)
	at com.kms.katalon.core.common.CommonExecutor.accessTestCaseMainPhase(CommonExecutor.java:65)
	at com.kms.katalon.core.main.TestSuiteExecutor.accessTestSuiteMainPhase(TestSuiteExecutor.java:148)
	at com.kms.katalon.core.main.TestSuiteExecutor.execute(TestSuiteExecutor.java:106)
	at com.kms.katalon.core.main.TestCaseMain.startTestSuite(TestCaseMain.java:187)
	at com.kms.katalon.core.main.TestCaseMain$startTestSuite$0.call(Unknown Source)
	at TempTestSuite1716587884116.run(TempTestSuite1716587884116.groovy:35)
Caused by: org.openqa.selenium.JavascriptException: javascript error: Element name=transaction_type not found
  (Session info: chrome=125.0.6422.77)
Build info: version: '3.141.59', revision: 'e82be7d358', time: '2018-11-14T08:25:53'
System info: host: 'DESKTOP-B2QI6NS', ip: '172.31.253.185', os.name: 'Windows 10', os.arch: 'amd64', os.version: '10.0', java.version: '1.8.0_181'
Driver info: com.kms.katalon.selenium.driver.CChromeDriver
Capabilities {acceptInsecureCerts: true, browserName: chrome, browserVersion: 125.0.6422.77, chrome: {chromedriverVersion: 125.0.6422.78 (14db42ec38ad..., userDataDir: C:\Users\imtiaz\AppData\Loc...}, fedcm:accounts: true, goog:chromeOptions: {debuggerAddress: localhost:49559}, javascriptEnabled: true, networkConnectionEnabled: false, pageLoadStrategy: normal, platform: WINDOWS, platformName: WINDOWS, proxy: Proxy(), setWindowRect: true, strictFileInteractability: false, timeouts: {implicit: 0, pageLoad: 300000, script: 30000}, unhandledPromptBehavior: dismiss and notify, webauthn:extension:credBlob: true, webauthn:extension:largeBlob: true, webauthn:extension:minPinLength: true, webauthn:extension:prf: true, webauthn:virtualAuthenticators: true}
Session ID: fac0d905b91b5ce7370d1f22217303e5
	at org.openqa.selenium.remote.http.W3CHttpResponseCodec.createException(W3CHttpResponseCodec.java:187)
	at org.openqa.selenium.remote.http.W3CHttpResponseCodec.decode(W3CHttpResponseCodec.java:122)
	at org.openqa.selenium.remote.http.W3CHttpResponseCodec.decode(W3CHttpResponseCodec.java:49)
	at org.openqa.selenium.remote.HttpCommandExecutor.execute(HttpCommandExecutor.java:158)
	at org.openqa.selenium.remote.service.DriverCommandExecutor.execute(DriverCommandExecutor.java:83)
	at org.openqa.selenium.remote.RemoteWebDriver.execute(RemoteWebDriver.java:552)
	at com.kms.katalon.selenium.driver.CChromeDriver.execute(CChromeDriver.java:19)
	at org.openqa.selenium.remote.RemoteWebDriver.executeScript(RemoteWebDriver.java:489)
	at org.openqa.selenium.support.events.EventFiringWebDriver.lambda$new$1(EventFiringWebDriver.java:105)
	at com.sun.proxy.$Proxy10.executeScript(Unknown Source)
	at org.openqa.selenium.support.events.EventFiringWebDriver.executeScript(EventFiringWebDriver.java:229)
	at com.thoughtworks.selenium.webdriven.ElementFinder.findElement(ElementFinder.java:91)
	... 25 more


2024-05-24 18:01:26 - [TEST_STEP][PASSED] - "----------------------------------------------------": null

2024-05-24 18:01:26 - [TEST_STEP][PASSED] - "This test case script is generated by Katalon Studio": null

2024-05-24 18:01:26 - [TEST_STEP][PASSED] - "Generated date: 11-Jul-2023 04:22:44 PM": null

2024-05-24 18:01:26 - [TEST_STEP][PASSED] - "File path: C:\Users\imtiaz\Documents\Sel-New\CPSVantivTSYSWWW\Vlink-Prod.side": null

2024-05-24 18:01:26 - [TEST_STEP][PASSED] - "Generated by: iahmed@govolution.com": null

2024-05-24 18:01:26 - [TEST_STEP][PASSED] - baseUrl = "https://dev-algorithm.govolution.com/vlinktest/": null

2024-05-24 18:01:26 - [TEST_STEP][PASSED] - openBrowser(""): Browser is opened with url: ''

2024-05-24 18:01:26 - [MESSAGE][WARNING] - A browser is already opened. Closing browser and opening a new one

2024-05-24 18:01:27 - [MESSAGE][INFO] - Starting 'Chrome' driver

2024-05-24 18:01:27 - [MESSAGE][INFO] - User set preference: ['acceptInsecureCerts', 'true']

2024-05-24 18:01:27 - [MESSAGE][INFO] - Action delay is set to 0 milliseconds

2024-05-24 18:01:29 - [MESSAGE][PASSED] - Browser is opened with url: ''

2024-05-24 18:01:29 - [TEST_STEP][PASSED] - selenium = new com.kms.katalon.core.webui.driver.KatalonWebDriverBackedSelenium(baseUrl): null

2024-05-24 18:01:29 - [TEST_STEP][PASSED] - selenium.open("Upgrade/version_2_0/SaleWWWEncrypted.htm"): null

2024-05-24 18:01:29 - [TEST_STEP][ERROR] - selenium.type("name=transaction_type", "104"): Test Cases/Gateway Upgrade Live Processors/SaleVoidEncryptedVantiv FAILED.
Reason:
com.thoughtworks.selenium.SeleniumException: Element name=transaction_type not found
	at com.thoughtworks.selenium.webdriven.ElementFinder.findElement(ElementFinder.java:93)
	at com.thoughtworks.selenium.webdriven.commands.Type.handleSeleneseCommand(Type.java:59)
	at com.thoughtworks.selenium.webdriven.commands.Type.handleSeleneseCommand(Type.java:31)
	at com.thoughtworks.selenium.webdriven.SeleneseCommand.apply(SeleneseCommand.java:39)
	at com.thoughtworks.selenium.webdriven.Timer.run(Timer.java:41)
	at com.thoughtworks.selenium.webdriven.WebDriverCommandProcessor.execute(WebDriverCommandProcessor.java:150)
	at com.thoughtworks.selenium.webdriven.WebDriverCommandProcessor.doCommand(WebDriverCommandProcessor.java:76)
	at com.thoughtworks.selenium.DefaultSelenium.type(DefaultSelenium.java:322)
	at com.thoughtworks.selenium.Selenium$type$0.call(Unknown Source)
	at SaleVoidEncryptedVantiv.run(SaleVoidEncryptedVantiv:51)
	at com.kms.katalon.core.main.ScriptEngine.run(ScriptEngine.java:194)
	at com.kms.katalon.core.main.ScriptEngine.runScriptAsRawText(ScriptEngine.java:119)
	at com.kms.katalon.core.main.TestCaseExecutor.runScript(TestCaseExecutor.java:448)
	at com.kms.katalon.core.main.TestCaseExecutor.doExecute(TestCaseExecutor.java:439)
	at com.kms.katalon.core.main.TestCaseExecutor.processExecutionPhase(TestCaseExecutor.java:418)
	at com.kms.katalon.core.main.TestCaseExecutor.accessMainPhase(TestCaseExecutor.java:410)
	at com.kms.katalon.core.main.TestCaseExecutor.execute(TestCaseExecutor.java:285)
	at com.kms.katalon.core.main.TestCaseExecutor.execute(TestCaseExecutor.java:369)
	at com.kms.katalon.core.main.TestCaseExecutor.execute(TestCaseExecutor.java:369)
	at com.kms.katalon.core.main.TestCaseExecutor.execute(TestCaseExecutor.java:369)
	at com.kms.katalon.core.common.CommonExecutor.accessTestCaseMainPhase(CommonExecutor.java:65)
	at com.kms.katalon.core.main.TestSuiteExecutor.accessTestSuiteMainPhase(TestSuiteExecutor.java:148)
	at com.kms.katalon.core.main.TestSuiteExecutor.execute(TestSuiteExecutor.java:106)
	at com.kms.katalon.core.main.TestCaseMain.startTestSuite(TestCaseMain.java:187)
	at com.kms.katalon.core.main.TestCaseMain$startTestSuite$0.call(Unknown Source)
	at TempTestSuite1716587884116.run(TempTestSuite1716587884116.groovy:35)
Caused by: org.openqa.selenium.JavascriptException: javascript error: Element name=transaction_type not found
  (Session info: chrome=125.0.6422.77)
Build info: version: '3.141.59', revision: 'e82be7d358', time: '2018-11-14T08:25:53'
System info: host: 'DESKTOP-B2QI6NS', ip: '172.31.253.185', os.name: 'Windows 10', os.arch: 'amd64', os.version: '10.0', java.version: '1.8.0_181'
Driver info: com.kms.katalon.selenium.driver.CChromeDriver
Capabilities {acceptInsecureCerts: true, browserName: chrome, browserVersion: 125.0.6422.77, chrome: {chromedriverVersion: 125.0.6422.78 (14db42ec38ad..., userDataDir: C:\Users\imtiaz\AppData\Loc...}, fedcm:accounts: true, goog:chromeOptions: {debuggerAddress: localhost:49559}, javascriptEnabled: true, networkConnectionEnabled: false, pageLoadStrategy: normal, platform: WINDOWS, platformName: WINDOWS, proxy: Proxy(), setWindowRect: true, strictFileInteractability: false, timeouts: {implicit: 0, pageLoad: 300000, script: 30000}, unhandledPromptBehavior: dismiss and notify, webauthn:extension:credBlob: true, webauthn:extension:largeBlob: true, webauthn:extension:minPinLength: true, webauthn:extension:prf: true, webauthn:virtualAuthenticators: true}
Session ID: fac0d905b91b5ce7370d1f22217303e5
	at org.openqa.selenium.remote.http.W3CHttpResponseCodec.createException(W3CHttpResponseCodec.java:187)
	at org.openqa.selenium.remote.http.W3CHttpResponseCodec.decode(W3CHttpResponseCodec.java:122)
	at org.openqa.selenium.remote.http.W3CHttpResponseCodec.decode(W3CHttpResponseCodec.java:49)
	at org.openqa.selenium.remote.HttpCommandExecutor.execute(HttpCommandExecutor.java:158)
	at org.openqa.selenium.remote.service.DriverCommandExecutor.execute(DriverCommandExecutor.java:83)
	at org.openqa.selenium.remote.RemoteWebDriver.execute(RemoteWebDriver.java:552)
	at com.kms.katalon.selenium.driver.CChromeDriver.execute(CChromeDriver.java:19)
	at org.openqa.selenium.remote.RemoteWebDriver.executeScript(RemoteWebDriver.java:489)
	at org.openqa.selenium.support.events.EventFiringWebDriver.lambda$new$1(EventFiringWebDriver.java:105)
	at com.sun.proxy.$Proxy10.executeScript(Unknown Source)
	at org.openqa.selenium.support.events.EventFiringWebDriver.executeScript(EventFiringWebDriver.java:229)
	at com.thoughtworks.selenium.webdriven.ElementFinder.findElement(ElementFinder.java:91)
	at com.thoughtworks.selenium.webdriven.commands.Type.handleSeleneseCommand(Type.java:59)
	at com.thoughtworks.selenium.webdriven.commands.Type.handleSeleneseCommand(Type.java:31)
	at com.thoughtworks.selenium.webdriven.SeleneseCommand.apply(SeleneseCommand.java:39)
	at com.thoughtworks.selenium.webdriven.Timer.run(Timer.java:41)
	at com.thoughtworks.selenium.webdriven.WebDriverCommandProcessor.execute(WebDriverCommandProcessor.java:150)
	at com.thoughtworks.selenium.webdriven.WebDriverCommandProcessor.doCommand(WebDriverCommandProcessor.java:76)
	at com.thoughtworks.selenium.DefaultSelenium.type(DefaultSelenium.java:322)
	at com.thoughtworks.selenium.Selenium$type$0.call(Unknown Source)
	at Script1689115023655.run(Script1689115023655.groovy:51)
	... 16 more


2024-05-24 18:01:29 - [MESSAGE][ERROR] - Test Cases/Gateway Upgrade Live Processors/SaleVoidEncryptedVantiv FAILED.
Reason:
com.thoughtworks.selenium.SeleniumException: Element name=transaction_type not found
	at com.thoughtworks.selenium.webdriven.ElementFinder.findElement(ElementFinder.java:93)
	at com.thoughtworks.selenium.webdriven.commands.Type.handleSeleneseCommand(Type.java:59)
	at com.thoughtworks.selenium.webdriven.commands.Type.handleSeleneseCommand(Type.java:31)
	at com.thoughtworks.selenium.webdriven.SeleneseCommand.apply(SeleneseCommand.java:39)
	at com.thoughtworks.selenium.webdriven.Timer.run(Timer.java:41)
	at com.thoughtworks.selenium.webdriven.WebDriverCommandProcessor.execute(WebDriverCommandProcessor.java:150)
	at com.thoughtworks.selenium.webdriven.WebDriverCommandProcessor.doCommand(WebDriverCommandProcessor.java:76)
	at com.thoughtworks.selenium.DefaultSelenium.type(DefaultSelenium.java:322)
	at com.thoughtworks.selenium.Selenium$type$0.call(Unknown Source)
	at SaleVoidEncryptedVantiv.run(SaleVoidEncryptedVantiv:51)
	at com.kms.katalon.core.main.ScriptEngine.run(ScriptEngine.java:194)
	at com.kms.katalon.core.main.ScriptEngine.runScriptAsRawText(ScriptEngine.java:119)
	at com.kms.katalon.core.main.TestCaseExecutor.runScript(TestCaseExecutor.java:448)
	at com.kms.katalon.core.main.TestCaseExecutor.doExecute(TestCaseExecutor.java:439)
	at com.kms.katalon.core.main.TestCaseExecutor.processExecutionPhase(TestCaseExecutor.java:418)
	at com.kms.katalon.core.main.TestCaseExecutor.accessMainPhase(TestCaseExecutor.java:410)
	at com.kms.katalon.core.main.TestCaseExecutor.execute(TestCaseExecutor.java:285)
	at com.kms.katalon.core.main.TestCaseExecutor.execute(TestCaseExecutor.java:369)
	at com.kms.katalon.core.main.TestCaseExecutor.execute(TestCaseExecutor.java:369)
	at com.kms.katalon.core.main.TestCaseExecutor.execute(TestCaseExecutor.java:369)
	at com.kms.katalon.core.common.CommonExecutor.accessTestCaseMainPhase(CommonExecutor.java:65)
	at com.kms.katalon.core.main.TestSuiteExecutor.accessTestSuiteMainPhase(TestSuiteExecutor.java:148)
	at com.kms.katalon.core.main.TestSuiteExecutor.execute(TestSuiteExecutor.java:106)
	at com.kms.katalon.core.main.TestCaseMain.startTestSuite(TestCaseMain.java:187)
	at com.kms.katalon.core.main.TestCaseMain$startTestSuite$0.call(Unknown Source)
	at TempTestSuite1716587884116.run(TempTestSuite1716587884116.groovy:35)
Caused by: org.openqa.selenium.JavascriptException: javascript error: Element name=transaction_type not found
  (Session info: chrome=125.0.6422.77)
Build info: version: '3.141.59', revision: 'e82be7d358', time: '2018-11-14T08:25:53'
System info: host: 'DESKTOP-B2QI6NS', ip: '172.31.253.185', os.name: 'Windows 10', os.arch: 'amd64', os.version: '10.0', java.version: '1.8.0_181'
Driver info: com.kms.katalon.selenium.driver.CChromeDriver
Capabilities {acceptInsecureCerts: true, browserName: chrome, browserVersion: 125.0.6422.77, chrome: {chromedriverVersion: 125.0.6422.78 (14db42ec38ad..., userDataDir: C:\Users\imtiaz\AppData\Loc...}, fedcm:accounts: true, goog:chromeOptions: {debuggerAddress: localhost:49559}, javascriptEnabled: true, networkConnectionEnabled: false, pageLoadStrategy: normal, platform: WINDOWS, platformName: WINDOWS, proxy: Proxy(), setWindowRect: true, strictFileInteractability: false, timeouts: {implicit: 0, pageLoad: 300000, script: 30000}, unhandledPromptBehavior: dismiss and notify, webauthn:extension:credBlob: true, webauthn:extension:largeBlob: true, webauthn:extension:minPinLength: true, webauthn:extension:prf: true, webauthn:virtualAuthenticators: true}
Session ID: fac0d905b91b5ce7370d1f22217303e5
	at org.openqa.selenium.remote.http.W3CHttpResponseCodec.createException(W3CHttpResponseCodec.java:187)
	at org.openqa.selenium.remote.http.W3CHttpResponseCodec.decode(W3CHttpResponseCodec.java:122)
	at org.openqa.selenium.remote.http.W3CHttpResponseCodec.decode(W3CHttpResponseCodec.java:49)
	at org.openqa.selenium.remote.HttpCommandExecutor.execute(HttpCommandExecutor.java:158)
	at org.openqa.selenium.remote.service.DriverCommandExecutor.execute(DriverCommandExecutor.java:83)
	at org.openqa.selenium.remote.RemoteWebDriver.execute(RemoteWebDriver.java:552)
	at com.kms.katalon.selenium.driver.CChromeDriver.execute(CChromeDriver.java:19)
	at org.openqa.selenium.remote.RemoteWebDriver.executeScript(RemoteWebDriver.java:489)
	at org.openqa.selenium.support.events.EventFiringWebDriver.lambda$new$1(EventFiringWebDriver.java:105)
	at com.sun.proxy.$Proxy10.executeScript(Unknown Source)
	at org.openqa.selenium.support.events.EventFiringWebDriver.executeScript(EventFiringWebDriver.java:229)
	at com.thoughtworks.selenium.webdriven.ElementFinder.findElement(ElementFinder.java:91)
	at com.thoughtworks.selenium.webdriven.commands.Type.handleSeleneseCommand(Type.java:59)
	at com.thoughtworks.selenium.webdriven.commands.Type.handleSeleneseCommand(Type.java:31)
	at com.thoughtworks.selenium.webdriven.SeleneseCommand.apply(SeleneseCommand.java:39)
	at com.thoughtworks.selenium.webdriven.Timer.run(Timer.java:41)
	at com.thoughtworks.selenium.webdriven.WebDriverCommandProcessor.execute(WebDriverCommandProcessor.java:150)
	at com.thoughtworks.selenium.webdriven.WebDriverCommandProcessor.doCommand(WebDriverCommandProcessor.java:76)
	at com.thoughtworks.selenium.DefaultSelenium.type(DefaultSelenium.java:322)
	at com.thoughtworks.selenium.Selenium$type$0.call(Unknown Source)
	at Script1689115023655.run(Script1689115023655.groovy:51)
	... 16 more]]></system-out>
         <system-err><![CDATA[2024-05-24 18:01:26 - [TEST_CASE][ERROR] - Test Cases/Gateway Upgrade Live Processors/SaleVoidEncryptedVantiv: Test Cases/Gateway Upgrade Live Processors/SaleVoidEncryptedVantiv FAILED.
Reason:
com.thoughtworks.selenium.SeleniumException: Element name=transaction_type not found
	at com.thoughtworks.selenium.webdriven.ElementFinder.findElement(ElementFinder.java:93)
	at com.thoughtworks.selenium.webdriven.commands.Type.handleSeleneseCommand(Type.java:59)
	at com.thoughtworks.selenium.webdriven.commands.Type.handleSeleneseCommand(Type.java:31)
	at com.thoughtworks.selenium.webdriven.SeleneseCommand.apply(SeleneseCommand.java:39)
	at com.thoughtworks.selenium.webdriven.Timer.run(Timer.java:41)
	at com.thoughtworks.selenium.webdriven.WebDriverCommandProcessor.execute(WebDriverCommandProcessor.java:150)
	at com.thoughtworks.selenium.webdriven.WebDriverCommandProcessor.doCommand(WebDriverCommandProcessor.java:76)
	at com.thoughtworks.selenium.DefaultSelenium.type(DefaultSelenium.java:322)
	at com.thoughtworks.selenium.Selenium$type$0.call(Unknown Source)
	at SaleVoidEncryptedVantiv.run(SaleVoidEncryptedVantiv:51)
	at com.kms.katalon.core.main.ScriptEngine.run(ScriptEngine.java:194)
	at com.kms.katalon.core.main.ScriptEngine.runScriptAsRawText(ScriptEngine.java:119)
	at com.kms.katalon.core.main.TestCaseExecutor.runScript(TestCaseExecutor.java:448)
	at com.kms.katalon.core.main.TestCaseExecutor.doExecute(TestCaseExecutor.java:439)
	at com.kms.katalon.core.main.TestCaseExecutor.processExecutionPhase(TestCaseExecutor.java:418)
	at com.kms.katalon.core.main.TestCaseExecutor.accessMainPhase(TestCaseExecutor.java:410)
	at com.kms.katalon.core.main.TestCaseExecutor.execute(TestCaseExecutor.java:285)
	at com.kms.katalon.core.main.TestCaseExecutor.execute(TestCaseExecutor.java:369)
	at com.kms.katalon.core.main.TestCaseExecutor.execute(TestCaseExecutor.java:369)
	at com.kms.katalon.core.main.TestCaseExecutor.execute(TestCaseExecutor.java:369)
	at com.kms.katalon.core.common.CommonExecutor.accessTestCaseMainPhase(CommonExecutor.java:65)
	at com.kms.katalon.core.main.TestSuiteExecutor.accessTestSuiteMainPhase(TestSuiteExecutor.java:148)
	at com.kms.katalon.core.main.TestSuiteExecutor.execute(TestSuiteExecutor.java:106)
	at com.kms.katalon.core.main.TestCaseMain.startTestSuite(TestCaseMain.java:187)
	at com.kms.katalon.core.main.TestCaseMain$startTestSuite$0.call(Unknown Source)
	at TempTestSuite1716587884116.run(TempTestSuite1716587884116.groovy:35)
Caused by: org.openqa.selenium.JavascriptException: javascript error: Element name=transaction_type not found
  (Session info: chrome=125.0.6422.77)
Build info: version: '3.141.59', revision: 'e82be7d358', time: '2018-11-14T08:25:53'
System info: host: 'DESKTOP-B2QI6NS', ip: '172.31.253.185', os.name: 'Windows 10', os.arch: 'amd64', os.version: '10.0', java.version: '1.8.0_181'
Driver info: com.kms.katalon.selenium.driver.CChromeDriver
Capabilities {acceptInsecureCerts: true, browserName: chrome, browserVersion: 125.0.6422.77, chrome: {chromedriverVersion: 125.0.6422.78 (14db42ec38ad..., userDataDir: C:\Users\imtiaz\AppData\Loc...}, fedcm:accounts: true, goog:chromeOptions: {debuggerAddress: localhost:49559}, javascriptEnabled: true, networkConnectionEnabled: false, pageLoadStrategy: normal, platform: WINDOWS, platformName: WINDOWS, proxy: Proxy(), setWindowRect: true, strictFileInteractability: false, timeouts: {implicit: 0, pageLoad: 300000, script: 30000}, unhandledPromptBehavior: dismiss and notify, webauthn:extension:credBlob: true, webauthn:extension:largeBlob: true, webauthn:extension:minPinLength: true, webauthn:extension:prf: true, webauthn:virtualAuthenticators: true}
Session ID: fac0d905b91b5ce7370d1f22217303e5
	at org.openqa.selenium.remote.http.W3CHttpResponseCodec.createException(W3CHttpResponseCodec.java:187)
	at org.openqa.selenium.remote.http.W3CHttpResponseCodec.decode(W3CHttpResponseCodec.java:122)
	at org.openqa.selenium.remote.http.W3CHttpResponseCodec.decode(W3CHttpResponseCodec.java:49)
	at org.openqa.selenium.remote.HttpCommandExecutor.execute(HttpCommandExecutor.java:158)
	at org.openqa.selenium.remote.service.DriverCommandExecutor.execute(DriverCommandExecutor.java:83)
	at org.openqa.selenium.remote.RemoteWebDriver.execute(RemoteWebDriver.java:552)
	at com.kms.katalon.selenium.driver.CChromeDriver.execute(CChromeDriver.java:19)
	at org.openqa.selenium.remote.RemoteWebDriver.executeScript(RemoteWebDriver.java:489)
	at org.openqa.selenium.support.events.EventFiringWebDriver.lambda$new$1(EventFiringWebDriver.java:105)
	at com.sun.proxy.$Proxy10.executeScript(Unknown Source)
	at org.openqa.selenium.support.events.EventFiringWebDriver.executeScript(EventFiringWebDriver.java:229)
	at com.thoughtworks.selenium.webdriven.ElementFinder.findElement(ElementFinder.java:91)
	... 25 more]]></system-err>
      </testcase>
      <testcase name="Test Cases/Gateway Upgrade Live Processors/AuthAndCaptureAndVoidTSYS" time="35.756" classname="Test Cases/Gateway Upgrade Live Processors/AuthAndCaptureAndVoidTSYS" status="PASSED">
         <system-out><![CDATA[2024-05-24 18:01:29 - [TEST_CASE][PASSED] - Test Cases/Gateway Upgrade Live Processors/AuthAndCaptureAndVoidTSYS: Test Cases/Gateway Upgrade Live Processors/AuthAndCaptureAndVoidTSYS

2024-05-24 18:01:30 - [TEST_STEP][PASSED] - "----------------------------------------------------": null

2024-05-24 18:01:30 - [TEST_STEP][PASSED] - "This test case script is generated by Katalon Studio": null

2024-05-24 18:01:30 - [TEST_STEP][PASSED] - "Generated date: 11-Jul-2023 04:22:40 PM": null

2024-05-24 18:01:30 - [TEST_STEP][PASSED] - "File path: C:\Users\imtiaz\Documents\Sel-New\CPSVantivTSYSWWW\Vlink-Prod.side": null

2024-05-24 18:01:30 - [TEST_STEP][PASSED] - "Generated by: iahmed@govolution.com": null

2024-05-24 18:01:30 - [TEST_STEP][PASSED] - baseUrl = "https://dev-algorithm.govolution.com/vlinktest/": null

2024-05-24 18:01:30 - [TEST_STEP][PASSED] - openBrowser(""): Browser is opened with url: ''

2024-05-24 18:01:30 - [MESSAGE][WARNING] - A browser is already opened. Closing browser and opening a new one

2024-05-24 18:01:31 - [MESSAGE][INFO] - Starting 'Chrome' driver

2024-05-24 18:01:31 - [MESSAGE][INFO] - User set preference: ['acceptInsecureCerts', 'true']

2024-05-24 18:01:31 - [MESSAGE][INFO] - Action delay is set to 0 milliseconds

2024-05-24 18:01:32 - [MESSAGE][PASSED] - Browser is opened with url: ''

2024-05-24 18:01:32 - [TEST_STEP][PASSED] - selenium = new com.kms.katalon.core.webui.driver.KatalonWebDriverBackedSelenium(baseUrl): null

2024-05-24 18:01:32 - [TEST_STEP][PASSED] - out.println("Begin AuthAndCaptureAndVoidTSYS"): null

2024-05-24 18:01:32 - [TEST_STEP][PASSED] - selenium.open("Upgrade/version_2_0/auth.html"): null

2024-05-24 18:01:33 - [TEST_STEP][PASSED] - selenium.type("name=transaction_type", "100"): null

2024-05-24 18:01:33 - [TEST_STEP][PASSED] - selenium.type("name=message_version", "2.0C"): null

2024-05-24 18:01:33 - [TEST_STEP][PASSED] - genRemID = RandomStringUtils.random(12, true, true): null

2024-05-24 18:01:33 - [TEST_STEP][PASSED] - selenium.type("name=remittance_id", genRemID): null

2024-05-24 18:01:33 - [TEST_STEP][PASSED] - selenium.type("name=application_id", "3899"): null

2024-05-24 18:01:33 - [TEST_STEP][PASSED] - selenium.type("name=username", "username"): null

2024-05-24 18:01:33 - [TEST_STEP][PASSED] - selenium.type("name=password", "password"): null

2024-05-24 18:01:33 - [TEST_STEP][PASSED] - selenium.type("name=response_format", "fixed_width"): null

2024-05-24 18:01:33 - [TEST_STEP][PASSED] - selenium.type("name=category", "ECOM"): null

2024-05-24 18:01:34 - [TEST_STEP][PASSED] - selenium.type("name=transaction_id", ""): null

2024-05-24 18:01:34 - [TEST_STEP][PASSED] - selenium.type("name=approval_code", ""): null

2024-05-24 18:01:34 - [TEST_STEP][PASSED] - selenium.type("name=card_name", "James Smithy"): null

2024-05-24 18:01:34 - [TEST_STEP][PASSED] - selenium.type("name=card_address", "2000 14th Street N"): null

2024-05-24 18:01:34 - [TEST_STEP][PASSED] - selenium.type("name=card_address2", "Suite 600"): null

2024-05-24 18:01:34 - [TEST_STEP][PASSED] - selenium.type("name=card_city", "Arlington"): null

2024-05-24 18:01:34 - [TEST_STEP][PASSED] - selenium.type("name=card_state", "VA"): null

2024-05-24 18:01:34 - [TEST_STEP][PASSED] - selenium.type("name=card_zip", "22201"): null

2024-05-24 18:01:34 - [TEST_STEP][PASSED] - selenium.type("name=country_id", "840"): null

2024-05-24 18:01:34 - [TEST_STEP][PASSED] - selenium.type("name=amount", "0.15"): null

2024-05-24 18:01:34 - [TEST_STEP][PASSED] - selenium.type("name=card_number", "5567080011582646"): null

2024-05-24 18:01:34 - [TEST_STEP][PASSED] - selenium.type("name=card_exmo", "03"): null

2024-05-24 18:01:34 - [TEST_STEP][PASSED] - selenium.type("name=card_exyr", "2026"): null

2024-05-24 18:01:34 - [TEST_STEP][PASSED] - selenium.type("name=cvv_data", ""): null

2024-05-24 18:01:34 - [TEST_STEP][PASSED] - selenium.type("name=cvv_state", ""): null

2024-05-24 18:01:34 - [TEST_STEP][PASSED] - selenium.type("name=track_data", ""): null

2024-05-24 18:01:34 - [TEST_STEP][PASSED] - selenium.type("name=track_1_data", ""): null

2024-05-24 18:01:35 - [TEST_STEP][PASSED] - selenium.type("name=track_2_data", ""): null

2024-05-24 18:01:35 - [TEST_STEP][PASSED] - selenium.type("name=entry_mode", "manual"): null

2024-05-24 18:01:35 - [TEST_STEP][PASSED] - selenium.type("name=email", ""): null

2024-05-24 18:01:35 - [TEST_STEP][PASSED] - selenium.type("name=order_number", ""): null

2024-05-24 18:01:35 - [TEST_STEP][PASSED] - selenium.type("name=tax_amount", ""): null

2024-05-24 18:01:35 - [TEST_STEP][PASSED] - selenium.type("name=charge_description", ""): null

2024-05-24 18:01:35 - [TEST_STEP][PASSED] - selenium.type("name=client_account_number", "852852"): null

2024-05-24 18:01:35 - [TEST_STEP][PASSED] - selenium.type("name=bill_payment_indicator", ""): null

2024-05-24 18:01:35 - [TEST_STEP][PASSED] - selenium.type("name=user_defined1", "udf1"): null

2024-05-24 18:01:35 - [TEST_STEP][PASSED] - selenium.type("name=user_defined2", "udf2"): null

2024-05-24 18:01:35 - [TEST_STEP][PASSED] - selenium.type("name=user_defined3", "udf3"): null

2024-05-24 18:01:35 - [TEST_STEP][PASSED] - selenium.type("name=user_defined4", "udf4"): null

2024-05-24 18:01:35 - [TEST_STEP][PASSED] - selenium.type("name=user_defined5", "udf5"): null

2024-05-24 18:01:35 - [TEST_STEP][PASSED] - selenium.type("name=user_defined6", "udf6"): null

2024-05-24 18:01:35 - [TEST_STEP][PASSED] - selenium.type("name=user_defined7", "udf7"): null

2024-05-24 18:01:36 - [TEST_STEP][PASSED] - selenium.type("name=user_defined8", "udf8"): null

2024-05-24 18:01:36 - [TEST_STEP][PASSED] - selenium.type("name=user_defined9", "udf9"): null

2024-05-24 18:01:36 - [TEST_STEP][PASSED] - selenium.type("name=user_defined10", "udf10"): null

2024-05-24 18:01:36 - [TEST_STEP][PASSED] - selenium.click("css=input[type='submit']"): null

2024-05-24 18:01:42 - [TEST_STEP][PASSED] - if (verifyTextPresent("Transaction approved, no errors", true)): null

2024-05-24 18:01:42 - [MESSAGE][PASSED] - Text 'Transaction approved, no errors' is present on page  using regular expression

2024-05-24 18:01:42 - [TEST_STEP][PASSED] - println("Transaction Approved, no errors text is present on the Confirmation page"): null

2024-05-24 18:01:42 - [TEST_STEP][PASSED] - sdfo = getText(findTestObject("Object Repository/Page_VLinkReceipt/pre_STX")): Text of object 'Object Repository/Page_VLinkReceipt/pre_STX' is: '<STX>vQprkzxufXvJ                  321294418           0  Transaction approved, no errors                   0                                                                                  Y 001695   <ETX>'

2024-05-24 18:01:42 - [MESSAGE][PASSED] - Text of object 'Object Repository/Page_VLinkReceipt/pre_STX' is: '<STX>vQprkzxufXvJ                  321294418           0  Transaction approved, no errors                   0                                                                                  Y 001695   <ETX>'

2024-05-24 18:01:42 - [TEST_STEP][PASSED] - out.println("sdfo: " + sdfo): null

2024-05-24 18:01:42 - [TEST_STEP][PASSED] - remID = substring(5, 35).trim(): null

2024-05-24 18:01:42 - [TEST_STEP][PASSED] - out.println("remID: " + remID): null

2024-05-24 18:01:42 - [TEST_STEP][PASSED] - traxID = substring(35, 55).trim(): null

2024-05-24 18:01:42 - [TEST_STEP][PASSED] - out.println("traxID: " + traxID): null

2024-05-24 18:01:42 - [TEST_STEP][PASSED] - VLinkSaleRemID = remID: null

2024-05-24 18:01:42 - [TEST_STEP][PASSED] - VLinkSaleTranxID = traxID: null

2024-05-24 18:01:42 - [TEST_STEP][PASSED] - selenium.open("Upgrade/version_2_0/capture.html"): null

2024-05-24 18:01:43 - [TEST_STEP][PASSED] - selenium.type("name=transaction_type", "102"): null

2024-05-24 18:01:43 - [TEST_STEP][PASSED] - selenium.type("name=message_version", "2.0C"): null

2024-05-24 18:01:43 - [TEST_STEP][PASSED] - selenium.type("name=remittance_id", VLinkSaleRemID): null

2024-05-24 18:01:43 - [TEST_STEP][PASSED] - selenium.type("name=application_id", "3899"): null

2024-05-24 18:01:43 - [TEST_STEP][PASSED] - selenium.type("name=username", "username"): null

2024-05-24 18:01:43 - [TEST_STEP][PASSED] - selenium.type("name=password", "password"): null

2024-05-24 18:01:43 - [TEST_STEP][PASSED] - selenium.type("name=response_format", "fixed_width"): null

2024-05-24 18:01:43 - [TEST_STEP][PASSED] - selenium.type("name=transaction_id", VLinkSaleTranxID): null

2024-05-24 18:01:44 - [TEST_STEP][PASSED] - selenium.type("name=amount", "0.15"): null

2024-05-24 18:01:44 - [TEST_STEP][PASSED] - selenium.type("name=order_number", ""): null

2024-05-24 18:01:44 - [TEST_STEP][PASSED] - selenium.type("name=tax_amount", ""): null

2024-05-24 18:01:44 - [TEST_STEP][PASSED] - selenium.type("name=charge_description", ""): null

2024-05-24 18:01:44 - [TEST_STEP][PASSED] - selenium.type("name=client_account_number", ""): null

2024-05-24 18:01:44 - [TEST_STEP][PASSED] - selenium.type("name=bill_payment_indicator", ""): null

2024-05-24 18:01:44 - [TEST_STEP][PASSED] - selenium.type("name=user_defined1", ""): null

2024-05-24 18:01:44 - [TEST_STEP][PASSED] - selenium.type("name=user_defined2", ""): null

2024-05-24 18:01:44 - [TEST_STEP][PASSED] - selenium.type("name=user_defined3", ""): null

2024-05-24 18:01:44 - [TEST_STEP][PASSED] - selenium.type("name=user_defined4", ""): null

2024-05-24 18:01:45 - [TEST_STEP][PASSED] - selenium.type("name=user_defined5", ""): null

2024-05-24 18:01:45 - [TEST_STEP][PASSED] - selenium.type("name=user_defined6", ""): null

2024-05-24 18:01:45 - [TEST_STEP][PASSED] - selenium.type("name=user_defined7", ""): null

2024-05-24 18:01:45 - [TEST_STEP][PASSED] - selenium.type("name=user_defined8", ""): null

2024-05-24 18:01:45 - [TEST_STEP][PASSED] - selenium.type("name=user_defined9", ""): null

2024-05-24 18:01:45 - [TEST_STEP][PASSED] - selenium.type("name=user_defined10", ""): null

2024-05-24 18:01:45 - [TEST_STEP][PASSED] - selenium.click("css=input[type='submit']"): null

2024-05-24 18:01:55 - [TEST_STEP][PASSED] - if (verifyTextPresent("Transaction approved, no errors", true)): null

2024-05-24 18:01:55 - [MESSAGE][PASSED] - Text 'Transaction approved, no errors' is present on page  using regular expression

2024-05-24 18:01:55 - [TEST_STEP][PASSED] - sdfo = getText(findTestObject("Object Repository/Page_VLinkReceipt/pre_STX")): Text of object 'Object Repository/Page_VLinkReceipt/pre_STX' is: '<STX>vQprkzxufXvJ                  321294428           0  Transaction approved, no errors                   0                                                                                  Y 001695   <ETX>'

2024-05-24 18:01:55 - [MESSAGE][PASSED] - Text of object 'Object Repository/Page_VLinkReceipt/pre_STX' is: '<STX>vQprkzxufXvJ                  321294428           0  Transaction approved, no errors                   0                                                                                  Y 001695   <ETX>'

2024-05-24 18:01:55 - [TEST_STEP][PASSED] - out.println("sdfo: " + sdfo): null

2024-05-24 18:01:55 - [TEST_STEP][PASSED] - remID = substring(5, 35).trim(): null

2024-05-24 18:01:55 - [TEST_STEP][PASSED] - out.println("remID: " + remID): null

2024-05-24 18:01:55 - [TEST_STEP][PASSED] - traxID = substring(35, 55).trim(): null

2024-05-24 18:01:55 - [TEST_STEP][PASSED] - out.println("traxID: " + traxID): null

2024-05-24 18:01:55 - [TEST_STEP][PASSED] - VLinkSaleRemID = remID: null

2024-05-24 18:01:55 - [TEST_STEP][PASSED] - VLinkSaleTranxID = traxID: null

2024-05-24 18:01:55 - [TEST_STEP][PASSED] - selenium.open("Upgrade/version_2_0/CC_void.html"): null

2024-05-24 18:01:55 - [TEST_STEP][PASSED] - selenium.type("name=transaction_type", "106"): null

2024-05-24 18:01:56 - [TEST_STEP][PASSED] - selenium.type("name=message_version", "2.0C"): null

2024-05-24 18:01:56 - [TEST_STEP][PASSED] - selenium.type("name=remittance_id", VLinkSaleRemID): null

2024-05-24 18:01:56 - [TEST_STEP][PASSED] - selenium.type("name=application_id", "3899"): null

2024-05-24 18:01:56 - [TEST_STEP][PASSED] - selenium.type("name=username", "username"): null

2024-05-24 18:01:56 - [TEST_STEP][PASSED] - selenium.type("name=password", "password"): null

2024-05-24 18:01:56 - [TEST_STEP][PASSED] - selenium.type("name=response_format", "fixed_width"): null

2024-05-24 18:01:56 - [TEST_STEP][PASSED] - selenium.type("name=transaction_id", VLinkSaleTranxID): null

2024-05-24 18:01:56 - [TEST_STEP][PASSED] - selenium.type("name=original_transaction_type", "102"): null

2024-05-24 18:01:56 - [TEST_STEP][PASSED] - selenium.type("name=track_data", ""): null

2024-05-24 18:01:56 - [TEST_STEP][PASSED] - selenium.type("name=track_1_data", ""): null

2024-05-24 18:01:56 - [TEST_STEP][PASSED] - selenium.type("name=track_2_data", ""): null

2024-05-24 18:01:56 - [TEST_STEP][PASSED] - selenium.type("name=tax_amount", ""): null

2024-05-24 18:01:56 - [TEST_STEP][PASSED] - selenium.type("name=client_account_number", ""): null

2024-05-24 18:01:56 - [TEST_STEP][PASSED] - selenium.click("css=input[type='submit']"): null

2024-05-24 18:02:05 - [TEST_STEP][PASSED] - verifyTrue(selenium.isTextPresent("Transaction approved, no errors")): null]]></system-out>
         <system-err><![CDATA[]]></system-err>
      </testcase>
      <testcase name="Test Cases/Gateway Upgrade Live Processors/AuthAndCaptureAndVoidVantiv" time="34.206" classname="Test Cases/Gateway Upgrade Live Processors/AuthAndCaptureAndVoidVantiv" status="PASSED">
         <system-out><![CDATA[2024-05-24 18:02:05 - [TEST_CASE][PASSED] - Test Cases/Gateway Upgrade Live Processors/AuthAndCaptureAndVoidVantiv: Test Cases/Gateway Upgrade Live Processors/AuthAndCaptureAndVoidVantiv

2024-05-24 18:02:05 - [TEST_STEP][PASSED] - "----------------------------------------------------": null

2024-05-24 18:02:05 - [TEST_STEP][PASSED] - "This test case script is generated by Katalon Studio": null

2024-05-24 18:02:05 - [TEST_STEP][PASSED] - "Generated date: 11-Jul-2023 04:22:42 PM": null

2024-05-24 18:02:05 - [TEST_STEP][PASSED] - "File path: C:\Users\imtiaz\Documents\Sel-New\CPSVantivTSYSWWW\Vlink-Prod.side": null

2024-05-24 18:02:05 - [TEST_STEP][PASSED] - "Generated by: iahmed@govolution.com": null

2024-05-24 18:02:05 - [TEST_STEP][PASSED] - baseUrl = "https://dev-algorithm.govolution.com/vlinktest/": null

2024-05-24 18:02:05 - [TEST_STEP][PASSED] - openBrowser(""): Browser is opened with url: ''

2024-05-24 18:02:05 - [MESSAGE][WARNING] - A browser is already opened. Closing browser and opening a new one

2024-05-24 18:02:07 - [MESSAGE][INFO] - Starting 'Chrome' driver

2024-05-24 18:02:07 - [MESSAGE][INFO] - User set preference: ['acceptInsecureCerts', 'true']

2024-05-24 18:02:07 - [MESSAGE][INFO] - Action delay is set to 0 milliseconds

2024-05-24 18:02:08 - [MESSAGE][PASSED] - Browser is opened with url: ''

2024-05-24 18:02:08 - [TEST_STEP][PASSED] - selenium = new com.kms.katalon.core.webui.driver.KatalonWebDriverBackedSelenium(baseUrl): null

2024-05-24 18:02:08 - [TEST_STEP][PASSED] - out.println("Begin AuthAndCaptureAndVoidVantiv"): null

2024-05-24 18:02:08 - [TEST_STEP][PASSED] - selenium.open("Upgrade/version_2_0/auth.html"): null

2024-05-24 18:02:09 - [TEST_STEP][PASSED] - selenium.type("name=transaction_type", "100"): null

2024-05-24 18:02:09 - [TEST_STEP][PASSED] - selenium.type("name=message_version", "2.0C"): null

2024-05-24 18:02:09 - [TEST_STEP][PASSED] - genRemID = RandomStringUtils.random(12, true, true): null

2024-05-24 18:02:09 - [TEST_STEP][PASSED] - selenium.type("name=remittance_id", genRemID): null

2024-05-24 18:02:09 - [TEST_STEP][PASSED] - selenium.type("name=application_id", "3576"): null

2024-05-24 18:02:09 - [TEST_STEP][PASSED] - selenium.type("name=username", "username"): null

2024-05-24 18:02:09 - [TEST_STEP][PASSED] - selenium.type("name=password", "password"): null

2024-05-24 18:02:09 - [TEST_STEP][PASSED] - selenium.type("name=response_format", "fixed_width"): null

2024-05-24 18:02:09 - [TEST_STEP][PASSED] - selenium.type("name=category", "ECOM"): null

2024-05-24 18:02:09 - [TEST_STEP][PASSED] - selenium.type("name=transaction_id", ""): null

2024-05-24 18:02:09 - [TEST_STEP][PASSED] - selenium.type("name=approval_code", ""): null

2024-05-24 18:02:09 - [TEST_STEP][PASSED] - selenium.type("name=card_name", "James Smithy"): null

2024-05-24 18:02:10 - [TEST_STEP][PASSED] - selenium.type("name=card_address", "2000 14th Street N"): null

2024-05-24 18:02:10 - [TEST_STEP][PASSED] - selenium.type("name=card_address2", "Suite 600"): null

2024-05-24 18:02:10 - [TEST_STEP][PASSED] - selenium.type("name=card_city", "Arlington"): null

2024-05-24 18:02:10 - [TEST_STEP][PASSED] - selenium.type("name=card_state", "VA"): null

2024-05-24 18:02:10 - [TEST_STEP][PASSED] - selenium.type("name=card_zip", "22201"): null

2024-05-24 18:02:10 - [TEST_STEP][PASSED] - selenium.type("name=country_id", "840"): null

2024-05-24 18:02:10 - [TEST_STEP][PASSED] - selenium.type("name=amount", "0.16"): null

2024-05-24 18:02:10 - [TEST_STEP][PASSED] - selenium.type("name=card_number", "5567080011582646"): null

2024-05-24 18:02:10 - [TEST_STEP][PASSED] - selenium.type("name=card_exmo", "03"): null

2024-05-24 18:02:10 - [TEST_STEP][PASSED] - selenium.type("name=card_exyr", "2026"): null

2024-05-24 18:02:10 - [TEST_STEP][PASSED] - selenium.type("name=cvv_data", ""): null

2024-05-24 18:02:10 - [TEST_STEP][PASSED] - selenium.type("name=cvv_state", ""): null

2024-05-24 18:02:10 - [TEST_STEP][PASSED] - selenium.type("name=track_data", ""): null

2024-05-24 18:02:10 - [TEST_STEP][PASSED] - selenium.type("name=track_1_data", ""): null

2024-05-24 18:02:10 - [TEST_STEP][PASSED] - selenium.type("name=track_2_data", ""): null

2024-05-24 18:02:10 - [TEST_STEP][PASSED] - selenium.type("name=entry_mode", "manual"): null

2024-05-24 18:02:10 - [TEST_STEP][PASSED] - selenium.type("name=email", ""): null

2024-05-24 18:02:11 - [TEST_STEP][PASSED] - selenium.type("name=order_number", ""): null

2024-05-24 18:02:11 - [TEST_STEP][PASSED] - selenium.type("name=tax_amount", ""): null

2024-05-24 18:02:11 - [TEST_STEP][PASSED] - selenium.type("name=charge_description", ""): null

2024-05-24 18:02:11 - [TEST_STEP][PASSED] - selenium.type("name=client_account_number", "852852"): null

2024-05-24 18:02:11 - [TEST_STEP][PASSED] - selenium.type("name=bill_payment_indicator", ""): null

2024-05-24 18:02:11 - [TEST_STEP][PASSED] - selenium.type("name=user_defined1", "udf1"): null

2024-05-24 18:02:11 - [TEST_STEP][PASSED] - selenium.type("name=user_defined2", "udf2"): null

2024-05-24 18:02:11 - [TEST_STEP][PASSED] - selenium.type("name=user_defined3", "udf3"): null

2024-05-24 18:02:11 - [TEST_STEP][PASSED] - selenium.type("name=user_defined4", "udf4"): null

2024-05-24 18:02:11 - [TEST_STEP][PASSED] - selenium.type("name=user_defined5", "udf5"): null

2024-05-24 18:02:11 - [TEST_STEP][PASSED] - selenium.type("name=user_defined6", "udf6"): null

2024-05-24 18:02:11 - [TEST_STEP][PASSED] - selenium.type("name=user_defined7", "udf7"): null

2024-05-24 18:02:11 - [TEST_STEP][PASSED] - selenium.type("name=user_defined8", "udf8"): null

2024-05-24 18:02:11 - [TEST_STEP][PASSED] - selenium.type("name=user_defined9", "udf9"): null

2024-05-24 18:02:11 - [TEST_STEP][PASSED] - selenium.type("name=user_defined10", "udf10"): null

2024-05-24 18:02:11 - [TEST_STEP][PASSED] - selenium.click("css=input[type='submit']"): null

2024-05-24 18:02:16 - [TEST_STEP][PASSED] - if (verifyTextPresent("Transaction approved, no errors", true)): null

2024-05-24 18:02:17 - [MESSAGE][PASSED] - Text 'Transaction approved, no errors' is present on page  using regular expression

2024-05-24 18:02:17 - [TEST_STEP][PASSED] - println("Transaction Approved, no errors text is present on the Confirmation page"): null

2024-05-24 18:02:17 - [TEST_STEP][PASSED] - sdfo = getText(findTestObject("Object Repository/Page_VLinkReceipt/pre_STX")): Text of object 'Object Repository/Page_VLinkReceipt/pre_STX' is: '<STX>nk63fxjEqJTv                  321294439           0  Transaction approved, no errors                   0                                                                                  Y 019195   <ETX>'

2024-05-24 18:02:17 - [MESSAGE][PASSED] - Text of object 'Object Repository/Page_VLinkReceipt/pre_STX' is: '<STX>nk63fxjEqJTv                  321294439           0  Transaction approved, no errors                   0                                                                                  Y 019195   <ETX>'

2024-05-24 18:02:17 - [TEST_STEP][PASSED] - out.println("sdfo: " + sdfo): null

2024-05-24 18:02:17 - [TEST_STEP][PASSED] - remID = substring(5, 35).trim(): null

2024-05-24 18:02:17 - [TEST_STEP][PASSED] - out.println("remID: " + remID): null

2024-05-24 18:02:17 - [TEST_STEP][PASSED] - traxID = substring(35, 55).trim(): null

2024-05-24 18:02:17 - [TEST_STEP][PASSED] - out.println("traxID: " + traxID): null

2024-05-24 18:02:17 - [TEST_STEP][PASSED] - VLinkSaleRemID = remID: null

2024-05-24 18:02:17 - [TEST_STEP][PASSED] - VLinkSaleTranxID = traxID: null

2024-05-24 18:02:17 - [TEST_STEP][PASSED] - selenium.open("Upgrade/version_2_0/capture.html"): null

2024-05-24 18:02:17 - [TEST_STEP][PASSED] - selenium.type("name=transaction_type", "102"): null

2024-05-24 18:02:17 - [TEST_STEP][PASSED] - selenium.type("name=message_version", "2.0C"): null

2024-05-24 18:02:17 - [TEST_STEP][PASSED] - selenium.type("name=remittance_id", VLinkSaleRemID): null

2024-05-24 18:02:17 - [TEST_STEP][PASSED] - selenium.type("name=application_id", "3576"): null

2024-05-24 18:02:17 - [TEST_STEP][PASSED] - selenium.type("name=username", "username"): null

2024-05-24 18:02:18 - [TEST_STEP][PASSED] - selenium.type("name=password", "password"): null

2024-05-24 18:02:18 - [TEST_STEP][PASSED] - selenium.type("name=response_format", "fixed_width"): null

2024-05-24 18:02:18 - [TEST_STEP][PASSED] - selenium.type("name=transaction_id", VLinkSaleTranxID): null

2024-05-24 18:02:18 - [TEST_STEP][PASSED] - selenium.type("name=amount", "0.16"): null

2024-05-24 18:02:18 - [TEST_STEP][PASSED] - selenium.type("name=order_number", ""): null

2024-05-24 18:02:18 - [TEST_STEP][PASSED] - selenium.type("name=tax_amount", ""): null

2024-05-24 18:02:18 - [TEST_STEP][PASSED] - selenium.type("name=charge_description", ""): null

2024-05-24 18:02:18 - [TEST_STEP][PASSED] - selenium.type("name=client_account_number", ""): null

2024-05-24 18:02:18 - [TEST_STEP][PASSED] - selenium.type("name=bill_payment_indicator", ""): null

2024-05-24 18:02:18 - [TEST_STEP][PASSED] - selenium.type("name=user_defined1", ""): null

2024-05-24 18:02:18 - [TEST_STEP][PASSED] - selenium.type("name=user_defined2", ""): null

2024-05-24 18:02:18 - [TEST_STEP][PASSED] - selenium.type("name=user_defined3", ""): null

2024-05-24 18:02:19 - [TEST_STEP][PASSED] - selenium.type("name=user_defined4", ""): null

2024-05-24 18:02:19 - [TEST_STEP][PASSED] - selenium.type("name=user_defined5", ""): null

2024-05-24 18:02:19 - [TEST_STEP][PASSED] - selenium.type("name=user_defined6", ""): null

2024-05-24 18:02:19 - [TEST_STEP][PASSED] - selenium.type("name=user_defined7", ""): null

2024-05-24 18:02:19 - [TEST_STEP][PASSED] - selenium.type("name=user_defined8", ""): null

2024-05-24 18:02:19 - [TEST_STEP][PASSED] - selenium.type("name=user_defined9", ""): null

2024-05-24 18:02:19 - [TEST_STEP][PASSED] - selenium.type("name=user_defined10", ""): null

2024-05-24 18:02:19 - [TEST_STEP][PASSED] - selenium.click("css=input[type='submit']"): null

2024-05-24 18:02:28 - [TEST_STEP][PASSED] - if (verifyTextPresent("Transaction approved, no errors", true)): null

2024-05-24 18:02:28 - [MESSAGE][PASSED] - Text 'Transaction approved, no errors' is present on page  using regular expression

2024-05-24 18:02:28 - [TEST_STEP][PASSED] - sdfo = getText(findTestObject("Object Repository/Page_VLinkReceipt/pre_STX")): Text of object 'Object Repository/Page_VLinkReceipt/pre_STX' is: '<STX>nk63fxjEqJTv                  321294444           0  Transaction approved, no errors                   0                                                                                  Y 019195   <ETX>'

2024-05-24 18:02:28 - [MESSAGE][PASSED] - Text of object 'Object Repository/Page_VLinkReceipt/pre_STX' is: '<STX>nk63fxjEqJTv                  321294444           0  Transaction approved, no errors                   0                                                                                  Y 019195   <ETX>'

2024-05-24 18:02:28 - [TEST_STEP][PASSED] - out.println("sdfo: " + sdfo): null

2024-05-24 18:02:28 - [TEST_STEP][PASSED] - remID = substring(5, 35).trim(): null

2024-05-24 18:02:28 - [TEST_STEP][PASSED] - out.println("remID: " + remID): null

2024-05-24 18:02:28 - [TEST_STEP][PASSED] - traxID = substring(35, 55).trim(): null

2024-05-24 18:02:28 - [TEST_STEP][PASSED] - out.println("traxID: " + traxID): null

2024-05-24 18:02:28 - [TEST_STEP][PASSED] - VLinkSaleRemID = remID: null

2024-05-24 18:02:28 - [TEST_STEP][PASSED] - VLinkSaleTranxID = traxID: null

2024-05-24 18:02:28 - [TEST_STEP][PASSED] - selenium.open("Upgrade/version_2_0/CC_void.html"): null

2024-05-24 18:02:29 - [TEST_STEP][PASSED] - selenium.type("name=transaction_type", "106"): null

2024-05-24 18:02:29 - [TEST_STEP][PASSED] - selenium.type("name=message_version", "2.0C"): null

2024-05-24 18:02:29 - [TEST_STEP][PASSED] - selenium.type("name=remittance_id", VLinkSaleRemID): null

2024-05-24 18:02:29 - [TEST_STEP][PASSED] - selenium.type("name=application_id", "3576"): null

2024-05-24 18:02:29 - [TEST_STEP][PASSED] - selenium.type("name=username", "username"): null

2024-05-24 18:02:29 - [TEST_STEP][PASSED] - selenium.type("name=password", "password"): null

2024-05-24 18:02:29 - [TEST_STEP][PASSED] - selenium.type("name=response_format", "fixed_width"): null

2024-05-24 18:02:29 - [TEST_STEP][PASSED] - selenium.type("name=transaction_id", VLinkSaleTranxID): null

2024-05-24 18:02:29 - [TEST_STEP][PASSED] - selenium.type("name=original_transaction_type", "102"): null

2024-05-24 18:02:29 - [TEST_STEP][PASSED] - selenium.type("name=track_data", ""): null

2024-05-24 18:02:29 - [TEST_STEP][PASSED] - selenium.type("name=track_1_data", ""): null

2024-05-24 18:02:29 - [TEST_STEP][PASSED] - selenium.type("name=track_2_data", ""): null

2024-05-24 18:02:29 - [TEST_STEP][PASSED] - selenium.type("name=tax_amount", ""): null

2024-05-24 18:02:29 - [TEST_STEP][PASSED] - selenium.type("name=client_account_number", ""): null

2024-05-24 18:02:30 - [TEST_STEP][PASSED] - selenium.click("css=input[type='submit']"): null

2024-05-24 18:02:39 - [TEST_STEP][PASSED] - verifyTrue(selenium.isTextPresent("Transaction approved, no errors")): null]]></system-out>
         <system-err><![CDATA[]]></system-err>
      </testcase>
      <testcase name="Test Cases/Gateway Upgrade Live Processors/SaleAndVoidFDMS" time="15.977" classname="Test Cases/Gateway Upgrade Live Processors/SaleAndVoidFDMS" status="PASSED">
         <system-out><![CDATA[2024-05-24 18:02:39 - [TEST_CASE][PASSED] - Test Cases/Gateway Upgrade Live Processors/SaleAndVoidFDMS: Test Cases/Gateway Upgrade Live Processors/SaleAndVoidFDMS

2024-05-24 18:02:40 - [TEST_STEP][PASSED] - "----------------------------------------------------": null

2024-05-24 18:02:40 - [TEST_STEP][PASSED] - "This test case script is generated by Katalon Studio": null

2024-05-24 18:02:40 - [TEST_STEP][PASSED] - "Generated date: 11-Jul-2023 04:22:48 PM": null

2024-05-24 18:02:40 - [TEST_STEP][PASSED] - "File path: C:\Users\imtiaz\Documents\Sel-New\CPSVantivTSYSWWW\Vlink-Prod.side": null

2024-05-24 18:02:40 - [TEST_STEP][PASSED] - "Generated by: iahmed@govolution.com": null

2024-05-24 18:02:40 - [TEST_STEP][PASSED] - baseUrl = "https://dev-algorithm.govolution.com/vlinktest/": null

2024-05-24 18:02:40 - [TEST_STEP][PASSED] - openBrowser(""): Browser is opened with url: ''

2024-05-24 18:02:40 - [MESSAGE][WARNING] - A browser is already opened. Closing browser and opening a new one

2024-05-24 18:02:41 - [MESSAGE][INFO] - Starting 'Chrome' driver

2024-05-24 18:02:41 - [MESSAGE][INFO] - User set preference: ['acceptInsecureCerts', 'true']

2024-05-24 18:02:41 - [MESSAGE][INFO] - Action delay is set to 0 milliseconds

2024-05-24 18:02:42 - [MESSAGE][PASSED] - Browser is opened with url: ''

2024-05-24 18:02:42 - [TEST_STEP][PASSED] - selenium = new com.kms.katalon.core.webui.driver.KatalonWebDriverBackedSelenium(baseUrl): null

2024-05-24 18:02:42 - [TEST_STEP][PASSED] - out.println("Begin SaleAndVoidFDMS"): null

2024-05-24 18:02:42 - [TEST_STEP][PASSED] - selenium.open("Upgrade/version_2_0/authcap.html"): null

2024-05-24 18:02:43 - [TEST_STEP][PASSED] - selenium.type("name=transaction_type", "104"): null

2024-05-24 18:02:43 - [TEST_STEP][PASSED] - selenium.type("name=message_version", "2.0C"): null

2024-05-24 18:02:43 - [TEST_STEP][PASSED] - genRemID = RandomStringUtils.random(12, true, true): null

2024-05-24 18:02:43 - [TEST_STEP][PASSED] - selenium.type("name=remittance_id", genRemID): null

2024-05-24 18:02:43 - [TEST_STEP][PASSED] - selenium.type("name=application_id", "32"): null

2024-05-24 18:02:43 - [TEST_STEP][PASSED] - selenium.type("name=username", "foo"): null

2024-05-24 18:02:43 - [TEST_STEP][PASSED] - selenium.type("name=password", "bar"): null

2024-05-24 18:02:43 - [TEST_STEP][PASSED] - selenium.type("name=response_format", "fixed_width"): null

2024-05-24 18:02:43 - [TEST_STEP][PASSED] - selenium.type("name=category", "ECOM"): null

2024-05-24 18:02:43 - [TEST_STEP][PASSED] - selenium.type("name=transaction_id", ""): null

2024-05-24 18:02:43 - [TEST_STEP][PASSED] - selenium.type("name=approval_code", ""): null

2024-05-24 18:02:43 - [TEST_STEP][PASSED] - selenium.type("name=card_name", "James Smith"): null

2024-05-24 18:02:43 - [TEST_STEP][PASSED] - selenium.type("name=card_address", "2000 14th Street N"): null

2024-05-24 18:02:44 - [TEST_STEP][PASSED] - selenium.type("name=card_address2", "Suite 600"): null

2024-05-24 18:02:44 - [TEST_STEP][PASSED] - selenium.type("name=card_city", "Arlington"): null

2024-05-24 18:02:44 - [TEST_STEP][PASSED] - selenium.type("name=card_state", "VA"): null

2024-05-24 18:02:44 - [TEST_STEP][PASSED] - selenium.type("name=card_zip", "22201"): null

2024-05-24 18:02:44 - [TEST_STEP][PASSED] - selenium.type("name=country_id", "840"): null

2024-05-24 18:02:44 - [TEST_STEP][PASSED] - selenium.type("name=amount", "0.11"): null

2024-05-24 18:02:44 - [TEST_STEP][PASSED] - selenium.type("name=card_number", "5567080011582646"): null

2024-05-24 18:02:44 - [TEST_STEP][PASSED] - selenium.type("name=card_exmo", "03"): null

2024-05-24 18:02:44 - [TEST_STEP][PASSED] - selenium.type("name=card_exyr", "2026"): null

2024-05-24 18:02:44 - [TEST_STEP][PASSED] - selenium.type("name=cvv_data", ""): null

2024-05-24 18:02:44 - [TEST_STEP][PASSED] - selenium.type("name=cvv_state", ""): null

2024-05-24 18:02:44 - [TEST_STEP][PASSED] - selenium.type("name=track_data", ""): null

2024-05-24 18:02:44 - [TEST_STEP][PASSED] - selenium.type("name=track_1_data", ""): null

2024-05-24 18:02:44 - [TEST_STEP][PASSED] - selenium.type("name=track_2_data", ""): null

2024-05-24 18:02:44 - [TEST_STEP][PASSED] - selenium.type("name=entry_mode", "manual"): null

2024-05-24 18:02:44 - [TEST_STEP][PASSED] - selenium.type("name=email", ""): null

2024-05-24 18:02:44 - [TEST_STEP][PASSED] - selenium.type("name=order_number", ""): null

2024-05-24 18:02:44 - [TEST_STEP][PASSED] - selenium.type("name=tax_amount", "6.57"): null

2024-05-24 18:02:44 - [TEST_STEP][PASSED] - selenium.type("name=charge_description", ""): null

2024-05-24 18:02:45 - [TEST_STEP][PASSED] - selenium.type("name=client_account_number", "852852"): null

2024-05-24 18:02:45 - [TEST_STEP][PASSED] - selenium.type("name=bill_payment_indicator", ""): null

2024-05-24 18:02:45 - [TEST_STEP][PASSED] - selenium.type("name=user_defined1", "udf1"): null

2024-05-24 18:02:45 - [TEST_STEP][PASSED] - selenium.type("name=user_defined2", "udf2"): null

2024-05-24 18:02:45 - [TEST_STEP][PASSED] - selenium.type("name=user_defined3", "udf3"): null

2024-05-24 18:02:45 - [TEST_STEP][PASSED] - selenium.type("name=user_defined4", "udf4"): null

2024-05-24 18:02:45 - [TEST_STEP][PASSED] - selenium.type("name=user_defined5", "udf5"): null

2024-05-24 18:02:45 - [TEST_STEP][PASSED] - selenium.type("name=user_defined6", "udf6"): null

2024-05-24 18:02:45 - [TEST_STEP][PASSED] - selenium.type("name=user_defined7", "udf7"): null

2024-05-24 18:02:45 - [TEST_STEP][PASSED] - selenium.type("name=user_defined8", "udf8"): null

2024-05-24 18:02:45 - [TEST_STEP][PASSED] - selenium.type("name=user_defined9", "udf9"): null

2024-05-24 18:02:45 - [TEST_STEP][PASSED] - selenium.type("name=user_defined10", "udf10"): null

2024-05-24 18:02:45 - [TEST_STEP][PASSED] - selenium.click("css=input[type='submit']"): null

2024-05-24 18:02:49 - [TEST_STEP][PASSED] - if (verifyTextPresent("Transaction approved, no errors", true)): null

2024-05-24 18:02:49 - [MESSAGE][PASSED] - Text 'Transaction approved, no errors' is present on page  using regular expression

2024-05-24 18:02:49 - [TEST_STEP][PASSED] - println("Transaction Approved, no errors text is present on the Confirmation page"): null

2024-05-24 18:02:49 - [TEST_STEP][PASSED] - sdfo = getText(findTestObject("Object Repository/Page_VLinkReceipt/pre_STX")): Text of object 'Object Repository/Page_VLinkReceipt/pre_STX' is: '<STX>ZJIpIfUXGE8J                  321294465           0  Transaction approved, no errors                   0                                                                                  XX068010   <ETX>'

2024-05-24 18:02:50 - [MESSAGE][PASSED] - Text of object 'Object Repository/Page_VLinkReceipt/pre_STX' is: '<STX>ZJIpIfUXGE8J                  321294465           0  Transaction approved, no errors                   0                                                                                  XX068010   <ETX>'

2024-05-24 18:02:50 - [TEST_STEP][PASSED] - out.println("sdfo: " + sdfo): null

2024-05-24 18:02:50 - [TEST_STEP][PASSED] - remID = substring(5, 35).trim(): null

2024-05-24 18:02:50 - [TEST_STEP][PASSED] - out.println("remID: " + remID): null

2024-05-24 18:02:50 - [TEST_STEP][PASSED] - traxID = substring(35, 55).trim(): null

2024-05-24 18:02:50 - [TEST_STEP][PASSED] - out.println("traxID: " + traxID): null

2024-05-24 18:02:50 - [TEST_STEP][PASSED] - VLinkSaleRemID = remID: null

2024-05-24 18:02:50 - [TEST_STEP][PASSED] - VLinkSaleTranxID = traxID: null

2024-05-24 18:02:50 - [TEST_STEP][PASSED] - selenium.open("Upgrade/version_2_0/CC_void.html"): null

2024-05-24 18:02:50 - [TEST_STEP][PASSED] - selenium.type("name=transaction_type", "106"): null

2024-05-24 18:02:50 - [TEST_STEP][PASSED] - selenium.type("name=message_version", "2.0C"): null

2024-05-24 18:02:50 - [TEST_STEP][PASSED] - selenium.type("name=remittance_id", VLinkSaleRemID): null

2024-05-24 18:02:50 - [TEST_STEP][PASSED] - selenium.type("name=application_id", "32"): null

2024-05-24 18:02:50 - [TEST_STEP][PASSED] - selenium.type("name=username", "foo"): null

2024-05-24 18:02:50 - [TEST_STEP][PASSED] - selenium.type("name=password", "bar"): null

2024-05-24 18:02:51 - [TEST_STEP][PASSED] - selenium.type("name=response_format", "fixed_width"): null

2024-05-24 18:02:51 - [TEST_STEP][PASSED] - selenium.type("name=transaction_id", VLinkSaleTranxID): null

2024-05-24 18:02:51 - [TEST_STEP][PASSED] - selenium.type("name=original_transaction_type", "104"): null

2024-05-24 18:02:51 - [TEST_STEP][PASSED] - selenium.type("name=track_data", ""): null

2024-05-24 18:02:51 - [TEST_STEP][PASSED] - selenium.type("name=track_1_data", ""): null

2024-05-24 18:02:51 - [TEST_STEP][PASSED] - selenium.type("name=track_2_data", ""): null

2024-05-24 18:02:51 - [TEST_STEP][PASSED] - selenium.type("name=tax_amount", ""): null

2024-05-24 18:02:51 - [TEST_STEP][PASSED] - selenium.type("name=client_account_number", ""): null

2024-05-24 18:02:51 - [TEST_STEP][PASSED] - selenium.click("css=input[type='submit']"): null

2024-05-24 18:02:55 - [TEST_STEP][PASSED] - verifyTrue(selenium.isTextPresent("Transaction approved, no errors")): null]]></system-out>
         <system-err><![CDATA[]]></system-err>
      </testcase>
      <testcase name="Test Cases/Gateway Upgrade Live Processors/SaleAndVoidVital315" time="14.314" classname="Test Cases/Gateway Upgrade Live Processors/SaleAndVoidVital315" status="PASSED">
         <system-out><![CDATA[2024-05-24 18:02:55 - [TEST_CASE][PASSED] - Test Cases/Gateway Upgrade Live Processors/SaleAndVoidVital315: Test Cases/Gateway Upgrade Live Processors/SaleAndVoidVital315

2024-05-24 18:02:55 - [TEST_STEP][PASSED] - "----------------------------------------------------": null

2024-05-24 18:02:55 - [TEST_STEP][PASSED] - "This test case script is generated by Katalon Studio": null

2024-05-24 18:02:55 - [TEST_STEP][PASSED] - "Generated date: 11-Jul-2023 04:22:50 PM": null

2024-05-24 18:02:55 - [TEST_STEP][PASSED] - "File path: C:\Users\imtiaz\Documents\Sel-New\CPSVantivTSYSWWW\Vlink-Prod.side": null

2024-05-24 18:02:55 - [TEST_STEP][PASSED] - "Generated by: iahmed@govolution.com": null

2024-05-24 18:02:55 - [TEST_STEP][PASSED] - baseUrl = "https://dev-algorithm.govolution.com/vlinktest/": null

2024-05-24 18:02:55 - [TEST_STEP][PASSED] - openBrowser(""): Browser is opened with url: ''

2024-05-24 18:02:56 - [MESSAGE][WARNING] - A browser is already opened. Closing browser and opening a new one

2024-05-24 18:02:57 - [MESSAGE][INFO] - Starting 'Chrome' driver

2024-05-24 18:02:57 - [MESSAGE][INFO] - User set preference: ['acceptInsecureCerts', 'true']

2024-05-24 18:02:57 - [MESSAGE][INFO] - Action delay is set to 0 milliseconds

2024-05-24 18:02:58 - [MESSAGE][PASSED] - Browser is opened with url: ''

2024-05-24 18:02:58 - [TEST_STEP][PASSED] - selenium = new com.kms.katalon.core.webui.driver.KatalonWebDriverBackedSelenium(baseUrl): null

2024-05-24 18:02:58 - [TEST_STEP][PASSED] - out.println("Begin SaleAndVoidVital315"): null

2024-05-24 18:02:58 - [TEST_STEP][PASSED] - selenium.open("Upgrade/version_2_0/authcap.html"): null

2024-05-24 18:02:59 - [TEST_STEP][PASSED] - selenium.type("name=transaction_type", "104"): null

2024-05-24 18:02:59 - [TEST_STEP][PASSED] - selenium.type("name=message_version", "2.0C"): null

2024-05-24 18:02:59 - [TEST_STEP][PASSED] - genRemID = RandomStringUtils.random(12, true, true): null

2024-05-24 18:02:59 - [TEST_STEP][PASSED] - selenium.type("name=remittance_id", genRemID): null

2024-05-24 18:02:59 - [TEST_STEP][PASSED] - selenium.type("name=application_id", "3000"): null

2024-05-24 18:02:59 - [TEST_STEP][PASSED] - selenium.type("name=username", "user3000"): null

2024-05-24 18:02:59 - [TEST_STEP][PASSED] - selenium.type("name=password", "pwd3000"): null

2024-05-24 18:02:59 - [TEST_STEP][PASSED] - selenium.type("name=response_format", "fixed_width"): null

2024-05-24 18:02:59 - [TEST_STEP][PASSED] - selenium.type("name=category", "ECOM"): null

2024-05-24 18:02:59 - [TEST_STEP][PASSED] - selenium.type("name=transaction_id", ""): null

2024-05-24 18:02:59 - [TEST_STEP][PASSED] - selenium.type("name=approval_code", ""): null

2024-05-24 18:02:59 - [TEST_STEP][PASSED] - selenium.type("name=card_name", "James Smith"): null

2024-05-24 18:02:59 - [TEST_STEP][PASSED] - selenium.type("name=card_address", "2000 14th Street N"): null

2024-05-24 18:02:59 - [TEST_STEP][PASSED] - selenium.type("name=card_address2", "Suite 600"): null

2024-05-24 18:03:00 - [TEST_STEP][PASSED] - selenium.type("name=card_city", "Arlington"): null

2024-05-24 18:03:00 - [TEST_STEP][PASSED] - selenium.type("name=card_state", "VA"): null

2024-05-24 18:03:00 - [TEST_STEP][PASSED] - selenium.type("name=card_zip", "22201"): null

2024-05-24 18:03:00 - [TEST_STEP][PASSED] - selenium.type("name=country_id", "840"): null

2024-05-24 18:03:00 - [TEST_STEP][PASSED] - selenium.type("name=amount", "0.11"): null

2024-05-24 18:03:00 - [TEST_STEP][PASSED] - selenium.type("name=card_number", "5567080011582646"): null

2024-05-24 18:03:00 - [TEST_STEP][PASSED] - selenium.type("name=card_exmo", "03"): null

2024-05-24 18:03:00 - [TEST_STEP][PASSED] - selenium.type("name=card_exyr", "2026"): null

2024-05-24 18:03:00 - [TEST_STEP][PASSED] - selenium.type("name=cvv_data", ""): null

2024-05-24 18:03:00 - [TEST_STEP][PASSED] - selenium.type("name=cvv_state", ""): null

2024-05-24 18:03:00 - [TEST_STEP][PASSED] - selenium.type("name=track_data", ""): null

2024-05-24 18:03:00 - [TEST_STEP][PASSED] - selenium.type("name=track_1_data", ""): null

2024-05-24 18:03:00 - [TEST_STEP][PASSED] - selenium.type("name=track_2_data", ""): null

2024-05-24 18:03:00 - [TEST_STEP][PASSED] - selenium.type("name=entry_mode", "manual"): null

2024-05-24 18:03:00 - [TEST_STEP][PASSED] - selenium.type("name=email", ""): null

2024-05-24 18:03:00 - [TEST_STEP][PASSED] - selenium.type("name=order_number", ""): null

2024-05-24 18:03:00 - [TEST_STEP][PASSED] - selenium.type("name=tax_amount", "6.57"): null

2024-05-24 18:03:00 - [TEST_STEP][PASSED] - selenium.type("name=charge_description", ""): null

2024-05-24 18:03:01 - [TEST_STEP][PASSED] - selenium.type("name=client_account_number", "852852"): null

2024-05-24 18:03:01 - [TEST_STEP][PASSED] - selenium.type("name=bill_payment_indicator", ""): null

2024-05-24 18:03:01 - [TEST_STEP][PASSED] - selenium.type("name=user_defined1", "udf1"): null

2024-05-24 18:03:01 - [TEST_STEP][PASSED] - selenium.type("name=user_defined2", "udf2"): null

2024-05-24 18:03:01 - [TEST_STEP][PASSED] - selenium.type("name=user_defined3", "udf3"): null

2024-05-24 18:03:01 - [TEST_STEP][PASSED] - selenium.type("name=user_defined4", "udf4"): null

2024-05-24 18:03:01 - [TEST_STEP][PASSED] - selenium.type("name=user_defined5", "udf5"): null

2024-05-24 18:03:01 - [TEST_STEP][PASSED] - selenium.type("name=user_defined6", "udf6"): null

2024-05-24 18:03:01 - [TEST_STEP][PASSED] - selenium.type("name=user_defined7", "udf7"): null

2024-05-24 18:03:01 - [TEST_STEP][PASSED] - selenium.type("name=user_defined8", "udf8"): null

2024-05-24 18:03:01 - [TEST_STEP][PASSED] - selenium.type("name=user_defined9", "udf9"): null

2024-05-24 18:03:01 - [TEST_STEP][PASSED] - selenium.type("name=user_defined10", "udf10"): null

2024-05-24 18:03:01 - [TEST_STEP][PASSED] - selenium.click("css=input[type='submit']"): null

2024-05-24 18:03:04 - [TEST_STEP][PASSED] - if (verifyTextPresent("Transaction approved, no errors", true)): null

2024-05-24 18:03:04 - [MESSAGE][PASSED] - Text 'Transaction approved, no errors' is present on page  using regular expression

2024-05-24 18:03:04 - [TEST_STEP][PASSED] - println("Transaction Approved, no errors text is present on the Confirmation page"): null

2024-05-24 18:03:04 - [TEST_STEP][PASSED] - sdfo = getText(findTestObject("Object Repository/Page_VLinkReceipt/pre_STX")): Text of object 'Object Repository/Page_VLinkReceipt/pre_STX' is: '<STX>xZtvtL3P63Oo                  321294477           0  Transaction approved, no errors                   0                                                                                  Y 037905   <ETX>'

2024-05-24 18:03:05 - [MESSAGE][PASSED] - Text of object 'Object Repository/Page_VLinkReceipt/pre_STX' is: '<STX>xZtvtL3P63Oo                  321294477           0  Transaction approved, no errors                   0                                                                                  Y 037905   <ETX>'

2024-05-24 18:03:05 - [TEST_STEP][PASSED] - out.println("sdfo: " + sdfo): null

2024-05-24 18:03:05 - [TEST_STEP][PASSED] - remID = substring(5, 35).trim(): null

2024-05-24 18:03:05 - [TEST_STEP][PASSED] - out.println("remID: " + remID): null

2024-05-24 18:03:05 - [TEST_STEP][PASSED] - traxID = substring(35, 55).trim(): null

2024-05-24 18:03:05 - [TEST_STEP][PASSED] - out.println("traxID: " + traxID): null

2024-05-24 18:03:05 - [TEST_STEP][PASSED] - VLinkSaleRemID = remID: null

2024-05-24 18:03:05 - [TEST_STEP][PASSED] - VLinkSaleTranxID = traxID: null

2024-05-24 18:03:05 - [TEST_STEP][PASSED] - selenium.open("Upgrade/version_2_0/CC_void.html"): null

2024-05-24 18:03:05 - [TEST_STEP][PASSED] - selenium.type("name=transaction_type", "106"): null

2024-05-24 18:03:05 - [TEST_STEP][PASSED] - selenium.type("name=message_version", "2.0C"): null

2024-05-24 18:03:05 - [TEST_STEP][PASSED] - selenium.type("name=remittance_id", VLinkSaleRemID): null

2024-05-24 18:03:05 - [TEST_STEP][PASSED] - selenium.type("name=application_id", "3000"): null

2024-05-24 18:03:05 - [TEST_STEP][PASSED] - selenium.type("name=username", "user3000"): null

2024-05-24 18:03:05 - [TEST_STEP][PASSED] - selenium.type("name=password", "pwd3000"): null

2024-05-24 18:03:05 - [TEST_STEP][PASSED] - selenium.type("name=response_format", "fixed_width"): null

2024-05-24 18:03:05 - [TEST_STEP][PASSED] - selenium.type("name=transaction_id", VLinkSaleTranxID): null

2024-05-24 18:03:05 - [TEST_STEP][PASSED] - selenium.type("name=original_transaction_type", "104"): null

2024-05-24 18:03:05 - [TEST_STEP][PASSED] - selenium.type("name=track_data", ""): null

2024-05-24 18:03:05 - [TEST_STEP][PASSED] - selenium.type("name=track_1_data", ""): null

2024-05-24 18:03:05 - [TEST_STEP][PASSED] - selenium.type("name=track_2_data", ""): null

2024-05-24 18:03:06 - [TEST_STEP][PASSED] - selenium.type("name=tax_amount", ""): null

2024-05-24 18:03:06 - [TEST_STEP][PASSED] - selenium.type("name=client_account_number", ""): null

2024-05-24 18:03:06 - [TEST_STEP][PASSED] - selenium.click("css=input[type='submit']"): null

2024-05-24 18:03:09 - [TEST_STEP][PASSED] - verifyTrue(selenium.isTextPresent("Transaction approved, no errors")): null]]></system-out>
         <system-err><![CDATA[]]></system-err>
      </testcase>
      <testcase name="Test Cases/Gateway Upgrade Live Processors/SaleFifthThirdFrame" time="12.916" classname="Test Cases/Gateway Upgrade Live Processors/SaleFifthThirdFrame" status="PASSED">
         <system-out><![CDATA[2024-05-24 18:03:09 - [TEST_CASE][PASSED] - Test Cases/Gateway Upgrade Live Processors/SaleFifthThirdFrame: Test Cases/Gateway Upgrade Live Processors/SaleFifthThirdFrame

2024-05-24 18:03:10 - [TEST_STEP][PASSED] - "----------------------------------------------------": null

2024-05-24 18:03:10 - [TEST_STEP][PASSED] - "This test case script is generated by Katalon Studio": null

2024-05-24 18:03:10 - [TEST_STEP][PASSED] - "Generated date: 11-Jul-2023 04:22:51 PM": null

2024-05-24 18:03:10 - [TEST_STEP][PASSED] - "File path: C:\Users\imtiaz\Documents\Sel-New\CPSVantivTSYSWWW\Vlink-Prod.side": null

2024-05-24 18:03:10 - [TEST_STEP][PASSED] - "Generated by: iahmed@govolution.com": null

2024-05-24 18:03:10 - [TEST_STEP][PASSED] - baseUrl = "https://dev-algorithm.govolution.com/vlinktest/": null

2024-05-24 18:03:10 - [TEST_STEP][PASSED] - openBrowser(""): Browser is opened with url: ''

2024-05-24 18:03:10 - [MESSAGE][WARNING] - A browser is already opened. Closing browser and opening a new one

2024-05-24 18:03:11 - [MESSAGE][INFO] - Starting 'Chrome' driver

2024-05-24 18:03:11 - [MESSAGE][INFO] - User set preference: ['acceptInsecureCerts', 'true']

2024-05-24 18:03:11 - [MESSAGE][INFO] - Action delay is set to 0 milliseconds

2024-05-24 18:03:13 - [MESSAGE][PASSED] - Browser is opened with url: ''

2024-05-24 18:03:13 - [TEST_STEP][PASSED] - selenium = new com.kms.katalon.core.webui.driver.KatalonWebDriverBackedSelenium(baseUrl): null

2024-05-24 18:03:13 - [TEST_STEP][PASSED] - out.println("Begin SaleFifthThirdFrame"): null

2024-05-24 18:03:13 - [TEST_STEP][PASSED] - selenium.open("Upgrade/version_2_0/authcap.html"): null

2024-05-24 18:03:13 - [TEST_STEP][PASSED] - selenium.type("name=transaction_type", "104"): null

2024-05-24 18:03:14 - [TEST_STEP][PASSED] - selenium.type("name=message_version", "2.0C"): null

2024-05-24 18:03:14 - [TEST_STEP][PASSED] - genRemID = RandomStringUtils.random(12, true, true): null

2024-05-24 18:03:14 - [TEST_STEP][PASSED] - selenium.type("name=remittance_id", genRemID): null

2024-05-24 18:03:14 - [TEST_STEP][PASSED] - selenium.type("name=application_id", "2248"): null

2024-05-24 18:03:14 - [TEST_STEP][PASSED] - selenium.type("name=username", "username"): null

2024-05-24 18:03:14 - [TEST_STEP][PASSED] - selenium.type("name=password", "password"): null

2024-05-24 18:03:14 - [TEST_STEP][PASSED] - selenium.type("name=response_format", "fixed_width"): null

2024-05-24 18:03:14 - [TEST_STEP][PASSED] - selenium.type("name=category", "ECOM"): null

2024-05-24 18:03:14 - [TEST_STEP][PASSED] - selenium.type("name=transaction_id", ""): null

2024-05-24 18:03:14 - [TEST_STEP][PASSED] - selenium.type("name=approval_code", ""): null

2024-05-24 18:03:14 - [TEST_STEP][PASSED] - selenium.type("name=card_name", "James Smith"): null

2024-05-24 18:03:14 - [TEST_STEP][PASSED] - selenium.type("name=card_address", "2000 14th Street N"): null

2024-05-24 18:03:14 - [TEST_STEP][PASSED] - selenium.type("name=card_address2", "Suite 600"): null

2024-05-24 18:03:14 - [TEST_STEP][PASSED] - selenium.type("name=card_city", "Arlington"): null

2024-05-24 18:03:14 - [TEST_STEP][PASSED] - selenium.type("name=card_state", "VA"): null

2024-05-24 18:03:14 - [TEST_STEP][PASSED] - selenium.type("name=card_zip", "22201"): null

2024-05-24 18:03:14 - [TEST_STEP][PASSED] - selenium.type("name=country_id", "840"): null

2024-05-24 18:03:14 - [TEST_STEP][PASSED] - selenium.type("name=amount", "0.11"): null

2024-05-24 18:03:15 - [TEST_STEP][PASSED] - selenium.type("name=card_number", "5567080011582646"): null

2024-05-24 18:03:15 - [TEST_STEP][PASSED] - selenium.type("name=card_exmo", "03"): null

2024-05-24 18:03:15 - [TEST_STEP][PASSED] - selenium.type("name=card_exyr", "2026"): null

2024-05-24 18:03:15 - [TEST_STEP][PASSED] - selenium.type("name=cvv_data", ""): null

2024-05-24 18:03:15 - [TEST_STEP][PASSED] - selenium.type("name=cvv_state", ""): null

2024-05-24 18:03:15 - [TEST_STEP][PASSED] - selenium.type("name=track_data", ""): null

2024-05-24 18:03:15 - [TEST_STEP][PASSED] - selenium.type("name=track_1_data", ""): null

2024-05-24 18:03:15 - [TEST_STEP][PASSED] - selenium.type("name=track_2_data", ""): null

2024-05-24 18:03:15 - [TEST_STEP][PASSED] - selenium.type("name=entry_mode", "manual"): null

2024-05-24 18:03:15 - [TEST_STEP][PASSED] - selenium.type("name=email", ""): null

2024-05-24 18:03:15 - [TEST_STEP][PASSED] - selenium.type("name=order_number", ""): null

2024-05-24 18:03:15 - [TEST_STEP][PASSED] - selenium.type("name=tax_amount", "6.57"): null

2024-05-24 18:03:15 - [TEST_STEP][PASSED] - selenium.type("name=charge_description", ""): null

2024-05-24 18:03:15 - [TEST_STEP][PASSED] - selenium.type("name=client_account_number", "852852"): null

2024-05-24 18:03:15 - [TEST_STEP][PASSED] - selenium.type("name=bill_payment_indicator", ""): null

2024-05-24 18:03:15 - [TEST_STEP][PASSED] - selenium.type("name=user_defined1", "udf1"): null

2024-05-24 18:03:15 - [TEST_STEP][PASSED] - selenium.type("name=user_defined2", "udf2"): null

2024-05-24 18:03:15 - [TEST_STEP][PASSED] - selenium.type("name=user_defined3", "udf3"): null

2024-05-24 18:03:15 - [TEST_STEP][PASSED] - selenium.type("name=user_defined4", "udf4"): null

2024-05-24 18:03:16 - [TEST_STEP][PASSED] - selenium.type("name=user_defined5", "udf5"): null

2024-05-24 18:03:16 - [TEST_STEP][PASSED] - selenium.type("name=user_defined6", "udf6"): null

2024-05-24 18:03:16 - [TEST_STEP][PASSED] - selenium.type("name=user_defined7", "udf7"): null

2024-05-24 18:03:16 - [TEST_STEP][PASSED] - selenium.type("name=user_defined8", "udf8"): null

2024-05-24 18:03:16 - [TEST_STEP][PASSED] - selenium.type("name=user_defined9", "udf9"): null

2024-05-24 18:03:16 - [TEST_STEP][PASSED] - selenium.type("name=user_defined10", "udf10"): null

2024-05-24 18:03:16 - [TEST_STEP][PASSED] - selenium.click("css=input[type='submit']"): null

2024-05-24 18:03:21 - [TEST_STEP][PASSED] - "pause | 2000 |  | ": null

2024-05-24 18:03:21 - [TEST_STEP][PASSED] - verifyTrue(getText("css=pre").matches("regexp:Transaction failed..*")): null

2024-05-24 18:03:22 - [TEST_STEP][PASSED] - verifyTrue(getText("css=pre").matches("regexp:105Processor reported error..*")): null]]></system-out>
         <system-err><![CDATA[]]></system-err>
      </testcase>
      <system-out><![CDATA[2024-05-24 17:58:12 - [TEST_SUITE][ERROR] - Gateway_Upgrade_Live_Processors_TestSuite: Test Cases/Gateway Upgrade Live Processors/SaleVoidEncryptedTSYS FAILED.
Reason:
com.thoughtworks.selenium.SeleniumException: Element name=transaction_type not found
	at com.thoughtworks.selenium.webdriven.ElementFinder.findElement(ElementFinder.java:93)
	at com.thoughtworks.selenium.webdriven.commands.Type.handleSeleneseCommand(Type.java:59)
	at com.thoughtworks.selenium.webdriven.commands.Type.handleSeleneseCommand(Type.java:31)
	at com.thoughtworks.selenium.webdriven.SeleneseCommand.apply(SeleneseCommand.java:39)
	at com.thoughtworks.selenium.webdriven.Timer.run(Timer.java:41)
	at com.thoughtworks.selenium.webdriven.WebDriverCommandProcessor.execute(WebDriverCommandProcessor.java:150)
	at com.thoughtworks.selenium.webdriven.WebDriverCommandProcessor.doCommand(WebDriverCommandProcessor.java:76)
	at com.thoughtworks.selenium.DefaultSelenium.type(DefaultSelenium.java:322)
	at com.thoughtworks.selenium.Selenium$type$0.call(Unknown Source)
	at SaleVoidEncryptedTSYS.run(SaleVoidEncryptedTSYS:51)
	at com.kms.katalon.core.main.ScriptEngine.run(ScriptEngine.java:194)
	at com.kms.katalon.core.main.ScriptEngine.runScriptAsRawText(ScriptEngine.java:119)
	at com.kms.katalon.core.main.TestCaseExecutor.runScript(TestCaseExecutor.java:448)
	at com.kms.katalon.core.main.TestCaseExecutor.doExecute(TestCaseExecutor.java:439)
	at com.kms.katalon.core.main.TestCaseExecutor.processExecutionPhase(TestCaseExecutor.java:418)
	at com.kms.katalon.core.main.TestCaseExecutor.accessMainPhase(TestCaseExecutor.java:410)
	at com.kms.katalon.core.main.TestCaseExecutor.execute(TestCaseExecutor.java:285)
	at com.kms.katalon.core.common.CommonExecutor.accessTestCaseMainPhase(CommonExecutor.java:65)
	at com.kms.katalon.core.main.TestSuiteExecutor.accessTestSuiteMainPhase(TestSuiteExecutor.java:148)
	at com.kms.katalon.core.main.TestSuiteExecutor.execute(TestSuiteExecutor.java:106)
	at com.kms.katalon.core.main.TestCaseMain.startTestSuite(TestCaseMain.java:187)
	at com.kms.katalon.core.main.TestCaseMain$startTestSuite$0.call(Unknown Source)
	at TempTestSuite1716587884116.run(TempTestSuite1716587884116.groovy:35)
Caused by: org.openqa.selenium.JavascriptException: javascript error: Element name=transaction_type not found
  (Session info: chrome=125.0.6422.77)
Build info: version: '3.141.59', revision: 'e82be7d358', time: '2018-11-14T08:25:53'
System info: host: 'DESKTOP-B2QI6NS', ip: '172.31.253.185', os.name: 'Windows 10', os.arch: 'amd64', os.version: '10.0', java.version: '1.8.0_181'
Driver info: com.kms.katalon.selenium.driver.CChromeDriver
Capabilities {acceptInsecureCerts: true, browserName: chrome, browserVersion: 125.0.6422.77, chrome: {chromedriverVersion: 125.0.6422.78 (14db42ec38ad..., userDataDir: C:\Users\imtiaz\AppData\Loc...}, fedcm:accounts: true, goog:chromeOptions: {debuggerAddress: localhost:49333}, javascriptEnabled: true, networkConnectionEnabled: false, pageLoadStrategy: normal, platform: WINDOWS, platformName: WINDOWS, proxy: Proxy(), setWindowRect: true, strictFileInteractability: false, timeouts: {implicit: 0, pageLoad: 300000, script: 30000}, unhandledPromptBehavior: dismiss and notify, webauthn:extension:credBlob: true, webauthn:extension:largeBlob: true, webauthn:extension:minPinLength: true, webauthn:extension:prf: true, webauthn:virtualAuthenticators: true}
Session ID: 215d4ef2471b7c9c6f87701cee08c169
	at org.openqa.selenium.remote.http.W3CHttpResponseCodec.createException(W3CHttpResponseCodec.java:187)
	at org.openqa.selenium.remote.http.W3CHttpResponseCodec.decode(W3CHttpResponseCodec.java:122)
	at org.openqa.selenium.remote.http.W3CHttpResponseCodec.decode(W3CHttpResponseCodec.java:49)
	at org.openqa.selenium.remote.HttpCommandExecutor.execute(HttpCommandExecutor.java:158)
	at org.openqa.selenium.remote.service.DriverCommandExecutor.execute(DriverCommandExecutor.java:83)
	at org.openqa.selenium.remote.RemoteWebDriver.execute(RemoteWebDriver.java:552)
	at com.kms.katalon.selenium.driver.CChromeDriver.execute(CChromeDriver.java:19)
	at org.openqa.selenium.remote.RemoteWebDriver.executeScript(RemoteWebDriver.java:489)
	at org.openqa.selenium.support.events.EventFiringWebDriver.lambda$new$1(EventFiringWebDriver.java:105)
	at com.sun.proxy.$Proxy10.executeScript(Unknown Source)
	at org.openqa.selenium.support.events.EventFiringWebDriver.executeScript(EventFiringWebDriver.java:229)
	at com.thoughtworks.selenium.webdriven.ElementFinder.findElement(ElementFinder.java:91)
	... 22 more]]></system-out>
      <system-err><![CDATA[2024-05-24 17:58:12 - [TEST_SUITE][ERROR] - Gateway_Upgrade_Live_Processors_TestSuite: Test Cases/Gateway Upgrade Live Processors/SaleVoidEncryptedTSYS FAILED.
Reason:
com.thoughtworks.selenium.SeleniumException: Element name=transaction_type not found
	at com.thoughtworks.selenium.webdriven.ElementFinder.findElement(ElementFinder.java:93)
	at com.thoughtworks.selenium.webdriven.commands.Type.handleSeleneseCommand(Type.java:59)
	at com.thoughtworks.selenium.webdriven.commands.Type.handleSeleneseCommand(Type.java:31)
	at com.thoughtworks.selenium.webdriven.SeleneseCommand.apply(SeleneseCommand.java:39)
	at com.thoughtworks.selenium.webdriven.Timer.run(Timer.java:41)
	at com.thoughtworks.selenium.webdriven.WebDriverCommandProcessor.execute(WebDriverCommandProcessor.java:150)
	at com.thoughtworks.selenium.webdriven.WebDriverCommandProcessor.doCommand(WebDriverCommandProcessor.java:76)
	at com.thoughtworks.selenium.DefaultSelenium.type(DefaultSelenium.java:322)
	at com.thoughtworks.selenium.Selenium$type$0.call(Unknown Source)
	at SaleVoidEncryptedTSYS.run(SaleVoidEncryptedTSYS:51)
	at com.kms.katalon.core.main.ScriptEngine.run(ScriptEngine.java:194)
	at com.kms.katalon.core.main.ScriptEngine.runScriptAsRawText(ScriptEngine.java:119)
	at com.kms.katalon.core.main.TestCaseExecutor.runScript(TestCaseExecutor.java:448)
	at com.kms.katalon.core.main.TestCaseExecutor.doExecute(TestCaseExecutor.java:439)
	at com.kms.katalon.core.main.TestCaseExecutor.processExecutionPhase(TestCaseExecutor.java:418)
	at com.kms.katalon.core.main.TestCaseExecutor.accessMainPhase(TestCaseExecutor.java:410)
	at com.kms.katalon.core.main.TestCaseExecutor.execute(TestCaseExecutor.java:285)
	at com.kms.katalon.core.common.CommonExecutor.accessTestCaseMainPhase(CommonExecutor.java:65)
	at com.kms.katalon.core.main.TestSuiteExecutor.accessTestSuiteMainPhase(TestSuiteExecutor.java:148)
	at com.kms.katalon.core.main.TestSuiteExecutor.execute(TestSuiteExecutor.java:106)
	at com.kms.katalon.core.main.TestCaseMain.startTestSuite(TestCaseMain.java:187)
	at com.kms.katalon.core.main.TestCaseMain$startTestSuite$0.call(Unknown Source)
	at TempTestSuite1716587884116.run(TempTestSuite1716587884116.groovy:35)
Caused by: org.openqa.selenium.JavascriptException: javascript error: Element name=transaction_type not found
  (Session info: chrome=125.0.6422.77)
Build info: version: '3.141.59', revision: 'e82be7d358', time: '2018-11-14T08:25:53'
System info: host: 'DESKTOP-B2QI6NS', ip: '172.31.253.185', os.name: 'Windows 10', os.arch: 'amd64', os.version: '10.0', java.version: '1.8.0_181'
Driver info: com.kms.katalon.selenium.driver.CChromeDriver
Capabilities {acceptInsecureCerts: true, browserName: chrome, browserVersion: 125.0.6422.77, chrome: {chromedriverVersion: 125.0.6422.78 (14db42ec38ad..., userDataDir: C:\Users\imtiaz\AppData\Loc...}, fedcm:accounts: true, goog:chromeOptions: {debuggerAddress: localhost:49333}, javascriptEnabled: true, networkConnectionEnabled: false, pageLoadStrategy: normal, platform: WINDOWS, platformName: WINDOWS, proxy: Proxy(), setWindowRect: true, strictFileInteractability: false, timeouts: {implicit: 0, pageLoad: 300000, script: 30000}, unhandledPromptBehavior: dismiss and notify, webauthn:extension:credBlob: true, webauthn:extension:largeBlob: true, webauthn:extension:minPinLength: true, webauthn:extension:prf: true, webauthn:virtualAuthenticators: true}
Session ID: 215d4ef2471b7c9c6f87701cee08c169
	at org.openqa.selenium.remote.http.W3CHttpResponseCodec.createException(W3CHttpResponseCodec.java:187)
	at org.openqa.selenium.remote.http.W3CHttpResponseCodec.decode(W3CHttpResponseCodec.java:122)
	at org.openqa.selenium.remote.http.W3CHttpResponseCodec.decode(W3CHttpResponseCodec.java:49)
	at org.openqa.selenium.remote.HttpCommandExecutor.execute(HttpCommandExecutor.java:158)
	at org.openqa.selenium.remote.service.DriverCommandExecutor.execute(DriverCommandExecutor.java:83)
	at org.openqa.selenium.remote.RemoteWebDriver.execute(RemoteWebDriver.java:552)
	at com.kms.katalon.selenium.driver.CChromeDriver.execute(CChromeDriver.java:19)
	at org.openqa.selenium.remote.RemoteWebDriver.executeScript(RemoteWebDriver.java:489)
	at org.openqa.selenium.support.events.EventFiringWebDriver.lambda$new$1(EventFiringWebDriver.java:105)
	at com.sun.proxy.$Proxy10.executeScript(Unknown Source)
	at org.openqa.selenium.support.events.EventFiringWebDriver.executeScript(EventFiringWebDriver.java:229)
	at com.thoughtworks.selenium.webdriven.ElementFinder.findElement(ElementFinder.java:91)
	... 22 more]]></system-err>
   </testsuite>
</testsuites>
