<?xml version="1.0" encoding="UTF-8"?>
<testsuites name="RAD_UI_TestSuite" time="13.757" tests="1" failures="0" errors="1">
   <testsuite name="RAD_UI_TestSuite" tests="1" failures="0" errors="1" time="13.757" skipped="0" timestamp="2021-10-19 12:17:49" hostname="iahmed - DESKTOP-B2QI6NS.govolution.com" id="Test Suites/RAD_TestSuite/RAD_UI_TestSuite">
      <properties>
         <property name="deviceName" value=""/>
         <property name="devicePlatform" value=""/>
         <property name="logFolder" value="E:\\Cloned-Project-Katalon\\VPS-Katalon\\Reports\\20211019_121746\\RAD_TestSuite\\RAD_UI_TestSuite\\20211019_121746"/>
         <property name="logFiles" value="E:\\Cloned-Project-Katalon\\VPS-Katalon\\Reports\\20211019_121746\\RAD_TestSuite\\RAD_UI_TestSuite\\20211019_121746\\execution0.log"/>
         <property name="attachments" value=""/>
         <property name="hostName" value="iahmed - DESKTOP-B2QI6NS.govolution.com"/>
         <property name="os" value="Windows 10 64bit"/>
         <property name="katalonVersion" value="8.0.5.208"/>
         <property name="browser" value="Chrome 94.0.4606.81"/>
         <property name="hostAddress" value="172.30.2.167"/>
         <property name="sessionId" value="547afde56ea2399840c8e58d63d9170c"/>
         <property name="seleniumVersion" value="3.141.59"/>
         <property name="proxyInformation" value="ProxyInformation { proxyOption=NO_PROXY, proxyServerType=HTTP, username=, password=********, proxyServerAddress=, proxyServerPort=0, executionList=&quot;&quot;, isApplyToDesiredCapabilities=true }"/>
         <property name="platform" value="Windows 10"/>
      </properties>
      <testcase name="Test Cases/RAD_TestCases/Negative_TestCases/EMailNoMatch" time="11.929" classname="Test Cases/RAD_TestCases/Negative_TestCases/EMailNoMatch" status="ERROR">
         <error type="ERROR" message="Test Cases/RAD_TestCases/Negative_TestCases/EMailNoMatch FAILED.
Reason:
org.codehaus.groovy.runtime.InvokerInvocationException: java.io.FileNotFoundException: C:\KatalonData\RADTestData\EmailNoMatch.xlsx (The process cannot access the file because it is being used by another process)
	at pages.WriteExcel.invokeMethod(WriteExcel.groovy)
	at com.kms.katalon.core.main.CustomKeywordDelegatingMetaClass.invokeStaticMethod(CustomKeywordDelegatingMetaClass.java:50)
	at EMailNoMatch.run(EMailNoMatch:86)
	at com.kms.katalon.core.main.ScriptEngine.run(ScriptEngine.java:194)
	at com.kms.katalon.core.main.ScriptEngine.runScriptAsRawText(ScriptEngine.java:119)
	at com.kms.katalon.core.main.TestCaseExecutor.runScript(TestCaseExecutor.java:369)
	at com.kms.katalon.core.main.TestCaseExecutor.doExecute(TestCaseExecutor.java:360)
	at com.kms.katalon.core.main.TestCaseExecutor.processExecutionPhase(TestCaseExecutor.java:339)
	at com.kms.katalon.core.main.TestCaseExecutor.accessMainPhase(TestCaseExecutor.java:331)
	at com.kms.katalon.core.main.TestCaseExecutor.execute(TestCaseExecutor.java:248)
	at com.kms.katalon.core.main.TestSuiteExecutor.accessTestCaseMainPhase(TestSuiteExecutor.java:191)
	at com.kms.katalon.core.main.TestSuiteExecutor.accessTestSuiteMainPhase(TestSuiteExecutor.java:140)
	at com.kms.katalon.core.main.TestSuiteExecutor.execute(TestSuiteExecutor.java:89)
	at com.kms.katalon.core.main.TestCaseMain.startTestSuite(TestCaseMain.java:185)
	at com.kms.katalon.core.main.TestCaseMain$startTestSuite$0.call(Unknown Source)
	at TempTestSuite1634660266292.run(TempTestSuite1634660266292.groovy:39)
Caused by: java.io.FileNotFoundException: C:\KatalonData\RADTestData\EmailNoMatch.xlsx (The process cannot access the file because it is being used by another process)
	at pages.WriteExcel.demoKey(WriteExcel.groovy:93)
	... 16 more
"/>
         <system-out><![CDATA[2021-10-19 12:17:50 - [TEST_CASE][ERROR] - Test Cases/RAD_TestCases/Negative_TestCases/EMailNoMatch: Test Cases/RAD_TestCases/Negative_TestCases/EMailNoMatch FAILED.
Reason:
org.codehaus.groovy.runtime.InvokerInvocationException: java.io.FileNotFoundException: C:\KatalonData\RADTestData\EmailNoMatch.xlsx (The process cannot access the file because it is being used by another process)
	at pages.WriteExcel.invokeMethod(WriteExcel.groovy)
	at com.kms.katalon.core.main.CustomKeywordDelegatingMetaClass.invokeStaticMethod(CustomKeywordDelegatingMetaClass.java:50)
	at EMailNoMatch.run(EMailNoMatch:86)
	at com.kms.katalon.core.main.ScriptEngine.run(ScriptEngine.java:194)
	at com.kms.katalon.core.main.ScriptEngine.runScriptAsRawText(ScriptEngine.java:119)
	at com.kms.katalon.core.main.TestCaseExecutor.runScript(TestCaseExecutor.java:369)
	at com.kms.katalon.core.main.TestCaseExecutor.doExecute(TestCaseExecutor.java:360)
	at com.kms.katalon.core.main.TestCaseExecutor.processExecutionPhase(TestCaseExecutor.java:339)
	at com.kms.katalon.core.main.TestCaseExecutor.accessMainPhase(TestCaseExecutor.java:331)
	at com.kms.katalon.core.main.TestCaseExecutor.execute(TestCaseExecutor.java:248)
	at com.kms.katalon.core.main.TestSuiteExecutor.accessTestCaseMainPhase(TestSuiteExecutor.java:191)
	at com.kms.katalon.core.main.TestSuiteExecutor.accessTestSuiteMainPhase(TestSuiteExecutor.java:140)
	at com.kms.katalon.core.main.TestSuiteExecutor.execute(TestSuiteExecutor.java:89)
	at com.kms.katalon.core.main.TestCaseMain.startTestSuite(TestCaseMain.java:185)
	at com.kms.katalon.core.main.TestCaseMain$startTestSuite$0.call(Unknown Source)
	at TempTestSuite1634660266292.run(TempTestSuite1634660266292.groovy:39)
Caused by: java.io.FileNotFoundException: C:\KatalonData\RADTestData\EmailNoMatch.xlsx (The process cannot access the file because it is being used by another process)
	at pages.WriteExcel.demoKey(WriteExcel.groovy:93)
	... 16 more


2021-10-19 12:17:50 - [TEST_STEP][PASSED] - resText = "Fail": null

2021-10-19 12:17:50 - [TEST_STEP][PASSED] - resColumn = "Result": null

2021-10-19 12:17:50 - [TEST_STEP][PASSED] - datCloumn = "Date": null

2021-10-19 12:17:50 - [TEST_STEP][PASSED] - fileLoc = "C:\KatalonData\RADTestData\EmailNoMatch.xlsx": null

2021-10-19 12:17:50 - [TEST_STEP][PASSED] - nameSheet = "Sheet1": null

2021-10-19 12:17:50 - [TEST_STEP][PASSED] - dataFile = "RADTestData/EmailNoMatch": null

2021-10-19 12:17:50 - [TEST_STEP][PASSED] - ExecuteTC = <not implemented yet for class: org.codehaus.groovy.ast.expr.EmptyExpression>: null

2021-10-19 12:17:50 - [TEST_STEP][PASSED] - Taxtype = <not implemented yet for class: org.codehaus.groovy.ast.expr.EmptyExpression>: null

2021-10-19 12:17:50 - [TEST_STEP][PASSED] - numOfRows = findTestData(dataFile).getRowNumbers(): null

2021-10-19 12:17:51 - [TEST_STEP][PASSED] - println("Number of Records: " + numOfRows): null

2021-10-19 12:17:51 - [TEST_STEP][PASSED] - for ([row = 1, row <= numOfRows, (row++)]): null

2021-10-19 12:17:51 - [TEST_STEP][PASSED] - ExecuteTC = findTestData(dataFile).getValue("Execute", row): null

2021-10-19 12:17:51 - [TEST_STEP][PASSED] - out.println("Value of Execute is : " + ExecuteTC): null

2021-10-19 12:17:51 - [TEST_STEP][PASSED] - if (ExecuteTC.equalsIgnoreCase("Y")): null

2021-10-19 12:17:51 - [TEST_STEP][PASSED] - out.println("Begin Record Number: " + row): null

2021-10-19 12:17:51 - [TEST_STEP][PASSED] - today = new java.util.Date(): null

2021-10-19 12:17:51 - [TEST_STEP][PASSED] - println(today): null

2021-10-19 12:17:51 - [TEST_STEP][PASSED] - datText = today: null

2021-10-19 12:17:51 - [TEST_STEP][PASSED] - Taxtype = findTestData(dataFile).getValue("TaxType", row): null

2021-10-19 12:17:51 - [TEST_STEP][PASSED] - out.println("Taxtype value is : " + Taxtype): null

2021-10-19 12:17:51 - [TEST_STEP][PASSED] - openBrowser(""): Browser is opened with url: ''

2021-10-19 12:17:51 - [MESSAGE][INFO] - Starting 'Chrome' driver

2021-10-19 12:17:51 - [MESSAGE][INFO] - User set preference: ['acceptInsecureCerts', 'true']

2021-10-19 12:17:51 - [MESSAGE][INFO] - Action delay is set to 0 milliseconds

2021-10-19 12:17:54 - [MESSAGE][PASSED] - Browser is opened with url: ''

2021-10-19 12:17:54 - [TEST_STEP][PASSED] - maximizeWindow(): Current window maximized

2021-10-19 12:17:54 - [MESSAGE][PASSED] - Current window maximized

2021-10-19 12:17:54 - [TEST_STEP][PASSED] - navigateToUrl(RADurl): Navigate to 'https://qa.velocitypayment.com/client/rad/index.html' successfully

2021-10-19 12:17:56 - [MESSAGE][PASSED] - Navigate to 'https://qa.velocitypayment.com/client/rad/index.html' successfully

2021-10-19 12:17:56 - [TEST_STEP][PASSED] - orPath_Landing = "Object Repository/RAD_Pages/Landing_Page": null

2021-10-19 12:17:56 - [TEST_STEP][PASSED] - orPath_TaxTypeFilingYear = "Object Repository/RAD_Pages/TaxTypeFilingYear_Page": null

2021-10-19 12:17:56 - [TEST_STEP][PASSED] - orPath_TaxPayer = "Object Repository/RAD_Pages/Taxpayer_Page": null

2021-10-19 12:17:56 - [TEST_STEP][PASSED] - orPath_AddressContact = "Object Repository/RAD_Pages/AddressAndContactInfo_Page": null

2021-10-19 12:17:56 - [TEST_STEP][PASSED] - orPath_FilingStatus = "Object Repository/RAD_Pages/FilingStatus_Page": null

2021-10-19 12:17:56 - [TEST_STEP][PASSED] - orPath_Amount = "Object Repository/RAD_Pages/PaymentAmount_Page": null

2021-10-19 12:17:56 - [TEST_STEP][PASSED] - selectOptionByLabel(findTestObject(orPath_Landing + "/dd_TaxType"), Taxtype, false): All options with label 'Estimated Tax' are selected in object 'Object Repository/RAD_Pages/Landing_Page/dd_TaxType' 

2021-10-19 12:17:57 - [MESSAGE][PASSED] - All options with label 'Estimated Tax' are selected in object 'Object Repository/RAD_Pages/Landing_Page/dd_TaxType' 

2021-10-19 12:17:57 - [TEST_STEP][PASSED] - setText(findTestObject(orPath_AddressContact + "/input_eMailAddress"), "imtiazster@gmail.com"): Text 'imtiazster@gmail.com' is set on object 'Object Repository/RAD_Pages/AddressAndContactInfo_Page/input_eMailAddress'

2021-10-19 12:17:58 - [MESSAGE][PASSED] - Text 'imtiazster@gmail.com' is set on object 'Object Repository/RAD_Pages/AddressAndContactInfo_Page/input_eMailAddress'

2021-10-19 12:17:58 - [TEST_STEP][PASSED] - setText(findTestObject(orPath_AddressContact + "/input_reEnterEMailAddress"), "iahmed@govolution.com"): Text 'iahmed@govolution.com' is set on object 'Object Repository/RAD_Pages/AddressAndContactInfo_Page/input_reEnterEMailAddress'

2021-10-19 12:17:59 - [MESSAGE][PASSED] - Text 'iahmed@govolution.com' is set on object 'Object Repository/RAD_Pages/AddressAndContactInfo_Page/input_reEnterEMailAddress'

2021-10-19 12:17:59 - [TEST_STEP][PASSED] - delay(2): Delayed 2 second(s)

2021-10-19 12:18:01 - [MESSAGE][PASSED] - Delayed 2 second(s)

2021-10-19 12:18:01 - [TEST_STEP][PASSED] - if (verifyTextPresent("The Email and Re-enter email do not match", true)): null

2021-10-19 12:18:01 - [MESSAGE][PASSED] - Text 'The Email and Re-enter email do not match' is present on page  using regular expression

2021-10-19 12:18:01 - [TEST_STEP][PASSED] - println("Emails Dont match text is present"): null

2021-10-19 12:18:01 - [TEST_STEP][PASSED] - out.println("Pass Record Number: " + row): null

2021-10-19 12:18:01 - [TEST_STEP][PASSED] - resText = "Pass": null

2021-10-19 12:18:01 - [TEST_STEP][ERROR] - pages.WriteExcel.demoKey(resText, datText, resColumn, datCloumn, fileLoc, nameSheet, row): java.io.FileNotFoundException: C:\KatalonData\RADTestData\EmailNoMatch.xlsx (The process cannot access the file because it is being used by another process)

2021-10-19 12:18:02 - [MESSAGE][ERROR] - java.io.FileNotFoundException: C:\KatalonData\RADTestData\EmailNoMatch.xlsx (The process cannot access the file because it is being used by another process)]]></system-out>
         <system-err><![CDATA[2021-10-19 12:17:50 - [TEST_CASE][ERROR] - Test Cases/RAD_TestCases/Negative_TestCases/EMailNoMatch: Test Cases/RAD_TestCases/Negative_TestCases/EMailNoMatch FAILED.
Reason:
org.codehaus.groovy.runtime.InvokerInvocationException: java.io.FileNotFoundException: C:\KatalonData\RADTestData\EmailNoMatch.xlsx (The process cannot access the file because it is being used by another process)
	at pages.WriteExcel.invokeMethod(WriteExcel.groovy)
	at com.kms.katalon.core.main.CustomKeywordDelegatingMetaClass.invokeStaticMethod(CustomKeywordDelegatingMetaClass.java:50)
	at EMailNoMatch.run(EMailNoMatch:86)
	at com.kms.katalon.core.main.ScriptEngine.run(ScriptEngine.java:194)
	at com.kms.katalon.core.main.ScriptEngine.runScriptAsRawText(ScriptEngine.java:119)
	at com.kms.katalon.core.main.TestCaseExecutor.runScript(TestCaseExecutor.java:369)
	at com.kms.katalon.core.main.TestCaseExecutor.doExecute(TestCaseExecutor.java:360)
	at com.kms.katalon.core.main.TestCaseExecutor.processExecutionPhase(TestCaseExecutor.java:339)
	at com.kms.katalon.core.main.TestCaseExecutor.accessMainPhase(TestCaseExecutor.java:331)
	at com.kms.katalon.core.main.TestCaseExecutor.execute(TestCaseExecutor.java:248)
	at com.kms.katalon.core.main.TestSuiteExecutor.accessTestCaseMainPhase(TestSuiteExecutor.java:191)
	at com.kms.katalon.core.main.TestSuiteExecutor.accessTestSuiteMainPhase(TestSuiteExecutor.java:140)
	at com.kms.katalon.core.main.TestSuiteExecutor.execute(TestSuiteExecutor.java:89)
	at com.kms.katalon.core.main.TestCaseMain.startTestSuite(TestCaseMain.java:185)
	at com.kms.katalon.core.main.TestCaseMain$startTestSuite$0.call(Unknown Source)
	at TempTestSuite1634660266292.run(TempTestSuite1634660266292.groovy:39)
Caused by: java.io.FileNotFoundException: C:\KatalonData\RADTestData\EmailNoMatch.xlsx (The process cannot access the file because it is being used by another process)
	at pages.WriteExcel.demoKey(WriteExcel.groovy:93)
	... 16 more]]></system-err>
      </testcase>
      <system-out><![CDATA[2021-10-19 12:17:49 - [TEST_SUITE][ERROR] - RAD_UI_TestSuite: Test Cases/RAD_TestCases/Negative_TestCases/EMailNoMatch FAILED.
Reason:
org.codehaus.groovy.runtime.InvokerInvocationException: java.io.FileNotFoundException: C:\KatalonData\RADTestData\EmailNoMatch.xlsx (The process cannot access the file because it is being used by another process)
	at pages.WriteExcel.invokeMethod(WriteExcel.groovy)
	at com.kms.katalon.core.main.CustomKeywordDelegatingMetaClass.invokeStaticMethod(CustomKeywordDelegatingMetaClass.java:50)
	at EMailNoMatch.run(EMailNoMatch:86)
	at com.kms.katalon.core.main.ScriptEngine.run(ScriptEngine.java:194)
	at com.kms.katalon.core.main.ScriptEngine.runScriptAsRawText(ScriptEngine.java:119)
	at com.kms.katalon.core.main.TestCaseExecutor.runScript(TestCaseExecutor.java:369)
	at com.kms.katalon.core.main.TestCaseExecutor.doExecute(TestCaseExecutor.java:360)
	at com.kms.katalon.core.main.TestCaseExecutor.processExecutionPhase(TestCaseExecutor.java:339)
	at com.kms.katalon.core.main.TestCaseExecutor.accessMainPhase(TestCaseExecutor.java:331)
	at com.kms.katalon.core.main.TestCaseExecutor.execute(TestCaseExecutor.java:248)
	at com.kms.katalon.core.main.TestSuiteExecutor.accessTestCaseMainPhase(TestSuiteExecutor.java:191)
	at com.kms.katalon.core.main.TestSuiteExecutor.accessTestSuiteMainPhase(TestSuiteExecutor.java:140)
	at com.kms.katalon.core.main.TestSuiteExecutor.execute(TestSuiteExecutor.java:89)
	at com.kms.katalon.core.main.TestCaseMain.startTestSuite(TestCaseMain.java:185)
	at com.kms.katalon.core.main.TestCaseMain$startTestSuite$0.call(Unknown Source)
	at TempTestSuite1634660266292.run(TempTestSuite1634660266292.groovy:39)
Caused by: java.io.FileNotFoundException: C:\KatalonData\RADTestData\EmailNoMatch.xlsx (The process cannot access the file because it is being used by another process)
	at pages.WriteExcel.demoKey(WriteExcel.groovy:93)
	... 16 more]]></system-out>
      <system-err><![CDATA[2021-10-19 12:17:49 - [TEST_SUITE][ERROR] - RAD_UI_TestSuite: Test Cases/RAD_TestCases/Negative_TestCases/EMailNoMatch FAILED.
Reason:
org.codehaus.groovy.runtime.InvokerInvocationException: java.io.FileNotFoundException: C:\KatalonData\RADTestData\EmailNoMatch.xlsx (The process cannot access the file because it is being used by another process)
	at pages.WriteExcel.invokeMethod(WriteExcel.groovy)
	at com.kms.katalon.core.main.CustomKeywordDelegatingMetaClass.invokeStaticMethod(CustomKeywordDelegatingMetaClass.java:50)
	at EMailNoMatch.run(EMailNoMatch:86)
	at com.kms.katalon.core.main.ScriptEngine.run(ScriptEngine.java:194)
	at com.kms.katalon.core.main.ScriptEngine.runScriptAsRawText(ScriptEngine.java:119)
	at com.kms.katalon.core.main.TestCaseExecutor.runScript(TestCaseExecutor.java:369)
	at com.kms.katalon.core.main.TestCaseExecutor.doExecute(TestCaseExecutor.java:360)
	at com.kms.katalon.core.main.TestCaseExecutor.processExecutionPhase(TestCaseExecutor.java:339)
	at com.kms.katalon.core.main.TestCaseExecutor.accessMainPhase(TestCaseExecutor.java:331)
	at com.kms.katalon.core.main.TestCaseExecutor.execute(TestCaseExecutor.java:248)
	at com.kms.katalon.core.main.TestSuiteExecutor.accessTestCaseMainPhase(TestSuiteExecutor.java:191)
	at com.kms.katalon.core.main.TestSuiteExecutor.accessTestSuiteMainPhase(TestSuiteExecutor.java:140)
	at com.kms.katalon.core.main.TestSuiteExecutor.execute(TestSuiteExecutor.java:89)
	at com.kms.katalon.core.main.TestCaseMain.startTestSuite(TestCaseMain.java:185)
	at com.kms.katalon.core.main.TestCaseMain$startTestSuite$0.call(Unknown Source)
	at TempTestSuite1634660266292.run(TempTestSuite1634660266292.groovy:39)
Caused by: java.io.FileNotFoundException: C:\KatalonData\RADTestData\EmailNoMatch.xlsx (The process cannot access the file because it is being used by another process)
	at pages.WriteExcel.demoKey(WriteExcel.groovy:93)
	... 16 more]]></system-err>
   </testsuite>
</testsuites>
