<?xml version="1.0" encoding="UTF-8"?>
<testsuites name="QA_BBP_Regression" time="233.694" tests="7" failures="1" errors="0">
   <testsuite name="QA_BBP_Regression" tests="7" failures="1" errors="0" time="233.694" skipped="0" timestamp="2023-11-16 16:44:19" hostname="imtiaz - DESKTOP-B2QI6NS.govolution.com" id="Test Suites/QA/BBP/QA_BBP_Regression">
      <properties>
         <property name="deviceName" value=""/>
         <property name="devicePlatform" value=""/>
         <property name="logFolder" value="E:\\Cloned-Project-Katalon\\VPS-Katalon\\Reports\\20231116_164412\\QA\\BBP\\QA_BBP_Regression\\20231116_164412"/>
         <property name="logFiles" value="E:\\Cloned-Project-Katalon\\VPS-Katalon\\Reports\\20231116_164412\\QA\\BBP\\QA_BBP_Regression\\20231116_164412\\execution0.log"/>
         <property name="attachments" value=""/>
         <property name="hostName" value="imtiaz - DESKTOP-B2QI6NS.govolution.com"/>
         <property name="os" value="Windows 10 64bit"/>
         <property name="katalonVersion" value="8.6.6.208"/>
         <property name="browser" value="Chrome 119.0.0.0"/>
         <property name="hostAddress" value="172.31.253.139"/>
         <property name="sessionId" value="99d94e83e89e86374699dead42520097"/>
         <property name="seleniumVersion" value="3.141.59"/>
         <property name="proxyInformation" value="ProxyInformation { proxyOption=NO_PROXY, proxyServerType=HTTP, username=, password=********, proxyServerAddress=, proxyServerPort=0, executionList=&quot;&quot;, isApplyToDesiredCapabilities=true }"/>
         <property name="platform" value="Windows 10"/>
      </properties>
      <testcase name="Test Cases/BBP-SelIDE/SuccessfulPaymentCorpDualCFAboveCeiling" time="32.601" classname="Test Cases/BBP-SelIDE/SuccessfulPaymentCorpDualCFAboveCeiling" status="PASSED">
         <system-out><![CDATA[2023-11-16 16:44:19 - [TEST_CASE][PASSED] - Test Cases/BBP-SelIDE/SuccessfulPaymentCorpDualCFAboveCeiling: Test Cases/BBP-SelIDE/SuccessfulPaymentCorpDualCFAboveCeiling

2023-11-16 16:44:20 - [TEST_STEP][PASSED] - softAssertion = new org.testng.asserts.SoftAssert(): null

2023-11-16 16:44:20 - [TEST_STEP][PASSED] - openBrowser("https://www.google.com/"): Browser is opened with url: 'https://www.google.com/'

2023-11-16 16:44:20 - [MESSAGE][INFO] - Starting 'Chrome' driver

2023-11-16 16:44:20 - [MESSAGE][INFO] - User set preference: ['acceptInsecureCerts', 'true']

2023-11-16 16:44:21 - [MESSAGE][INFO] - Action delay is set to 0 milliseconds

2023-11-16 16:44:25 - [MESSAGE][PASSED] - Browser is opened with url: 'https://www.google.com/'

2023-11-16 16:44:25 - [TEST_STEP][PASSED] - driver = getWebDriver(): null

2023-11-16 16:44:25 - [TEST_STEP][PASSED] - baseUrl = "https://www.google.com/": null

2023-11-16 16:44:25 - [TEST_STEP][PASSED] - selenium = new com.thoughtworks.selenium.webdriven.WebDriverBackedSelenium(driver, baseUrl): null

2023-11-16 16:44:25 - [TEST_STEP][PASSED] - dCFBBPURL = DCFBBPURL: null

2023-11-16 16:44:25 - [TEST_STEP][PASSED] - selenium.open(dCFBBPURL): null

2023-11-16 16:44:26 - [TEST_STEP][PASSED] - selenium.type("id=field1", "101110"): null

2023-11-16 16:44:26 - [TEST_STEP][PASSED] - selenium.type("id=field2", "101111"): null

2023-11-16 16:44:26 - [TEST_STEP][PASSED] - selenium.click("name=Test"): null

2023-11-16 16:44:26 - [TEST_STEP][PASSED] - Thread.sleep(2000): null

2023-11-16 16:44:28 - [TEST_STEP][PASSED] - selenium.click("name=paysubmit"): null

2023-11-16 16:44:29 - [TEST_STEP][PASSED] - selenium.waitForPageToLoad("30000"): null

2023-11-16 16:44:29 - [TEST_STEP][PASSED] - selenium.click("xpath=(//input[@name='paymentMethod'])[3]"): null

2023-11-16 16:44:30 - [TEST_STEP][PASSED] - selenium.click("css=input[type="submit"]"): null

2023-11-16 16:44:31 - [TEST_STEP][PASSED] - selenium.waitForPageToLoad("30000"): null

2023-11-16 16:44:32 - [TEST_STEP][PASSED] - verifyTextPresent("Required fields are highlighted with an asterisk.", true): Text 'Required fields are highlighted with an asterisk.' is present on page  using regular expression

2023-11-16 16:44:32 - [MESSAGE][PASSED] - Text 'Required fields are highlighted with an asterisk.' is present on page  using regular expression

2023-11-16 16:44:32 - [TEST_STEP][PASSED] - verifyTextPresent("Please enter the following billing information about your payment:", true): Text 'Please enter the following billing information about your payment:' is present on page  using regular expression

2023-11-16 16:44:32 - [MESSAGE][PASSED] - Text 'Please enter the following billing information about your payment:' is present on page  using regular expression

2023-11-16 16:44:32 - [TEST_STEP][PASSED] - selenium.type("name=amount", 00".toString()): null

2023-11-16 16:44:32 - [TEST_STEP][PASSED] - selenium.type("name=userDefined2", "UDF2 Data3".toString()): null

2023-11-16 16:44:33 - [TEST_STEP][PASSED] - selenium.type("name=userDefined3", "UDF3 Data3".toString()): null

2023-11-16 16:44:33 - [TEST_STEP][PASSED] - selenium.type("name=userDefined5", "UDF5 Data3".toString()): null

2023-11-16 16:44:33 - [TEST_STEP][PASSED] - selenium.type("name=userDefined6", "UDF6 Data3".toString()): null

2023-11-16 16:44:33 - [TEST_STEP][PASSED] - selenium.type("name=userDefined8", "UDF8 Data3".toString()): null

2023-11-16 16:44:33 - [TEST_STEP][PASSED] - selenium.type("name=billingCompanyname", "My Company".toString()): null

2023-11-16 16:44:33 - [TEST_STEP][PASSED] - selenium.type("id=routingNumber", "256072691"): null

2023-11-16 16:44:33 - [TEST_STEP][PASSED] - selenium.type("id=accountNumber", "33333333"): null

2023-11-16 16:44:33 - [TEST_STEP][PASSED] - selenium.type("id=confirmAccountNumber", "33333333"): null

2023-11-16 16:44:33 - [TEST_STEP][PASSED] - selenium.type("name=ein", "123456789"): null

2023-11-16 16:44:33 - [TEST_STEP][PASSED] - selenium.type("name=billingAddress", "2311 york road".toString()): null

2023-11-16 16:44:33 - [TEST_STEP][PASSED] - selenium.type("name=billingAddress2", "suite 600".toString()): null

2023-11-16 16:44:33 - [TEST_STEP][PASSED] - selenium.type("id=billing-zip-input", "21054"): null

2023-11-16 16:44:33 - [TEST_STEP][PASSED] - selenium.type("name=emailAddress", com".toString()): null

2023-11-16 16:44:33 - [TEST_STEP][PASSED] - selenium.click("id=checkedAcceptCondition"): null

2023-11-16 16:44:33 - [TEST_STEP][PASSED] - selenium.selectWindow("null"): null

2023-11-16 16:44:33 - [TEST_STEP][PASSED] - selenium.click("name=achSubmit"): null

2023-11-16 16:44:34 - [TEST_STEP][PASSED] - selenium.waitForPageToLoad("30000"): null

2023-11-16 16:44:35 - [TEST_STEP][PASSED] - verifyTextPresent("Please verify the following information:", true): Text 'Please verify the following information:' is present on page  using regular expression

2023-11-16 16:44:35 - [MESSAGE][PASSED] - Text 'Please verify the following information:' is present on page  using regular expression

2023-11-16 16:44:35 - [TEST_STEP][PASSED] - verifyTextPresent("Is this information correct", true): Text 'Is this information correct' is present on page  using regular expression

2023-11-16 16:44:35 - [MESSAGE][PASSED] - Text 'Is this information correct' is present on page  using regular expression

2023-11-16 16:44:35 - [TEST_STEP][PASSED] - selenium.click("name=confirmNotifyAction"): null

2023-11-16 16:44:36 - [TEST_STEP][PASSED] - selenium.waitForPageToLoad("30000"): null

2023-11-16 16:44:36 - [TEST_STEP][PASSED] - Thread.sleep(15000): null

2023-11-16 16:44:51 - [TEST_STEP][PASSED] - verifyTextPresent("$101.00", false): Text '$101.00' is present on page 

2023-11-16 16:44:51 - [MESSAGE][PASSED] - Text '$101.00' is present on page 

2023-11-16 16:44:51 - [TEST_STEP][PASSED] - verifyTextPresent("Debit", true): Text 'Debit' is present on page  using regular expression

2023-11-16 16:44:52 - [MESSAGE][PASSED] - Text 'Debit' is present on page  using regular expression

2023-11-16 16:44:52 - [TEST_STEP][PASSED] - verifyTextPresent("Corporate", true): Text 'Corporate' is present on page  using regular expression

2023-11-16 16:44:52 - [MESSAGE][PASSED] - Text 'Corporate' is present on page  using regular expression]]></system-out>
         <system-err><![CDATA[]]></system-err>
      </testcase>
      <testcase name="Test Cases/BBP-SelIDE/SuccessfulPaymentCorpDualCFFlat" time="34.074" classname="Test Cases/BBP-SelIDE/SuccessfulPaymentCorpDualCFFlat" status="PASSED">
         <system-out><![CDATA[2023-11-16 16:44:52 - [TEST_CASE][PASSED] - Test Cases/BBP-SelIDE/SuccessfulPaymentCorpDualCFFlat: Test Cases/BBP-SelIDE/SuccessfulPaymentCorpDualCFFlat

2023-11-16 16:44:53 - [TEST_STEP][PASSED] - softAssertion = new org.testng.asserts.SoftAssert(): null

2023-11-16 16:44:53 - [TEST_STEP][PASSED] - openBrowser("https://www.google.com/"): Browser is opened with url: 'https://www.google.com/'

2023-11-16 16:44:53 - [MESSAGE][WARNING] - A browser is already opened. Closing browser and opening a new one

2023-11-16 16:44:54 - [MESSAGE][INFO] - Starting 'Chrome' driver

2023-11-16 16:44:54 - [MESSAGE][INFO] - User set preference: ['acceptInsecureCerts', 'true']

2023-11-16 16:44:54 - [MESSAGE][INFO] - Action delay is set to 0 milliseconds

2023-11-16 16:44:56 - [MESSAGE][PASSED] - Browser is opened with url: 'https://www.google.com/'

2023-11-16 16:44:56 - [TEST_STEP][PASSED] - driver = getWebDriver(): null

2023-11-16 16:44:56 - [TEST_STEP][PASSED] - baseUrl = "https://www.google.com/": null

2023-11-16 16:44:56 - [TEST_STEP][PASSED] - selenium = new com.thoughtworks.selenium.webdriven.WebDriverBackedSelenium(driver, baseUrl): null

2023-11-16 16:44:56 - [TEST_STEP][PASSED] - dCFBBPURL = DCFBBPURL: null

2023-11-16 16:44:56 - [TEST_STEP][PASSED] - selenium.open(dCFBBPURL): null

2023-11-16 16:44:57 - [TEST_STEP][PASSED] - selenium.type("id=field1", "101110"): null

2023-11-16 16:44:57 - [TEST_STEP][PASSED] - selenium.type("id=field2", "101111"): null

2023-11-16 16:44:57 - [TEST_STEP][PASSED] - selenium.click("name=Test"): null

2023-11-16 16:44:57 - [TEST_STEP][PASSED] - Thread.sleep(2000): null

2023-11-16 16:44:59 - [TEST_STEP][PASSED] - selenium.click("name=paysubmit"): null

2023-11-16 16:45:00 - [TEST_STEP][PASSED] - selenium.waitForPageToLoad("30000"): null

2023-11-16 16:45:00 - [TEST_STEP][PASSED] - selenium.click("xpath=(//input[@name='paymentMethod'])[3]"): null

2023-11-16 16:45:01 - [TEST_STEP][PASSED] - selenium.click("css=input[type="submit"]"): null

2023-11-16 16:45:02 - [TEST_STEP][PASSED] - selenium.waitForPageToLoad("30000"): null

2023-11-16 16:45:02 - [TEST_STEP][PASSED] - verifyTextPresent("Required fields are highlighted with an asterisk.", true): Text 'Required fields are highlighted with an asterisk.' is present on page  using regular expression

2023-11-16 16:45:02 - [MESSAGE][PASSED] - Text 'Required fields are highlighted with an asterisk.' is present on page  using regular expression

2023-11-16 16:45:02 - [TEST_STEP][PASSED] - verifyTextPresent("Please enter the following billing information about your payment:", true): Text 'Please enter the following billing information about your payment:' is present on page  using regular expression

2023-11-16 16:45:03 - [MESSAGE][PASSED] - Text 'Please enter the following billing information about your payment:' is present on page  using regular expression

2023-11-16 16:45:03 - [TEST_STEP][PASSED] - selenium.type("name=amount", 00".toString()): null

2023-11-16 16:45:03 - [TEST_STEP][PASSED] - selenium.type("name=userDefined2", "UDF2 Data3".toString()): null

2023-11-16 16:45:03 - [TEST_STEP][PASSED] - selenium.type("name=userDefined3", "UDF3 Data3".toString()): null

2023-11-16 16:45:03 - [TEST_STEP][PASSED] - selenium.type("name=userDefined5", "UDF5 Data3".toString()): null

2023-11-16 16:45:03 - [TEST_STEP][PASSED] - selenium.type("name=userDefined6", "UDF6 Data3".toString()): null

2023-11-16 16:45:03 - [TEST_STEP][PASSED] - selenium.type("name=userDefined8", "UDF8 Data3".toString()): null

2023-11-16 16:45:03 - [TEST_STEP][PASSED] - selenium.type("name=billingCompanyname", "My Company".toString()): null

2023-11-16 16:45:03 - [TEST_STEP][PASSED] - selenium.type("id=routingNumber", "256072691"): null

2023-11-16 16:45:03 - [TEST_STEP][PASSED] - selenium.type("id=accountNumber", "33333333"): null

2023-11-16 16:45:03 - [TEST_STEP][PASSED] - selenium.type("id=confirmAccountNumber", "33333333"): null

2023-11-16 16:45:03 - [TEST_STEP][PASSED] - selenium.type("name=ein", "123456789"): null

2023-11-16 16:45:03 - [TEST_STEP][PASSED] - selenium.type("name=billingAddress", "2311 york road".toString()): null

2023-11-16 16:45:03 - [TEST_STEP][PASSED] - selenium.type("name=billingAddress2", "suite 600".toString()): null

2023-11-16 16:45:04 - [TEST_STEP][PASSED] - selenium.type("id=billing-zip-input", "21054"): null

2023-11-16 16:45:04 - [TEST_STEP][PASSED] - selenium.type("name=emailAddress", com".toString()): null

2023-11-16 16:45:04 - [TEST_STEP][PASSED] - selenium.click("id=checkedAcceptCondition"): null

2023-11-16 16:45:04 - [TEST_STEP][PASSED] - selenium.selectWindow("null"): null

2023-11-16 16:45:04 - [TEST_STEP][PASSED] - selenium.click("name=achSubmit"): null

2023-11-16 16:45:04 - [TEST_STEP][PASSED] - selenium.waitForPageToLoad("30000"): null

2023-11-16 16:45:05 - [TEST_STEP][PASSED] - verifyTextPresent("Please verify the following information:", true): Text 'Please verify the following information:' is present on page  using regular expression

2023-11-16 16:45:05 - [MESSAGE][PASSED] - Text 'Please verify the following information:' is present on page  using regular expression

2023-11-16 16:45:05 - [TEST_STEP][PASSED] - verifyTextPresent("Is this information correct", true): Text 'Is this information correct' is present on page  using regular expression

2023-11-16 16:45:05 - [MESSAGE][PASSED] - Text 'Is this information correct' is present on page  using regular expression

2023-11-16 16:45:05 - [TEST_STEP][PASSED] - selenium.click("name=confirmNotifyAction"): null

2023-11-16 16:45:06 - [TEST_STEP][PASSED] - selenium.waitForPageToLoad("30000"): null

2023-11-16 16:45:06 - [TEST_STEP][PASSED] - verifyTextPresent("This transaction is subject to a Convenience Fees of $2.00.", false): Text 'This transaction is subject to a Convenience Fees of $2.00.' is present on page 

2023-11-16 16:45:07 - [MESSAGE][PASSED] - Text 'This transaction is subject to a Convenience Fees of $2.00.' is present on page 

2023-11-16 16:45:07 - [TEST_STEP][PASSED] - verifyTextPresent("Payment Amount:", true): Text 'Payment Amount:' is present on page  using regular expression

2023-11-16 16:45:07 - [MESSAGE][PASSED] - Text 'Payment Amount:' is present on page  using regular expression

2023-11-16 16:45:07 - [TEST_STEP][PASSED] - verifyTextPresent("$10.00", false): Text '$10.00' is present on page 

2023-11-16 16:45:07 - [MESSAGE][PASSED] - Text '$10.00' is present on page 

2023-11-16 16:45:07 - [TEST_STEP][PASSED] - verifyTextPresent("Convenience Fees:", true): Text 'Convenience Fees:' is present on page  using regular expression

2023-11-16 16:45:07 - [MESSAGE][PASSED] - Text 'Convenience Fees:' is present on page  using regular expression

2023-11-16 16:45:07 - [TEST_STEP][PASSED] - verifyTextPresent("$2.00", false): Text '$2.00' is present on page 

2023-11-16 16:45:08 - [MESSAGE][PASSED] - Text '$2.00' is present on page 

2023-11-16 16:45:08 - [TEST_STEP][PASSED] - verifyTextPresent("Total Amount:", true): Text 'Total Amount:' is present on page  using regular expression

2023-11-16 16:45:08 - [MESSAGE][PASSED] - Text 'Total Amount:' is present on page  using regular expression

2023-11-16 16:45:08 - [TEST_STEP][PASSED] - verifyTextPresent("$12.00", false): Text '$12.00' is present on page 

2023-11-16 16:45:08 - [MESSAGE][PASSED] - Text '$12.00' is present on page 

2023-11-16 16:45:08 - [TEST_STEP][PASSED] - verifyTextPresent("Two transactions will appear on your bank statement, one in the amount of $10.00 and one in the amount of $2.00.", false): Text 'Two transactions will appear on your bank statement, one in the amount of $10.00 and one in the amount of $2.00.' is present on page 

2023-11-16 16:45:08 - [MESSAGE][PASSED] - Text 'Two transactions will appear on your bank statement, one in the amount of $10.00 and one in the amount of $2.00.' is present on page 

2023-11-16 16:45:08 - [TEST_STEP][PASSED] - selenium.click("name=convFeeNotifyAction"): null

2023-11-16 16:45:09 - [TEST_STEP][PASSED] - selenium.waitForPageToLoad("30000"): null

2023-11-16 16:45:09 - [TEST_STEP][PASSED] - Thread.sleep(15000): null

2023-11-16 16:45:24 - [TEST_STEP][PASSED] - verifyTextPresent("$10.00", false): Text '$10.00' is present on page 

2023-11-16 16:45:25 - [MESSAGE][PASSED] - Text '$10.00' is present on page 

2023-11-16 16:45:25 - [TEST_STEP][PASSED] - verifyTextPresent("$2.00", false): Text '$2.00' is present on page 

2023-11-16 16:45:25 - [MESSAGE][PASSED] - Text '$2.00' is present on page 

2023-11-16 16:45:25 - [TEST_STEP][PASSED] - verifyTextPresent("Dual Transaction", true): Text 'Dual Transaction' is present on page  using regular expression

2023-11-16 16:45:25 - [MESSAGE][PASSED] - Text 'Dual Transaction' is present on page  using regular expression

2023-11-16 16:45:25 - [TEST_STEP][PASSED] - verifyTextPresent("$12.00", false): Text '$12.00' is present on page 

2023-11-16 16:45:26 - [MESSAGE][PASSED] - Text '$12.00' is present on page 

2023-11-16 16:45:26 - [TEST_STEP][PASSED] - verifyTextPresent("Debit", true): Text 'Debit' is present on page  using regular expression

2023-11-16 16:45:26 - [MESSAGE][PASSED] - Text 'Debit' is present on page  using regular expression

2023-11-16 16:45:26 - [TEST_STEP][PASSED] - verifyTextPresent("Corporate", true): Text 'Corporate' is present on page  using regular expression

2023-11-16 16:45:26 - [MESSAGE][PASSED] - Text 'Corporate' is present on page  using regular expression]]></system-out>
         <system-err><![CDATA[]]></system-err>
      </testcase>
      <testcase name="Test Cases/BBP-SelIDE/SuccessfulPaymentCorpDualCFPercentage" time="34.856" classname="Test Cases/BBP-SelIDE/SuccessfulPaymentCorpDualCFPercentage" status="PASSED">
         <system-out><![CDATA[2023-11-16 16:45:26 - [TEST_CASE][PASSED] - Test Cases/BBP-SelIDE/SuccessfulPaymentCorpDualCFPercentage: Test Cases/BBP-SelIDE/SuccessfulPaymentCorpDualCFPercentage

2023-11-16 16:45:27 - [TEST_STEP][PASSED] - softAssertion = new org.testng.asserts.SoftAssert(): null

2023-11-16 16:45:27 - [TEST_STEP][PASSED] - openBrowser("https://www.google.com/"): Browser is opened with url: 'https://www.google.com/'

2023-11-16 16:45:27 - [MESSAGE][WARNING] - A browser is already opened. Closing browser and opening a new one

2023-11-16 16:45:28 - [MESSAGE][INFO] - Starting 'Chrome' driver

2023-11-16 16:45:28 - [MESSAGE][INFO] - User set preference: ['acceptInsecureCerts', 'true']

2023-11-16 16:45:28 - [MESSAGE][INFO] - Action delay is set to 0 milliseconds

2023-11-16 16:45:31 - [MESSAGE][PASSED] - Browser is opened with url: 'https://www.google.com/'

2023-11-16 16:45:31 - [TEST_STEP][PASSED] - driver = getWebDriver(): null

2023-11-16 16:45:31 - [TEST_STEP][PASSED] - baseUrl = "https://www.google.com/": null

2023-11-16 16:45:31 - [TEST_STEP][PASSED] - selenium = new com.thoughtworks.selenium.webdriven.WebDriverBackedSelenium(driver, baseUrl): null

2023-11-16 16:45:31 - [TEST_STEP][PASSED] - dCFBBPURL = DCFBBPURL: null

2023-11-16 16:45:31 - [TEST_STEP][PASSED] - selenium.open(dCFBBPURL): null

2023-11-16 16:45:31 - [TEST_STEP][PASSED] - selenium.type("id=field1", "101110"): null

2023-11-16 16:45:32 - [TEST_STEP][PASSED] - selenium.type("id=field2", "101111"): null

2023-11-16 16:45:32 - [TEST_STEP][PASSED] - selenium.click("name=Test"): null

2023-11-16 16:45:32 - [TEST_STEP][PASSED] - Thread.sleep(2000): null

2023-11-16 16:45:34 - [TEST_STEP][PASSED] - selenium.click("name=paysubmit"): null

2023-11-16 16:45:34 - [TEST_STEP][PASSED] - selenium.waitForPageToLoad("30000"): null

2023-11-16 16:45:35 - [TEST_STEP][PASSED] - selenium.click("xpath=(//input[@name='paymentMethod'])[3]"): null

2023-11-16 16:45:35 - [TEST_STEP][PASSED] - selenium.click("css=input[type="submit"]"): null

2023-11-16 16:45:36 - [TEST_STEP][PASSED] - selenium.waitForPageToLoad("30000"): null

2023-11-16 16:45:37 - [TEST_STEP][PASSED] - verifyTextPresent("Required fields are highlighted with an asterisk.", true): Text 'Required fields are highlighted with an asterisk.' is present on page  using regular expression

2023-11-16 16:45:37 - [MESSAGE][PASSED] - Text 'Required fields are highlighted with an asterisk.' is present on page  using regular expression

2023-11-16 16:45:37 - [TEST_STEP][PASSED] - verifyTextPresent("Please enter the following billing information about your payment:", true): Text 'Please enter the following billing information about your payment:' is present on page  using regular expression

2023-11-16 16:45:37 - [MESSAGE][PASSED] - Text 'Please enter the following billing information about your payment:' is present on page  using regular expression

2023-11-16 16:45:37 - [TEST_STEP][PASSED] - selenium.type("name=amount", 00".toString()): null

2023-11-16 16:45:37 - [TEST_STEP][PASSED] - selenium.type("name=userDefined2", "UDF2 Data3".toString()): null

2023-11-16 16:45:37 - [TEST_STEP][PASSED] - selenium.type("name=userDefined3", "UDF3 Data3".toString()): null

2023-11-16 16:45:37 - [TEST_STEP][PASSED] - selenium.type("name=userDefined5", "UDF5 Data3".toString()): null

2023-11-16 16:45:37 - [TEST_STEP][PASSED] - selenium.type("name=userDefined6", "UDF6 Data3".toString()): null

2023-11-16 16:45:38 - [TEST_STEP][PASSED] - selenium.type("name=userDefined8", "UDF8 Data3".toString()): null

2023-11-16 16:45:38 - [TEST_STEP][PASSED] - selenium.type("name=billingCompanyname", "My Company".toString()): null

2023-11-16 16:45:38 - [TEST_STEP][PASSED] - selenium.type("id=routingNumber", "256072691"): null

2023-11-16 16:45:38 - [TEST_STEP][PASSED] - selenium.type("id=accountNumber", "33333333"): null

2023-11-16 16:45:38 - [TEST_STEP][PASSED] - selenium.type("id=confirmAccountNumber", "33333333"): null

2023-11-16 16:45:38 - [TEST_STEP][PASSED] - selenium.type("name=ein", "123456789"): null

2023-11-16 16:45:38 - [TEST_STEP][PASSED] - selenium.type("name=billingAddress", "2311 york road".toString()): null

2023-11-16 16:45:38 - [TEST_STEP][PASSED] - selenium.type("name=billingAddress2", "suite 600".toString()): null

2023-11-16 16:45:38 - [TEST_STEP][PASSED] - selenium.type("id=billing-zip-input", "21054"): null

2023-11-16 16:45:38 - [TEST_STEP][PASSED] - selenium.type("name=emailAddress", com".toString()): null

2023-11-16 16:45:38 - [TEST_STEP][PASSED] - selenium.click("id=checkedAcceptCondition"): null

2023-11-16 16:45:38 - [TEST_STEP][PASSED] - selenium.selectWindow("null"): null

2023-11-16 16:45:38 - [TEST_STEP][PASSED] - selenium.click("name=achSubmit"): null

2023-11-16 16:45:39 - [TEST_STEP][PASSED] - selenium.waitForPageToLoad("30000"): null

2023-11-16 16:45:39 - [TEST_STEP][PASSED] - verifyTextPresent("Please verify the following information:", true): Text 'Please verify the following information:' is present on page  using regular expression

2023-11-16 16:45:40 - [MESSAGE][PASSED] - Text 'Please verify the following information:' is present on page  using regular expression

2023-11-16 16:45:40 - [TEST_STEP][PASSED] - verifyTextPresent("Is this information correct", true): Text 'Is this information correct' is present on page  using regular expression

2023-11-16 16:45:40 - [MESSAGE][PASSED] - Text 'Is this information correct' is present on page  using regular expression

2023-11-16 16:45:40 - [TEST_STEP][PASSED] - selenium.click("name=confirmNotifyAction"): null

2023-11-16 16:45:41 - [TEST_STEP][PASSED] - selenium.waitForPageToLoad("30000"): null

2023-11-16 16:45:41 - [TEST_STEP][PASSED] - verifyTextPresent("This transaction is subject to a Convenience Fees of $6.00.", false): Text 'This transaction is subject to a Convenience Fees of $6.00.' is present on page 

2023-11-16 16:45:41 - [MESSAGE][PASSED] - Text 'This transaction is subject to a Convenience Fees of $6.00.' is present on page 

2023-11-16 16:45:41 - [TEST_STEP][PASSED] - verifyTextPresent("Payment Amount:", true): Text 'Payment Amount:' is present on page  using regular expression

2023-11-16 16:45:42 - [MESSAGE][PASSED] - Text 'Payment Amount:' is present on page  using regular expression

2023-11-16 16:45:42 - [TEST_STEP][PASSED] - verifyTextPresent("$60.00", false): Text '$60.00' is present on page 

2023-11-16 16:45:42 - [MESSAGE][PASSED] - Text '$60.00' is present on page 

2023-11-16 16:45:42 - [TEST_STEP][PASSED] - verifyTextPresent("Convenience Fees:", true): Text 'Convenience Fees:' is present on page  using regular expression

2023-11-16 16:45:42 - [MESSAGE][PASSED] - Text 'Convenience Fees:' is present on page  using regular expression

2023-11-16 16:45:42 - [TEST_STEP][PASSED] - verifyTextPresent("$6.00", false): Text '$6.00' is present on page 

2023-11-16 16:45:43 - [MESSAGE][PASSED] - Text '$6.00' is present on page 

2023-11-16 16:45:43 - [TEST_STEP][PASSED] - verifyTextPresent("Total Amount:", true): Text 'Total Amount:' is present on page  using regular expression

2023-11-16 16:45:43 - [MESSAGE][PASSED] - Text 'Total Amount:' is present on page  using regular expression

2023-11-16 16:45:43 - [TEST_STEP][PASSED] - verifyTextPresent("$66.00", false): Text '$66.00' is present on page 

2023-11-16 16:45:43 - [MESSAGE][PASSED] - Text '$66.00' is present on page 

2023-11-16 16:45:43 - [TEST_STEP][PASSED] - verifyTextPresent("Two transactions will appear on your bank statement, one in the amount of $60.00 and one in the amount of $6.00.", false): Text 'Two transactions will appear on your bank statement, one in the amount of $60.00 and one in the amount of $6.00.' is present on page 

2023-11-16 16:45:43 - [MESSAGE][PASSED] - Text 'Two transactions will appear on your bank statement, one in the amount of $60.00 and one in the amount of $6.00.' is present on page 

2023-11-16 16:45:43 - [TEST_STEP][PASSED] - selenium.click("name=convFeeNotifyAction"): null

2023-11-16 16:45:44 - [TEST_STEP][PASSED] - selenium.waitForPageToLoad("30000"): null

2023-11-16 16:45:44 - [TEST_STEP][PASSED] - Thread.sleep(15000): null

2023-11-16 16:45:59 - [TEST_STEP][PASSED] - verifyTextPresent("$60.00", false): Text '$60.00' is present on page 

2023-11-16 16:46:00 - [MESSAGE][PASSED] - Text '$60.00' is present on page 

2023-11-16 16:46:00 - [TEST_STEP][PASSED] - verifyTextPresent("$6.00", false): Text '$6.00' is present on page 

2023-11-16 16:46:00 - [MESSAGE][PASSED] - Text '$6.00' is present on page 

2023-11-16 16:46:00 - [TEST_STEP][PASSED] - verifyTextPresent("Dual Transaction", true): Text 'Dual Transaction' is present on page  using regular expression

2023-11-16 16:46:00 - [MESSAGE][PASSED] - Text 'Dual Transaction' is present on page  using regular expression

2023-11-16 16:46:00 - [TEST_STEP][PASSED] - verifyTextPresent("$66.00", false): Text '$66.00' is present on page 

2023-11-16 16:46:00 - [MESSAGE][PASSED] - Text '$66.00' is present on page 

2023-11-16 16:46:00 - [TEST_STEP][PASSED] - verifyTextPresent("Debit", true): Text 'Debit' is present on page  using regular expression

2023-11-16 16:46:01 - [MESSAGE][PASSED] - Text 'Debit' is present on page  using regular expression

2023-11-16 16:46:01 - [TEST_STEP][PASSED] - verifyTextPresent("Corporate", true): Text 'Corporate' is present on page  using regular expression

2023-11-16 16:46:01 - [MESSAGE][PASSED] - Text 'Corporate' is present on page  using regular expression]]></system-out>
         <system-err><![CDATA[]]></system-err>
      </testcase>
      <testcase name="Test Cases/BBP-SelIDE/SuccessfulPaymentCorpSingleCFAboveCeiling" time="30.156" classname="Test Cases/BBP-SelIDE/SuccessfulPaymentCorpSingleCFAboveCeiling" status="PASSED">
         <system-out><![CDATA[2023-11-16 16:46:01 - [TEST_CASE][PASSED] - Test Cases/BBP-SelIDE/SuccessfulPaymentCorpSingleCFAboveCeiling: Test Cases/BBP-SelIDE/SuccessfulPaymentCorpSingleCFAboveCeiling

2023-11-16 16:46:02 - [TEST_STEP][PASSED] - softAssertion = new org.testng.asserts.SoftAssert(): null

2023-11-16 16:46:02 - [TEST_STEP][PASSED] - openBrowser("https://www.google.com/"): Browser is opened with url: 'https://www.google.com/'

2023-11-16 16:46:02 - [MESSAGE][WARNING] - A browser is already opened. Closing browser and opening a new one

2023-11-16 16:46:03 - [MESSAGE][INFO] - Starting 'Chrome' driver

2023-11-16 16:46:03 - [MESSAGE][INFO] - User set preference: ['acceptInsecureCerts', 'true']

2023-11-16 16:46:03 - [MESSAGE][INFO] - Action delay is set to 0 milliseconds

2023-11-16 16:46:06 - [MESSAGE][PASSED] - Browser is opened with url: 'https://www.google.com/'

2023-11-16 16:46:06 - [TEST_STEP][PASSED] - driver = getWebDriver(): null

2023-11-16 16:46:06 - [TEST_STEP][PASSED] - baseUrl = "https://www.google.com/": null

2023-11-16 16:46:06 - [TEST_STEP][PASSED] - selenium = new com.thoughtworks.selenium.webdriven.WebDriverBackedSelenium(driver, baseUrl): null

2023-11-16 16:46:06 - [TEST_STEP][PASSED] - sCFBBPURL = SCFBBPURL: null

2023-11-16 16:46:06 - [TEST_STEP][PASSED] - selenium.open(sCFBBPURL): null

2023-11-16 16:46:06 - [TEST_STEP][PASSED] - selenium.type("id=field1", "666160"): null

2023-11-16 16:46:06 - [TEST_STEP][PASSED] - selenium.type("id=field2", "666161"): null

2023-11-16 16:46:06 - [TEST_STEP][PASSED] - selenium.type("id=field3", "666162"): null

2023-11-16 16:46:06 - [TEST_STEP][PASSED] - selenium.click("name=Test"): null

2023-11-16 16:46:06 - [TEST_STEP][PASSED] - Thread.sleep(2000): null

2023-11-16 16:46:08 - [TEST_STEP][PASSED] - selenium.click("name=paysubmit"): null

2023-11-16 16:46:09 - [TEST_STEP][PASSED] - selenium.waitForPageToLoad("30000"): null

2023-11-16 16:46:10 - [TEST_STEP][PASSED] - selenium.click("xpath=(//input[@name='paymentMethod'])[3]"): null

2023-11-16 16:46:10 - [TEST_STEP][PASSED] - selenium.click("css=input[type="submit"]"): null

2023-11-16 16:46:11 - [TEST_STEP][PASSED] - selenium.waitForPageToLoad("30000"): null

2023-11-16 16:46:11 - [TEST_STEP][PASSED] - verifyTextPresent("Required fields are highlighted with an asterisk.", true): Text 'Required fields are highlighted with an asterisk.' is present on page  using regular expression

2023-11-16 16:46:12 - [MESSAGE][PASSED] - Text 'Required fields are highlighted with an asterisk.' is present on page  using regular expression

2023-11-16 16:46:12 - [TEST_STEP][PASSED] - verifyTextPresent("Please enter the following billing information about your payment:", true): Text 'Please enter the following billing information about your payment:' is present on page  using regular expression

2023-11-16 16:46:12 - [MESSAGE][PASSED] - Text 'Please enter the following billing information about your payment:' is present on page  using regular expression

2023-11-16 16:46:12 - [TEST_STEP][PASSED] - selenium.type("name=amount", 00".toString()): null

2023-11-16 16:46:12 - [TEST_STEP][PASSED] - selenium.type("name=userDefined2", "UDF2 Data3".toString()): null

2023-11-16 16:46:12 - [TEST_STEP][PASSED] - selenium.type("name=userDefined3", "UDF3 Data3".toString()): null

2023-11-16 16:46:12 - [TEST_STEP][PASSED] - selenium.type("name=billingCompanyname", "My Company".toString()): null

2023-11-16 16:46:12 - [TEST_STEP][PASSED] - selenium.type("id=routingNumber", "256072691"): null

2023-11-16 16:46:12 - [TEST_STEP][PASSED] - selenium.type("id=accountNumber", "33333333"): null

2023-11-16 16:46:12 - [TEST_STEP][PASSED] - selenium.type("id=confirmAccountNumber", "33333333"): null

2023-11-16 16:46:12 - [TEST_STEP][PASSED] - selenium.type("name=ein", "123456789"): null

2023-11-16 16:46:12 - [TEST_STEP][PASSED] - selenium.type("name=billingAddress", "2311 york road".toString()): null

2023-11-16 16:46:13 - [TEST_STEP][PASSED] - selenium.type("name=billingAddress2", "suite 600".toString()): null

2023-11-16 16:46:13 - [TEST_STEP][PASSED] - selenium.type("id=billing-zip-input", "21054"): null

2023-11-16 16:46:13 - [TEST_STEP][PASSED] - selenium.type("name=emailAddress", com".toString()): null

2023-11-16 16:46:13 - [TEST_STEP][PASSED] - selenium.click("id=checkedAcceptCondition"): null

2023-11-16 16:46:13 - [TEST_STEP][PASSED] - selenium.click("name=achSubmit"): null

2023-11-16 16:46:13 - [TEST_STEP][PASSED] - selenium.waitForPageToLoad("30000"): null

2023-11-16 16:46:14 - [TEST_STEP][PASSED] - verifyTextPresent("Please verify the following information:", true): Text 'Please verify the following information:' is present on page  using regular expression

2023-11-16 16:46:14 - [MESSAGE][PASSED] - Text 'Please verify the following information:' is present on page  using regular expression

2023-11-16 16:46:14 - [TEST_STEP][PASSED] - verifyTextPresent("Is this information correct", true): Text 'Is this information correct' is present on page  using regular expression

2023-11-16 16:46:14 - [MESSAGE][PASSED] - Text 'Is this information correct' is present on page  using regular expression

2023-11-16 16:46:14 - [TEST_STEP][PASSED] - selenium.click("name=confirmNotifyAction"): null

2023-11-16 16:46:15 - [TEST_STEP][PASSED] - selenium.waitForPageToLoad("30000"): null

2023-11-16 16:46:15 - [TEST_STEP][PASSED] - Thread.sleep(15000): null

2023-11-16 16:46:30 - [TEST_STEP][PASSED] - verifyTextPresent("$101.00", false): Text '$101.00' is present on page 

2023-11-16 16:46:31 - [MESSAGE][PASSED] - Text '$101.00' is present on page 

2023-11-16 16:46:31 - [TEST_STEP][PASSED] - verifyTextPresent("Debit", true): Text 'Debit' is present on page  using regular expression

2023-11-16 16:46:31 - [MESSAGE][PASSED] - Text 'Debit' is present on page  using regular expression

2023-11-16 16:46:31 - [TEST_STEP][PASSED] - verifyTextPresent("Corporate", true): Text 'Corporate' is present on page  using regular expression

2023-11-16 16:46:31 - [MESSAGE][PASSED] - Text 'Corporate' is present on page  using regular expression]]></system-out>
         <system-err><![CDATA[]]></system-err>
      </testcase>
      <testcase name="Test Cases/BBP-SelIDE/SuccessfulPaymentCorpSingleCFPercentage" time="35.538" classname="Test Cases/BBP-SelIDE/SuccessfulPaymentCorpSingleCFPercentage" status="PASSED">
         <system-out><![CDATA[2023-11-16 16:46:31 - [TEST_CASE][PASSED] - Test Cases/BBP-SelIDE/SuccessfulPaymentCorpSingleCFPercentage: Test Cases/BBP-SelIDE/SuccessfulPaymentCorpSingleCFPercentage

2023-11-16 16:46:32 - [TEST_STEP][PASSED] - softAssertion = new org.testng.asserts.SoftAssert(): null

2023-11-16 16:46:32 - [TEST_STEP][PASSED] - openBrowser("https://www.google.com/"): Browser is opened with url: 'https://www.google.com/'

2023-11-16 16:46:32 - [MESSAGE][WARNING] - A browser is already opened. Closing browser and opening a new one

2023-11-16 16:46:33 - [MESSAGE][INFO] - Starting 'Chrome' driver

2023-11-16 16:46:33 - [MESSAGE][INFO] - User set preference: ['acceptInsecureCerts', 'true']

2023-11-16 16:46:33 - [MESSAGE][INFO] - Action delay is set to 0 milliseconds

2023-11-16 16:46:37 - [MESSAGE][PASSED] - Browser is opened with url: 'https://www.google.com/'

2023-11-16 16:46:37 - [TEST_STEP][PASSED] - driver = getWebDriver(): null

2023-11-16 16:46:37 - [TEST_STEP][PASSED] - baseUrl = "https://www.google.com/": null

2023-11-16 16:46:37 - [TEST_STEP][PASSED] - selenium = new com.thoughtworks.selenium.webdriven.WebDriverBackedSelenium(driver, baseUrl): null

2023-11-16 16:46:37 - [TEST_STEP][PASSED] - sCFBBPURL = SCFBBPURL: null

2023-11-16 16:46:37 - [TEST_STEP][PASSED] - selenium.open(sCFBBPURL): null

2023-11-16 16:46:38 - [TEST_STEP][PASSED] - selenium.type("id=field1", "666160"): null

2023-11-16 16:46:38 - [TEST_STEP][PASSED] - selenium.type("id=field2", "666161"): null

2023-11-16 16:46:38 - [TEST_STEP][PASSED] - selenium.type("id=field3", "666162"): null

2023-11-16 16:46:38 - [TEST_STEP][PASSED] - selenium.click("name=Test"): null

2023-11-16 16:46:38 - [TEST_STEP][PASSED] - Thread.sleep(2000): null

2023-11-16 16:46:40 - [TEST_STEP][PASSED] - selenium.click("name=paysubmit"): null

2023-11-16 16:46:41 - [TEST_STEP][PASSED] - selenium.waitForPageToLoad("30000"): null

2023-11-16 16:46:41 - [TEST_STEP][PASSED] - selenium.click("xpath=(//input[@name='paymentMethod'])[3]"): null

2023-11-16 16:46:41 - [TEST_STEP][PASSED] - selenium.click("css=input[type="submit"]"): null

2023-11-16 16:46:42 - [TEST_STEP][PASSED] - selenium.waitForPageToLoad("30000"): null

2023-11-16 16:46:43 - [TEST_STEP][PASSED] - verifyTextPresent("Required fields are highlighted with an asterisk.", true): Text 'Required fields are highlighted with an asterisk.' is present on page  using regular expression

2023-11-16 16:46:43 - [MESSAGE][PASSED] - Text 'Required fields are highlighted with an asterisk.' is present on page  using regular expression

2023-11-16 16:46:43 - [TEST_STEP][PASSED] - verifyTextPresent("Please enter the following billing information about your payment:", true): Text 'Please enter the following billing information about your payment:' is present on page  using regular expression

2023-11-16 16:46:44 - [MESSAGE][PASSED] - Text 'Please enter the following billing information about your payment:' is present on page  using regular expression

2023-11-16 16:46:44 - [TEST_STEP][PASSED] - selenium.type("name=amount", 00".toString()): null

2023-11-16 16:46:44 - [TEST_STEP][PASSED] - selenium.type("name=userDefined2", "UDF2 Data3".toString()): null

2023-11-16 16:46:44 - [TEST_STEP][PASSED] - selenium.type("name=userDefined3", "UDF3 Data3".toString()): null

2023-11-16 16:46:44 - [TEST_STEP][PASSED] - selenium.type("name=billingCompanyname", "My Company".toString()): null

2023-11-16 16:46:44 - [TEST_STEP][PASSED] - selenium.type("id=routingNumber", "256072691"): null

2023-11-16 16:46:44 - [TEST_STEP][PASSED] - selenium.type("id=accountNumber", "33333333"): null

2023-11-16 16:46:44 - [TEST_STEP][PASSED] - selenium.type("id=confirmAccountNumber", "33333333"): null

2023-11-16 16:46:44 - [TEST_STEP][PASSED] - selenium.type("name=ein", "123456789"): null

2023-11-16 16:46:44 - [TEST_STEP][PASSED] - selenium.type("name=billingAddress", "2311 york road".toString()): null

2023-11-16 16:46:44 - [TEST_STEP][PASSED] - selenium.type("name=billingAddress2", "suite 600".toString()): null

2023-11-16 16:46:44 - [TEST_STEP][PASSED] - selenium.type("id=billing-zip-input", "21054"): null

2023-11-16 16:46:44 - [TEST_STEP][PASSED] - selenium.type("name=emailAddress", com".toString()): null

2023-11-16 16:46:44 - [TEST_STEP][PASSED] - selenium.click("id=checkedAcceptCondition"): null

2023-11-16 16:46:45 - [TEST_STEP][PASSED] - selenium.click("name=achSubmit"): null

2023-11-16 16:46:45 - [TEST_STEP][PASSED] - selenium.waitForPageToLoad("30000"): null

2023-11-16 16:46:46 - [TEST_STEP][PASSED] - verifyTextPresent("Please verify the following information:", true): Text 'Please verify the following information:' is present on page  using regular expression

2023-11-16 16:46:46 - [MESSAGE][PASSED] - Text 'Please verify the following information:' is present on page  using regular expression

2023-11-16 16:46:46 - [TEST_STEP][PASSED] - verifyTextPresent("Is this information correct", true): Text 'Is this information correct' is present on page  using regular expression

2023-11-16 16:46:46 - [MESSAGE][PASSED] - Text 'Is this information correct' is present on page  using regular expression

2023-11-16 16:46:46 - [TEST_STEP][PASSED] - selenium.click("name=confirmNotifyAction"): null

2023-11-16 16:46:47 - [TEST_STEP][PASSED] - selenium.waitForPageToLoad("30000"): null

2023-11-16 16:46:47 - [TEST_STEP][PASSED] - verifyTextPresent("This transaction is subject to a Convenience Fees of $6.00.", false): Text 'This transaction is subject to a Convenience Fees of $6.00.' is present on page 

2023-11-16 16:46:47 - [MESSAGE][PASSED] - Text 'This transaction is subject to a Convenience Fees of $6.00.' is present on page 

2023-11-16 16:46:47 - [TEST_STEP][PASSED] - verifyTextPresent("Payment Amount:", true): Text 'Payment Amount:' is present on page  using regular expression

2023-11-16 16:46:48 - [MESSAGE][PASSED] - Text 'Payment Amount:' is present on page  using regular expression

2023-11-16 16:46:48 - [TEST_STEP][PASSED] - verifyTextPresent("$60.00", false): Text '$60.00' is present on page 

2023-11-16 16:46:48 - [MESSAGE][PASSED] - Text '$60.00' is present on page 

2023-11-16 16:46:48 - [TEST_STEP][PASSED] - verifyTextPresent("Convenience Fees:", true): Text 'Convenience Fees:' is present on page  using regular expression

2023-11-16 16:46:48 - [MESSAGE][PASSED] - Text 'Convenience Fees:' is present on page  using regular expression

2023-11-16 16:46:48 - [TEST_STEP][PASSED] - verifyTextPresent("$6.00", false): Text '$6.00' is present on page 

2023-11-16 16:46:48 - [MESSAGE][PASSED] - Text '$6.00' is present on page 

2023-11-16 16:46:48 - [TEST_STEP][PASSED] - verifyTextPresent("Total Amount:", true): Text 'Total Amount:' is present on page  using regular expression

2023-11-16 16:46:49 - [MESSAGE][PASSED] - Text 'Total Amount:' is present on page  using regular expression

2023-11-16 16:46:49 - [TEST_STEP][PASSED] - verifyTextPresent("$66.00", false): Text '$66.00' is present on page 

2023-11-16 16:46:49 - [MESSAGE][PASSED] - Text '$66.00' is present on page 

2023-11-16 16:46:49 - [TEST_STEP][PASSED] - verifyTextPresent("One transaction in the amount of $66.00 will appear on your bank statement.", false): Text 'One transaction in the amount of $66.00 will appear on your bank statement.' is present on page 

2023-11-16 16:46:49 - [MESSAGE][PASSED] - Text 'One transaction in the amount of $66.00 will appear on your bank statement.' is present on page 

2023-11-16 16:46:49 - [TEST_STEP][PASSED] - selenium.click("name=convFeeNotifyAction"): null

2023-11-16 16:46:50 - [TEST_STEP][PASSED] - selenium.waitForPageToLoad("30000"): null

2023-11-16 16:46:50 - [TEST_STEP][PASSED] - Thread.sleep(15000): null

2023-11-16 16:47:05 - [TEST_STEP][PASSED] - verifyTextPresent("$60.00", false): Text '$60.00' is present on page 

2023-11-16 16:47:05 - [MESSAGE][PASSED] - Text '$60.00' is present on page 

2023-11-16 16:47:05 - [TEST_STEP][PASSED] - verifyTextPresent("$6.00", false): Text '$6.00' is present on page 

2023-11-16 16:47:06 - [MESSAGE][PASSED] - Text '$6.00' is present on page 

2023-11-16 16:47:06 - [TEST_STEP][PASSED] - verifyTextPresent("Single Transaction", true): Text 'Single Transaction' is present on page  using regular expression

2023-11-16 16:47:06 - [MESSAGE][PASSED] - Text 'Single Transaction' is present on page  using regular expression

2023-11-16 16:47:06 - [TEST_STEP][PASSED] - verifyTextPresent("$66.00", false): Text '$66.00' is present on page 

2023-11-16 16:47:06 - [MESSAGE][PASSED] - Text '$66.00' is present on page 

2023-11-16 16:47:06 - [TEST_STEP][PASSED] - verifyTextPresent("Debit", true): Text 'Debit' is present on page  using regular expression

2023-11-16 16:47:06 - [MESSAGE][PASSED] - Text 'Debit' is present on page  using regular expression

2023-11-16 16:47:06 - [TEST_STEP][PASSED] - verifyTextPresent("Corporate", true): Text 'Corporate' is present on page  using regular expression

2023-11-16 16:47:07 - [MESSAGE][PASSED] - Text 'Corporate' is present on page  using regular expression]]></system-out>
         <system-err><![CDATA[]]></system-err>
      </testcase>
      <testcase name="Test Cases/BBP-SelIDE/SuccessfulPaymentPCDualCFAboveCeiling" time="30.806" classname="Test Cases/BBP-SelIDE/SuccessfulPaymentPCDualCFAboveCeiling" status="PASSED">
         <system-out><![CDATA[2023-11-16 16:47:07 - [TEST_CASE][PASSED] - Test Cases/BBP-SelIDE/SuccessfulPaymentPCDualCFAboveCeiling: Test Cases/BBP-SelIDE/SuccessfulPaymentPCDualCFAboveCeiling

2023-11-16 16:47:07 - [TEST_STEP][PASSED] - softAssertion = new org.testng.asserts.SoftAssert(): null

2023-11-16 16:47:07 - [TEST_STEP][PASSED] - openBrowser("https://www.google.com/"): Browser is opened with url: 'https://www.google.com/'

2023-11-16 16:47:07 - [MESSAGE][WARNING] - A browser is already opened. Closing browser and opening a new one

2023-11-16 16:47:08 - [MESSAGE][INFO] - Starting 'Chrome' driver

2023-11-16 16:47:08 - [MESSAGE][INFO] - User set preference: ['acceptInsecureCerts', 'true']

2023-11-16 16:47:08 - [MESSAGE][INFO] - Action delay is set to 0 milliseconds

2023-11-16 16:47:12 - [MESSAGE][PASSED] - Browser is opened with url: 'https://www.google.com/'

2023-11-16 16:47:12 - [TEST_STEP][PASSED] - driver = getWebDriver(): null

2023-11-16 16:47:12 - [TEST_STEP][PASSED] - baseUrl = "https://www.google.com/": null

2023-11-16 16:47:12 - [TEST_STEP][PASSED] - selenium = new com.thoughtworks.selenium.webdriven.WebDriverBackedSelenium(driver, baseUrl): null

2023-11-16 16:47:12 - [TEST_STEP][PASSED] - dCFBBPURL = DCFBBPURL: null

2023-11-16 16:47:12 - [TEST_STEP][PASSED] - selenium.open(dCFBBPURL): null

2023-11-16 16:47:12 - [TEST_STEP][PASSED] - selenium.type("id=field1", "101110"): null

2023-11-16 16:47:12 - [TEST_STEP][PASSED] - selenium.type("id=field2", "101111"): null

2023-11-16 16:47:12 - [TEST_STEP][PASSED] - selenium.click("name=Test"): null

2023-11-16 16:47:12 - [TEST_STEP][PASSED] - Thread.sleep(2000): null

2023-11-16 16:47:14 - [TEST_STEP][PASSED] - selenium.click("name=paysubmit"): null

2023-11-16 16:47:15 - [TEST_STEP][PASSED] - selenium.waitForPageToLoad("30000"): null

2023-11-16 16:47:15 - [TEST_STEP][PASSED] - selenium.click("xpath=(//input[@name='paymentMethod'])[2]"): null

2023-11-16 16:47:16 - [TEST_STEP][PASSED] - selenium.click("css=input[type="submit"]"): null

2023-11-16 16:47:16 - [TEST_STEP][PASSED] - selenium.waitForPageToLoad("30000"): null

2023-11-16 16:47:17 - [TEST_STEP][PASSED] - verifyTextPresent("Required fields are highlighted with an asterisk.", true): Text 'Required fields are highlighted with an asterisk.' is present on page  using regular expression

2023-11-16 16:47:17 - [MESSAGE][PASSED] - Text 'Required fields are highlighted with an asterisk.' is present on page  using regular expression

2023-11-16 16:47:17 - [TEST_STEP][PASSED] - verifyTextPresent("Please enter the following billing information about your payment:", true): Text 'Please enter the following billing information about your payment:' is present on page  using regular expression

2023-11-16 16:47:18 - [MESSAGE][PASSED] - Text 'Please enter the following billing information about your payment:' is present on page  using regular expression

2023-11-16 16:47:18 - [TEST_STEP][PASSED] - selenium.type("name=amount", 00".toString()): null

2023-11-16 16:47:18 - [TEST_STEP][PASSED] - selenium.type("name=userDefined2", "UDF2 Data1".toString()): null

2023-11-16 16:47:18 - [TEST_STEP][PASSED] - selenium.type("name=userDefined3", "UDF3 Data1".toString()): null

2023-11-16 16:47:18 - [TEST_STEP][PASSED] - selenium.type("name=userDefined5", "UDF5 Data1".toString()): null

2023-11-16 16:47:18 - [TEST_STEP][PASSED] - selenium.type("name=userDefined6", "UDF6 Data1".toString()): null

2023-11-16 16:47:18 - [TEST_STEP][PASSED] - selenium.type("name=userDefined8", "UDF8 Data1".toString()): null

2023-11-16 16:47:18 - [TEST_STEP][PASSED] - selenium.type("name=billingFirstname", "Molly"): null

2023-11-16 16:47:18 - [TEST_STEP][PASSED] - selenium.type("name=billingLastname", "Hunter"): null

2023-11-16 16:47:18 - [TEST_STEP][PASSED] - selenium.type("id=routingNumber", "256072691"): null

2023-11-16 16:47:18 - [TEST_STEP][PASSED] - selenium.type("id=accountNumber", "11111111"): null

2023-11-16 16:47:18 - [TEST_STEP][PASSED] - selenium.type("id=confirmAccountNumber", "11111111"): null

2023-11-16 16:47:18 - [TEST_STEP][PASSED] - selenium.click("name=accountType"): null

2023-11-16 16:47:18 - [TEST_STEP][PASSED] - selenium.type("name=billingAddress", "2311 york road".toString()): null

2023-11-16 16:47:18 - [TEST_STEP][PASSED] - selenium.type("name=billingAddress2", "Suite 600".toString()): null

2023-11-16 16:47:19 - [TEST_STEP][PASSED] - selenium.type("id=billing-zip-input", "21054"): null

2023-11-16 16:47:19 - [TEST_STEP][PASSED] - selenium.type("name=emailAddress", com".toString()): null

2023-11-16 16:47:19 - [TEST_STEP][PASSED] - selenium.click("id=checkedAcceptCondition"): null

2023-11-16 16:47:19 - [TEST_STEP][PASSED] - selenium.click("name=achSubmit"): null

2023-11-16 16:47:19 - [TEST_STEP][PASSED] - selenium.waitForPageToLoad("30000"): null

2023-11-16 16:47:20 - [TEST_STEP][PASSED] - verifyTextPresent("Please verify the following information:", true): Text 'Please verify the following information:' is present on page  using regular expression

2023-11-16 16:47:20 - [MESSAGE][PASSED] - Text 'Please verify the following information:' is present on page  using regular expression

2023-11-16 16:47:20 - [TEST_STEP][PASSED] - verifyTextPresent("Is this information correct", true): Text 'Is this information correct' is present on page  using regular expression

2023-11-16 16:47:20 - [MESSAGE][PASSED] - Text 'Is this information correct' is present on page  using regular expression

2023-11-16 16:47:20 - [TEST_STEP][PASSED] - selenium.click("name=confirmNotifyAction"): null

2023-11-16 16:47:21 - [TEST_STEP][PASSED] - selenium.waitForPageToLoad("30000"): null

2023-11-16 16:47:21 - [TEST_STEP][PASSED] - Thread.sleep(15000): null

2023-11-16 16:47:36 - [TEST_STEP][PASSED] - verifyTextPresent("$101.00", false): Text '$101.00' is present on page 

2023-11-16 16:47:37 - [MESSAGE][PASSED] - Text '$101.00' is present on page 

2023-11-16 16:47:37 - [TEST_STEP][PASSED] - verifyTextPresent("Debit", true): Text 'Debit' is present on page  using regular expression

2023-11-16 16:47:37 - [MESSAGE][PASSED] - Text 'Debit' is present on page  using regular expression

2023-11-16 16:47:37 - [TEST_STEP][PASSED] - verifyTextPresent("Personal", true): Text 'Personal' is present on page  using regular expression

2023-11-16 16:47:37 - [MESSAGE][PASSED] - Text 'Personal' is present on page  using regular expression

2023-11-16 16:47:37 - [TEST_STEP][PASSED] - verifyTextPresent("Checking", true): Text 'Checking' is present on page  using regular expression

2023-11-16 16:47:37 - [MESSAGE][PASSED] - Text 'Checking' is present on page  using regular expression]]></system-out>
         <system-err><![CDATA[]]></system-err>
      </testcase>
      <testcase name="Test Cases/BBP-SelIDE/SuccessfulPaymentPCDualCFFlat" time="35.177" classname="Test Cases/BBP-SelIDE/SuccessfulPaymentPCDualCFFlat" status="FAILED">
         <failure type="FAILED" message="Test Cases/BBP-SelIDE/SuccessfulPaymentPCDualCFFlat FAILED.
Reason:
com.kms.katalon.core.exception.StepFailedException: Text 'test' is not present on page  using regular expression (Root cause: com.kms.katalon.core.exception.StepFailedException: Text 'test' is not present on page  using regular expression
	at com.kms.katalon.core.webui.keyword.internal.WebUIKeywordMain.stepFailed(WebUIKeywordMain.groovy:64)
	at com.kms.katalon.core.webui.keyword.builtin.VerifyTextPresentKeyword$_verifyTextPresent_closure1.doCall(VerifyTextPresentKeyword.groovy:79)
	at com.kms.katalon.core.webui.keyword.builtin.VerifyTextPresentKeyword$_verifyTextPresent_closure1.call(VerifyTextPresentKeyword.groovy)
	at com.kms.katalon.core.webui.keyword.internal.WebUIKeywordMain.runKeyword(WebUIKeywordMain.groovy:20)
	at com.kms.katalon.core.webui.keyword.builtin.VerifyTextPresentKeyword.verifyTextPresent(VerifyTextPresentKeyword.groovy:83)
	at com.kms.katalon.core.webui.keyword.builtin.VerifyTextPresentKeyword.execute(VerifyTextPresentKeyword.groovy:68)
	at com.kms.katalon.core.keyword.internal.KeywordExecutor.executeKeywordForPlatform(KeywordExecutor.groovy:74)
	at com.kms.katalon.core.webui.keyword.WebUiBuiltInKeywords.verifyTextPresent(WebUiBuiltInKeywords.groovy:1723)
	at com.kms.katalon.core.webui.keyword.WebUiBuiltInKeywords$verifyTextPresent$0.call(Unknown Source)
	at SuccessfulPaymentPCDualCFFlat.run(SuccessfulPaymentPCDualCFFlat:127)
	at com.kms.katalon.core.main.ScriptEngine.run(ScriptEngine.java:194)
	at com.kms.katalon.core.main.ScriptEngine.runScriptAsRawText(ScriptEngine.java:119)
	at com.kms.katalon.core.main.TestCaseExecutor.runScript(TestCaseExecutor.java:448)
	at com.kms.katalon.core.main.TestCaseExecutor.doExecute(TestCaseExecutor.java:439)
	at com.kms.katalon.core.main.TestCaseExecutor.processExecutionPhase(TestCaseExecutor.java:418)
	at com.kms.katalon.core.main.TestCaseExecutor.accessMainPhase(TestCaseExecutor.java:410)
	at com.kms.katalon.core.main.TestCaseExecutor.execute(TestCaseExecutor.java:285)
	at com.kms.katalon.core.common.CommonExecutor.accessTestCaseMainPhase(CommonExecutor.java:65)
	at com.kms.katalon.core.main.TestSuiteExecutor.accessTestSuiteMainPhase(TestSuiteExecutor.java:148)
	at com.kms.katalon.core.main.TestSuiteExecutor.execute(TestSuiteExecutor.java:106)
	at com.kms.katalon.core.main.TestCaseMain.startTestSuite(TestCaseMain.java:187)
	at com.kms.katalon.core.main.TestCaseMain$startTestSuite$0.call(Unknown Source)
	at TempTestSuite1700171052425.run(TempTestSuite1700171052425.groovy:36)
)
	at com.kms.katalon.core.keyword.internal.KeywordMain.stepFailed(KeywordMain.groovy:39)
	at com.kms.katalon.core.webui.keyword.internal.WebUIKeywordMain.stepFailed(WebUIKeywordMain.groovy:64)
	at com.kms.katalon.core.webui.keyword.builtin.VerifyTextPresentKeyword$_verifyTextPresent_closure1.doCall(VerifyTextPresentKeyword.groovy:79)
	at com.kms.katalon.core.webui.keyword.builtin.VerifyTextPresentKeyword$_verifyTextPresent_closure1.call(VerifyTextPresentKeyword.groovy)
	at com.kms.katalon.core.webui.keyword.internal.WebUIKeywordMain.runKeyword(WebUIKeywordMain.groovy:20)
	at com.kms.katalon.core.webui.keyword.builtin.VerifyTextPresentKeyword.verifyTextPresent(VerifyTextPresentKeyword.groovy:83)
	at com.kms.katalon.core.webui.keyword.builtin.VerifyTextPresentKeyword.execute(VerifyTextPresentKeyword.groovy:68)
	at com.kms.katalon.core.keyword.internal.KeywordExecutor.executeKeywordForPlatform(KeywordExecutor.groovy:74)
	at com.kms.katalon.core.webui.keyword.WebUiBuiltInKeywords.verifyTextPresent(WebUiBuiltInKeywords.groovy:1723)
	at com.kms.katalon.core.webui.keyword.WebUiBuiltInKeywords$verifyTextPresent$0.call(Unknown Source)
	at SuccessfulPaymentPCDualCFFlat.run(SuccessfulPaymentPCDualCFFlat:127)
	at com.kms.katalon.core.main.ScriptEngine.run(ScriptEngine.java:194)
	at com.kms.katalon.core.main.ScriptEngine.runScriptAsRawText(ScriptEngine.java:119)
	at com.kms.katalon.core.main.TestCaseExecutor.runScript(TestCaseExecutor.java:448)
	at com.kms.katalon.core.main.TestCaseExecutor.doExecute(TestCaseExecutor.java:439)
	at com.kms.katalon.core.main.TestCaseExecutor.processExecutionPhase(TestCaseExecutor.java:418)
	at com.kms.katalon.core.main.TestCaseExecutor.accessMainPhase(TestCaseExecutor.java:410)
	at com.kms.katalon.core.main.TestCaseExecutor.execute(TestCaseExecutor.java:285)
	at com.kms.katalon.core.common.CommonExecutor.accessTestCaseMainPhase(CommonExecutor.java:65)
	at com.kms.katalon.core.main.TestSuiteExecutor.accessTestSuiteMainPhase(TestSuiteExecutor.java:148)
	at com.kms.katalon.core.main.TestSuiteExecutor.execute(TestSuiteExecutor.java:106)
	at com.kms.katalon.core.main.TestCaseMain.startTestSuite(TestCaseMain.java:187)
	at com.kms.katalon.core.main.TestCaseMain$startTestSuite$0.call(Unknown Source)
	at TempTestSuite1700171052425.run(TempTestSuite1700171052425.groovy:36)
Caused by: com.kms.katalon.core.exception.StepFailedException: Text 'test' is not present on page  using regular expression
	... 23 more
"/>
         <system-out><![CDATA[2023-11-16 16:47:37 - [TEST_CASE][FAILED] - Test Cases/BBP-SelIDE/SuccessfulPaymentPCDualCFFlat: Test Cases/BBP-SelIDE/SuccessfulPaymentPCDualCFFlat FAILED.
Reason:
com.kms.katalon.core.exception.StepFailedException: Text 'test' is not present on page  using regular expression (Root cause: com.kms.katalon.core.exception.StepFailedException: Text 'test' is not present on page  using regular expression
	at com.kms.katalon.core.webui.keyword.internal.WebUIKeywordMain.stepFailed(WebUIKeywordMain.groovy:64)
	at com.kms.katalon.core.webui.keyword.builtin.VerifyTextPresentKeyword$_verifyTextPresent_closure1.doCall(VerifyTextPresentKeyword.groovy:79)
	at com.kms.katalon.core.webui.keyword.builtin.VerifyTextPresentKeyword$_verifyTextPresent_closure1.call(VerifyTextPresentKeyword.groovy)
	at com.kms.katalon.core.webui.keyword.internal.WebUIKeywordMain.runKeyword(WebUIKeywordMain.groovy:20)
	at com.kms.katalon.core.webui.keyword.builtin.VerifyTextPresentKeyword.verifyTextPresent(VerifyTextPresentKeyword.groovy:83)
	at com.kms.katalon.core.webui.keyword.builtin.VerifyTextPresentKeyword.execute(VerifyTextPresentKeyword.groovy:68)
	at com.kms.katalon.core.keyword.internal.KeywordExecutor.executeKeywordForPlatform(KeywordExecutor.groovy:74)
	at com.kms.katalon.core.webui.keyword.WebUiBuiltInKeywords.verifyTextPresent(WebUiBuiltInKeywords.groovy:1723)
	at com.kms.katalon.core.webui.keyword.WebUiBuiltInKeywords$verifyTextPresent$0.call(Unknown Source)
	at SuccessfulPaymentPCDualCFFlat.run(SuccessfulPaymentPCDualCFFlat:127)
	at com.kms.katalon.core.main.ScriptEngine.run(ScriptEngine.java:194)
	at com.kms.katalon.core.main.ScriptEngine.runScriptAsRawText(ScriptEngine.java:119)
	at com.kms.katalon.core.main.TestCaseExecutor.runScript(TestCaseExecutor.java:448)
	at com.kms.katalon.core.main.TestCaseExecutor.doExecute(TestCaseExecutor.java:439)
	at com.kms.katalon.core.main.TestCaseExecutor.processExecutionPhase(TestCaseExecutor.java:418)
	at com.kms.katalon.core.main.TestCaseExecutor.accessMainPhase(TestCaseExecutor.java:410)
	at com.kms.katalon.core.main.TestCaseExecutor.execute(TestCaseExecutor.java:285)
	at com.kms.katalon.core.common.CommonExecutor.accessTestCaseMainPhase(CommonExecutor.java:65)
	at com.kms.katalon.core.main.TestSuiteExecutor.accessTestSuiteMainPhase(TestSuiteExecutor.java:148)
	at com.kms.katalon.core.main.TestSuiteExecutor.execute(TestSuiteExecutor.java:106)
	at com.kms.katalon.core.main.TestCaseMain.startTestSuite(TestCaseMain.java:187)
	at com.kms.katalon.core.main.TestCaseMain$startTestSuite$0.call(Unknown Source)
	at TempTestSuite1700171052425.run(TempTestSuite1700171052425.groovy:36)
)
	at com.kms.katalon.core.keyword.internal.KeywordMain.stepFailed(KeywordMain.groovy:39)
	at com.kms.katalon.core.webui.keyword.internal.WebUIKeywordMain.stepFailed(WebUIKeywordMain.groovy:64)
	at com.kms.katalon.core.webui.keyword.builtin.VerifyTextPresentKeyword$_verifyTextPresent_closure1.doCall(VerifyTextPresentKeyword.groovy:79)
	at com.kms.katalon.core.webui.keyword.builtin.VerifyTextPresentKeyword$_verifyTextPresent_closure1.call(VerifyTextPresentKeyword.groovy)
	at com.kms.katalon.core.webui.keyword.internal.WebUIKeywordMain.runKeyword(WebUIKeywordMain.groovy:20)
	at com.kms.katalon.core.webui.keyword.builtin.VerifyTextPresentKeyword.verifyTextPresent(VerifyTextPresentKeyword.groovy:83)
	at com.kms.katalon.core.webui.keyword.builtin.VerifyTextPresentKeyword.execute(VerifyTextPresentKeyword.groovy:68)
	at com.kms.katalon.core.keyword.internal.KeywordExecutor.executeKeywordForPlatform(KeywordExecutor.groovy:74)
	at com.kms.katalon.core.webui.keyword.WebUiBuiltInKeywords.verifyTextPresent(WebUiBuiltInKeywords.groovy:1723)
	at com.kms.katalon.core.webui.keyword.WebUiBuiltInKeywords$verifyTextPresent$0.call(Unknown Source)
	at SuccessfulPaymentPCDualCFFlat.run(SuccessfulPaymentPCDualCFFlat:127)
	at com.kms.katalon.core.main.ScriptEngine.run(ScriptEngine.java:194)
	at com.kms.katalon.core.main.ScriptEngine.runScriptAsRawText(ScriptEngine.java:119)
	at com.kms.katalon.core.main.TestCaseExecutor.runScript(TestCaseExecutor.java:448)
	at com.kms.katalon.core.main.TestCaseExecutor.doExecute(TestCaseExecutor.java:439)
	at com.kms.katalon.core.main.TestCaseExecutor.processExecutionPhase(TestCaseExecutor.java:418)
	at com.kms.katalon.core.main.TestCaseExecutor.accessMainPhase(TestCaseExecutor.java:410)
	at com.kms.katalon.core.main.TestCaseExecutor.execute(TestCaseExecutor.java:285)
	at com.kms.katalon.core.common.CommonExecutor.accessTestCaseMainPhase(CommonExecutor.java:65)
	at com.kms.katalon.core.main.TestSuiteExecutor.accessTestSuiteMainPhase(TestSuiteExecutor.java:148)
	at com.kms.katalon.core.main.TestSuiteExecutor.execute(TestSuiteExecutor.java:106)
	at com.kms.katalon.core.main.TestCaseMain.startTestSuite(TestCaseMain.java:187)
	at com.kms.katalon.core.main.TestCaseMain$startTestSuite$0.call(Unknown Source)
	at TempTestSuite1700171052425.run(TempTestSuite1700171052425.groovy:36)
Caused by: com.kms.katalon.core.exception.StepFailedException: Text 'test' is not present on page  using regular expression
	... 23 more


2023-11-16 16:47:38 - [TEST_STEP][PASSED] - softAssertion = new org.testng.asserts.SoftAssert(): null

2023-11-16 16:47:38 - [TEST_STEP][PASSED] - openBrowser("https://www.google.com/"): Browser is opened with url: 'https://www.google.com/'

2023-11-16 16:47:38 - [MESSAGE][WARNING] - A browser is already opened. Closing browser and opening a new one

2023-11-16 16:47:39 - [MESSAGE][INFO] - Starting 'Chrome' driver

2023-11-16 16:47:39 - [MESSAGE][INFO] - User set preference: ['acceptInsecureCerts', 'true']

2023-11-16 16:47:39 - [MESSAGE][INFO] - Action delay is set to 0 milliseconds

2023-11-16 16:47:42 - [MESSAGE][PASSED] - Browser is opened with url: 'https://www.google.com/'

2023-11-16 16:47:42 - [TEST_STEP][PASSED] - driver = getWebDriver(): null

2023-11-16 16:47:42 - [TEST_STEP][PASSED] - baseUrl = "https://www.google.com/": null

2023-11-16 16:47:42 - [TEST_STEP][PASSED] - selenium = new com.thoughtworks.selenium.webdriven.WebDriverBackedSelenium(driver, baseUrl): null

2023-11-16 16:47:42 - [TEST_STEP][PASSED] - dCFBBPURL = DCFBBPURL: null

2023-11-16 16:47:42 - [TEST_STEP][PASSED] - selenium.open(dCFBBPURL): null

2023-11-16 16:47:43 - [TEST_STEP][PASSED] - selenium.type("id=field1", "101110"): null

2023-11-16 16:47:43 - [TEST_STEP][PASSED] - selenium.type("id=field2", "101111"): null

2023-11-16 16:47:43 - [TEST_STEP][PASSED] - selenium.click("name=Test"): null

2023-11-16 16:47:43 - [TEST_STEP][PASSED] - Thread.sleep(2000): null

2023-11-16 16:47:45 - [TEST_STEP][PASSED] - selenium.click("name=paysubmit"): null

2023-11-16 16:47:46 - [TEST_STEP][PASSED] - selenium.waitForPageToLoad("30000"): null

2023-11-16 16:47:46 - [TEST_STEP][PASSED] - selenium.click("xpath=(//input[@name='paymentMethod'])[2]"): null

2023-11-16 16:47:47 - [TEST_STEP][PASSED] - selenium.click("css=input[type="submit"]"): null

2023-11-16 16:47:48 - [TEST_STEP][PASSED] - selenium.waitForPageToLoad("30000"): null

2023-11-16 16:47:48 - [TEST_STEP][PASSED] - verifyTextPresent("Required fields are highlighted with an asterisk.", true): Text 'Required fields are highlighted with an asterisk.' is present on page  using regular expression

2023-11-16 16:47:48 - [MESSAGE][PASSED] - Text 'Required fields are highlighted with an asterisk.' is present on page  using regular expression

2023-11-16 16:47:48 - [TEST_STEP][PASSED] - verifyTextPresent("Please enter the following billing information about your payment:", true): Text 'Please enter the following billing information about your payment:' is present on page  using regular expression

2023-11-16 16:47:49 - [MESSAGE][PASSED] - Text 'Please enter the following billing information about your payment:' is present on page  using regular expression

2023-11-16 16:47:49 - [TEST_STEP][PASSED] - selenium.type("name=amount", 00".toString()): null

2023-11-16 16:47:49 - [TEST_STEP][PASSED] - selenium.type("name=userDefined2", "UDF2 Data1".toString()): null

2023-11-16 16:47:49 - [TEST_STEP][PASSED] - selenium.type("name=userDefined3", "UDF3 Data1".toString()): null

2023-11-16 16:47:49 - [TEST_STEP][PASSED] - selenium.type("name=userDefined5", "UDF5 Data1".toString()): null

2023-11-16 16:47:49 - [TEST_STEP][PASSED] - selenium.type("name=userDefined6", "UDF6 Data1".toString()): null

2023-11-16 16:47:49 - [TEST_STEP][PASSED] - selenium.type("name=userDefined8", "UDF8 Data1".toString()): null

2023-11-16 16:47:49 - [TEST_STEP][PASSED] - selenium.type("name=billingFirstname", "Molly"): null

2023-11-16 16:47:49 - [TEST_STEP][PASSED] - selenium.type("name=billingLastname", "Hunter"): null

2023-11-16 16:47:49 - [TEST_STEP][PASSED] - selenium.type("id=routingNumber", "256072691"): null

2023-11-16 16:47:49 - [TEST_STEP][PASSED] - selenium.type("id=accountNumber", "11111111"): null

2023-11-16 16:47:49 - [TEST_STEP][PASSED] - selenium.type("id=confirmAccountNumber", "11111111"): null

2023-11-16 16:47:49 - [TEST_STEP][PASSED] - selenium.click("name=accountType"): null

2023-11-16 16:47:49 - [TEST_STEP][PASSED] - selenium.type("name=billingAddress", "2311 york road".toString()): null

2023-11-16 16:47:50 - [TEST_STEP][PASSED] - selenium.type("name=billingAddress2", "Suite 600".toString()): null

2023-11-16 16:47:50 - [TEST_STEP][PASSED] - selenium.type("id=billing-zip-input", "21054"): null

2023-11-16 16:47:50 - [TEST_STEP][PASSED] - selenium.type("name=emailAddress", com".toString()): null

2023-11-16 16:47:50 - [TEST_STEP][PASSED] - selenium.click("id=checkedAcceptCondition"): null

2023-11-16 16:47:50 - [TEST_STEP][PASSED] - selenium.click("name=achSubmit"): null

2023-11-16 16:47:50 - [TEST_STEP][PASSED] - selenium.waitForPageToLoad("30000"): null

2023-11-16 16:47:51 - [TEST_STEP][PASSED] - verifyTextPresent("Please verify the following information:", true): Text 'Please verify the following information:' is present on page  using regular expression

2023-11-16 16:47:51 - [MESSAGE][PASSED] - Text 'Please verify the following information:' is present on page  using regular expression

2023-11-16 16:47:51 - [TEST_STEP][PASSED] - verifyTextPresent("Is this information correct", true): Text 'Is this information correct' is present on page  using regular expression

2023-11-16 16:47:51 - [MESSAGE][PASSED] - Text 'Is this information correct' is present on page  using regular expression

2023-11-16 16:47:51 - [TEST_STEP][PASSED] - selenium.click("name=confirmNotifyAction"): null

2023-11-16 16:47:52 - [TEST_STEP][PASSED] - selenium.waitForPageToLoad("30000"): null

2023-11-16 16:47:52 - [TEST_STEP][PASSED] - verifyTextPresent("This transaction is subject to a Convenience Fees of $2.00.", false): Text 'This transaction is subject to a Convenience Fees of $2.00.' is present on page 

2023-11-16 16:47:53 - [MESSAGE][PASSED] - Text 'This transaction is subject to a Convenience Fees of $2.00.' is present on page 

2023-11-16 16:47:53 - [TEST_STEP][PASSED] - verifyTextPresent("Payment Amount:", true): Text 'Payment Amount:' is present on page  using regular expression

2023-11-16 16:47:53 - [MESSAGE][PASSED] - Text 'Payment Amount:' is present on page  using regular expression

2023-11-16 16:47:53 - [TEST_STEP][PASSED] - verifyTextPresent("$10.00", false): Text '$10.00' is present on page 

2023-11-16 16:47:53 - [MESSAGE][PASSED] - Text '$10.00' is present on page 

2023-11-16 16:47:53 - [TEST_STEP][PASSED] - verifyTextPresent("Convenience Fees:", true): Text 'Convenience Fees:' is present on page  using regular expression

2023-11-16 16:47:53 - [MESSAGE][PASSED] - Text 'Convenience Fees:' is present on page  using regular expression

2023-11-16 16:47:53 - [TEST_STEP][PASSED] - verifyTextPresent("$2.00", false): Text '$2.00' is present on page 

2023-11-16 16:47:54 - [MESSAGE][PASSED] - Text '$2.00' is present on page 

2023-11-16 16:47:54 - [TEST_STEP][PASSED] - verifyTextPresent("Total Amount:", true): Text 'Total Amount:' is present on page  using regular expression

2023-11-16 16:47:54 - [MESSAGE][PASSED] - Text 'Total Amount:' is present on page  using regular expression

2023-11-16 16:47:54 - [TEST_STEP][PASSED] - verifyTextPresent("$12.00", false): Text '$12.00' is present on page 

2023-11-16 16:47:54 - [MESSAGE][PASSED] - Text '$12.00' is present on page 

2023-11-16 16:47:54 - [TEST_STEP][PASSED] - verifyTextPresent("Two transactions will appear on your bank statement, one in the amount of $10.00 and one in the amount of $2.00.", false): Text 'Two transactions will appear on your bank statement, one in the amount of $10.00 and one in the amount of $2.00.' is present on page 

2023-11-16 16:47:54 - [MESSAGE][PASSED] - Text 'Two transactions will appear on your bank statement, one in the amount of $10.00 and one in the amount of $2.00.' is present on page 

2023-11-16 16:47:54 - [TEST_STEP][PASSED] - selenium.click("name=convFeeNotifyAction"): null

2023-11-16 16:47:55 - [TEST_STEP][PASSED] - selenium.waitForPageToLoad("30000"): null

2023-11-16 16:47:55 - [TEST_STEP][PASSED] - Thread.sleep(15000): null

2023-11-16 16:48:10 - [TEST_STEP][PASSED] - verifyTextPresent("$10.00", false): Text '$10.00' is present on page 

2023-11-16 16:48:11 - [MESSAGE][PASSED] - Text '$10.00' is present on page 

2023-11-16 16:48:11 - [TEST_STEP][PASSED] - verifyTextPresent("$2.00", false): Text '$2.00' is present on page 

2023-11-16 16:48:11 - [MESSAGE][PASSED] - Text '$2.00' is present on page 

2023-11-16 16:48:11 - [TEST_STEP][PASSED] - verifyTextPresent("Dual Transaction", true): Text 'Dual Transaction' is present on page  using regular expression

2023-11-16 16:48:11 - [MESSAGE][PASSED] - Text 'Dual Transaction' is present on page  using regular expression

2023-11-16 16:48:11 - [TEST_STEP][PASSED] - verifyTextPresent("$12.00", false): Text '$12.00' is present on page 

2023-11-16 16:48:12 - [MESSAGE][PASSED] - Text '$12.00' is present on page 

2023-11-16 16:48:12 - [TEST_STEP][PASSED] - verifyTextPresent("Debit", true): Text 'Debit' is present on page  using regular expression

2023-11-16 16:48:12 - [MESSAGE][PASSED] - Text 'Debit' is present on page  using regular expression

2023-11-16 16:48:12 - [TEST_STEP][PASSED] - verifyTextPresent("Personal", true): Text 'Personal' is present on page  using regular expression

2023-11-16 16:48:12 - [MESSAGE][PASSED] - Text 'Personal' is present on page  using regular expression

2023-11-16 16:48:12 - [TEST_STEP][FAILED] - verifyTextPresent("test", true): Text 'test' is not present on page  using regular expression (Root cause: com.kms.katalon.core.exception.StepFailedException: Text 'test' is not present on page  using regular expression
	at com.kms.katalon.core.webui.keyword.internal.WebUIKeywordMain.stepFailed(WebUIKeywordMain.groovy:64)
	at com.kms.katalon.core.webui.keyword.builtin.VerifyTextPresentKeyword$_verifyTextPresent_closure1.doCall(VerifyTextPresentKeyword.groovy:79)
	at com.kms.katalon.core.webui.keyword.builtin.VerifyTextPresentKeyword$_verifyTextPresent_closure1.call(VerifyTextPresentKeyword.groovy)
	at com.kms.katalon.core.webui.keyword.internal.WebUIKeywordMain.runKeyword(WebUIKeywordMain.groovy:20)
	at com.kms.katalon.core.webui.keyword.builtin.VerifyTextPresentKeyword.verifyTextPresent(VerifyTextPresentKeyword.groovy:83)
	at com.kms.katalon.core.webui.keyword.builtin.VerifyTextPresentKeyword.execute(VerifyTextPresentKeyword.groovy:68)
	at com.kms.katalon.core.keyword.internal.KeywordExecutor.executeKeywordForPlatform(KeywordExecutor.groovy:74)
	at com.kms.katalon.core.webui.keyword.WebUiBuiltInKeywords.verifyTextPresent(WebUiBuiltInKeywords.groovy:1723)
	at com.kms.katalon.core.webui.keyword.WebUiBuiltInKeywords$verifyTextPresent$0.call(Unknown Source)
	at SuccessfulPaymentPCDualCFFlat.run(SuccessfulPaymentPCDualCFFlat:127)
	at com.kms.katalon.core.main.ScriptEngine.run(ScriptEngine.java:194)
	at com.kms.katalon.core.main.ScriptEngine.runScriptAsRawText(ScriptEngine.java:119)
	at com.kms.katalon.core.main.TestCaseExecutor.runScript(TestCaseExecutor.java:448)
	at com.kms.katalon.core.main.TestCaseExecutor.doExecute(TestCaseExecutor.java:439)
	at com.kms.katalon.core.main.TestCaseExecutor.processExecutionPhase(TestCaseExecutor.java:418)
	at com.kms.katalon.core.main.TestCaseExecutor.accessMainPhase(TestCaseExecutor.java:410)
	at com.kms.katalon.core.main.TestCaseExecutor.execute(TestCaseExecutor.java:285)
	at com.kms.katalon.core.common.CommonExecutor.accessTestCaseMainPhase(CommonExecutor.java:65)
	at com.kms.katalon.core.main.TestSuiteExecutor.accessTestSuiteMainPhase(TestSuiteExecutor.java:148)
	at com.kms.katalon.core.main.TestSuiteExecutor.execute(TestSuiteExecutor.java:106)
	at com.kms.katalon.core.main.TestCaseMain.startTestSuite(TestCaseMain.java:187)
	at com.kms.katalon.core.main.TestCaseMain$startTestSuite$0.call(Unknown Source)
	at TempTestSuite1700171052425.run(TempTestSuite1700171052425.groovy:36)
)

2023-11-16 16:48:12 - [MESSAGE][FAILED] - Text 'test' is not present on page  using regular expression (Root cause: com.kms.katalon.core.exception.StepFailedException: Text 'test' is not present on page  using regular expression
	at com.kms.katalon.core.webui.keyword.internal.WebUIKeywordMain.stepFailed(WebUIKeywordMain.groovy:64)
	at com.kms.katalon.core.webui.keyword.builtin.VerifyTextPresentKeyword$_verifyTextPresent_closure1.doCall(VerifyTextPresentKeyword.groovy:79)
	at com.kms.katalon.core.webui.keyword.builtin.VerifyTextPresentKeyword$_verifyTextPresent_closure1.call(VerifyTextPresentKeyword.groovy)
	at com.kms.katalon.core.webui.keyword.internal.WebUIKeywordMain.runKeyword(WebUIKeywordMain.groovy:20)
	at com.kms.katalon.core.webui.keyword.builtin.VerifyTextPresentKeyword.verifyTextPresent(VerifyTextPresentKeyword.groovy:83)
	at com.kms.katalon.core.webui.keyword.builtin.VerifyTextPresentKeyword.execute(VerifyTextPresentKeyword.groovy:68)
	at com.kms.katalon.core.keyword.internal.KeywordExecutor.executeKeywordForPlatform(KeywordExecutor.groovy:74)
	at com.kms.katalon.core.webui.keyword.WebUiBuiltInKeywords.verifyTextPresent(WebUiBuiltInKeywords.groovy:1723)
	at com.kms.katalon.core.webui.keyword.WebUiBuiltInKeywords$verifyTextPresent$0.call(Unknown Source)
	at SuccessfulPaymentPCDualCFFlat.run(SuccessfulPaymentPCDualCFFlat:127)
	at com.kms.katalon.core.main.ScriptEngine.run(ScriptEngine.java:194)
	at com.kms.katalon.core.main.ScriptEngine.runScriptAsRawText(ScriptEngine.java:119)
	at com.kms.katalon.core.main.TestCaseExecutor.runScript(TestCaseExecutor.java:448)
	at com.kms.katalon.core.main.TestCaseExecutor.doExecute(TestCaseExecutor.java:439)
	at com.kms.katalon.core.main.TestCaseExecutor.processExecutionPhase(TestCaseExecutor.java:418)
	at com.kms.katalon.core.main.TestCaseExecutor.accessMainPhase(TestCaseExecutor.java:410)
	at com.kms.katalon.core.main.TestCaseExecutor.execute(TestCaseExecutor.java:285)
	at com.kms.katalon.core.common.CommonExecutor.accessTestCaseMainPhase(CommonExecutor.java:65)
	at com.kms.katalon.core.main.TestSuiteExecutor.accessTestSuiteMainPhase(TestSuiteExecutor.java:148)
	at com.kms.katalon.core.main.TestSuiteExecutor.execute(TestSuiteExecutor.java:106)
	at com.kms.katalon.core.main.TestCaseMain.startTestSuite(TestCaseMain.java:187)
	at com.kms.katalon.core.main.TestCaseMain$startTestSuite$0.call(Unknown Source)
	at TempTestSuite1700171052425.run(TempTestSuite1700171052425.groovy:36)
)

2023-11-16 16:48:12 - [TEST_STEP][PASSED] - verifyTextPresent("Checking", true): Text 'Checking' is present on page  using regular expression

2023-11-16 16:48:13 - [MESSAGE][PASSED] - Text 'Checking' is present on page  using regular expression]]></system-out>
         <system-err><![CDATA[2023-11-16 16:47:37 - [TEST_CASE][FAILED] - Test Cases/BBP-SelIDE/SuccessfulPaymentPCDualCFFlat: Test Cases/BBP-SelIDE/SuccessfulPaymentPCDualCFFlat FAILED.
Reason:
com.kms.katalon.core.exception.StepFailedException: Text 'test' is not present on page  using regular expression (Root cause: com.kms.katalon.core.exception.StepFailedException: Text 'test' is not present on page  using regular expression
	at com.kms.katalon.core.webui.keyword.internal.WebUIKeywordMain.stepFailed(WebUIKeywordMain.groovy:64)
	at com.kms.katalon.core.webui.keyword.builtin.VerifyTextPresentKeyword$_verifyTextPresent_closure1.doCall(VerifyTextPresentKeyword.groovy:79)
	at com.kms.katalon.core.webui.keyword.builtin.VerifyTextPresentKeyword$_verifyTextPresent_closure1.call(VerifyTextPresentKeyword.groovy)
	at com.kms.katalon.core.webui.keyword.internal.WebUIKeywordMain.runKeyword(WebUIKeywordMain.groovy:20)
	at com.kms.katalon.core.webui.keyword.builtin.VerifyTextPresentKeyword.verifyTextPresent(VerifyTextPresentKeyword.groovy:83)
	at com.kms.katalon.core.webui.keyword.builtin.VerifyTextPresentKeyword.execute(VerifyTextPresentKeyword.groovy:68)
	at com.kms.katalon.core.keyword.internal.KeywordExecutor.executeKeywordForPlatform(KeywordExecutor.groovy:74)
	at com.kms.katalon.core.webui.keyword.WebUiBuiltInKeywords.verifyTextPresent(WebUiBuiltInKeywords.groovy:1723)
	at com.kms.katalon.core.webui.keyword.WebUiBuiltInKeywords$verifyTextPresent$0.call(Unknown Source)
	at SuccessfulPaymentPCDualCFFlat.run(SuccessfulPaymentPCDualCFFlat:127)
	at com.kms.katalon.core.main.ScriptEngine.run(ScriptEngine.java:194)
	at com.kms.katalon.core.main.ScriptEngine.runScriptAsRawText(ScriptEngine.java:119)
	at com.kms.katalon.core.main.TestCaseExecutor.runScript(TestCaseExecutor.java:448)
	at com.kms.katalon.core.main.TestCaseExecutor.doExecute(TestCaseExecutor.java:439)
	at com.kms.katalon.core.main.TestCaseExecutor.processExecutionPhase(TestCaseExecutor.java:418)
	at com.kms.katalon.core.main.TestCaseExecutor.accessMainPhase(TestCaseExecutor.java:410)
	at com.kms.katalon.core.main.TestCaseExecutor.execute(TestCaseExecutor.java:285)
	at com.kms.katalon.core.common.CommonExecutor.accessTestCaseMainPhase(CommonExecutor.java:65)
	at com.kms.katalon.core.main.TestSuiteExecutor.accessTestSuiteMainPhase(TestSuiteExecutor.java:148)
	at com.kms.katalon.core.main.TestSuiteExecutor.execute(TestSuiteExecutor.java:106)
	at com.kms.katalon.core.main.TestCaseMain.startTestSuite(TestCaseMain.java:187)
	at com.kms.katalon.core.main.TestCaseMain$startTestSuite$0.call(Unknown Source)
	at TempTestSuite1700171052425.run(TempTestSuite1700171052425.groovy:36)
)
	at com.kms.katalon.core.keyword.internal.KeywordMain.stepFailed(KeywordMain.groovy:39)
	at com.kms.katalon.core.webui.keyword.internal.WebUIKeywordMain.stepFailed(WebUIKeywordMain.groovy:64)
	at com.kms.katalon.core.webui.keyword.builtin.VerifyTextPresentKeyword$_verifyTextPresent_closure1.doCall(VerifyTextPresentKeyword.groovy:79)
	at com.kms.katalon.core.webui.keyword.builtin.VerifyTextPresentKeyword$_verifyTextPresent_closure1.call(VerifyTextPresentKeyword.groovy)
	at com.kms.katalon.core.webui.keyword.internal.WebUIKeywordMain.runKeyword(WebUIKeywordMain.groovy:20)
	at com.kms.katalon.core.webui.keyword.builtin.VerifyTextPresentKeyword.verifyTextPresent(VerifyTextPresentKeyword.groovy:83)
	at com.kms.katalon.core.webui.keyword.builtin.VerifyTextPresentKeyword.execute(VerifyTextPresentKeyword.groovy:68)
	at com.kms.katalon.core.keyword.internal.KeywordExecutor.executeKeywordForPlatform(KeywordExecutor.groovy:74)
	at com.kms.katalon.core.webui.keyword.WebUiBuiltInKeywords.verifyTextPresent(WebUiBuiltInKeywords.groovy:1723)
	at com.kms.katalon.core.webui.keyword.WebUiBuiltInKeywords$verifyTextPresent$0.call(Unknown Source)
	at SuccessfulPaymentPCDualCFFlat.run(SuccessfulPaymentPCDualCFFlat:127)
	at com.kms.katalon.core.main.ScriptEngine.run(ScriptEngine.java:194)
	at com.kms.katalon.core.main.ScriptEngine.runScriptAsRawText(ScriptEngine.java:119)
	at com.kms.katalon.core.main.TestCaseExecutor.runScript(TestCaseExecutor.java:448)
	at com.kms.katalon.core.main.TestCaseExecutor.doExecute(TestCaseExecutor.java:439)
	at com.kms.katalon.core.main.TestCaseExecutor.processExecutionPhase(TestCaseExecutor.java:418)
	at com.kms.katalon.core.main.TestCaseExecutor.accessMainPhase(TestCaseExecutor.java:410)
	at com.kms.katalon.core.main.TestCaseExecutor.execute(TestCaseExecutor.java:285)
	at com.kms.katalon.core.common.CommonExecutor.accessTestCaseMainPhase(CommonExecutor.java:65)
	at com.kms.katalon.core.main.TestSuiteExecutor.accessTestSuiteMainPhase(TestSuiteExecutor.java:148)
	at com.kms.katalon.core.main.TestSuiteExecutor.execute(TestSuiteExecutor.java:106)
	at com.kms.katalon.core.main.TestCaseMain.startTestSuite(TestCaseMain.java:187)
	at com.kms.katalon.core.main.TestCaseMain$startTestSuite$0.call(Unknown Source)
	at TempTestSuite1700171052425.run(TempTestSuite1700171052425.groovy:36)
Caused by: com.kms.katalon.core.exception.StepFailedException: Text 'test' is not present on page  using regular expression
	... 23 more]]></system-err>
      </testcase>
      <system-out><![CDATA[2023-11-16 16:44:19 - [TEST_SUITE][FAILED] - QA_BBP_Regression: Test Cases/BBP-SelIDE/SuccessfulPaymentPCDualCFFlat FAILED.
Reason:
com.kms.katalon.core.exception.StepFailedException: Text 'test' is not present on page  using regular expression (Root cause: com.kms.katalon.core.exception.StepFailedException: Text 'test' is not present on page  using regular expression
	at com.kms.katalon.core.webui.keyword.internal.WebUIKeywordMain.stepFailed(WebUIKeywordMain.groovy:64)
	at com.kms.katalon.core.webui.keyword.builtin.VerifyTextPresentKeyword$_verifyTextPresent_closure1.doCall(VerifyTextPresentKeyword.groovy:79)
	at com.kms.katalon.core.webui.keyword.builtin.VerifyTextPresentKeyword$_verifyTextPresent_closure1.call(VerifyTextPresentKeyword.groovy)
	at com.kms.katalon.core.webui.keyword.internal.WebUIKeywordMain.runKeyword(WebUIKeywordMain.groovy:20)
	at com.kms.katalon.core.webui.keyword.builtin.VerifyTextPresentKeyword.verifyTextPresent(VerifyTextPresentKeyword.groovy:83)
	at com.kms.katalon.core.webui.keyword.builtin.VerifyTextPresentKeyword.execute(VerifyTextPresentKeyword.groovy:68)
	at com.kms.katalon.core.keyword.internal.KeywordExecutor.executeKeywordForPlatform(KeywordExecutor.groovy:74)
	at com.kms.katalon.core.webui.keyword.WebUiBuiltInKeywords.verifyTextPresent(WebUiBuiltInKeywords.groovy:1723)
	at com.kms.katalon.core.webui.keyword.WebUiBuiltInKeywords$verifyTextPresent$0.call(Unknown Source)
	at SuccessfulPaymentPCDualCFFlat.run(SuccessfulPaymentPCDualCFFlat:127)
	at com.kms.katalon.core.main.ScriptEngine.run(ScriptEngine.java:194)
	at com.kms.katalon.core.main.ScriptEngine.runScriptAsRawText(ScriptEngine.java:119)
	at com.kms.katalon.core.main.TestCaseExecutor.runScript(TestCaseExecutor.java:448)
	at com.kms.katalon.core.main.TestCaseExecutor.doExecute(TestCaseExecutor.java:439)
	at com.kms.katalon.core.main.TestCaseExecutor.processExecutionPhase(TestCaseExecutor.java:418)
	at com.kms.katalon.core.main.TestCaseExecutor.accessMainPhase(TestCaseExecutor.java:410)
	at com.kms.katalon.core.main.TestCaseExecutor.execute(TestCaseExecutor.java:285)
	at com.kms.katalon.core.common.CommonExecutor.accessTestCaseMainPhase(CommonExecutor.java:65)
	at com.kms.katalon.core.main.TestSuiteExecutor.accessTestSuiteMainPhase(TestSuiteExecutor.java:148)
	at com.kms.katalon.core.main.TestSuiteExecutor.execute(TestSuiteExecutor.java:106)
	at com.kms.katalon.core.main.TestCaseMain.startTestSuite(TestCaseMain.java:187)
	at com.kms.katalon.core.main.TestCaseMain$startTestSuite$0.call(Unknown Source)
	at TempTestSuite1700171052425.run(TempTestSuite1700171052425.groovy:36)
)
	at com.kms.katalon.core.keyword.internal.KeywordMain.stepFailed(KeywordMain.groovy:39)
	at com.kms.katalon.core.webui.keyword.internal.WebUIKeywordMain.stepFailed(WebUIKeywordMain.groovy:64)
	at com.kms.katalon.core.webui.keyword.builtin.VerifyTextPresentKeyword$_verifyTextPresent_closure1.doCall(VerifyTextPresentKeyword.groovy:79)
	at com.kms.katalon.core.webui.keyword.builtin.VerifyTextPresentKeyword$_verifyTextPresent_closure1.call(VerifyTextPresentKeyword.groovy)
	at com.kms.katalon.core.webui.keyword.internal.WebUIKeywordMain.runKeyword(WebUIKeywordMain.groovy:20)
	at com.kms.katalon.core.webui.keyword.builtin.VerifyTextPresentKeyword.verifyTextPresent(VerifyTextPresentKeyword.groovy:83)
	at com.kms.katalon.core.webui.keyword.builtin.VerifyTextPresentKeyword.execute(VerifyTextPresentKeyword.groovy:68)
	at com.kms.katalon.core.keyword.internal.KeywordExecutor.executeKeywordForPlatform(KeywordExecutor.groovy:74)
	at com.kms.katalon.core.webui.keyword.WebUiBuiltInKeywords.verifyTextPresent(WebUiBuiltInKeywords.groovy:1723)
	at com.kms.katalon.core.webui.keyword.WebUiBuiltInKeywords$verifyTextPresent$0.call(Unknown Source)
	at SuccessfulPaymentPCDualCFFlat.run(SuccessfulPaymentPCDualCFFlat:127)
	at com.kms.katalon.core.main.ScriptEngine.run(ScriptEngine.java:194)
	at com.kms.katalon.core.main.ScriptEngine.runScriptAsRawText(ScriptEngine.java:119)
	at com.kms.katalon.core.main.TestCaseExecutor.runScript(TestCaseExecutor.java:448)
	at com.kms.katalon.core.main.TestCaseExecutor.doExecute(TestCaseExecutor.java:439)
	at com.kms.katalon.core.main.TestCaseExecutor.processExecutionPhase(TestCaseExecutor.java:418)
	at com.kms.katalon.core.main.TestCaseExecutor.accessMainPhase(TestCaseExecutor.java:410)
	at com.kms.katalon.core.main.TestCaseExecutor.execute(TestCaseExecutor.java:285)
	at com.kms.katalon.core.common.CommonExecutor.accessTestCaseMainPhase(CommonExecutor.java:65)
	at com.kms.katalon.core.main.TestSuiteExecutor.accessTestSuiteMainPhase(TestSuiteExecutor.java:148)
	at com.kms.katalon.core.main.TestSuiteExecutor.execute(TestSuiteExecutor.java:106)
	at com.kms.katalon.core.main.TestCaseMain.startTestSuite(TestCaseMain.java:187)
	at com.kms.katalon.core.main.TestCaseMain$startTestSuite$0.call(Unknown Source)
	at TempTestSuite1700171052425.run(TempTestSuite1700171052425.groovy:36)
Caused by: com.kms.katalon.core.exception.StepFailedException: Text 'test' is not present on page  using regular expression
	... 23 more]]></system-out>
      <system-err><![CDATA[2023-11-16 16:44:19 - [TEST_SUITE][FAILED] - QA_BBP_Regression: Test Cases/BBP-SelIDE/SuccessfulPaymentPCDualCFFlat FAILED.
Reason:
com.kms.katalon.core.exception.StepFailedException: Text 'test' is not present on page  using regular expression (Root cause: com.kms.katalon.core.exception.StepFailedException: Text 'test' is not present on page  using regular expression
	at com.kms.katalon.core.webui.keyword.internal.WebUIKeywordMain.stepFailed(WebUIKeywordMain.groovy:64)
	at com.kms.katalon.core.webui.keyword.builtin.VerifyTextPresentKeyword$_verifyTextPresent_closure1.doCall(VerifyTextPresentKeyword.groovy:79)
	at com.kms.katalon.core.webui.keyword.builtin.VerifyTextPresentKeyword$_verifyTextPresent_closure1.call(VerifyTextPresentKeyword.groovy)
	at com.kms.katalon.core.webui.keyword.internal.WebUIKeywordMain.runKeyword(WebUIKeywordMain.groovy:20)
	at com.kms.katalon.core.webui.keyword.builtin.VerifyTextPresentKeyword.verifyTextPresent(VerifyTextPresentKeyword.groovy:83)
	at com.kms.katalon.core.webui.keyword.builtin.VerifyTextPresentKeyword.execute(VerifyTextPresentKeyword.groovy:68)
	at com.kms.katalon.core.keyword.internal.KeywordExecutor.executeKeywordForPlatform(KeywordExecutor.groovy:74)
	at com.kms.katalon.core.webui.keyword.WebUiBuiltInKeywords.verifyTextPresent(WebUiBuiltInKeywords.groovy:1723)
	at com.kms.katalon.core.webui.keyword.WebUiBuiltInKeywords$verifyTextPresent$0.call(Unknown Source)
	at SuccessfulPaymentPCDualCFFlat.run(SuccessfulPaymentPCDualCFFlat:127)
	at com.kms.katalon.core.main.ScriptEngine.run(ScriptEngine.java:194)
	at com.kms.katalon.core.main.ScriptEngine.runScriptAsRawText(ScriptEngine.java:119)
	at com.kms.katalon.core.main.TestCaseExecutor.runScript(TestCaseExecutor.java:448)
	at com.kms.katalon.core.main.TestCaseExecutor.doExecute(TestCaseExecutor.java:439)
	at com.kms.katalon.core.main.TestCaseExecutor.processExecutionPhase(TestCaseExecutor.java:418)
	at com.kms.katalon.core.main.TestCaseExecutor.accessMainPhase(TestCaseExecutor.java:410)
	at com.kms.katalon.core.main.TestCaseExecutor.execute(TestCaseExecutor.java:285)
	at com.kms.katalon.core.common.CommonExecutor.accessTestCaseMainPhase(CommonExecutor.java:65)
	at com.kms.katalon.core.main.TestSuiteExecutor.accessTestSuiteMainPhase(TestSuiteExecutor.java:148)
	at com.kms.katalon.core.main.TestSuiteExecutor.execute(TestSuiteExecutor.java:106)
	at com.kms.katalon.core.main.TestCaseMain.startTestSuite(TestCaseMain.java:187)
	at com.kms.katalon.core.main.TestCaseMain$startTestSuite$0.call(Unknown Source)
	at TempTestSuite1700171052425.run(TempTestSuite1700171052425.groovy:36)
)
	at com.kms.katalon.core.keyword.internal.KeywordMain.stepFailed(KeywordMain.groovy:39)
	at com.kms.katalon.core.webui.keyword.internal.WebUIKeywordMain.stepFailed(WebUIKeywordMain.groovy:64)
	at com.kms.katalon.core.webui.keyword.builtin.VerifyTextPresentKeyword$_verifyTextPresent_closure1.doCall(VerifyTextPresentKeyword.groovy:79)
	at com.kms.katalon.core.webui.keyword.builtin.VerifyTextPresentKeyword$_verifyTextPresent_closure1.call(VerifyTextPresentKeyword.groovy)
	at com.kms.katalon.core.webui.keyword.internal.WebUIKeywordMain.runKeyword(WebUIKeywordMain.groovy:20)
	at com.kms.katalon.core.webui.keyword.builtin.VerifyTextPresentKeyword.verifyTextPresent(VerifyTextPresentKeyword.groovy:83)
	at com.kms.katalon.core.webui.keyword.builtin.VerifyTextPresentKeyword.execute(VerifyTextPresentKeyword.groovy:68)
	at com.kms.katalon.core.keyword.internal.KeywordExecutor.executeKeywordForPlatform(KeywordExecutor.groovy:74)
	at com.kms.katalon.core.webui.keyword.WebUiBuiltInKeywords.verifyTextPresent(WebUiBuiltInKeywords.groovy:1723)
	at com.kms.katalon.core.webui.keyword.WebUiBuiltInKeywords$verifyTextPresent$0.call(Unknown Source)
	at SuccessfulPaymentPCDualCFFlat.run(SuccessfulPaymentPCDualCFFlat:127)
	at com.kms.katalon.core.main.ScriptEngine.run(ScriptEngine.java:194)
	at com.kms.katalon.core.main.ScriptEngine.runScriptAsRawText(ScriptEngine.java:119)
	at com.kms.katalon.core.main.TestCaseExecutor.runScript(TestCaseExecutor.java:448)
	at com.kms.katalon.core.main.TestCaseExecutor.doExecute(TestCaseExecutor.java:439)
	at com.kms.katalon.core.main.TestCaseExecutor.processExecutionPhase(TestCaseExecutor.java:418)
	at com.kms.katalon.core.main.TestCaseExecutor.accessMainPhase(TestCaseExecutor.java:410)
	at com.kms.katalon.core.main.TestCaseExecutor.execute(TestCaseExecutor.java:285)
	at com.kms.katalon.core.common.CommonExecutor.accessTestCaseMainPhase(CommonExecutor.java:65)
	at com.kms.katalon.core.main.TestSuiteExecutor.accessTestSuiteMainPhase(TestSuiteExecutor.java:148)
	at com.kms.katalon.core.main.TestSuiteExecutor.execute(TestSuiteExecutor.java:106)
	at com.kms.katalon.core.main.TestCaseMain.startTestSuite(TestCaseMain.java:187)
	at com.kms.katalon.core.main.TestCaseMain$startTestSuite$0.call(Unknown Source)
	at TempTestSuite1700171052425.run(TempTestSuite1700171052425.groovy:36)
Caused by: com.kms.katalon.core.exception.StepFailedException: Text 'test' is not present on page  using regular expression
	... 23 more]]></system-err>
   </testsuite>
</testsuites>
