<?xml version="1.0" encoding="UTF-8"?>
<testsuites name="QA_BBP_Regression" time="113.654" tests="5" failures="1" errors="0">
   <testsuite name="QA_BBP_Regression" tests="5" failures="1" errors="0" time="113.654" skipped="0" timestamp="2023-11-16 13:26:33" hostname="imtiaz - DESKTOP-B2QI6NS.govolution.com" id="Test Suites/QA/BBP/QA_BBP_Regression">
      <properties>
         <property name="deviceName" value=""/>
         <property name="devicePlatform" value=""/>
         <property name="logFolder" value="E:\\Cloned-Project-Katalon\\VPS-Katalon\\Reports\\20231116_132627\\QA\\BBP\\QA_BBP_Regression\\20231116_132627"/>
         <property name="logFiles" value="E:\\Cloned-Project-Katalon\\VPS-Katalon\\Reports\\20231116_132627\\QA\\BBP\\QA_BBP_Regression\\20231116_132627\\execution0.log"/>
         <property name="attachments" value=""/>
         <property name="hostName" value="imtiaz - DESKTOP-B2QI6NS.govolution.com"/>
         <property name="os" value="Windows 10 64bit"/>
         <property name="katalonVersion" value="8.6.6.208"/>
         <property name="browser" value="Chrome 119.0.0.0"/>
         <property name="hostAddress" value="172.31.253.139"/>
         <property name="sessionId" value="9cfe013230a9cb9243baa855321e5a0b"/>
         <property name="seleniumVersion" value="3.141.59"/>
         <property name="proxyInformation" value="ProxyInformation { proxyOption=NO_PROXY, proxyServerType=HTTP, username=, password=********, proxyServerAddress=, proxyServerPort=0, executionList=&quot;&quot;, isApplyToDesiredCapabilities=true }"/>
         <property name="platform" value="Windows 10"/>
      </properties>
      <testcase name="Test Cases/BBP-SelIDE/LookupCaseInsensitive" time="16.224" classname="Test Cases/BBP-SelIDE/LookupCaseInsensitive" status="PASSED">
         <system-out><![CDATA[2023-11-16 13:26:34 - [TEST_CASE][PASSED] - Test Cases/BBP-SelIDE/LookupCaseInsensitive: Test Cases/BBP-SelIDE/LookupCaseInsensitive

2023-11-16 13:26:34 - [TEST_STEP][PASSED] - softAssertion = new org.testng.asserts.SoftAssert(): null

2023-11-16 13:26:34 - [TEST_STEP][PASSED] - openBrowser("https://www.google.com/"): Browser is opened with url: 'https://www.google.com/'

2023-11-16 13:26:36 - [MESSAGE][INFO] - Starting 'Chrome' driver

2023-11-16 13:26:36 - [MESSAGE][INFO] - User set preference: ['acceptInsecureCerts', 'true']

2023-11-16 13:26:36 - [MESSAGE][INFO] - Action delay is set to 0 milliseconds

2023-11-16 13:26:40 - [MESSAGE][PASSED] - Browser is opened with url: 'https://www.google.com/'

2023-11-16 13:26:40 - [TEST_STEP][PASSED] - driver = getWebDriver(): null

2023-11-16 13:26:40 - [TEST_STEP][PASSED] - baseUrl = "https://www.google.com/": null

2023-11-16 13:26:40 - [TEST_STEP][PASSED] - selenium = new com.thoughtworks.selenium.webdriven.WebDriverBackedSelenium(driver, baseUrl): null

2023-11-16 13:26:40 - [TEST_STEP][PASSED] - bbpURL = BBPURL: null

2023-11-16 13:26:41 - [TEST_STEP][PASSED] - selenium.open(bbpURL): null

2023-11-16 13:26:41 - [TEST_STEP][PASSED] - selenium.type("id=field1", "Mandooza"): null

2023-11-16 13:26:42 - [TEST_STEP][PASSED] - selenium.type("id=field2", "4106280791"): null

2023-11-16 13:26:42 - [TEST_STEP][PASSED] - selenium.click("name=Test"): null

2023-11-16 13:26:42 - [TEST_STEP][PASSED] - Thread.sleep(2000): null

2023-11-16 13:26:44 - [TEST_STEP][PASSED] - selenium.click("name=paysubmit"): null

2023-11-16 13:26:45 - [TEST_STEP][PASSED] - selenium.waitForPageToLoad("30000"): null

2023-11-16 13:26:45 - [TEST_STEP][PASSED] - softAssertion.assertEquals("Select Payment Method", selenium.getText("css=h1")): null

2023-11-16 13:26:46 - [TEST_STEP][PASSED] - verifyTextPresent("Select Payment Method", true): Text 'Select Payment Method' is present on page  using regular expression

2023-11-16 13:26:46 - [MESSAGE][PASSED] - Text 'Select Payment Method' is present on page  using regular expression

2023-11-16 13:26:46 - [TEST_STEP][PASSED] - selenium.open(bbpURL): null

2023-11-16 13:26:46 - [TEST_STEP][PASSED] - selenium.type("id=field1", "MANDOOZA"): null

2023-11-16 13:26:46 - [TEST_STEP][PASSED] - selenium.type("id=field2", "4106280791"): null

2023-11-16 13:26:46 - [TEST_STEP][PASSED] - selenium.click("name=Test"): null

2023-11-16 13:26:47 - [TEST_STEP][PASSED] - Thread.sleep(2000): null

2023-11-16 13:26:49 - [TEST_STEP][PASSED] - selenium.click("name=paysubmit"): null

2023-11-16 13:26:49 - [TEST_STEP][PASSED] - selenium.waitForPageToLoad("30000"): null

2023-11-16 13:26:50 - [TEST_STEP][PASSED] - verifyTextPresent("Select Payment Method", true): Text 'Select Payment Method' is present on page  using regular expression

2023-11-16 13:26:50 - [MESSAGE][PASSED] - Text 'Select Payment Method' is present on page  using regular expression]]></system-out>
         <system-err><![CDATA[]]></system-err>
      </testcase>
      <testcase name="Test Cases/BBP-SelIDE/MaxAmountErrorCC" time="12.899" classname="Test Cases/BBP-SelIDE/MaxAmountErrorCC" status="FAILED">
         <failure type="FAILED" message="Test Cases/BBP-SelIDE/MaxAmountErrorCC FAILED.
Reason:
com.kms.katalon.core.exception.StepFailedException: Text 'Please enter the following billing information about your payment:' is not present on page  using regular expression (Root cause: com.kms.katalon.core.exception.StepFailedException: Text 'Please enter the following billing information about your payment:' is not present on page  using regular expression
	at com.kms.katalon.core.webui.keyword.internal.WebUIKeywordMain.stepFailed(WebUIKeywordMain.groovy:64)
	at com.kms.katalon.core.webui.keyword.builtin.VerifyTextPresentKeyword$_verifyTextPresent_closure1.doCall(VerifyTextPresentKeyword.groovy:79)
	at com.kms.katalon.core.webui.keyword.builtin.VerifyTextPresentKeyword$_verifyTextPresent_closure1.call(VerifyTextPresentKeyword.groovy)
	at com.kms.katalon.core.webui.keyword.internal.WebUIKeywordMain.runKeyword(WebUIKeywordMain.groovy:20)
	at com.kms.katalon.core.webui.keyword.builtin.VerifyTextPresentKeyword.verifyTextPresent(VerifyTextPresentKeyword.groovy:83)
	at com.kms.katalon.core.webui.keyword.builtin.VerifyTextPresentKeyword.execute(VerifyTextPresentKeyword.groovy:68)
	at com.kms.katalon.core.keyword.internal.KeywordExecutor.executeKeywordForPlatform(KeywordExecutor.groovy:74)
	at com.kms.katalon.core.webui.keyword.WebUiBuiltInKeywords.verifyTextPresent(WebUiBuiltInKeywords.groovy:1723)
	at com.kms.katalon.core.webui.keyword.WebUiBuiltInKeywords$verifyTextPresent$0.call(Unknown Source)
	at MaxAmountErrorCC.run(MaxAmountErrorCC:58)
	at com.kms.katalon.core.main.ScriptEngine.run(ScriptEngine.java:194)
	at com.kms.katalon.core.main.ScriptEngine.runScriptAsRawText(ScriptEngine.java:119)
	at com.kms.katalon.core.main.TestCaseExecutor.runScript(TestCaseExecutor.java:448)
	at com.kms.katalon.core.main.TestCaseExecutor.doExecute(TestCaseExecutor.java:439)
	at com.kms.katalon.core.main.TestCaseExecutor.processExecutionPhase(TestCaseExecutor.java:418)
	at com.kms.katalon.core.main.TestCaseExecutor.accessMainPhase(TestCaseExecutor.java:410)
	at com.kms.katalon.core.main.TestCaseExecutor.execute(TestCaseExecutor.java:285)
	at com.kms.katalon.core.main.TestCaseExecutor.execute(TestCaseExecutor.java:369)
	at com.kms.katalon.core.main.TestCaseExecutor.execute(TestCaseExecutor.java:369)
	at com.kms.katalon.core.main.TestCaseExecutor.execute(TestCaseExecutor.java:369)
	at com.kms.katalon.core.common.CommonExecutor.accessTestCaseMainPhase(CommonExecutor.java:65)
	at com.kms.katalon.core.main.TestSuiteExecutor.accessTestSuiteMainPhase(TestSuiteExecutor.java:148)
	at com.kms.katalon.core.main.TestSuiteExecutor.execute(TestSuiteExecutor.java:106)
	at com.kms.katalon.core.main.TestCaseMain.startTestSuite(TestCaseMain.java:187)
	at com.kms.katalon.core.main.TestCaseMain$startTestSuite$0.call(Unknown Source)
	at TempTestSuite1700159187497.run(TempTestSuite1700159187497.groovy:36)
)
	at com.kms.katalon.core.keyword.internal.KeywordMain.stepFailed(KeywordMain.groovy:39)
	at com.kms.katalon.core.webui.keyword.internal.WebUIKeywordMain.stepFailed(WebUIKeywordMain.groovy:64)
	at com.kms.katalon.core.webui.keyword.builtin.VerifyTextPresentKeyword$_verifyTextPresent_closure1.doCall(VerifyTextPresentKeyword.groovy:79)
	at com.kms.katalon.core.webui.keyword.builtin.VerifyTextPresentKeyword$_verifyTextPresent_closure1.call(VerifyTextPresentKeyword.groovy)
	at com.kms.katalon.core.webui.keyword.internal.WebUIKeywordMain.runKeyword(WebUIKeywordMain.groovy:20)
	at com.kms.katalon.core.webui.keyword.builtin.VerifyTextPresentKeyword.verifyTextPresent(VerifyTextPresentKeyword.groovy:83)
	at com.kms.katalon.core.webui.keyword.builtin.VerifyTextPresentKeyword.execute(VerifyTextPresentKeyword.groovy:68)
	at com.kms.katalon.core.keyword.internal.KeywordExecutor.executeKeywordForPlatform(KeywordExecutor.groovy:74)
	at com.kms.katalon.core.webui.keyword.WebUiBuiltInKeywords.verifyTextPresent(WebUiBuiltInKeywords.groovy:1723)
	at com.kms.katalon.core.webui.keyword.WebUiBuiltInKeywords$verifyTextPresent$0.call(Unknown Source)
	at MaxAmountErrorCC.run(MaxAmountErrorCC:58)
	at com.kms.katalon.core.main.ScriptEngine.run(ScriptEngine.java:194)
	at com.kms.katalon.core.main.ScriptEngine.runScriptAsRawText(ScriptEngine.java:119)
	at com.kms.katalon.core.main.TestCaseExecutor.runScript(TestCaseExecutor.java:448)
	at com.kms.katalon.core.main.TestCaseExecutor.doExecute(TestCaseExecutor.java:439)
	at com.kms.katalon.core.main.TestCaseExecutor.processExecutionPhase(TestCaseExecutor.java:418)
	at com.kms.katalon.core.main.TestCaseExecutor.accessMainPhase(TestCaseExecutor.java:410)
	at com.kms.katalon.core.main.TestCaseExecutor.execute(TestCaseExecutor.java:285)
	at com.kms.katalon.core.main.TestCaseExecutor.execute(TestCaseExecutor.java:369)
	at com.kms.katalon.core.main.TestCaseExecutor.execute(TestCaseExecutor.java:369)
	at com.kms.katalon.core.main.TestCaseExecutor.execute(TestCaseExecutor.java:369)
	at com.kms.katalon.core.common.CommonExecutor.accessTestCaseMainPhase(CommonExecutor.java:65)
	at com.kms.katalon.core.main.TestSuiteExecutor.accessTestSuiteMainPhase(TestSuiteExecutor.java:148)
	at com.kms.katalon.core.main.TestSuiteExecutor.execute(TestSuiteExecutor.java:106)
	at com.kms.katalon.core.main.TestCaseMain.startTestSuite(TestCaseMain.java:187)
	at com.kms.katalon.core.main.TestCaseMain$startTestSuite$0.call(Unknown Source)
	at TempTestSuite1700159187497.run(TempTestSuite1700159187497.groovy:36)
Caused by: com.kms.katalon.core.exception.StepFailedException: Text 'Please enter the following billing information about your payment:' is not present on page  using regular expression
	... 26 more
"/>
         <system-out><![CDATA[2023-11-16 13:27:32 - [TEST_CASE][FAILED] - Test Cases/BBP-SelIDE/MaxAmountErrorCC: Test Cases/BBP-SelIDE/MaxAmountErrorCC FAILED.
Reason:
com.kms.katalon.core.exception.StepFailedException: Text 'Please enter the following billing information about your payment:' is not present on page  using regular expression (Root cause: com.kms.katalon.core.exception.StepFailedException: Text 'Please enter the following billing information about your payment:' is not present on page  using regular expression
	at com.kms.katalon.core.webui.keyword.internal.WebUIKeywordMain.stepFailed(WebUIKeywordMain.groovy:64)
	at com.kms.katalon.core.webui.keyword.builtin.VerifyTextPresentKeyword$_verifyTextPresent_closure1.doCall(VerifyTextPresentKeyword.groovy:79)
	at com.kms.katalon.core.webui.keyword.builtin.VerifyTextPresentKeyword$_verifyTextPresent_closure1.call(VerifyTextPresentKeyword.groovy)
	at com.kms.katalon.core.webui.keyword.internal.WebUIKeywordMain.runKeyword(WebUIKeywordMain.groovy:20)
	at com.kms.katalon.core.webui.keyword.builtin.VerifyTextPresentKeyword.verifyTextPresent(VerifyTextPresentKeyword.groovy:83)
	at com.kms.katalon.core.webui.keyword.builtin.VerifyTextPresentKeyword.execute(VerifyTextPresentKeyword.groovy:68)
	at com.kms.katalon.core.keyword.internal.KeywordExecutor.executeKeywordForPlatform(KeywordExecutor.groovy:74)
	at com.kms.katalon.core.webui.keyword.WebUiBuiltInKeywords.verifyTextPresent(WebUiBuiltInKeywords.groovy:1723)
	at com.kms.katalon.core.webui.keyword.WebUiBuiltInKeywords$verifyTextPresent$0.call(Unknown Source)
	at MaxAmountErrorCC.run(MaxAmountErrorCC:58)
	at com.kms.katalon.core.main.ScriptEngine.run(ScriptEngine.java:194)
	at com.kms.katalon.core.main.ScriptEngine.runScriptAsRawText(ScriptEngine.java:119)
	at com.kms.katalon.core.main.TestCaseExecutor.runScript(TestCaseExecutor.java:448)
	at com.kms.katalon.core.main.TestCaseExecutor.doExecute(TestCaseExecutor.java:439)
	at com.kms.katalon.core.main.TestCaseExecutor.processExecutionPhase(TestCaseExecutor.java:418)
	at com.kms.katalon.core.main.TestCaseExecutor.accessMainPhase(TestCaseExecutor.java:410)
	at com.kms.katalon.core.main.TestCaseExecutor.execute(TestCaseExecutor.java:285)
	at com.kms.katalon.core.main.TestCaseExecutor.execute(TestCaseExecutor.java:369)
	at com.kms.katalon.core.main.TestCaseExecutor.execute(TestCaseExecutor.java:369)
	at com.kms.katalon.core.main.TestCaseExecutor.execute(TestCaseExecutor.java:369)
	at com.kms.katalon.core.common.CommonExecutor.accessTestCaseMainPhase(CommonExecutor.java:65)
	at com.kms.katalon.core.main.TestSuiteExecutor.accessTestSuiteMainPhase(TestSuiteExecutor.java:148)
	at com.kms.katalon.core.main.TestSuiteExecutor.execute(TestSuiteExecutor.java:106)
	at com.kms.katalon.core.main.TestCaseMain.startTestSuite(TestCaseMain.java:187)
	at com.kms.katalon.core.main.TestCaseMain$startTestSuite$0.call(Unknown Source)
	at TempTestSuite1700159187497.run(TempTestSuite1700159187497.groovy:36)
)
	at com.kms.katalon.core.keyword.internal.KeywordMain.stepFailed(KeywordMain.groovy:39)
	at com.kms.katalon.core.webui.keyword.internal.WebUIKeywordMain.stepFailed(WebUIKeywordMain.groovy:64)
	at com.kms.katalon.core.webui.keyword.builtin.VerifyTextPresentKeyword$_verifyTextPresent_closure1.doCall(VerifyTextPresentKeyword.groovy:79)
	at com.kms.katalon.core.webui.keyword.builtin.VerifyTextPresentKeyword$_verifyTextPresent_closure1.call(VerifyTextPresentKeyword.groovy)
	at com.kms.katalon.core.webui.keyword.internal.WebUIKeywordMain.runKeyword(WebUIKeywordMain.groovy:20)
	at com.kms.katalon.core.webui.keyword.builtin.VerifyTextPresentKeyword.verifyTextPresent(VerifyTextPresentKeyword.groovy:83)
	at com.kms.katalon.core.webui.keyword.builtin.VerifyTextPresentKeyword.execute(VerifyTextPresentKeyword.groovy:68)
	at com.kms.katalon.core.keyword.internal.KeywordExecutor.executeKeywordForPlatform(KeywordExecutor.groovy:74)
	at com.kms.katalon.core.webui.keyword.WebUiBuiltInKeywords.verifyTextPresent(WebUiBuiltInKeywords.groovy:1723)
	at com.kms.katalon.core.webui.keyword.WebUiBuiltInKeywords$verifyTextPresent$0.call(Unknown Source)
	at MaxAmountErrorCC.run(MaxAmountErrorCC:58)
	at com.kms.katalon.core.main.ScriptEngine.run(ScriptEngine.java:194)
	at com.kms.katalon.core.main.ScriptEngine.runScriptAsRawText(ScriptEngine.java:119)
	at com.kms.katalon.core.main.TestCaseExecutor.runScript(TestCaseExecutor.java:448)
	at com.kms.katalon.core.main.TestCaseExecutor.doExecute(TestCaseExecutor.java:439)
	at com.kms.katalon.core.main.TestCaseExecutor.processExecutionPhase(TestCaseExecutor.java:418)
	at com.kms.katalon.core.main.TestCaseExecutor.accessMainPhase(TestCaseExecutor.java:410)
	at com.kms.katalon.core.main.TestCaseExecutor.execute(TestCaseExecutor.java:285)
	at com.kms.katalon.core.main.TestCaseExecutor.execute(TestCaseExecutor.java:369)
	at com.kms.katalon.core.main.TestCaseExecutor.execute(TestCaseExecutor.java:369)
	at com.kms.katalon.core.main.TestCaseExecutor.execute(TestCaseExecutor.java:369)
	at com.kms.katalon.core.common.CommonExecutor.accessTestCaseMainPhase(CommonExecutor.java:65)
	at com.kms.katalon.core.main.TestSuiteExecutor.accessTestSuiteMainPhase(TestSuiteExecutor.java:148)
	at com.kms.katalon.core.main.TestSuiteExecutor.execute(TestSuiteExecutor.java:106)
	at com.kms.katalon.core.main.TestCaseMain.startTestSuite(TestCaseMain.java:187)
	at com.kms.katalon.core.main.TestCaseMain$startTestSuite$0.call(Unknown Source)
	at TempTestSuite1700159187497.run(TempTestSuite1700159187497.groovy:36)
Caused by: com.kms.katalon.core.exception.StepFailedException: Text 'Please enter the following billing information about your payment:' is not present on page  using regular expression
	... 26 more


2023-11-16 13:27:32 - [TEST_STEP][PASSED] - softAssertion = new org.testng.asserts.SoftAssert(): null

2023-11-16 13:27:32 - [TEST_STEP][PASSED] - openBrowser("https://www.google.com/"): Browser is opened with url: 'https://www.google.com/'

2023-11-16 13:27:32 - [MESSAGE][WARNING] - A browser is already opened. Closing browser and opening a new one

2023-11-16 13:27:33 - [MESSAGE][INFO] - Starting 'Chrome' driver

2023-11-16 13:27:33 - [MESSAGE][INFO] - User set preference: ['acceptInsecureCerts', 'true']

2023-11-16 13:27:33 - [MESSAGE][INFO] - Action delay is set to 0 milliseconds

2023-11-16 13:27:36 - [MESSAGE][PASSED] - Browser is opened with url: 'https://www.google.com/'

2023-11-16 13:27:36 - [TEST_STEP][PASSED] - driver = getWebDriver(): null

2023-11-16 13:27:36 - [TEST_STEP][PASSED] - baseUrl = "https://www.google.com/": null

2023-11-16 13:27:36 - [TEST_STEP][PASSED] - selenium = new com.thoughtworks.selenium.webdriven.WebDriverBackedSelenium(driver, baseUrl): null

2023-11-16 13:27:36 - [TEST_STEP][PASSED] - bbpURL = BBPURL: null

2023-11-16 13:27:36 - [TEST_STEP][PASSED] - selenium.open(bbpURL): null

2023-11-16 13:27:37 - [TEST_STEP][PASSED] - selenium.type("id=field1", "111150"): null

2023-11-16 13:27:37 - [TEST_STEP][PASSED] - selenium.type("id=field2", "111151"): null

2023-11-16 13:27:37 - [TEST_STEP][PASSED] - selenium.click("name=Test"): null

2023-11-16 13:27:37 - [TEST_STEP][PASSED] - Thread.sleep(2000): null

2023-11-16 13:27:39 - [TEST_STEP][PASSED] - selenium.click("name=paysubmit"): null

2023-11-16 13:27:39 - [TEST_STEP][PASSED] - selenium.waitForPageToLoad("30000"): null

2023-11-16 13:27:40 - [TEST_STEP][PASSED] - selenium.click("name=paymentMethod"): null

2023-11-16 13:27:40 - [TEST_STEP][PASSED] - selenium.click("css=input[type="submit"]"): null

2023-11-16 13:27:41 - [TEST_STEP][PASSED] - selenium.waitForPageToLoad("30000"): null

2023-11-16 13:27:41 - [TEST_STEP][PASSED] - verifyTextPresent("Required fields are highlighted with an asterisk.", true): Text 'Required fields are highlighted with an asterisk.' is present on page  using regular expression

2023-11-16 13:27:42 - [MESSAGE][PASSED] - Text 'Required fields are highlighted with an asterisk.' is present on page  using regular expression

2023-11-16 13:27:42 - [TEST_STEP][FAILED] - verifyTextPresent("Please enter the following billing information about your payment:", true): Text 'Please enter the following billing information about your payment:' is not present on page  using regular expression (Root cause: com.kms.katalon.core.exception.StepFailedException: Text 'Please enter the following billing information about your payment:' is not present on page  using regular expression
	at com.kms.katalon.core.webui.keyword.internal.WebUIKeywordMain.stepFailed(WebUIKeywordMain.groovy:64)
	at com.kms.katalon.core.webui.keyword.builtin.VerifyTextPresentKeyword$_verifyTextPresent_closure1.doCall(VerifyTextPresentKeyword.groovy:79)
	at com.kms.katalon.core.webui.keyword.builtin.VerifyTextPresentKeyword$_verifyTextPresent_closure1.call(VerifyTextPresentKeyword.groovy)
	at com.kms.katalon.core.webui.keyword.internal.WebUIKeywordMain.runKeyword(WebUIKeywordMain.groovy:20)
	at com.kms.katalon.core.webui.keyword.builtin.VerifyTextPresentKeyword.verifyTextPresent(VerifyTextPresentKeyword.groovy:83)
	at com.kms.katalon.core.webui.keyword.builtin.VerifyTextPresentKeyword.execute(VerifyTextPresentKeyword.groovy:68)
	at com.kms.katalon.core.keyword.internal.KeywordExecutor.executeKeywordForPlatform(KeywordExecutor.groovy:74)
	at com.kms.katalon.core.webui.keyword.WebUiBuiltInKeywords.verifyTextPresent(WebUiBuiltInKeywords.groovy:1723)
	at com.kms.katalon.core.webui.keyword.WebUiBuiltInKeywords$verifyTextPresent$0.call(Unknown Source)
	at MaxAmountErrorCC.run(MaxAmountErrorCC:58)
	at com.kms.katalon.core.main.ScriptEngine.run(ScriptEngine.java:194)
	at com.kms.katalon.core.main.ScriptEngine.runScriptAsRawText(ScriptEngine.java:119)
	at com.kms.katalon.core.main.TestCaseExecutor.runScript(TestCaseExecutor.java:448)
	at com.kms.katalon.core.main.TestCaseExecutor.doExecute(TestCaseExecutor.java:439)
	at com.kms.katalon.core.main.TestCaseExecutor.processExecutionPhase(TestCaseExecutor.java:418)
	at com.kms.katalon.core.main.TestCaseExecutor.accessMainPhase(TestCaseExecutor.java:410)
	at com.kms.katalon.core.main.TestCaseExecutor.execute(TestCaseExecutor.java:285)
	at com.kms.katalon.core.main.TestCaseExecutor.execute(TestCaseExecutor.java:369)
	at com.kms.katalon.core.main.TestCaseExecutor.execute(TestCaseExecutor.java:369)
	at com.kms.katalon.core.main.TestCaseExecutor.execute(TestCaseExecutor.java:369)
	at com.kms.katalon.core.common.CommonExecutor.accessTestCaseMainPhase(CommonExecutor.java:65)
	at com.kms.katalon.core.main.TestSuiteExecutor.accessTestSuiteMainPhase(TestSuiteExecutor.java:148)
	at com.kms.katalon.core.main.TestSuiteExecutor.execute(TestSuiteExecutor.java:106)
	at com.kms.katalon.core.main.TestCaseMain.startTestSuite(TestCaseMain.java:187)
	at com.kms.katalon.core.main.TestCaseMain$startTestSuite$0.call(Unknown Source)
	at TempTestSuite1700159187497.run(TempTestSuite1700159187497.groovy:36)
)

2023-11-16 13:27:42 - [MESSAGE][FAILED] - Text 'Please enter the following billing information about your payment:' is not present on page  using regular expression (Root cause: com.kms.katalon.core.exception.StepFailedException: Text 'Please enter the following billing information about your payment:' is not present on page  using regular expression
	at com.kms.katalon.core.webui.keyword.internal.WebUIKeywordMain.stepFailed(WebUIKeywordMain.groovy:64)
	at com.kms.katalon.core.webui.keyword.builtin.VerifyTextPresentKeyword$_verifyTextPresent_closure1.doCall(VerifyTextPresentKeyword.groovy:79)
	at com.kms.katalon.core.webui.keyword.builtin.VerifyTextPresentKeyword$_verifyTextPresent_closure1.call(VerifyTextPresentKeyword.groovy)
	at com.kms.katalon.core.webui.keyword.internal.WebUIKeywordMain.runKeyword(WebUIKeywordMain.groovy:20)
	at com.kms.katalon.core.webui.keyword.builtin.VerifyTextPresentKeyword.verifyTextPresent(VerifyTextPresentKeyword.groovy:83)
	at com.kms.katalon.core.webui.keyword.builtin.VerifyTextPresentKeyword.execute(VerifyTextPresentKeyword.groovy:68)
	at com.kms.katalon.core.keyword.internal.KeywordExecutor.executeKeywordForPlatform(KeywordExecutor.groovy:74)
	at com.kms.katalon.core.webui.keyword.WebUiBuiltInKeywords.verifyTextPresent(WebUiBuiltInKeywords.groovy:1723)
	at com.kms.katalon.core.webui.keyword.WebUiBuiltInKeywords$verifyTextPresent$0.call(Unknown Source)
	at MaxAmountErrorCC.run(MaxAmountErrorCC:58)
	at com.kms.katalon.core.main.ScriptEngine.run(ScriptEngine.java:194)
	at com.kms.katalon.core.main.ScriptEngine.runScriptAsRawText(ScriptEngine.java:119)
	at com.kms.katalon.core.main.TestCaseExecutor.runScript(TestCaseExecutor.java:448)
	at com.kms.katalon.core.main.TestCaseExecutor.doExecute(TestCaseExecutor.java:439)
	at com.kms.katalon.core.main.TestCaseExecutor.processExecutionPhase(TestCaseExecutor.java:418)
	at com.kms.katalon.core.main.TestCaseExecutor.accessMainPhase(TestCaseExecutor.java:410)
	at com.kms.katalon.core.main.TestCaseExecutor.execute(TestCaseExecutor.java:285)
	at com.kms.katalon.core.main.TestCaseExecutor.execute(TestCaseExecutor.java:369)
	at com.kms.katalon.core.main.TestCaseExecutor.execute(TestCaseExecutor.java:369)
	at com.kms.katalon.core.main.TestCaseExecutor.execute(TestCaseExecutor.java:369)
	at com.kms.katalon.core.common.CommonExecutor.accessTestCaseMainPhase(CommonExecutor.java:65)
	at com.kms.katalon.core.main.TestSuiteExecutor.accessTestSuiteMainPhase(TestSuiteExecutor.java:148)
	at com.kms.katalon.core.main.TestSuiteExecutor.execute(TestSuiteExecutor.java:106)
	at com.kms.katalon.core.main.TestCaseMain.startTestSuite(TestCaseMain.java:187)
	at com.kms.katalon.core.main.TestCaseMain$startTestSuite$0.call(Unknown Source)
	at TempTestSuite1700159187497.run(TempTestSuite1700159187497.groovy:36)
)

2023-11-16 13:27:42 - [TEST_STEP][PASSED] - selenium.type("name=amount", 00".toString()): null

2023-11-16 13:27:42 - [TEST_STEP][PASSED] - selenium.type("name=userDefined2", "UDF2 Data1".toString()): null

2023-11-16 13:27:42 - [TEST_STEP][PASSED] - selenium.type("name=userDefined3", "UDF3 Data1".toString()): null

2023-11-16 13:27:42 - [TEST_STEP][PASSED] - selenium.select("name=variableField4DropdownGroupItemID", "label=Purple"): null

2023-11-16 13:27:42 - [TEST_STEP][PASSED] - selenium.select("name=variableField5DropdownGroupItemID", "label=Orange"): null

2023-11-16 13:27:42 - [TEST_STEP][PASSED] - selenium.type("name=userDefined6", "UDF6 Data1".toString()): null

2023-11-16 13:27:42 - [TEST_STEP][PASSED] - selenium.type("name=userDefined7", "UDF7 Data1".toString()): null

2023-11-16 13:27:42 - [TEST_STEP][PASSED] - selenium.type("name=userDefined8", "UDF8 Data1".toString()): null

2023-11-16 13:27:42 - [TEST_STEP][PASSED] - selenium.type("name=billingName", "Hunter Helms".toString()): null

2023-11-16 13:27:42 - [TEST_STEP][PASSED] - selenium.type("id=cardNumber", "4111111111111111"): null

2023-11-16 13:27:42 - [TEST_STEP][PASSED] - selenium.type("id=spc", "123"): null

2023-11-16 13:27:43 - [TEST_STEP][PASSED] - selenium.select("name=cardExpMonth", "label=04"): null

2023-11-16 13:27:43 - [TEST_STEP][PASSED] - selenium.select("name=cardExpYear", "label=2025"): null

2023-11-16 13:27:43 - [TEST_STEP][PASSED] - selenium.type("name=billingAddress", "2311 york road".toString()): null

2023-11-16 13:27:43 - [TEST_STEP][PASSED] - selenium.type("name=billingAddress2", "Suite 600".toString()): null

2023-11-16 13:27:43 - [TEST_STEP][PASSED] - selenium.type("id=billing-zip-input", "21054"): null

2023-11-16 13:27:43 - [TEST_STEP][PASSED] - selenium.type("name=emailAddress", com".toString()): null

2023-11-16 13:27:43 - [TEST_STEP][PASSED] - selenium.click("id=checkedAcceptCondition"): null

2023-11-16 13:27:43 - [TEST_STEP][PASSED] - selenium.click("name=ccSubmit"): null

2023-11-16 13:27:44 - [TEST_STEP][PASSED] - selenium.waitForPageToLoad("30000"): null

2023-11-16 13:27:44 - [TEST_STEP][PASSED] - selenium.selectWindow("null"): null

2023-11-16 13:27:44 - [TEST_STEP][PASSED] - verifyTextPresent("Amount is greater than maximum", true): Text 'Amount is greater than maximum' is present on page  using regular expression

2023-11-16 13:27:45 - [MESSAGE][PASSED] - Text 'Amount is greater than maximum' is present on page  using regular expression]]></system-out>
         <system-err><![CDATA[2023-11-16 13:27:32 - [TEST_CASE][FAILED] - Test Cases/BBP-SelIDE/MaxAmountErrorCC: Test Cases/BBP-SelIDE/MaxAmountErrorCC FAILED.
Reason:
com.kms.katalon.core.exception.StepFailedException: Text 'Please enter the following billing information about your payment:' is not present on page  using regular expression (Root cause: com.kms.katalon.core.exception.StepFailedException: Text 'Please enter the following billing information about your payment:' is not present on page  using regular expression
	at com.kms.katalon.core.webui.keyword.internal.WebUIKeywordMain.stepFailed(WebUIKeywordMain.groovy:64)
	at com.kms.katalon.core.webui.keyword.builtin.VerifyTextPresentKeyword$_verifyTextPresent_closure1.doCall(VerifyTextPresentKeyword.groovy:79)
	at com.kms.katalon.core.webui.keyword.builtin.VerifyTextPresentKeyword$_verifyTextPresent_closure1.call(VerifyTextPresentKeyword.groovy)
	at com.kms.katalon.core.webui.keyword.internal.WebUIKeywordMain.runKeyword(WebUIKeywordMain.groovy:20)
	at com.kms.katalon.core.webui.keyword.builtin.VerifyTextPresentKeyword.verifyTextPresent(VerifyTextPresentKeyword.groovy:83)
	at com.kms.katalon.core.webui.keyword.builtin.VerifyTextPresentKeyword.execute(VerifyTextPresentKeyword.groovy:68)
	at com.kms.katalon.core.keyword.internal.KeywordExecutor.executeKeywordForPlatform(KeywordExecutor.groovy:74)
	at com.kms.katalon.core.webui.keyword.WebUiBuiltInKeywords.verifyTextPresent(WebUiBuiltInKeywords.groovy:1723)
	at com.kms.katalon.core.webui.keyword.WebUiBuiltInKeywords$verifyTextPresent$0.call(Unknown Source)
	at MaxAmountErrorCC.run(MaxAmountErrorCC:58)
	at com.kms.katalon.core.main.ScriptEngine.run(ScriptEngine.java:194)
	at com.kms.katalon.core.main.ScriptEngine.runScriptAsRawText(ScriptEngine.java:119)
	at com.kms.katalon.core.main.TestCaseExecutor.runScript(TestCaseExecutor.java:448)
	at com.kms.katalon.core.main.TestCaseExecutor.doExecute(TestCaseExecutor.java:439)
	at com.kms.katalon.core.main.TestCaseExecutor.processExecutionPhase(TestCaseExecutor.java:418)
	at com.kms.katalon.core.main.TestCaseExecutor.accessMainPhase(TestCaseExecutor.java:410)
	at com.kms.katalon.core.main.TestCaseExecutor.execute(TestCaseExecutor.java:285)
	at com.kms.katalon.core.main.TestCaseExecutor.execute(TestCaseExecutor.java:369)
	at com.kms.katalon.core.main.TestCaseExecutor.execute(TestCaseExecutor.java:369)
	at com.kms.katalon.core.main.TestCaseExecutor.execute(TestCaseExecutor.java:369)
	at com.kms.katalon.core.common.CommonExecutor.accessTestCaseMainPhase(CommonExecutor.java:65)
	at com.kms.katalon.core.main.TestSuiteExecutor.accessTestSuiteMainPhase(TestSuiteExecutor.java:148)
	at com.kms.katalon.core.main.TestSuiteExecutor.execute(TestSuiteExecutor.java:106)
	at com.kms.katalon.core.main.TestCaseMain.startTestSuite(TestCaseMain.java:187)
	at com.kms.katalon.core.main.TestCaseMain$startTestSuite$0.call(Unknown Source)
	at TempTestSuite1700159187497.run(TempTestSuite1700159187497.groovy:36)
)
	at com.kms.katalon.core.keyword.internal.KeywordMain.stepFailed(KeywordMain.groovy:39)
	at com.kms.katalon.core.webui.keyword.internal.WebUIKeywordMain.stepFailed(WebUIKeywordMain.groovy:64)
	at com.kms.katalon.core.webui.keyword.builtin.VerifyTextPresentKeyword$_verifyTextPresent_closure1.doCall(VerifyTextPresentKeyword.groovy:79)
	at com.kms.katalon.core.webui.keyword.builtin.VerifyTextPresentKeyword$_verifyTextPresent_closure1.call(VerifyTextPresentKeyword.groovy)
	at com.kms.katalon.core.webui.keyword.internal.WebUIKeywordMain.runKeyword(WebUIKeywordMain.groovy:20)
	at com.kms.katalon.core.webui.keyword.builtin.VerifyTextPresentKeyword.verifyTextPresent(VerifyTextPresentKeyword.groovy:83)
	at com.kms.katalon.core.webui.keyword.builtin.VerifyTextPresentKeyword.execute(VerifyTextPresentKeyword.groovy:68)
	at com.kms.katalon.core.keyword.internal.KeywordExecutor.executeKeywordForPlatform(KeywordExecutor.groovy:74)
	at com.kms.katalon.core.webui.keyword.WebUiBuiltInKeywords.verifyTextPresent(WebUiBuiltInKeywords.groovy:1723)
	at com.kms.katalon.core.webui.keyword.WebUiBuiltInKeywords$verifyTextPresent$0.call(Unknown Source)
	at MaxAmountErrorCC.run(MaxAmountErrorCC:58)
	at com.kms.katalon.core.main.ScriptEngine.run(ScriptEngine.java:194)
	at com.kms.katalon.core.main.ScriptEngine.runScriptAsRawText(ScriptEngine.java:119)
	at com.kms.katalon.core.main.TestCaseExecutor.runScript(TestCaseExecutor.java:448)
	at com.kms.katalon.core.main.TestCaseExecutor.doExecute(TestCaseExecutor.java:439)
	at com.kms.katalon.core.main.TestCaseExecutor.processExecutionPhase(TestCaseExecutor.java:418)
	at com.kms.katalon.core.main.TestCaseExecutor.accessMainPhase(TestCaseExecutor.java:410)
	at com.kms.katalon.core.main.TestCaseExecutor.execute(TestCaseExecutor.java:285)
	at com.kms.katalon.core.main.TestCaseExecutor.execute(TestCaseExecutor.java:369)
	at com.kms.katalon.core.main.TestCaseExecutor.execute(TestCaseExecutor.java:369)
	at com.kms.katalon.core.main.TestCaseExecutor.execute(TestCaseExecutor.java:369)
	at com.kms.katalon.core.common.CommonExecutor.accessTestCaseMainPhase(CommonExecutor.java:65)
	at com.kms.katalon.core.main.TestSuiteExecutor.accessTestSuiteMainPhase(TestSuiteExecutor.java:148)
	at com.kms.katalon.core.main.TestSuiteExecutor.execute(TestSuiteExecutor.java:106)
	at com.kms.katalon.core.main.TestCaseMain.startTestSuite(TestCaseMain.java:187)
	at com.kms.katalon.core.main.TestCaseMain$startTestSuite$0.call(Unknown Source)
	at TempTestSuite1700159187497.run(TempTestSuite1700159187497.groovy:36)
Caused by: com.kms.katalon.core.exception.StepFailedException: Text 'Please enter the following billing information about your payment:' is not present on page  using regular expression
	... 26 more]]></system-err>
      </testcase>
      <testcase name="Test Cases/BBP-SelIDE/MaxAmountErrorCorp" time="13.731" classname="Test Cases/BBP-SelIDE/MaxAmountErrorCorp" status="PASSED">
         <system-out><![CDATA[2023-11-16 13:27:45 - [TEST_CASE][PASSED] - Test Cases/BBP-SelIDE/MaxAmountErrorCorp: Test Cases/BBP-SelIDE/MaxAmountErrorCorp

2023-11-16 13:27:45 - [TEST_STEP][PASSED] - softAssertion = new org.testng.asserts.SoftAssert(): null

2023-11-16 13:27:45 - [TEST_STEP][PASSED] - openBrowser("https://www.google.com/"): Browser is opened with url: 'https://www.google.com/'

2023-11-16 13:27:45 - [MESSAGE][WARNING] - A browser is already opened. Closing browser and opening a new one

2023-11-16 13:27:46 - [MESSAGE][INFO] - Starting 'Chrome' driver

2023-11-16 13:27:46 - [MESSAGE][INFO] - User set preference: ['acceptInsecureCerts', 'true']

2023-11-16 13:27:46 - [MESSAGE][INFO] - Action delay is set to 0 milliseconds

2023-11-16 13:27:49 - [MESSAGE][PASSED] - Browser is opened with url: 'https://www.google.com/'

2023-11-16 13:27:49 - [TEST_STEP][PASSED] - driver = getWebDriver(): null

2023-11-16 13:27:49 - [TEST_STEP][PASSED] - baseUrl = "https://www.google.com/": null

2023-11-16 13:27:49 - [TEST_STEP][PASSED] - selenium = new com.thoughtworks.selenium.webdriven.WebDriverBackedSelenium(driver, baseUrl): null

2023-11-16 13:27:49 - [TEST_STEP][PASSED] - bbpURL = BBPURL: null

2023-11-16 13:27:49 - [TEST_STEP][PASSED] - selenium.open(bbpURL): null

2023-11-16 13:27:49 - [TEST_STEP][PASSED] - selenium.type("id=field1", "111150"): null

2023-11-16 13:27:50 - [TEST_STEP][PASSED] - selenium.type("id=field2", "111151"): null

2023-11-16 13:27:50 - [TEST_STEP][PASSED] - selenium.click("name=Test"): null

2023-11-16 13:27:50 - [TEST_STEP][PASSED] - Thread.sleep(2000): null

2023-11-16 13:27:52 - [TEST_STEP][PASSED] - selenium.click("name=paysubmit"): null

2023-11-16 13:27:52 - [TEST_STEP][PASSED] - selenium.waitForPageToLoad("30000"): null

2023-11-16 13:27:53 - [TEST_STEP][PASSED] - selenium.click("xpath=(//input[@name='paymentMethod'])[3]"): null

2023-11-16 13:27:53 - [TEST_STEP][PASSED] - selenium.click("css=input[type="submit"]"): null

2023-11-16 13:27:54 - [TEST_STEP][PASSED] - selenium.waitForPageToLoad("30000"): null

2023-11-16 13:27:54 - [TEST_STEP][PASSED] - softAssertion.assertEquals("Required fields are highlighted with an asterisk.", selenium.getText("css=span.required")): null

2023-11-16 13:27:55 - [TEST_STEP][PASSED] - softAssertion.assertEquals("Please enter the following billing information about your payment:", selenium.getText("css=span.vrelay-header")): null

2023-11-16 13:27:55 - [TEST_STEP][PASSED] - verifyTextPresent("Required fields are highlighted with an asterisk.", true): Text 'Required fields are highlighted with an asterisk.' is present on page  using regular expression

2023-11-16 13:27:55 - [MESSAGE][PASSED] - Text 'Required fields are highlighted with an asterisk.' is present on page  using regular expression

2023-11-16 13:27:55 - [TEST_STEP][PASSED] - verifyTextPresent("Please enter the following billing information about your payment:", true): Text 'Please enter the following billing information about your payment:' is present on page  using regular expression

2023-11-16 13:27:56 - [MESSAGE][PASSED] - Text 'Please enter the following billing information about your payment:' is present on page  using regular expression

2023-11-16 13:27:56 - [TEST_STEP][PASSED] - selenium.type("name=amount", 00".toString()): null

2023-11-16 13:27:56 - [TEST_STEP][PASSED] - selenium.type("name=userDefined2", "UDF2 Data3".toString()): null

2023-11-16 13:27:56 - [TEST_STEP][PASSED] - selenium.type("name=userDefined3", "UDF3 Data3".toString()): null

2023-11-16 13:27:56 - [TEST_STEP][PASSED] - selenium.select("name=variableField4DropdownGroupItemID", "label=Purple"): null

2023-11-16 13:27:56 - [TEST_STEP][PASSED] - selenium.select("name=variableField5DropdownGroupItemID", "label=Orange"): null

2023-11-16 13:27:56 - [TEST_STEP][PASSED] - selenium.type("name=userDefined6", "UDF6 Data3".toString()): null

2023-11-16 13:27:56 - [TEST_STEP][PASSED] - selenium.type("name=userDefined7", "UDF7 Data3".toString()): null

2023-11-16 13:27:56 - [TEST_STEP][PASSED] - selenium.type("name=userDefined8", "UDF8 Data3".toString()): null

2023-11-16 13:27:56 - [TEST_STEP][PASSED] - selenium.type("name=billingCompanyname", "My Company".toString()): null

2023-11-16 13:27:56 - [TEST_STEP][PASSED] - selenium.type("id=routingNumber", "256072691"): null

2023-11-16 13:27:56 - [TEST_STEP][PASSED] - selenium.type("id=accountNumber", "33333333"): null

2023-11-16 13:27:56 - [TEST_STEP][PASSED] - selenium.type("id=confirmAccountNumber", "33333333"): null

2023-11-16 13:27:56 - [TEST_STEP][PASSED] - selenium.type("name=ein", "123456789"): null

2023-11-16 13:27:56 - [TEST_STEP][PASSED] - selenium.type("name=billingAddress", "2311 york road".toString()): null

2023-11-16 13:27:57 - [TEST_STEP][PASSED] - selenium.type("name=billingAddress2", "suite 600".toString()): null

2023-11-16 13:27:57 - [TEST_STEP][PASSED] - selenium.type("id=billing-zip-input", "21054"): null

2023-11-16 13:27:57 - [TEST_STEP][PASSED] - selenium.type("name=emailAddress", com".toString()): null

2023-11-16 13:27:57 - [TEST_STEP][PASSED] - selenium.click("id=checkedAcceptCondition"): null

2023-11-16 13:27:57 - [TEST_STEP][PASSED] - selenium.click("name=achSubmit"): null

2023-11-16 13:27:57 - [TEST_STEP][PASSED] - selenium.waitForPageToLoad("30000"): null

2023-11-16 13:27:58 - [TEST_STEP][PASSED] - verifyTextPresent("Amount is greater than maximum", true): Text 'Amount is greater than maximum' is present on page  using regular expression

2023-11-16 13:27:58 - [MESSAGE][PASSED] - Text 'Amount is greater than maximum' is present on page  using regular expression]]></system-out>
         <system-err><![CDATA[]]></system-err>
      </testcase>
      <testcase name="Test Cases/BBP-SelIDE/MaxAmountErrorPC" time="15.085" classname="Test Cases/BBP-SelIDE/MaxAmountErrorPC" status="PASSED">
         <system-out><![CDATA[2023-11-16 13:27:58 - [TEST_CASE][PASSED] - Test Cases/BBP-SelIDE/MaxAmountErrorPC: Test Cases/BBP-SelIDE/MaxAmountErrorPC

2023-11-16 13:27:59 - [TEST_STEP][PASSED] - softAssertion = new org.testng.asserts.SoftAssert(): null

2023-11-16 13:27:59 - [TEST_STEP][PASSED] - openBrowser("https://www.google.com/"): Browser is opened with url: 'https://www.google.com/'

2023-11-16 13:27:59 - [MESSAGE][WARNING] - A browser is already opened. Closing browser and opening a new one

2023-11-16 13:28:00 - [MESSAGE][INFO] - Starting 'Chrome' driver

2023-11-16 13:28:00 - [MESSAGE][INFO] - User set preference: ['acceptInsecureCerts', 'true']

2023-11-16 13:28:00 - [MESSAGE][INFO] - Action delay is set to 0 milliseconds

2023-11-16 13:28:04 - [MESSAGE][PASSED] - Browser is opened with url: 'https://www.google.com/'

2023-11-16 13:28:04 - [TEST_STEP][PASSED] - driver = getWebDriver(): null

2023-11-16 13:28:04 - [TEST_STEP][PASSED] - baseUrl = "https://www.google.com/": null

2023-11-16 13:28:04 - [TEST_STEP][PASSED] - selenium = new com.thoughtworks.selenium.webdriven.WebDriverBackedSelenium(driver, baseUrl): null

2023-11-16 13:28:04 - [TEST_STEP][PASSED] - bbpURL = BBPURL: null

2023-11-16 13:28:04 - [TEST_STEP][PASSED] - selenium.open(bbpURL): null

2023-11-16 13:28:04 - [TEST_STEP][PASSED] - selenium.type("id=field1", "111150"): null

2023-11-16 13:28:04 - [TEST_STEP][PASSED] - selenium.type("id=field2", "111151"): null

2023-11-16 13:28:04 - [TEST_STEP][PASSED] - selenium.click("name=Test"): null

2023-11-16 13:28:04 - [TEST_STEP][PASSED] - Thread.sleep(2000): null

2023-11-16 13:28:06 - [TEST_STEP][PASSED] - selenium.click("name=paysubmit"): null

2023-11-16 13:28:07 - [TEST_STEP][PASSED] - selenium.waitForPageToLoad("30000"): null

2023-11-16 13:28:07 - [TEST_STEP][PASSED] - selenium.click("xpath=(//input[@name='paymentMethod'])[2]"): null

2023-11-16 13:28:08 - [TEST_STEP][PASSED] - selenium.click("css=input[type="submit"]"): null

2023-11-16 13:28:09 - [TEST_STEP][PASSED] - selenium.waitForPageToLoad("30000"): null

2023-11-16 13:28:09 - [TEST_STEP][PASSED] - softAssertion.assertEquals("Required fields are highlighted with an asterisk.", selenium.getText("css=span.required")): null

2023-11-16 13:28:09 - [TEST_STEP][PASSED] - softAssertion.assertEquals("Please enter the following billing information about your payment:", selenium.getText("css=span.vrelay-header")): null

2023-11-16 13:28:10 - [TEST_STEP][PASSED] - verifyTextPresent("Required fields are highlighted with an asterisk.", true): Text 'Required fields are highlighted with an asterisk.' is present on page  using regular expression

2023-11-16 13:28:10 - [MESSAGE][PASSED] - Text 'Required fields are highlighted with an asterisk.' is present on page  using regular expression

2023-11-16 13:28:10 - [TEST_STEP][PASSED] - verifyTextPresent("Please enter the following billing information about your payment:", true): Text 'Please enter the following billing information about your payment:' is present on page  using regular expression

2023-11-16 13:28:10 - [MESSAGE][PASSED] - Text 'Please enter the following billing information about your payment:' is present on page  using regular expression

2023-11-16 13:28:10 - [TEST_STEP][PASSED] - selenium.type("name=amount", 00".toString()): null

2023-11-16 13:28:10 - [TEST_STEP][PASSED] - selenium.type("name=userDefined2", "UDF2 Data2".toString()): null

2023-11-16 13:28:10 - [TEST_STEP][PASSED] - selenium.type("name=userDefined3", "UDF3 Data2".toString()): null

2023-11-16 13:28:10 - [TEST_STEP][PASSED] - selenium.select("name=variableField4DropdownGroupItemID", "label=Purple"): null

2023-11-16 13:28:11 - [TEST_STEP][PASSED] - selenium.select("name=variableField5DropdownGroupItemID", "label=Orange"): null

2023-11-16 13:28:11 - [TEST_STEP][PASSED] - selenium.type("name=userDefined6", "UDF6 Data2".toString()): null

2023-11-16 13:28:11 - [TEST_STEP][PASSED] - selenium.type("name=userDefined7", "UDF7 Data2".toString()): null

2023-11-16 13:28:11 - [TEST_STEP][PASSED] - selenium.type("name=userDefined8", "UDF8 Data2".toString()): null

2023-11-16 13:28:11 - [TEST_STEP][PASSED] - selenium.type("name=billingFirstname", "Molly"): null

2023-11-16 13:28:11 - [TEST_STEP][PASSED] - selenium.type("name=billingLastname", "Hunter"): null

2023-11-16 13:28:11 - [TEST_STEP][PASSED] - selenium.type("id=routingNumber", "256072691"): null

2023-11-16 13:28:11 - [TEST_STEP][PASSED] - selenium.type("id=accountNumber", "11111111"): null

2023-11-16 13:28:11 - [TEST_STEP][PASSED] - selenium.type("id=confirmAccountNumber", "11111111"): null

2023-11-16 13:28:11 - [TEST_STEP][PASSED] - selenium.click("name=accountType"): null

2023-11-16 13:28:11 - [TEST_STEP][PASSED] - selenium.type("name=billingAddress", "2311 york road".toString()): null

2023-11-16 13:28:11 - [TEST_STEP][PASSED] - selenium.type("name=billingAddress2", "Suite 600".toString()): null

2023-11-16 13:28:11 - [TEST_STEP][PASSED] - selenium.type("id=billing-zip-input", "21054"): null

2023-11-16 13:28:12 - [TEST_STEP][PASSED] - selenium.type("name=emailAddress", com".toString()): null

2023-11-16 13:28:12 - [TEST_STEP][PASSED] - selenium.click("id=checkedAcceptCondition"): null

2023-11-16 13:28:12 - [TEST_STEP][PASSED] - selenium.click("name=achSubmit"): null

2023-11-16 13:28:12 - [TEST_STEP][PASSED] - selenium.waitForPageToLoad("30000"): null

2023-11-16 13:28:13 - [TEST_STEP][PASSED] - softAssertion.assertEquals("Amount is greater than maximum", selenium.getText("css=span.vrelay-error")): null

2023-11-16 13:28:13 - [TEST_STEP][PASSED] - verifyTextPresent("Amount is greater than maximum", true): Text 'Amount is greater than maximum' is present on page  using regular expression

2023-11-16 13:28:13 - [MESSAGE][PASSED] - Text 'Amount is greater than maximum' is present on page  using regular expression]]></system-out>
         <system-err><![CDATA[]]></system-err>
      </testcase>
      <testcase name="Test Cases/BBP-SelIDE/MaxAmountErrorPS" time="13.223" classname="Test Cases/BBP-SelIDE/MaxAmountErrorPS" status="PASSED">
         <system-out><![CDATA[2023-11-16 13:28:13 - [TEST_CASE][PASSED] - Test Cases/BBP-SelIDE/MaxAmountErrorPS: Test Cases/BBP-SelIDE/MaxAmountErrorPS

2023-11-16 13:28:14 - [TEST_STEP][PASSED] - softAssertion = new org.testng.asserts.SoftAssert(): null

2023-11-16 13:28:14 - [TEST_STEP][PASSED] - openBrowser("https://www.google.com/"): Browser is opened with url: 'https://www.google.com/'

2023-11-16 13:28:14 - [MESSAGE][WARNING] - A browser is already opened. Closing browser and opening a new one

2023-11-16 13:28:15 - [MESSAGE][INFO] - Starting 'Chrome' driver

2023-11-16 13:28:15 - [MESSAGE][INFO] - User set preference: ['acceptInsecureCerts', 'true']

2023-11-16 13:28:15 - [MESSAGE][INFO] - Action delay is set to 0 milliseconds

2023-11-16 13:28:18 - [MESSAGE][PASSED] - Browser is opened with url: 'https://www.google.com/'

2023-11-16 13:28:18 - [TEST_STEP][PASSED] - driver = getWebDriver(): null

2023-11-16 13:28:18 - [TEST_STEP][PASSED] - baseUrl = "https://www.google.com/": null

2023-11-16 13:28:18 - [TEST_STEP][PASSED] - selenium = new com.thoughtworks.selenium.webdriven.WebDriverBackedSelenium(driver, baseUrl): null

2023-11-16 13:28:18 - [TEST_STEP][PASSED] - bbpURL = BBPURL: null

2023-11-16 13:28:18 - [TEST_STEP][PASSED] - selenium.open(bbpURL): null

2023-11-16 13:28:18 - [TEST_STEP][PASSED] - selenium.type("id=field1", "111150"): null

2023-11-16 13:28:18 - [TEST_STEP][PASSED] - selenium.type("id=field2", "111151"): null

2023-11-16 13:28:19 - [TEST_STEP][PASSED] - selenium.click("name=Test"): null

2023-11-16 13:28:19 - [TEST_STEP][PASSED] - Thread.sleep(2000): null

2023-11-16 13:28:21 - [TEST_STEP][PASSED] - selenium.click("name=paysubmit"): null

2023-11-16 13:28:21 - [TEST_STEP][PASSED] - selenium.waitForPageToLoad("30000"): null

2023-11-16 13:28:22 - [TEST_STEP][PASSED] - selenium.click("xpath=(//input[@name='paymentMethod'])[2]"): null

2023-11-16 13:28:22 - [TEST_STEP][PASSED] - selenium.click("css=input[type="submit"]"): null

2023-11-16 13:28:23 - [TEST_STEP][PASSED] - selenium.waitForPageToLoad("30000"): null

2023-11-16 13:28:23 - [TEST_STEP][PASSED] - verifyTextPresent("Required fields are highlighted with an asterisk.", true): Text 'Required fields are highlighted with an asterisk.' is present on page  using regular expression

2023-11-16 13:28:24 - [MESSAGE][PASSED] - Text 'Required fields are highlighted with an asterisk.' is present on page  using regular expression

2023-11-16 13:28:24 - [TEST_STEP][PASSED] - verifyTextPresent("Please enter the following billing information about your payment:", true): Text 'Please enter the following billing information about your payment:' is present on page  using regular expression

2023-11-16 13:28:24 - [MESSAGE][PASSED] - Text 'Please enter the following billing information about your payment:' is present on page  using regular expression

2023-11-16 13:28:24 - [TEST_STEP][PASSED] - selenium.type("name=amount", 00".toString()): null

2023-11-16 13:28:24 - [TEST_STEP][PASSED] - selenium.type("name=userDefined2", "UDF2 Data2".toString()): null

2023-11-16 13:28:24 - [TEST_STEP][PASSED] - selenium.type("name=userDefined3", "UDF3 Data2".toString()): null

2023-11-16 13:28:24 - [TEST_STEP][PASSED] - selenium.select("name=variableField4DropdownGroupItemID", "label=Purple"): null

2023-11-16 13:28:24 - [TEST_STEP][PASSED] - selenium.select("name=variableField5DropdownGroupItemID", "label=Orange"): null

2023-11-16 13:28:24 - [TEST_STEP][PASSED] - selenium.type("name=userDefined6", "UDF6 Data2".toString()): null

2023-11-16 13:28:24 - [TEST_STEP][PASSED] - selenium.type("name=userDefined7", "UDF7 Data2".toString()): null

2023-11-16 13:28:24 - [TEST_STEP][PASSED] - selenium.type("name=userDefined8", "UDF8 Data2".toString()): null

2023-11-16 13:28:24 - [TEST_STEP][PASSED] - selenium.type("name=billingFirstname", "Molly"): null

2023-11-16 13:28:24 - [TEST_STEP][PASSED] - selenium.type("name=billingLastname", "Hunter"): null

2023-11-16 13:28:25 - [TEST_STEP][PASSED] - selenium.type("id=routingNumber", "256072691"): null

2023-11-16 13:28:25 - [TEST_STEP][PASSED] - selenium.type("id=accountNumber", "11111111"): null

2023-11-16 13:28:25 - [TEST_STEP][PASSED] - selenium.type("id=confirmAccountNumber", "11111111"): null

2023-11-16 13:28:25 - [TEST_STEP][PASSED] - selenium.click("document.process.accountType[1]"): null

2023-11-16 13:28:25 - [TEST_STEP][PASSED] - selenium.type("name=billingAddress", "2311 york road".toString()): null

2023-11-16 13:28:25 - [TEST_STEP][PASSED] - selenium.type("name=billingAddress2", "Suite 600".toString()): null

2023-11-16 13:28:25 - [TEST_STEP][PASSED] - selenium.type("id=billing-zip-input", "21054"): null

2023-11-16 13:28:25 - [TEST_STEP][PASSED] - selenium.type("name=emailAddress", com".toString()): null

2023-11-16 13:28:25 - [TEST_STEP][PASSED] - selenium.click("id=checkedAcceptCondition"): null

2023-11-16 13:28:25 - [TEST_STEP][PASSED] - selenium.click("name=achSubmit"): null

2023-11-16 13:28:26 - [TEST_STEP][PASSED] - selenium.waitForPageToLoad("30000"): null

2023-11-16 13:28:26 - [TEST_STEP][PASSED] - verifyTextPresent("Amount is greater than maximum", true): Text 'Amount is greater than maximum' is present on page  using regular expression

2023-11-16 13:28:27 - [MESSAGE][PASSED] - Text 'Amount is greater than maximum' is present on page  using regular expression]]></system-out>
         <system-err><![CDATA[]]></system-err>
      </testcase>
      <system-out><![CDATA[2023-11-16 13:26:33 - [TEST_SUITE][FAILED] - QA_BBP_Regression: Test Cases/BBP-SelIDE/MaxAmountErrorCC FAILED.
Reason:
com.kms.katalon.core.exception.StepFailedException: Text 'Please enter the following billing information about your payment:' is not present on page  using regular expression (Root cause: com.kms.katalon.core.exception.StepFailedException: Text 'Please enter the following billing information about your payment:' is not present on page  using regular expression
	at com.kms.katalon.core.webui.keyword.internal.WebUIKeywordMain.stepFailed(WebUIKeywordMain.groovy:64)
	at com.kms.katalon.core.webui.keyword.builtin.VerifyTextPresentKeyword$_verifyTextPresent_closure1.doCall(VerifyTextPresentKeyword.groovy:79)
	at com.kms.katalon.core.webui.keyword.builtin.VerifyTextPresentKeyword$_verifyTextPresent_closure1.call(VerifyTextPresentKeyword.groovy)
	at com.kms.katalon.core.webui.keyword.internal.WebUIKeywordMain.runKeyword(WebUIKeywordMain.groovy:20)
	at com.kms.katalon.core.webui.keyword.builtin.VerifyTextPresentKeyword.verifyTextPresent(VerifyTextPresentKeyword.groovy:83)
	at com.kms.katalon.core.webui.keyword.builtin.VerifyTextPresentKeyword.execute(VerifyTextPresentKeyword.groovy:68)
	at com.kms.katalon.core.keyword.internal.KeywordExecutor.executeKeywordForPlatform(KeywordExecutor.groovy:74)
	at com.kms.katalon.core.webui.keyword.WebUiBuiltInKeywords.verifyTextPresent(WebUiBuiltInKeywords.groovy:1723)
	at com.kms.katalon.core.webui.keyword.WebUiBuiltInKeywords$verifyTextPresent$0.call(Unknown Source)
	at MaxAmountErrorCC.run(MaxAmountErrorCC:58)
	at com.kms.katalon.core.main.ScriptEngine.run(ScriptEngine.java:194)
	at com.kms.katalon.core.main.ScriptEngine.runScriptAsRawText(ScriptEngine.java:119)
	at com.kms.katalon.core.main.TestCaseExecutor.runScript(TestCaseExecutor.java:448)
	at com.kms.katalon.core.main.TestCaseExecutor.doExecute(TestCaseExecutor.java:439)
	at com.kms.katalon.core.main.TestCaseExecutor.processExecutionPhase(TestCaseExecutor.java:418)
	at com.kms.katalon.core.main.TestCaseExecutor.accessMainPhase(TestCaseExecutor.java:410)
	at com.kms.katalon.core.main.TestCaseExecutor.execute(TestCaseExecutor.java:285)
	at com.kms.katalon.core.common.CommonExecutor.accessTestCaseMainPhase(CommonExecutor.java:65)
	at com.kms.katalon.core.main.TestSuiteExecutor.accessTestSuiteMainPhase(TestSuiteExecutor.java:148)
	at com.kms.katalon.core.main.TestSuiteExecutor.execute(TestSuiteExecutor.java:106)
	at com.kms.katalon.core.main.TestCaseMain.startTestSuite(TestCaseMain.java:187)
	at com.kms.katalon.core.main.TestCaseMain$startTestSuite$0.call(Unknown Source)
	at TempTestSuite1700159187497.run(TempTestSuite1700159187497.groovy:36)
)
	at com.kms.katalon.core.keyword.internal.KeywordMain.stepFailed(KeywordMain.groovy:39)
	at com.kms.katalon.core.webui.keyword.internal.WebUIKeywordMain.stepFailed(WebUIKeywordMain.groovy:64)
	at com.kms.katalon.core.webui.keyword.builtin.VerifyTextPresentKeyword$_verifyTextPresent_closure1.doCall(VerifyTextPresentKeyword.groovy:79)
	at com.kms.katalon.core.webui.keyword.builtin.VerifyTextPresentKeyword$_verifyTextPresent_closure1.call(VerifyTextPresentKeyword.groovy)
	at com.kms.katalon.core.webui.keyword.internal.WebUIKeywordMain.runKeyword(WebUIKeywordMain.groovy:20)
	at com.kms.katalon.core.webui.keyword.builtin.VerifyTextPresentKeyword.verifyTextPresent(VerifyTextPresentKeyword.groovy:83)
	at com.kms.katalon.core.webui.keyword.builtin.VerifyTextPresentKeyword.execute(VerifyTextPresentKeyword.groovy:68)
	at com.kms.katalon.core.keyword.internal.KeywordExecutor.executeKeywordForPlatform(KeywordExecutor.groovy:74)
	at com.kms.katalon.core.webui.keyword.WebUiBuiltInKeywords.verifyTextPresent(WebUiBuiltInKeywords.groovy:1723)
	at com.kms.katalon.core.webui.keyword.WebUiBuiltInKeywords$verifyTextPresent$0.call(Unknown Source)
	at MaxAmountErrorCC.run(MaxAmountErrorCC:58)
	at com.kms.katalon.core.main.ScriptEngine.run(ScriptEngine.java:194)
	at com.kms.katalon.core.main.ScriptEngine.runScriptAsRawText(ScriptEngine.java:119)
	at com.kms.katalon.core.main.TestCaseExecutor.runScript(TestCaseExecutor.java:448)
	at com.kms.katalon.core.main.TestCaseExecutor.doExecute(TestCaseExecutor.java:439)
	at com.kms.katalon.core.main.TestCaseExecutor.processExecutionPhase(TestCaseExecutor.java:418)
	at com.kms.katalon.core.main.TestCaseExecutor.accessMainPhase(TestCaseExecutor.java:410)
	at com.kms.katalon.core.main.TestCaseExecutor.execute(TestCaseExecutor.java:285)
	at com.kms.katalon.core.common.CommonExecutor.accessTestCaseMainPhase(CommonExecutor.java:65)
	at com.kms.katalon.core.main.TestSuiteExecutor.accessTestSuiteMainPhase(TestSuiteExecutor.java:148)
	at com.kms.katalon.core.main.TestSuiteExecutor.execute(TestSuiteExecutor.java:106)
	at com.kms.katalon.core.main.TestCaseMain.startTestSuite(TestCaseMain.java:187)
	at com.kms.katalon.core.main.TestCaseMain$startTestSuite$0.call(Unknown Source)
	at TempTestSuite1700159187497.run(TempTestSuite1700159187497.groovy:36)
Caused by: com.kms.katalon.core.exception.StepFailedException: Text 'Please enter the following billing information about your payment:' is not present on page  using regular expression
	... 23 more]]></system-out>
      <system-err><![CDATA[2023-11-16 13:26:33 - [TEST_SUITE][FAILED] - QA_BBP_Regression: Test Cases/BBP-SelIDE/MaxAmountErrorCC FAILED.
Reason:
com.kms.katalon.core.exception.StepFailedException: Text 'Please enter the following billing information about your payment:' is not present on page  using regular expression (Root cause: com.kms.katalon.core.exception.StepFailedException: Text 'Please enter the following billing information about your payment:' is not present on page  using regular expression
	at com.kms.katalon.core.webui.keyword.internal.WebUIKeywordMain.stepFailed(WebUIKeywordMain.groovy:64)
	at com.kms.katalon.core.webui.keyword.builtin.VerifyTextPresentKeyword$_verifyTextPresent_closure1.doCall(VerifyTextPresentKeyword.groovy:79)
	at com.kms.katalon.core.webui.keyword.builtin.VerifyTextPresentKeyword$_verifyTextPresent_closure1.call(VerifyTextPresentKeyword.groovy)
	at com.kms.katalon.core.webui.keyword.internal.WebUIKeywordMain.runKeyword(WebUIKeywordMain.groovy:20)
	at com.kms.katalon.core.webui.keyword.builtin.VerifyTextPresentKeyword.verifyTextPresent(VerifyTextPresentKeyword.groovy:83)
	at com.kms.katalon.core.webui.keyword.builtin.VerifyTextPresentKeyword.execute(VerifyTextPresentKeyword.groovy:68)
	at com.kms.katalon.core.keyword.internal.KeywordExecutor.executeKeywordForPlatform(KeywordExecutor.groovy:74)
	at com.kms.katalon.core.webui.keyword.WebUiBuiltInKeywords.verifyTextPresent(WebUiBuiltInKeywords.groovy:1723)
	at com.kms.katalon.core.webui.keyword.WebUiBuiltInKeywords$verifyTextPresent$0.call(Unknown Source)
	at MaxAmountErrorCC.run(MaxAmountErrorCC:58)
	at com.kms.katalon.core.main.ScriptEngine.run(ScriptEngine.java:194)
	at com.kms.katalon.core.main.ScriptEngine.runScriptAsRawText(ScriptEngine.java:119)
	at com.kms.katalon.core.main.TestCaseExecutor.runScript(TestCaseExecutor.java:448)
	at com.kms.katalon.core.main.TestCaseExecutor.doExecute(TestCaseExecutor.java:439)
	at com.kms.katalon.core.main.TestCaseExecutor.processExecutionPhase(TestCaseExecutor.java:418)
	at com.kms.katalon.core.main.TestCaseExecutor.accessMainPhase(TestCaseExecutor.java:410)
	at com.kms.katalon.core.main.TestCaseExecutor.execute(TestCaseExecutor.java:285)
	at com.kms.katalon.core.common.CommonExecutor.accessTestCaseMainPhase(CommonExecutor.java:65)
	at com.kms.katalon.core.main.TestSuiteExecutor.accessTestSuiteMainPhase(TestSuiteExecutor.java:148)
	at com.kms.katalon.core.main.TestSuiteExecutor.execute(TestSuiteExecutor.java:106)
	at com.kms.katalon.core.main.TestCaseMain.startTestSuite(TestCaseMain.java:187)
	at com.kms.katalon.core.main.TestCaseMain$startTestSuite$0.call(Unknown Source)
	at TempTestSuite1700159187497.run(TempTestSuite1700159187497.groovy:36)
)
	at com.kms.katalon.core.keyword.internal.KeywordMain.stepFailed(KeywordMain.groovy:39)
	at com.kms.katalon.core.webui.keyword.internal.WebUIKeywordMain.stepFailed(WebUIKeywordMain.groovy:64)
	at com.kms.katalon.core.webui.keyword.builtin.VerifyTextPresentKeyword$_verifyTextPresent_closure1.doCall(VerifyTextPresentKeyword.groovy:79)
	at com.kms.katalon.core.webui.keyword.builtin.VerifyTextPresentKeyword$_verifyTextPresent_closure1.call(VerifyTextPresentKeyword.groovy)
	at com.kms.katalon.core.webui.keyword.internal.WebUIKeywordMain.runKeyword(WebUIKeywordMain.groovy:20)
	at com.kms.katalon.core.webui.keyword.builtin.VerifyTextPresentKeyword.verifyTextPresent(VerifyTextPresentKeyword.groovy:83)
	at com.kms.katalon.core.webui.keyword.builtin.VerifyTextPresentKeyword.execute(VerifyTextPresentKeyword.groovy:68)
	at com.kms.katalon.core.keyword.internal.KeywordExecutor.executeKeywordForPlatform(KeywordExecutor.groovy:74)
	at com.kms.katalon.core.webui.keyword.WebUiBuiltInKeywords.verifyTextPresent(WebUiBuiltInKeywords.groovy:1723)
	at com.kms.katalon.core.webui.keyword.WebUiBuiltInKeywords$verifyTextPresent$0.call(Unknown Source)
	at MaxAmountErrorCC.run(MaxAmountErrorCC:58)
	at com.kms.katalon.core.main.ScriptEngine.run(ScriptEngine.java:194)
	at com.kms.katalon.core.main.ScriptEngine.runScriptAsRawText(ScriptEngine.java:119)
	at com.kms.katalon.core.main.TestCaseExecutor.runScript(TestCaseExecutor.java:448)
	at com.kms.katalon.core.main.TestCaseExecutor.doExecute(TestCaseExecutor.java:439)
	at com.kms.katalon.core.main.TestCaseExecutor.processExecutionPhase(TestCaseExecutor.java:418)
	at com.kms.katalon.core.main.TestCaseExecutor.accessMainPhase(TestCaseExecutor.java:410)
	at com.kms.katalon.core.main.TestCaseExecutor.execute(TestCaseExecutor.java:285)
	at com.kms.katalon.core.common.CommonExecutor.accessTestCaseMainPhase(CommonExecutor.java:65)
	at com.kms.katalon.core.main.TestSuiteExecutor.accessTestSuiteMainPhase(TestSuiteExecutor.java:148)
	at com.kms.katalon.core.main.TestSuiteExecutor.execute(TestSuiteExecutor.java:106)
	at com.kms.katalon.core.main.TestCaseMain.startTestSuite(TestCaseMain.java:187)
	at com.kms.katalon.core.main.TestCaseMain$startTestSuite$0.call(Unknown Source)
	at TempTestSuite1700159187497.run(TempTestSuite1700159187497.groovy:36)
Caused by: com.kms.katalon.core.exception.StepFailedException: Text 'Please enter the following billing information about your payment:' is not present on page  using regular expression
	... 23 more]]></system-err>
   </testsuite>
</testsuites>
